ARM GAS  /tmp/ccXvRueU.s 			page 1


   1              		.syntax unified
   2              		.cpu cortex-m3
   3              		.fpu softvfp
   4              		.eabi_attribute 20, 1
   5              		.eabi_attribute 21, 1
   6              		.eabi_attribute 23, 3
   7              		.eabi_attribute 24, 1
   8              		.eabi_attribute 25, 1
   9              		.eabi_attribute 26, 1
  10              		.eabi_attribute 30, 2
  11              		.eabi_attribute 34, 1
  12              		.eabi_attribute 18, 4
  13              		.thumb
  14              		.file	"hal.c"
  15              		.text
  16              	.Ltext0:
  17              		.cfi_sections	.debug_frame
  18              		.section	.text.halInit,"ax",%progbits
  19              		.align	2
  20              		.p2align 4,,15
  21              		.global	halInit
  22              		.thumb
  23              		.thumb_func
  24              		.type	halInit, %function
  25              	halInit:
  26              	.LFB63:
  27              		.file 1 "../../os/hal/src/hal.c"
  28              		.loc 1 61 0
  29              		.cfi_startproc
  30              		@ args = 0, pretend = 0, frame = 0
  31              		@ frame_needed = 0, uses_anonymous_args = 0
  32 0000 08B5     		push	{r3, lr}
  33              	.LCFI0:
  34              		.cfi_def_cfa_offset 8
  35              		.cfi_offset 3, -8
  36              		.cfi_offset 14, -4
  37              		.loc 1 63 0
  38 0002 FFF7FEFF 		bl	hal_lld_init
  39              	.LVL0:
  40              		.loc 1 66 0
  41 0006 FFF7FEFF 		bl	tmInit
  42              	.LVL1:
  43              		.loc 1 69 0
  44 000a 40F20000 		movw	r0, #:lower16:pal_default_config
  45 000e C0F20000 		movt	r0, #:upper16:pal_default_config
  46 0012 FFF7FEFF 		bl	_pal_lld_init
  47              	.LVL2:
  48              		.loc 1 96 0
  49 0016 FFF7FEFF 		bl	sdInit
  50              	.LVL3:
  51              		.loc 1 121 0
  52 001a BDE80840 		pop	{r3, lr}
  53              		.loc 1 120 0
  54 001e FFF7FEBF 		b	boardInit
  55              	.LVL4:
  56              		.cfi_endproc
  57              	.LFE63:
ARM GAS  /tmp/ccXvRueU.s 			page 2


  58              		.size	halInit, .-halInit
  59 0022 00BFAFF3 		.section	.text.halIsCounterWithin,"ax",%progbits
  59      0080AFF3 
  59      0080AFF3 
  59      0080
  60              		.align	2
  61              		.p2align 4,,15
  62              		.global	halIsCounterWithin
  63              		.thumb
  64              		.thumb_func
  65              		.type	halIsCounterWithin, %function
  66              	halIsCounterWithin:
  67              	.LFB64:
  68              		.loc 1 167 0
  69              		.cfi_startproc
  70              		@ args = 0, pretend = 0, frame = 0
  71              		@ frame_needed = 0, uses_anonymous_args = 0
  72              		@ link register save eliminated.
  73              	.LVL5:
  74              		.loc 1 168 0
  75 0000 4FF48053 		mov	r3, #4096
  76 0004 CEF20003 		movt	r3, 57344
  77              		.loc 1 170 0
  78 0008 8142     		cmp	r1, r0
  79              		.loc 1 168 0
  80 000a 5A68     		ldr	r2, [r3, #4]
  81              	.LVL6:
  82              		.loc 1 170 0
  83 000c 06D9     		bls	.L3
  84              		.loc 1 170 0 is_stmt 0 discriminator 1
  85 000e 8242     		cmp	r2, r0
  86 0010 08D3     		bcc	.L7
  87              	.L9:
  88              		.loc 1 171 0 is_stmt 1 discriminator 2
  89 0012 8A42     		cmp	r2, r1
  90 0014 2CBF     		ite	cs
  91 0016 0020     		movcs	r0, #0
  92              	.LVL7:
  93 0018 0120     		movcc	r0, #1
  94 001a 7047     		bx	lr
  95              	.LVL8:
  96              	.L3:
  97              		.loc 1 171 0 is_stmt 0
  98 001c 8242     		cmp	r2, r0
  99 001e F8D3     		bcc	.L9
 100 0020 0120     		movs	r0, #1
 101              	.LVL9:
 102              		.loc 1 172 0 is_stmt 1
 103 0022 7047     		bx	lr
 104              	.LVL10:
 105              	.L7:
 106              		.loc 1 170 0
 107 0024 0020     		movs	r0, #0
 108              	.LVL11:
 109 0026 7047     		bx	lr
 110              		.cfi_endproc
 111              	.LFE64:
ARM GAS  /tmp/ccXvRueU.s 			page 3


 112              		.size	halIsCounterWithin, .-halIsCounterWithin
 113 0028 AFF30080 		.section	.text.halPolledDelay,"ax",%progbits
 113      AFF30080 
 114              		.align	2
 115              		.p2align 4,,15
 116              		.global	halPolledDelay
 117              		.thumb
 118              		.thumb_func
 119              		.type	halPolledDelay, %function
 120              	halPolledDelay:
 121              	.LFB65:
 122              		.loc 1 186 0
 123              		.cfi_startproc
 124              		@ args = 0, pretend = 0, frame = 0
 125              		@ frame_needed = 0, uses_anonymous_args = 0
 126              		@ link register save eliminated.
 127              	.LVL12:
 128              		.loc 1 187 0
 129 0000 4FF48051 		mov	r1, #4096
 130 0004 CEF20001 		movt	r1, 57344
 131 0008 4A68     		ldr	r2, [r1, #4]
 132              	.LVL13:
 133              		.loc 1 188 0
 134 000a 8018     		adds	r0, r0, r2
 135              	.LVL14:
 136              	.L21:
 137              	.LBB4:
 138              	.LBB5:
 139              		.loc 1 170 0 discriminator 1
 140 000c 8242     		cmp	r2, r0
 141              		.loc 1 168 0 discriminator 1
 142 000e 4B68     		ldr	r3, [r1, #4]
 143              	.LVL15:
 144              		.loc 1 170 0 discriminator 1
 145 0010 02D2     		bcs	.L12
 146              		.loc 1 170 0 is_stmt 0
 147 0012 9A42     		cmp	r2, r3
 148 0014 02D9     		bls	.L22
 149 0016 7047     		bx	lr
 150              	.L12:
 151              		.loc 1 171 0 is_stmt 1
 152 0018 9A42     		cmp	r2, r3
 153 001a F7D9     		bls	.L21
 154              	.L22:
 155 001c 9842     		cmp	r0, r3
 156 001e 94BF     		ite	ls
 157 0020 0023     		movls	r3, #0
 158              	.LVL16:
 159 0022 0123     		movhi	r3, #1
 160              	.LBE5:
 161              	.LBE4:
 162              		.loc 1 189 0
 163 0024 002B     		cmp	r3, #0
 164 0026 F1D1     		bne	.L21
 165 0028 7047     		bx	lr
 166              		.cfi_endproc
 167              	.LFE65:
ARM GAS  /tmp/ccXvRueU.s 			page 4


 168              		.size	halPolledDelay, .-halPolledDelay
 169 002a 00BFAFF3 		.text
 169      0080
 170              	.Letext0:
 171              		.file 2 "/usr/bin/../lib/gcc/arm-none-eabi/4.7.4/../../../../arm-none-eabi/include/stdint.h"
 172              		.file 3 "../../os/ports/GCC/ARMCMx/chtypes.h"
 173              		.file 4 "../../os/ports/common/ARMCMx/nvic.h"
 174              		.file 5 "../../os/hal/platforms/STM32F1xx/hal_lld.h"
 175              		.file 6 "../../os/hal/platforms/STM32/GPIOv1/pal_lld.h"
 176              		.file 7 "../../os/ports/common/ARMCMx/CMSIS/include/core_cm3.h"
 177              		.file 8 "../../os/hal/include/tm.h"
 178              		.file 9 "../../os/hal/include/serial.h"
 179              		.file 10 "../../boards/MLAB_STM32F107RxT01A/board.h"
 180              		.section	.debug_info,"",%progbits
 181              	.Ldebug_info0:
 182 0000 6A030000 		.4byte	0x36a
 183 0004 0200     		.2byte	0x2
 184 0006 00000000 		.4byte	.Ldebug_abbrev0
 185 000a 04       		.byte	0x4
 186 000b 01       		.uleb128 0x1
 187 000c 21010000 		.4byte	.LASF43
 188 0010 01       		.byte	0x1
 189 0011 AC010000 		.4byte	.LASF44
 190 0015 1C000000 		.4byte	.LASF45
 191 0019 00000000 		.4byte	.Ldebug_ranges0+0
 192 001d 00000000 		.4byte	0
 193 0021 00000000 		.4byte	0
 194 0025 00000000 		.4byte	.Ldebug_line0
 195 0029 02       		.uleb128 0x2
 196 002a 04       		.byte	0x4
 197 002b 05       		.byte	0x5
 198 002c 696E7400 		.ascii	"int\000"
 199 0030 03       		.uleb128 0x3
 200 0031 04       		.byte	0x4
 201 0032 07       		.byte	0x7
 202 0033 71000000 		.4byte	.LASF0
 203 0037 03       		.uleb128 0x3
 204 0038 01       		.byte	0x1
 205 0039 06       		.byte	0x6
 206 003a 39020000 		.4byte	.LASF1
 207 003e 03       		.uleb128 0x3
 208 003f 01       		.byte	0x1
 209 0040 08       		.byte	0x8
 210 0041 AC000000 		.4byte	.LASF2
 211 0045 03       		.uleb128 0x3
 212 0046 02       		.byte	0x2
 213 0047 05       		.byte	0x5
 214 0048 0E020000 		.4byte	.LASF3
 215 004c 03       		.uleb128 0x3
 216 004d 02       		.byte	0x2
 217 004e 07       		.byte	0x7
 218 004f FA000000 		.4byte	.LASF4
 219 0053 04       		.uleb128 0x4
 220 0054 DB010000 		.4byte	.LASF6
 221 0058 02       		.byte	0x2
 222 0059 4F       		.byte	0x4f
 223 005a 5E000000 		.4byte	0x5e
ARM GAS  /tmp/ccXvRueU.s 			page 5


 224 005e 03       		.uleb128 0x3
 225 005f 04       		.byte	0x4
 226 0060 05       		.byte	0x5
 227 0061 30020000 		.4byte	.LASF5
 228 0065 04       		.uleb128 0x4
 229 0066 27020000 		.4byte	.LASF7
 230 006a 02       		.byte	0x2
 231 006b 50       		.byte	0x50
 232 006c 70000000 		.4byte	0x70
 233 0070 03       		.uleb128 0x3
 234 0071 04       		.byte	0x4
 235 0072 07       		.byte	0x7
 236 0073 DB000000 		.4byte	.LASF8
 237 0077 03       		.uleb128 0x3
 238 0078 08       		.byte	0x8
 239 0079 05       		.byte	0x5
 240 007a EC010000 		.4byte	.LASF9
 241 007e 03       		.uleb128 0x3
 242 007f 08       		.byte	0x8
 243 0080 07       		.byte	0x7
 244 0081 55020000 		.4byte	.LASF10
 245 0085 04       		.uleb128 0x4
 246 0086 7E000000 		.4byte	.LASF11
 247 008a 03       		.byte	0x3
 248 008b 24       		.byte	0x24
 249 008c 90000000 		.4byte	0x90
 250 0090 03       		.uleb128 0x3
 251 0091 01       		.byte	0x1
 252 0092 02       		.byte	0x2
 253 0093 4F020000 		.4byte	.LASF12
 254 0097 04       		.uleb128 0x4
 255 0098 95000000 		.4byte	.LASF13
 256 009c 04       		.byte	0x4
 257 009d 33       		.byte	0x33
 258 009e A2000000 		.4byte	0xa2
 259 00a2 05       		.uleb128 0x5
 260 00a3 65000000 		.4byte	0x65
 261 00a7 03       		.uleb128 0x3
 262 00a8 04       		.byte	0x4
 263 00a9 07       		.byte	0x7
 264 00aa E3010000 		.4byte	.LASF14
 265 00ae 06       		.uleb128 0x6
 266 00af 20       		.byte	0x20
 267 00b0 04       		.byte	0x4
 268 00b1 FF       		.byte	0xff
 269 00b2 2F010000 		.4byte	0x12f
 270 00b6 07       		.uleb128 0x7
 271 00b7 C3010000 		.4byte	.LASF15
 272 00bb 04       		.byte	0x4
 273 00bc 0001     		.2byte	0x100
 274 00be 97000000 		.4byte	0x97
 275 00c2 02       		.byte	0x2
 276 00c3 23       		.byte	0x23
 277 00c4 00       		.uleb128 0
 278 00c5 07       		.uleb128 0x7
 279 00c6 8E010000 		.4byte	.LASF16
 280 00ca 04       		.byte	0x4
ARM GAS  /tmp/ccXvRueU.s 			page 6


 281 00cb 0101     		.2byte	0x101
 282 00cd 97000000 		.4byte	0x97
 283 00d1 02       		.byte	0x2
 284 00d2 23       		.byte	0x23
 285 00d3 04       		.uleb128 0x4
 286 00d4 07       		.uleb128 0x7
 287 00d5 0D010000 		.4byte	.LASF17
 288 00d9 04       		.byte	0x4
 289 00da 0201     		.2byte	0x102
 290 00dc 97000000 		.4byte	0x97
 291 00e0 02       		.byte	0x2
 292 00e1 23       		.byte	0x23
 293 00e2 08       		.uleb128 0x8
 294 00e3 07       		.uleb128 0x7
 295 00e4 85000000 		.4byte	.LASF18
 296 00e8 04       		.byte	0x4
 297 00e9 0301     		.2byte	0x103
 298 00eb 97000000 		.4byte	0x97
 299 00ef 02       		.byte	0x2
 300 00f0 23       		.byte	0x23
 301 00f1 0C       		.uleb128 0xc
 302 00f2 07       		.uleb128 0x7
 303 00f3 8C000000 		.4byte	.LASF19
 304 00f7 04       		.byte	0x4
 305 00f8 0401     		.2byte	0x104
 306 00fa 97000000 		.4byte	0x97
 307 00fe 02       		.byte	0x2
 308 00ff 23       		.byte	0x23
 309 0100 10       		.uleb128 0x10
 310 0101 07       		.uleb128 0x7
 311 0102 87010000 		.4byte	.LASF20
 312 0106 04       		.byte	0x4
 313 0107 0501     		.2byte	0x105
 314 0109 97000000 		.4byte	0x97
 315 010d 02       		.byte	0x2
 316 010e 23       		.byte	0x23
 317 010f 14       		.uleb128 0x14
 318 0110 07       		.uleb128 0x7
 319 0111 69000000 		.4byte	.LASF21
 320 0115 04       		.byte	0x4
 321 0116 0601     		.2byte	0x106
 322 0118 97000000 		.4byte	0x97
 323 011c 02       		.byte	0x2
 324 011d 23       		.byte	0x23
 325 011e 18       		.uleb128 0x18
 326 011f 07       		.uleb128 0x7
 327 0120 02020000 		.4byte	.LASF22
 328 0124 04       		.byte	0x4
 329 0125 0701     		.2byte	0x107
 330 0127 97000000 		.4byte	0x97
 331 012b 02       		.byte	0x2
 332 012c 23       		.byte	0x23
 333 012d 1C       		.uleb128 0x1c
 334 012e 00       		.byte	0
 335 012f 08       		.uleb128 0x8
 336 0130 1F020000 		.4byte	.LASF23
 337 0134 04       		.byte	0x4
ARM GAS  /tmp/ccXvRueU.s 			page 7


 338 0135 0801     		.2byte	0x108
 339 0137 AE000000 		.4byte	0xae
 340 013b 03       		.uleb128 0x3
 341 013c 01       		.byte	0x1
 342 013d 08       		.byte	0x8
 343 013e A7010000 		.4byte	.LASF24
 344 0142 05       		.uleb128 0x5
 345 0143 53000000 		.4byte	0x53
 346 0147 04       		.uleb128 0x4
 347 0148 9C010000 		.4byte	.LASF25
 348 014c 05       		.byte	0x5
 349 014d CE       		.byte	0xce
 350 014e 65000000 		.4byte	0x65
 351 0152 06       		.uleb128 0x6
 352 0153 0C       		.byte	0xc
 353 0154 06       		.byte	0x6
 354 0155 38       		.byte	0x38
 355 0156 85010000 		.4byte	0x185
 356 015a 09       		.uleb128 0x9
 357 015b 6F647200 		.ascii	"odr\000"
 358 015f 06       		.byte	0x6
 359 0160 3A       		.byte	0x3a
 360 0161 65000000 		.4byte	0x65
 361 0165 02       		.byte	0x2
 362 0166 23       		.byte	0x23
 363 0167 00       		.uleb128 0
 364 0168 09       		.uleb128 0x9
 365 0169 63726C00 		.ascii	"crl\000"
 366 016d 06       		.byte	0x6
 367 016e 3C       		.byte	0x3c
 368 016f 65000000 		.4byte	0x65
 369 0173 02       		.byte	0x2
 370 0174 23       		.byte	0x23
 371 0175 04       		.uleb128 0x4
 372 0176 09       		.uleb128 0x9
 373 0177 63726800 		.ascii	"crh\000"
 374 017b 06       		.byte	0x6
 375 017c 3E       		.byte	0x3e
 376 017d 65000000 		.4byte	0x65
 377 0181 02       		.byte	0x2
 378 0182 23       		.byte	0x23
 379 0183 08       		.uleb128 0x8
 380 0184 00       		.byte	0
 381 0185 04       		.uleb128 0x4
 382 0186 BA000000 		.4byte	.LASF26
 383 018a 06       		.byte	0x6
 384 018b 3F       		.byte	0x3f
 385 018c 52010000 		.4byte	0x152
 386 0190 06       		.uleb128 0x6
 387 0191 3C       		.byte	0x3c
 388 0192 06       		.byte	0x6
 389 0193 48       		.byte	0x48
 390 0194 DF010000 		.4byte	0x1df
 391 0198 0A       		.uleb128 0xa
 392 0199 CD000000 		.4byte	.LASF27
 393 019d 06       		.byte	0x6
 394 019e 4A       		.byte	0x4a
ARM GAS  /tmp/ccXvRueU.s 			page 8


 395 019f 85010000 		.4byte	0x185
 396 01a3 02       		.byte	0x2
 397 01a4 23       		.byte	0x23
 398 01a5 00       		.uleb128 0
 399 01a6 0A       		.uleb128 0xa
 400 01a7 95010000 		.4byte	.LASF28
 401 01ab 06       		.byte	0x6
 402 01ac 4C       		.byte	0x4c
 403 01ad 85010000 		.4byte	0x185
 404 01b1 02       		.byte	0x2
 405 01b2 23       		.byte	0x23
 406 01b3 0C       		.uleb128 0xc
 407 01b4 0A       		.uleb128 0xa
 408 01b5 18020000 		.4byte	.LASF29
 409 01b9 06       		.byte	0x6
 410 01ba 4E       		.byte	0x4e
 411 01bb 85010000 		.4byte	0x185
 412 01bf 02       		.byte	0x2
 413 01c0 23       		.byte	0x23
 414 01c1 18       		.uleb128 0x18
 415 01c2 0A       		.uleb128 0xa
 416 01c3 15000000 		.4byte	.LASF30
 417 01c7 06       		.byte	0x6
 418 01c8 50       		.byte	0x50
 419 01c9 85010000 		.4byte	0x185
 420 01cd 02       		.byte	0x2
 421 01ce 23       		.byte	0x23
 422 01cf 24       		.uleb128 0x24
 423 01d0 0A       		.uleb128 0xa
 424 01d1 A5000000 		.4byte	.LASF31
 425 01d5 06       		.byte	0x6
 426 01d6 53       		.byte	0x53
 427 01d7 85010000 		.4byte	0x185
 428 01db 02       		.byte	0x2
 429 01dc 23       		.byte	0x23
 430 01dd 30       		.uleb128 0x30
 431 01de 00       		.byte	0
 432 01df 04       		.uleb128 0x4
 433 01e0 6A010000 		.4byte	.LASF32
 434 01e4 06       		.byte	0x6
 435 01e5 5D       		.byte	0x5d
 436 01e6 90010000 		.4byte	0x190
 437 01ea 0B       		.uleb128 0xb
 438 01eb 01       		.byte	0x1
 439 01ec C8010000 		.4byte	.LASF46
 440 01f0 01       		.byte	0x1
 441 01f1 A7       		.byte	0xa7
 442 01f2 01       		.byte	0x1
 443 01f3 85000000 		.4byte	0x85
 444 01f7 01       		.byte	0x1
 445 01f8 1E020000 		.4byte	0x21e
 446 01fc 0C       		.uleb128 0xc
 447 01fd 63000000 		.4byte	.LASF33
 448 0201 01       		.byte	0x1
 449 0202 A7       		.byte	0xa7
 450 0203 47010000 		.4byte	0x147
 451 0207 0D       		.uleb128 0xd
ARM GAS  /tmp/ccXvRueU.s 			page 9


 452 0208 656E6400 		.ascii	"end\000"
 453 020c 01       		.byte	0x1
 454 020d A7       		.byte	0xa7
 455 020e 47010000 		.4byte	0x147
 456 0212 0E       		.uleb128 0xe
 457 0213 6E6F7700 		.ascii	"now\000"
 458 0217 01       		.byte	0x1
 459 0218 A8       		.byte	0xa8
 460 0219 47010000 		.4byte	0x147
 461 021d 00       		.byte	0
 462 021e 0F       		.uleb128 0xf
 463 021f 01       		.byte	0x1
 464 0220 9D000000 		.4byte	.LASF34
 465 0224 01       		.byte	0x1
 466 0225 3D       		.byte	0x3d
 467 0226 01       		.byte	0x1
 468 0227 00000000 		.4byte	.LFB63
 469 022b 22000000 		.4byte	.LFE63
 470 022f 00000000 		.4byte	.LLST0
 471 0233 01       		.byte	0x1
 472 0234 67020000 		.4byte	0x267
 473 0238 10       		.uleb128 0x10
 474 0239 06000000 		.4byte	.LVL0
 475 023d 29030000 		.4byte	0x329
 476 0241 10       		.uleb128 0x10
 477 0242 0A000000 		.4byte	.LVL1
 478 0246 33030000 		.4byte	0x333
 479 024a 10       		.uleb128 0x10
 480 024b 16000000 		.4byte	.LVL2
 481 024f 3D030000 		.4byte	0x33d
 482 0253 10       		.uleb128 0x10
 483 0254 1A000000 		.4byte	.LVL3
 484 0258 58030000 		.4byte	0x358
 485 025c 11       		.uleb128 0x11
 486 025d 22000000 		.4byte	.LVL4
 487 0261 01       		.byte	0x1
 488 0262 63030000 		.4byte	0x363
 489 0266 00       		.byte	0
 490 0267 12       		.uleb128 0x12
 491 0268 EA010000 		.4byte	0x1ea
 492 026c 00000000 		.4byte	.LFB64
 493 0270 28000000 		.4byte	.LFE64
 494 0274 02       		.byte	0x2
 495 0275 7D       		.byte	0x7d
 496 0276 00       		.sleb128 0
 497 0277 01       		.byte	0x1
 498 0278 94020000 		.4byte	0x294
 499 027c 13       		.uleb128 0x13
 500 027d FC010000 		.4byte	0x1fc
 501 0281 20000000 		.4byte	.LLST1
 502 0285 14       		.uleb128 0x14
 503 0286 07020000 		.4byte	0x207
 504 028a 01       		.byte	0x1
 505 028b 51       		.byte	0x51
 506 028c 15       		.uleb128 0x15
 507 028d 12020000 		.4byte	0x212
 508 0291 01       		.byte	0x1
ARM GAS  /tmp/ccXvRueU.s 			page 10


 509 0292 52       		.byte	0x52
 510 0293 00       		.byte	0
 511 0294 16       		.uleb128 0x16
 512 0295 01       		.byte	0x1
 513 0296 00000000 		.4byte	.LASF35
 514 029a 01       		.byte	0x1
 515 029b BA       		.byte	0xba
 516 029c 01       		.byte	0x1
 517 029d 00000000 		.4byte	.LFB65
 518 02a1 2A000000 		.4byte	.LFE65
 519 02a5 02       		.byte	0x2
 520 02a6 7D       		.byte	0x7d
 521 02a7 00       		.sleb128 0
 522 02a8 01       		.byte	0x1
 523 02a9 08030000 		.4byte	0x308
 524 02ad 17       		.uleb128 0x17
 525 02ae 0F000000 		.4byte	.LASF47
 526 02b2 01       		.byte	0x1
 527 02b3 BA       		.byte	0xba
 528 02b4 47010000 		.4byte	0x147
 529 02b8 73000000 		.4byte	.LLST2
 530 02bc 18       		.uleb128 0x18
 531 02bd 63000000 		.4byte	.LASF33
 532 02c1 01       		.byte	0x1
 533 02c2 BB       		.byte	0xbb
 534 02c3 47010000 		.4byte	0x147
 535 02c7 01       		.byte	0x1
 536 02c8 52       		.byte	0x52
 537 02c9 18       		.uleb128 0x18
 538 02ca FA010000 		.4byte	.LASF36
 539 02ce 01       		.byte	0x1
 540 02cf BC       		.byte	0xbc
 541 02d0 47010000 		.4byte	0x147
 542 02d4 01       		.byte	0x1
 543 02d5 50       		.byte	0x50
 544 02d6 19       		.uleb128 0x19
 545 02d7 EA010000 		.4byte	0x1ea
 546 02db 0C000000 		.4byte	.LBB4
 547 02df 24000000 		.4byte	.LBE4
 548 02e3 01       		.byte	0x1
 549 02e4 BD       		.byte	0xbd
 550 02e5 14       		.uleb128 0x14
 551 02e6 07020000 		.4byte	0x207
 552 02ea 01       		.byte	0x1
 553 02eb 50       		.byte	0x50
 554 02ec 14       		.uleb128 0x14
 555 02ed FC010000 		.4byte	0x1fc
 556 02f1 01       		.byte	0x1
 557 02f2 52       		.byte	0x52
 558 02f3 1A       		.uleb128 0x1a
 559 02f4 0C000000 		.4byte	.LBB5
 560 02f8 24000000 		.4byte	.LBE5
 561 02fc 1B       		.uleb128 0x1b
 562 02fd 12020000 		.4byte	0x212
 563 0301 94000000 		.4byte	.LLST3
 564 0305 00       		.byte	0
 565 0306 00       		.byte	0
ARM GAS  /tmp/ccXvRueU.s 			page 11


 566 0307 00       		.byte	0
 567 0308 1C       		.uleb128 0x1c
 568 0309 14010000 		.4byte	.LASF37
 569 030d 07       		.byte	0x7
 570 030e 0706     		.2byte	0x607
 571 0310 42010000 		.4byte	0x142
 572 0314 01       		.byte	0x1
 573 0315 01       		.byte	0x1
 574 0316 1C       		.uleb128 0x1c
 575 0317 74010000 		.4byte	.LASF38
 576 031b 06       		.byte	0x6
 577 031c 3D01     		.2byte	0x13d
 578 031e 24030000 		.4byte	0x324
 579 0322 01       		.byte	0x1
 580 0323 01       		.byte	0x1
 581 0324 1D       		.uleb128 0x1d
 582 0325 DF010000 		.4byte	0x1df
 583 0329 1E       		.uleb128 0x1e
 584 032a 01       		.byte	0x1
 585 032b ED000000 		.4byte	.LASF39
 586 032f 05       		.byte	0x5
 587 0330 F7       		.byte	0xf7
 588 0331 01       		.byte	0x1
 589 0332 01       		.byte	0x1
 590 0333 1E       		.uleb128 0x1e
 591 0334 01       		.byte	0x1
 592 0335 D4000000 		.4byte	.LASF40
 593 0339 08       		.byte	0x8
 594 033a 6C       		.byte	0x6c
 595 033b 01       		.byte	0x1
 596 033c 01       		.byte	0x1
 597 033d 1F       		.uleb128 0x1f
 598 033e 01       		.byte	0x1
 599 033f 55000000 		.4byte	.LASF48
 600 0343 06       		.byte	0x6
 601 0344 4201     		.2byte	0x142
 602 0346 01       		.byte	0x1
 603 0347 01       		.byte	0x1
 604 0348 52030000 		.4byte	0x352
 605 034c 20       		.uleb128 0x20
 606 034d 52030000 		.4byte	0x352
 607 0351 00       		.byte	0
 608 0352 21       		.uleb128 0x21
 609 0353 04       		.byte	0x4
 610 0354 24030000 		.4byte	0x324
 611 0358 22       		.uleb128 0x22
 612 0359 01       		.byte	0x1
 613 035a 07020000 		.4byte	.LASF41
 614 035e 09       		.byte	0x9
 615 035f 2E01     		.2byte	0x12e
 616 0361 01       		.byte	0x1
 617 0362 01       		.byte	0x1
 618 0363 1E       		.uleb128 0x1e
 619 0364 01       		.byte	0x1
 620 0365 45020000 		.4byte	.LASF42
 621 0369 0A       		.byte	0xa
 622 036a CA       		.byte	0xca
ARM GAS  /tmp/ccXvRueU.s 			page 12


 623 036b 01       		.byte	0x1
 624 036c 01       		.byte	0x1
 625 036d 00       		.byte	0
 626              		.section	.debug_abbrev,"",%progbits
 627              	.Ldebug_abbrev0:
 628 0000 01       		.uleb128 0x1
 629 0001 11       		.uleb128 0x11
 630 0002 01       		.byte	0x1
 631 0003 25       		.uleb128 0x25
 632 0004 0E       		.uleb128 0xe
 633 0005 13       		.uleb128 0x13
 634 0006 0B       		.uleb128 0xb
 635 0007 03       		.uleb128 0x3
 636 0008 0E       		.uleb128 0xe
 637 0009 1B       		.uleb128 0x1b
 638 000a 0E       		.uleb128 0xe
 639 000b 55       		.uleb128 0x55
 640 000c 06       		.uleb128 0x6
 641 000d 11       		.uleb128 0x11
 642 000e 01       		.uleb128 0x1
 643 000f 52       		.uleb128 0x52
 644 0010 01       		.uleb128 0x1
 645 0011 10       		.uleb128 0x10
 646 0012 06       		.uleb128 0x6
 647 0013 00       		.byte	0
 648 0014 00       		.byte	0
 649 0015 02       		.uleb128 0x2
 650 0016 24       		.uleb128 0x24
 651 0017 00       		.byte	0
 652 0018 0B       		.uleb128 0xb
 653 0019 0B       		.uleb128 0xb
 654 001a 3E       		.uleb128 0x3e
 655 001b 0B       		.uleb128 0xb
 656 001c 03       		.uleb128 0x3
 657 001d 08       		.uleb128 0x8
 658 001e 00       		.byte	0
 659 001f 00       		.byte	0
 660 0020 03       		.uleb128 0x3
 661 0021 24       		.uleb128 0x24
 662 0022 00       		.byte	0
 663 0023 0B       		.uleb128 0xb
 664 0024 0B       		.uleb128 0xb
 665 0025 3E       		.uleb128 0x3e
 666 0026 0B       		.uleb128 0xb
 667 0027 03       		.uleb128 0x3
 668 0028 0E       		.uleb128 0xe
 669 0029 00       		.byte	0
 670 002a 00       		.byte	0
 671 002b 04       		.uleb128 0x4
 672 002c 16       		.uleb128 0x16
 673 002d 00       		.byte	0
 674 002e 03       		.uleb128 0x3
 675 002f 0E       		.uleb128 0xe
 676 0030 3A       		.uleb128 0x3a
 677 0031 0B       		.uleb128 0xb
 678 0032 3B       		.uleb128 0x3b
 679 0033 0B       		.uleb128 0xb
ARM GAS  /tmp/ccXvRueU.s 			page 13


 680 0034 49       		.uleb128 0x49
 681 0035 13       		.uleb128 0x13
 682 0036 00       		.byte	0
 683 0037 00       		.byte	0
 684 0038 05       		.uleb128 0x5
 685 0039 35       		.uleb128 0x35
 686 003a 00       		.byte	0
 687 003b 49       		.uleb128 0x49
 688 003c 13       		.uleb128 0x13
 689 003d 00       		.byte	0
 690 003e 00       		.byte	0
 691 003f 06       		.uleb128 0x6
 692 0040 13       		.uleb128 0x13
 693 0041 01       		.byte	0x1
 694 0042 0B       		.uleb128 0xb
 695 0043 0B       		.uleb128 0xb
 696 0044 3A       		.uleb128 0x3a
 697 0045 0B       		.uleb128 0xb
 698 0046 3B       		.uleb128 0x3b
 699 0047 0B       		.uleb128 0xb
 700 0048 01       		.uleb128 0x1
 701 0049 13       		.uleb128 0x13
 702 004a 00       		.byte	0
 703 004b 00       		.byte	0
 704 004c 07       		.uleb128 0x7
 705 004d 0D       		.uleb128 0xd
 706 004e 00       		.byte	0
 707 004f 03       		.uleb128 0x3
 708 0050 0E       		.uleb128 0xe
 709 0051 3A       		.uleb128 0x3a
 710 0052 0B       		.uleb128 0xb
 711 0053 3B       		.uleb128 0x3b
 712 0054 05       		.uleb128 0x5
 713 0055 49       		.uleb128 0x49
 714 0056 13       		.uleb128 0x13
 715 0057 38       		.uleb128 0x38
 716 0058 0A       		.uleb128 0xa
 717 0059 00       		.byte	0
 718 005a 00       		.byte	0
 719 005b 08       		.uleb128 0x8
 720 005c 16       		.uleb128 0x16
 721 005d 00       		.byte	0
 722 005e 03       		.uleb128 0x3
 723 005f 0E       		.uleb128 0xe
 724 0060 3A       		.uleb128 0x3a
 725 0061 0B       		.uleb128 0xb
 726 0062 3B       		.uleb128 0x3b
 727 0063 05       		.uleb128 0x5
 728 0064 49       		.uleb128 0x49
 729 0065 13       		.uleb128 0x13
 730 0066 00       		.byte	0
 731 0067 00       		.byte	0
 732 0068 09       		.uleb128 0x9
 733 0069 0D       		.uleb128 0xd
 734 006a 00       		.byte	0
 735 006b 03       		.uleb128 0x3
 736 006c 08       		.uleb128 0x8
ARM GAS  /tmp/ccXvRueU.s 			page 14


 737 006d 3A       		.uleb128 0x3a
 738 006e 0B       		.uleb128 0xb
 739 006f 3B       		.uleb128 0x3b
 740 0070 0B       		.uleb128 0xb
 741 0071 49       		.uleb128 0x49
 742 0072 13       		.uleb128 0x13
 743 0073 38       		.uleb128 0x38
 744 0074 0A       		.uleb128 0xa
 745 0075 00       		.byte	0
 746 0076 00       		.byte	0
 747 0077 0A       		.uleb128 0xa
 748 0078 0D       		.uleb128 0xd
 749 0079 00       		.byte	0
 750 007a 03       		.uleb128 0x3
 751 007b 0E       		.uleb128 0xe
 752 007c 3A       		.uleb128 0x3a
 753 007d 0B       		.uleb128 0xb
 754 007e 3B       		.uleb128 0x3b
 755 007f 0B       		.uleb128 0xb
 756 0080 49       		.uleb128 0x49
 757 0081 13       		.uleb128 0x13
 758 0082 38       		.uleb128 0x38
 759 0083 0A       		.uleb128 0xa
 760 0084 00       		.byte	0
 761 0085 00       		.byte	0
 762 0086 0B       		.uleb128 0xb
 763 0087 2E       		.uleb128 0x2e
 764 0088 01       		.byte	0x1
 765 0089 3F       		.uleb128 0x3f
 766 008a 0C       		.uleb128 0xc
 767 008b 03       		.uleb128 0x3
 768 008c 0E       		.uleb128 0xe
 769 008d 3A       		.uleb128 0x3a
 770 008e 0B       		.uleb128 0xb
 771 008f 3B       		.uleb128 0x3b
 772 0090 0B       		.uleb128 0xb
 773 0091 27       		.uleb128 0x27
 774 0092 0C       		.uleb128 0xc
 775 0093 49       		.uleb128 0x49
 776 0094 13       		.uleb128 0x13
 777 0095 20       		.uleb128 0x20
 778 0096 0B       		.uleb128 0xb
 779 0097 01       		.uleb128 0x1
 780 0098 13       		.uleb128 0x13
 781 0099 00       		.byte	0
 782 009a 00       		.byte	0
 783 009b 0C       		.uleb128 0xc
 784 009c 05       		.uleb128 0x5
 785 009d 00       		.byte	0
 786 009e 03       		.uleb128 0x3
 787 009f 0E       		.uleb128 0xe
 788 00a0 3A       		.uleb128 0x3a
 789 00a1 0B       		.uleb128 0xb
 790 00a2 3B       		.uleb128 0x3b
 791 00a3 0B       		.uleb128 0xb
 792 00a4 49       		.uleb128 0x49
 793 00a5 13       		.uleb128 0x13
ARM GAS  /tmp/ccXvRueU.s 			page 15


 794 00a6 00       		.byte	0
 795 00a7 00       		.byte	0
 796 00a8 0D       		.uleb128 0xd
 797 00a9 05       		.uleb128 0x5
 798 00aa 00       		.byte	0
 799 00ab 03       		.uleb128 0x3
 800 00ac 08       		.uleb128 0x8
 801 00ad 3A       		.uleb128 0x3a
 802 00ae 0B       		.uleb128 0xb
 803 00af 3B       		.uleb128 0x3b
 804 00b0 0B       		.uleb128 0xb
 805 00b1 49       		.uleb128 0x49
 806 00b2 13       		.uleb128 0x13
 807 00b3 00       		.byte	0
 808 00b4 00       		.byte	0
 809 00b5 0E       		.uleb128 0xe
 810 00b6 34       		.uleb128 0x34
 811 00b7 00       		.byte	0
 812 00b8 03       		.uleb128 0x3
 813 00b9 08       		.uleb128 0x8
 814 00ba 3A       		.uleb128 0x3a
 815 00bb 0B       		.uleb128 0xb
 816 00bc 3B       		.uleb128 0x3b
 817 00bd 0B       		.uleb128 0xb
 818 00be 49       		.uleb128 0x49
 819 00bf 13       		.uleb128 0x13
 820 00c0 00       		.byte	0
 821 00c1 00       		.byte	0
 822 00c2 0F       		.uleb128 0xf
 823 00c3 2E       		.uleb128 0x2e
 824 00c4 01       		.byte	0x1
 825 00c5 3F       		.uleb128 0x3f
 826 00c6 0C       		.uleb128 0xc
 827 00c7 03       		.uleb128 0x3
 828 00c8 0E       		.uleb128 0xe
 829 00c9 3A       		.uleb128 0x3a
 830 00ca 0B       		.uleb128 0xb
 831 00cb 3B       		.uleb128 0x3b
 832 00cc 0B       		.uleb128 0xb
 833 00cd 27       		.uleb128 0x27
 834 00ce 0C       		.uleb128 0xc
 835 00cf 11       		.uleb128 0x11
 836 00d0 01       		.uleb128 0x1
 837 00d1 12       		.uleb128 0x12
 838 00d2 01       		.uleb128 0x1
 839 00d3 40       		.uleb128 0x40
 840 00d4 06       		.uleb128 0x6
 841 00d5 9742     		.uleb128 0x2117
 842 00d7 0C       		.uleb128 0xc
 843 00d8 01       		.uleb128 0x1
 844 00d9 13       		.uleb128 0x13
 845 00da 00       		.byte	0
 846 00db 00       		.byte	0
 847 00dc 10       		.uleb128 0x10
 848 00dd 898201   		.uleb128 0x4109
 849 00e0 00       		.byte	0
 850 00e1 11       		.uleb128 0x11
ARM GAS  /tmp/ccXvRueU.s 			page 16


 851 00e2 01       		.uleb128 0x1
 852 00e3 31       		.uleb128 0x31
 853 00e4 13       		.uleb128 0x13
 854 00e5 00       		.byte	0
 855 00e6 00       		.byte	0
 856 00e7 11       		.uleb128 0x11
 857 00e8 898201   		.uleb128 0x4109
 858 00eb 00       		.byte	0
 859 00ec 11       		.uleb128 0x11
 860 00ed 01       		.uleb128 0x1
 861 00ee 9542     		.uleb128 0x2115
 862 00f0 0C       		.uleb128 0xc
 863 00f1 31       		.uleb128 0x31
 864 00f2 13       		.uleb128 0x13
 865 00f3 00       		.byte	0
 866 00f4 00       		.byte	0
 867 00f5 12       		.uleb128 0x12
 868 00f6 2E       		.uleb128 0x2e
 869 00f7 01       		.byte	0x1
 870 00f8 31       		.uleb128 0x31
 871 00f9 13       		.uleb128 0x13
 872 00fa 11       		.uleb128 0x11
 873 00fb 01       		.uleb128 0x1
 874 00fc 12       		.uleb128 0x12
 875 00fd 01       		.uleb128 0x1
 876 00fe 40       		.uleb128 0x40
 877 00ff 0A       		.uleb128 0xa
 878 0100 9742     		.uleb128 0x2117
 879 0102 0C       		.uleb128 0xc
 880 0103 01       		.uleb128 0x1
 881 0104 13       		.uleb128 0x13
 882 0105 00       		.byte	0
 883 0106 00       		.byte	0
 884 0107 13       		.uleb128 0x13
 885 0108 05       		.uleb128 0x5
 886 0109 00       		.byte	0
 887 010a 31       		.uleb128 0x31
 888 010b 13       		.uleb128 0x13
 889 010c 02       		.uleb128 0x2
 890 010d 06       		.uleb128 0x6
 891 010e 00       		.byte	0
 892 010f 00       		.byte	0
 893 0110 14       		.uleb128 0x14
 894 0111 05       		.uleb128 0x5
 895 0112 00       		.byte	0
 896 0113 31       		.uleb128 0x31
 897 0114 13       		.uleb128 0x13
 898 0115 02       		.uleb128 0x2
 899 0116 0A       		.uleb128 0xa
 900 0117 00       		.byte	0
 901 0118 00       		.byte	0
 902 0119 15       		.uleb128 0x15
 903 011a 34       		.uleb128 0x34
 904 011b 00       		.byte	0
 905 011c 31       		.uleb128 0x31
 906 011d 13       		.uleb128 0x13
 907 011e 02       		.uleb128 0x2
ARM GAS  /tmp/ccXvRueU.s 			page 17


 908 011f 0A       		.uleb128 0xa
 909 0120 00       		.byte	0
 910 0121 00       		.byte	0
 911 0122 16       		.uleb128 0x16
 912 0123 2E       		.uleb128 0x2e
 913 0124 01       		.byte	0x1
 914 0125 3F       		.uleb128 0x3f
 915 0126 0C       		.uleb128 0xc
 916 0127 03       		.uleb128 0x3
 917 0128 0E       		.uleb128 0xe
 918 0129 3A       		.uleb128 0x3a
 919 012a 0B       		.uleb128 0xb
 920 012b 3B       		.uleb128 0x3b
 921 012c 0B       		.uleb128 0xb
 922 012d 27       		.uleb128 0x27
 923 012e 0C       		.uleb128 0xc
 924 012f 11       		.uleb128 0x11
 925 0130 01       		.uleb128 0x1
 926 0131 12       		.uleb128 0x12
 927 0132 01       		.uleb128 0x1
 928 0133 40       		.uleb128 0x40
 929 0134 0A       		.uleb128 0xa
 930 0135 9742     		.uleb128 0x2117
 931 0137 0C       		.uleb128 0xc
 932 0138 01       		.uleb128 0x1
 933 0139 13       		.uleb128 0x13
 934 013a 00       		.byte	0
 935 013b 00       		.byte	0
 936 013c 17       		.uleb128 0x17
 937 013d 05       		.uleb128 0x5
 938 013e 00       		.byte	0
 939 013f 03       		.uleb128 0x3
 940 0140 0E       		.uleb128 0xe
 941 0141 3A       		.uleb128 0x3a
 942 0142 0B       		.uleb128 0xb
 943 0143 3B       		.uleb128 0x3b
 944 0144 0B       		.uleb128 0xb
 945 0145 49       		.uleb128 0x49
 946 0146 13       		.uleb128 0x13
 947 0147 02       		.uleb128 0x2
 948 0148 06       		.uleb128 0x6
 949 0149 00       		.byte	0
 950 014a 00       		.byte	0
 951 014b 18       		.uleb128 0x18
 952 014c 34       		.uleb128 0x34
 953 014d 00       		.byte	0
 954 014e 03       		.uleb128 0x3
 955 014f 0E       		.uleb128 0xe
 956 0150 3A       		.uleb128 0x3a
 957 0151 0B       		.uleb128 0xb
 958 0152 3B       		.uleb128 0x3b
 959 0153 0B       		.uleb128 0xb
 960 0154 49       		.uleb128 0x49
 961 0155 13       		.uleb128 0x13
 962 0156 02       		.uleb128 0x2
 963 0157 0A       		.uleb128 0xa
 964 0158 00       		.byte	0
ARM GAS  /tmp/ccXvRueU.s 			page 18


 965 0159 00       		.byte	0
 966 015a 19       		.uleb128 0x19
 967 015b 1D       		.uleb128 0x1d
 968 015c 01       		.byte	0x1
 969 015d 31       		.uleb128 0x31
 970 015e 13       		.uleb128 0x13
 971 015f 11       		.uleb128 0x11
 972 0160 01       		.uleb128 0x1
 973 0161 12       		.uleb128 0x12
 974 0162 01       		.uleb128 0x1
 975 0163 58       		.uleb128 0x58
 976 0164 0B       		.uleb128 0xb
 977 0165 59       		.uleb128 0x59
 978 0166 0B       		.uleb128 0xb
 979 0167 00       		.byte	0
 980 0168 00       		.byte	0
 981 0169 1A       		.uleb128 0x1a
 982 016a 0B       		.uleb128 0xb
 983 016b 01       		.byte	0x1
 984 016c 11       		.uleb128 0x11
 985 016d 01       		.uleb128 0x1
 986 016e 12       		.uleb128 0x12
 987 016f 01       		.uleb128 0x1
 988 0170 00       		.byte	0
 989 0171 00       		.byte	0
 990 0172 1B       		.uleb128 0x1b
 991 0173 34       		.uleb128 0x34
 992 0174 00       		.byte	0
 993 0175 31       		.uleb128 0x31
 994 0176 13       		.uleb128 0x13
 995 0177 02       		.uleb128 0x2
 996 0178 06       		.uleb128 0x6
 997 0179 00       		.byte	0
 998 017a 00       		.byte	0
 999 017b 1C       		.uleb128 0x1c
 1000 017c 34       		.uleb128 0x34
 1001 017d 00       		.byte	0
 1002 017e 03       		.uleb128 0x3
 1003 017f 0E       		.uleb128 0xe
 1004 0180 3A       		.uleb128 0x3a
 1005 0181 0B       		.uleb128 0xb
 1006 0182 3B       		.uleb128 0x3b
 1007 0183 05       		.uleb128 0x5
 1008 0184 49       		.uleb128 0x49
 1009 0185 13       		.uleb128 0x13
 1010 0186 3F       		.uleb128 0x3f
 1011 0187 0C       		.uleb128 0xc
 1012 0188 3C       		.uleb128 0x3c
 1013 0189 0C       		.uleb128 0xc
 1014 018a 00       		.byte	0
 1015 018b 00       		.byte	0
 1016 018c 1D       		.uleb128 0x1d
 1017 018d 26       		.uleb128 0x26
 1018 018e 00       		.byte	0
 1019 018f 49       		.uleb128 0x49
 1020 0190 13       		.uleb128 0x13
 1021 0191 00       		.byte	0
ARM GAS  /tmp/ccXvRueU.s 			page 19


 1022 0192 00       		.byte	0
 1023 0193 1E       		.uleb128 0x1e
 1024 0194 2E       		.uleb128 0x2e
 1025 0195 00       		.byte	0
 1026 0196 3F       		.uleb128 0x3f
 1027 0197 0C       		.uleb128 0xc
 1028 0198 03       		.uleb128 0x3
 1029 0199 0E       		.uleb128 0xe
 1030 019a 3A       		.uleb128 0x3a
 1031 019b 0B       		.uleb128 0xb
 1032 019c 3B       		.uleb128 0x3b
 1033 019d 0B       		.uleb128 0xb
 1034 019e 27       		.uleb128 0x27
 1035 019f 0C       		.uleb128 0xc
 1036 01a0 3C       		.uleb128 0x3c
 1037 01a1 0C       		.uleb128 0xc
 1038 01a2 00       		.byte	0
 1039 01a3 00       		.byte	0
 1040 01a4 1F       		.uleb128 0x1f
 1041 01a5 2E       		.uleb128 0x2e
 1042 01a6 01       		.byte	0x1
 1043 01a7 3F       		.uleb128 0x3f
 1044 01a8 0C       		.uleb128 0xc
 1045 01a9 03       		.uleb128 0x3
 1046 01aa 0E       		.uleb128 0xe
 1047 01ab 3A       		.uleb128 0x3a
 1048 01ac 0B       		.uleb128 0xb
 1049 01ad 3B       		.uleb128 0x3b
 1050 01ae 05       		.uleb128 0x5
 1051 01af 27       		.uleb128 0x27
 1052 01b0 0C       		.uleb128 0xc
 1053 01b1 3C       		.uleb128 0x3c
 1054 01b2 0C       		.uleb128 0xc
 1055 01b3 01       		.uleb128 0x1
 1056 01b4 13       		.uleb128 0x13
 1057 01b5 00       		.byte	0
 1058 01b6 00       		.byte	0
 1059 01b7 20       		.uleb128 0x20
 1060 01b8 05       		.uleb128 0x5
 1061 01b9 00       		.byte	0
 1062 01ba 49       		.uleb128 0x49
 1063 01bb 13       		.uleb128 0x13
 1064 01bc 00       		.byte	0
 1065 01bd 00       		.byte	0
 1066 01be 21       		.uleb128 0x21
 1067 01bf 0F       		.uleb128 0xf
 1068 01c0 00       		.byte	0
 1069 01c1 0B       		.uleb128 0xb
 1070 01c2 0B       		.uleb128 0xb
 1071 01c3 49       		.uleb128 0x49
 1072 01c4 13       		.uleb128 0x13
 1073 01c5 00       		.byte	0
 1074 01c6 00       		.byte	0
 1075 01c7 22       		.uleb128 0x22
 1076 01c8 2E       		.uleb128 0x2e
 1077 01c9 00       		.byte	0
 1078 01ca 3F       		.uleb128 0x3f
ARM GAS  /tmp/ccXvRueU.s 			page 20


 1079 01cb 0C       		.uleb128 0xc
 1080 01cc 03       		.uleb128 0x3
 1081 01cd 0E       		.uleb128 0xe
 1082 01ce 3A       		.uleb128 0x3a
 1083 01cf 0B       		.uleb128 0xb
 1084 01d0 3B       		.uleb128 0x3b
 1085 01d1 05       		.uleb128 0x5
 1086 01d2 27       		.uleb128 0x27
 1087 01d3 0C       		.uleb128 0xc
 1088 01d4 3C       		.uleb128 0x3c
 1089 01d5 0C       		.uleb128 0xc
 1090 01d6 00       		.byte	0
 1091 01d7 00       		.byte	0
 1092 01d8 00       		.byte	0
 1093              		.section	.debug_loc,"",%progbits
 1094              	.Ldebug_loc0:
 1095              	.LLST0:
 1096 0000 00000000 		.4byte	.LFB63
 1097 0004 02000000 		.4byte	.LCFI0
 1098 0008 0200     		.2byte	0x2
 1099 000a 7D       		.byte	0x7d
 1100 000b 00       		.sleb128 0
 1101 000c 02000000 		.4byte	.LCFI0
 1102 0010 22000000 		.4byte	.LFE63
 1103 0014 0200     		.2byte	0x2
 1104 0016 7D       		.byte	0x7d
 1105 0017 08       		.sleb128 8
 1106 0018 00000000 		.4byte	0
 1107 001c 00000000 		.4byte	0
 1108              	.LLST1:
 1109 0020 00000000 		.4byte	.LVL5
 1110 0024 18000000 		.4byte	.LVL7
 1111 0028 0100     		.2byte	0x1
 1112 002a 50       		.byte	0x50
 1113 002b 18000000 		.4byte	.LVL7
 1114 002f 1C000000 		.4byte	.LVL8
 1115 0033 0400     		.2byte	0x4
 1116 0035 F3       		.byte	0xf3
 1117 0036 01       		.uleb128 0x1
 1118 0037 50       		.byte	0x50
 1119 0038 9F       		.byte	0x9f
 1120 0039 1C000000 		.4byte	.LVL8
 1121 003d 22000000 		.4byte	.LVL9
 1122 0041 0100     		.2byte	0x1
 1123 0043 50       		.byte	0x50
 1124 0044 22000000 		.4byte	.LVL9
 1125 0048 24000000 		.4byte	.LVL10
 1126 004c 0400     		.2byte	0x4
 1127 004e F3       		.byte	0xf3
 1128 004f 01       		.uleb128 0x1
 1129 0050 50       		.byte	0x50
 1130 0051 9F       		.byte	0x9f
 1131 0052 24000000 		.4byte	.LVL10
 1132 0056 26000000 		.4byte	.LVL11
 1133 005a 0100     		.2byte	0x1
 1134 005c 50       		.byte	0x50
 1135 005d 26000000 		.4byte	.LVL11
ARM GAS  /tmp/ccXvRueU.s 			page 21


 1136 0061 28000000 		.4byte	.LFE64
 1137 0065 0400     		.2byte	0x4
 1138 0067 F3       		.byte	0xf3
 1139 0068 01       		.uleb128 0x1
 1140 0069 50       		.byte	0x50
 1141 006a 9F       		.byte	0x9f
 1142 006b 00000000 		.4byte	0
 1143 006f 00000000 		.4byte	0
 1144              	.LLST2:
 1145 0073 00000000 		.4byte	.LVL12
 1146 0077 0C000000 		.4byte	.LVL14
 1147 007b 0100     		.2byte	0x1
 1148 007d 50       		.byte	0x50
 1149 007e 0C000000 		.4byte	.LVL14
 1150 0082 2A000000 		.4byte	.LFE65
 1151 0086 0400     		.2byte	0x4
 1152 0088 F3       		.byte	0xf3
 1153 0089 01       		.uleb128 0x1
 1154 008a 50       		.byte	0x50
 1155 008b 9F       		.byte	0x9f
 1156 008c 00000000 		.4byte	0
 1157 0090 00000000 		.4byte	0
 1158              	.LLST3:
 1159 0094 10000000 		.4byte	.LVL15
 1160 0098 22000000 		.4byte	.LVL16
 1161 009c 0100     		.2byte	0x1
 1162 009e 53       		.byte	0x53
 1163 009f 00000000 		.4byte	0
 1164 00a3 00000000 		.4byte	0
 1165              		.section	.debug_aranges,"",%progbits
 1166 0000 2C000000 		.4byte	0x2c
 1167 0004 0200     		.2byte	0x2
 1168 0006 00000000 		.4byte	.Ldebug_info0
 1169 000a 04       		.byte	0x4
 1170 000b 00       		.byte	0
 1171 000c 0000     		.2byte	0
 1172 000e 0000     		.2byte	0
 1173 0010 00000000 		.4byte	.LFB63
 1174 0014 22000000 		.4byte	.LFE63-.LFB63
 1175 0018 00000000 		.4byte	.LFB64
 1176 001c 28000000 		.4byte	.LFE64-.LFB64
 1177 0020 00000000 		.4byte	.LFB65
 1178 0024 2A000000 		.4byte	.LFE65-.LFB65
 1179 0028 00000000 		.4byte	0
 1180 002c 00000000 		.4byte	0
 1181              		.section	.debug_ranges,"",%progbits
 1182              	.Ldebug_ranges0:
 1183 0000 00000000 		.4byte	.LFB63
 1184 0004 22000000 		.4byte	.LFE63
 1185 0008 00000000 		.4byte	.LFB64
 1186 000c 28000000 		.4byte	.LFE64
 1187 0010 00000000 		.4byte	.LFB65
 1188 0014 2A000000 		.4byte	.LFE65
 1189 0018 00000000 		.4byte	0
 1190 001c 00000000 		.4byte	0
 1191              		.section	.debug_line,"",%progbits
 1192              	.Ldebug_line0:
ARM GAS  /tmp/ccXvRueU.s 			page 22


 1193 0000 2D020000 		.section	.debug_str,"MS",%progbits,1
 1193      0200BF01 
 1193      00000201 
 1193      FB0E0D00 
 1193      01010101 
 1194              	.LASF35:
 1195 0000 68616C50 		.ascii	"halPolledDelay\000"
 1195      6F6C6C65 
 1195      6444656C 
 1195      617900
 1196              	.LASF47:
 1197 000f 7469636B 		.ascii	"ticks\000"
 1197      7300
 1198              	.LASF30:
 1199 0015 50444461 		.ascii	"PDData\000"
 1199      746100
 1200              	.LASF45:
 1201 001c 2F686F6D 		.ascii	"/home/ondra6ak/Documents/ARM/ChibiOS-RT/demos/hello"
 1201      652F6F6E 
 1201      64726136 
 1201      616B2F44 
 1201      6F63756D 
 1202 004f 576F726C 		.ascii	"World\000"
 1202      6400
 1203              	.LASF48:
 1204 0055 5F70616C 		.ascii	"_pal_lld_init\000"
 1204      5F6C6C64 
 1204      5F696E69 
 1204      7400
 1205              	.LASF33:
 1206 0063 73746172 		.ascii	"start\000"
 1206      7400
 1207              	.LASF21:
 1208 0069 464F4C44 		.ascii	"FOLDCNT\000"
 1208      434E5400 
 1209              	.LASF0:
 1210 0071 756E7369 		.ascii	"unsigned int\000"
 1210      676E6564 
 1210      20696E74 
 1210      00
 1211              	.LASF11:
 1212 007e 626F6F6C 		.ascii	"bool_t\000"
 1212      5F7400
 1213              	.LASF18:
 1214 0085 45584343 		.ascii	"EXCCNT\000"
 1214      4E5400
 1215              	.LASF19:
 1216 008c 534C4545 		.ascii	"SLEEPCNT\000"
 1216      50434E54 
 1216      00
 1217              	.LASF13:
 1218 0095 494F5245 		.ascii	"IOREG32\000"
 1218      47333200 
 1219              	.LASF34:
 1220 009d 68616C49 		.ascii	"halInit\000"
 1220      6E697400 
 1221              	.LASF31:
ARM GAS  /tmp/ccXvRueU.s 			page 23


 1222 00a5 50454461 		.ascii	"PEData\000"
 1222      746100
 1223              	.LASF2:
 1224 00ac 756E7369 		.ascii	"unsigned char\000"
 1224      676E6564 
 1224      20636861 
 1224      7200
 1225              	.LASF26:
 1226 00ba 73746D33 		.ascii	"stm32_gpio_setup_t\000"
 1226      325F6770 
 1226      696F5F73 
 1226      65747570 
 1226      5F7400
 1227              	.LASF27:
 1228 00cd 50414461 		.ascii	"PAData\000"
 1228      746100
 1229              	.LASF40:
 1230 00d4 746D496E 		.ascii	"tmInit\000"
 1230      697400
 1231              	.LASF8:
 1232 00db 6C6F6E67 		.ascii	"long unsigned int\000"
 1232      20756E73 
 1232      69676E65 
 1232      6420696E 
 1232      7400
 1233              	.LASF39:
 1234 00ed 68616C5F 		.ascii	"hal_lld_init\000"
 1234      6C6C645F 
 1234      696E6974 
 1234      00
 1235              	.LASF4:
 1236 00fa 73686F72 		.ascii	"short unsigned int\000"
 1236      7420756E 
 1236      7369676E 
 1236      65642069 
 1236      6E7400
 1237              	.LASF17:
 1238 010d 43504943 		.ascii	"CPICNT\000"
 1238      4E5400
 1239              	.LASF37:
 1240 0114 49544D5F 		.ascii	"ITM_RxBuffer\000"
 1240      52784275 
 1240      66666572 
 1240      00
 1241              	.LASF43:
 1242 0121 474E5520 		.ascii	"GNU C 4.7.4 20130913 (release) [ARM/embedded-4_7-br"
 1242      4320342E 
 1242      372E3420 
 1242      32303133 
 1242      30393133 
 1243 0154 616E6368 		.ascii	"anch revision 202601]\000"
 1243      20726576 
 1243      6973696F 
 1243      6E203230 
 1243      32363031 
 1244              	.LASF32:
 1245 016a 50414C43 		.ascii	"PALConfig\000"
ARM GAS  /tmp/ccXvRueU.s 			page 24


 1245      6F6E6669 
 1245      6700
 1246              	.LASF38:
 1247 0174 70616C5F 		.ascii	"pal_default_config\000"
 1247      64656661 
 1247      756C745F 
 1247      636F6E66 
 1247      696700
 1248              	.LASF20:
 1249 0187 4C535543 		.ascii	"LSUCNT\000"
 1249      4E5400
 1250              	.LASF16:
 1251 018e 43594343 		.ascii	"CYCCNT\000"
 1251      4E5400
 1252              	.LASF28:
 1253 0195 50424461 		.ascii	"PBData\000"
 1253      746100
 1254              	.LASF25:
 1255 019c 68616C72 		.ascii	"halrtcnt_t\000"
 1255      74636E74 
 1255      5F7400
 1256              	.LASF24:
 1257 01a7 63686172 		.ascii	"char\000"
 1257      00
 1258              	.LASF44:
 1259 01ac 2E2E2F2E 		.ascii	"../../os/hal/src/hal.c\000"
 1259      2E2F6F73 
 1259      2F68616C 
 1259      2F737263 
 1259      2F68616C 
 1260              	.LASF15:
 1261 01c3 4354524C 		.ascii	"CTRL\000"
 1261      00
 1262              	.LASF46:
 1263 01c8 68616C49 		.ascii	"halIsCounterWithin\000"
 1263      73436F75 
 1263      6E746572 
 1263      57697468 
 1263      696E00
 1264              	.LASF6:
 1265 01db 696E7433 		.ascii	"int32_t\000"
 1265      325F7400 
 1266              	.LASF14:
 1267 01e3 73697A65 		.ascii	"sizetype\000"
 1267      74797065 
 1267      00
 1268              	.LASF9:
 1269 01ec 6C6F6E67 		.ascii	"long long int\000"
 1269      206C6F6E 
 1269      6720696E 
 1269      7400
 1270              	.LASF36:
 1271 01fa 74696D65 		.ascii	"timeout\000"
 1271      6F757400 
 1272              	.LASF22:
 1273 0202 50435352 		.ascii	"PCSR\000"
 1273      00
ARM GAS  /tmp/ccXvRueU.s 			page 25


 1274              	.LASF41:
 1275 0207 7364496E 		.ascii	"sdInit\000"
 1275      697400
 1276              	.LASF3:
 1277 020e 73686F72 		.ascii	"short int\000"
 1277      7420696E 
 1277      7400
 1278              	.LASF29:
 1279 0218 50434461 		.ascii	"PCData\000"
 1279      746100
 1280              	.LASF23:
 1281 021f 434D785F 		.ascii	"CMx_DWT\000"
 1281      44575400 
 1282              	.LASF7:
 1283 0227 75696E74 		.ascii	"uint32_t\000"
 1283      33325F74 
 1283      00
 1284              	.LASF5:
 1285 0230 6C6F6E67 		.ascii	"long int\000"
 1285      20696E74 
 1285      00
 1286              	.LASF1:
 1287 0239 7369676E 		.ascii	"signed char\000"
 1287      65642063 
 1287      68617200 
 1288              	.LASF42:
 1289 0245 626F6172 		.ascii	"boardInit\000"
 1289      64496E69 
 1289      7400
 1290              	.LASF12:
 1291 024f 5F426F6F 		.ascii	"_Bool\000"
 1291      6C00
 1292              	.LASF10:
 1293 0255 6C6F6E67 		.ascii	"long long unsigned int\000"
 1293      206C6F6E 
 1293      6720756E 
 1293      7369676E 
 1293      65642069 
 1294              		.ident	"GCC: (GNU Tools for ARM Embedded Processors) 4.7.4 20130913 (release) [ARM/embedded-4_7-br
ARM GAS  /tmp/ccXvRueU.s 			page 26


DEFINED SYMBOLS
                            *ABS*:00000000 hal.c
     /tmp/ccXvRueU.s:19     .text.halInit:00000000 $t
     /tmp/ccXvRueU.s:25     .text.halInit:00000000 halInit
     /tmp/ccXvRueU.s:60     .text.halIsCounterWithin:00000000 $t
     /tmp/ccXvRueU.s:66     .text.halIsCounterWithin:00000000 halIsCounterWithin
     /tmp/ccXvRueU.s:114    .text.halPolledDelay:00000000 $t
     /tmp/ccXvRueU.s:120    .text.halPolledDelay:00000000 halPolledDelay
                     .debug_frame:00000010 $d

UNDEFINED SYMBOLS
hal_lld_init
tmInit
pal_default_config
_pal_lld_init
sdInit
boardInit
