ARM GAS  /tmp/ccaUuj3p.s 			page 1


   1              		.syntax unified
   2              		.cpu cortex-m3
   3              		.fpu softvfp
   4              		.eabi_attribute 20, 1
   5              		.eabi_attribute 21, 1
   6              		.eabi_attribute 23, 3
   7              		.eabi_attribute 24, 1
   8              		.eabi_attribute 25, 1
   9              		.eabi_attribute 26, 1
  10              		.eabi_attribute 30, 2
  11              		.eabi_attribute 34, 1
  12              		.eabi_attribute 18, 4
  13              		.thumb
  14              		.file	"chheap.c"
  15              		.text
  16              	.Ltext0:
  17              		.cfi_sections	.debug_frame
  18              		.section	.text._heap_init,"ax",%progbits
  19              		.align	2
  20              		.p2align 4,,15
  21              		.global	_heap_init
  22              		.thumb
  23              		.thumb_func
  24              		.type	_heap_init, %function
  25              	_heap_init:
  26              	.LFB7:
  27              		.file 1 "../../os/kernel/src/chheap.c"
  28              		.loc 1 68 0
  29              		.cfi_startproc
  30              		@ args = 0, pretend = 0, frame = 0
  31              		@ frame_needed = 0, uses_anonymous_args = 0
  32              		@ link register save eliminated.
  33              		.loc 1 69 0
  34 0000 40F20003 		movw	r3, #:lower16:.LANCHOR0
  35 0004 C0F20003 		movt	r3, #:upper16:.LANCHOR0
  36 0008 40F20001 		movw	r1, #:lower16:chCoreAlloc
  37              		.loc 1 70 0
  38 000c 0022     		movs	r2, #0
  39              		.loc 1 69 0
  40 000e C0F20001 		movt	r1, #:upper16:chCoreAlloc
  41              		.loc 1 73 0
  42 0012 03F11000 		add	r0, r3, #16
  43              		.loc 1 69 0
  44 0016 1960     		str	r1, [r3, #0]
  45              		.loc 1 70 0
  46 0018 9A60     		str	r2, [r3, #8]
  47              		.loc 1 71 0
  48 001a DA60     		str	r2, [r3, #12]
  49              		.loc 1 77 0
  50              		.loc 1 73 0
  51 001c FFF7FEBF 		b	chMtxInit
  52              	.LVL0:
  53              		.cfi_endproc
  54              	.LFE7:
  55              		.size	_heap_init, .-_heap_init
  56              		.section	.text.chHeapInit,"ax",%progbits
  57              		.align	2
ARM GAS  /tmp/ccaUuj3p.s 			page 2


  58              		.p2align 4,,15
  59              		.global	chHeapInit
  60              		.thumb
  61              		.thumb_func
  62              		.type	chHeapInit, %function
  63              	chHeapInit:
  64              	.LFB8:
  65              		.loc 1 92 0
  66              		.cfi_startproc
  67              		@ args = 0, pretend = 0, frame = 0
  68              		@ frame_needed = 0, uses_anonymous_args = 0
  69              	.LVL1:
  70 0000 70B5     		push	{r4, r5, r6, lr}
  71              	.LCFI0:
  72              		.cfi_def_cfa_offset 16
  73              		.cfi_offset 4, -16
  74              		.cfi_offset 5, -12
  75              		.cfi_offset 6, -8
  76              		.cfi_offset 14, -4
  77              		.loc 1 92 0
  78 0002 1646     		mov	r6, r2
  79              		.loc 1 95 0
  80 0004 4A07     		lsls	r2, r1, #29
  81              	.LVL2:
  82              		.loc 1 92 0
  83 0006 0D46     		mov	r5, r1
  84 0008 0446     		mov	r4, r0
  85              		.loc 1 95 0
  86 000a 01D1     		bne	.L3
  87              		.loc 1 95 0 is_stmt 0 discriminator 2
  88 000c 7307     		lsls	r3, r6, #29
  89 000e 02D0     		beq	.L4
  90              	.L3:
  91              		.loc 1 95 0 discriminator 1
  92 0010 0748     		ldr	r0, .L9
  93              	.LVL3:
  94 0012 FFF7FEFF 		bl	chDbgPanic
  95              	.LVL4:
  96              	.L4:
  97              		.loc 1 97 0 is_stmt 1
  98 0016 0023     		movs	r3, #0
  99              		.loc 1 101 0
 100 0018 083E     		subs	r6, r6, #8
 101              	.LVL5:
 102              		.loc 1 103 0
 103 001a 04F11000 		add	r0, r4, #16
 104              		.loc 1 97 0
 105 001e 2360     		str	r3, [r4, #0]
 106              	.LVL6:
 107              		.loc 1 98 0
 108 0020 A560     		str	r5, [r4, #8]
 109              		.loc 1 99 0
 110 0022 E360     		str	r3, [r4, #12]
 111              		.loc 1 101 0
 112 0024 85E84800 		stmia	r5, {r3, r6}
 113              		.loc 1 107 0
 114 0028 BDE87040 		pop	{r4, r5, r6, lr}
ARM GAS  /tmp/ccaUuj3p.s 			page 3


 115              		.loc 1 103 0
 116 002c FFF7FEBF 		b	chMtxInit
 117              	.LVL7:
 118              	.L10:
 119              		.align	2
 120              	.L9:
 121 0030 00000000 		.word	.LC0
 122              		.cfi_endproc
 123              	.LFE8:
 124              		.size	chHeapInit, .-chHeapInit
 125 0034 AFF30080 		.section	.text.chHeapAlloc,"ax",%progbits
 125      AFF30080 
 125      AFF30080 
 126              		.align	2
 127              		.p2align 4,,15
 128              		.global	chHeapAlloc
 129              		.thumb
 130              		.thumb_func
 131              		.type	chHeapAlloc, %function
 132              	chHeapAlloc:
 133              	.LFB9:
 134              		.loc 1 125 0
 135              		.cfi_startproc
 136              		@ args = 0, pretend = 0, frame = 0
 137              		@ frame_needed = 0, uses_anonymous_args = 0
 138              	.LVL8:
 139 0000 F8B5     		push	{r3, r4, r5, r6, r7, lr}
 140              	.LCFI1:
 141              		.cfi_def_cfa_offset 24
 142              		.cfi_offset 3, -24
 143              		.cfi_offset 4, -20
 144              		.cfi_offset 5, -16
 145              		.cfi_offset 6, -12
 146              		.cfi_offset 7, -8
 147              		.cfi_offset 14, -4
 148              		.loc 1 129 0
 149 0002 1F4E     		ldr	r6, .L27
 150              		.loc 1 131 0
 151 0004 0731     		adds	r1, r1, #7
 152              	.LVL9:
 153              		.loc 1 129 0
 154 0006 0028     		cmp	r0, #0
 155 0008 18BF     		it	ne
 156 000a 0646     		movne	r6, r0
 157              		.loc 1 133 0
 158 000c 06F11000 		add	r0, r6, #16
 159              	.LVL10:
 160              		.loc 1 131 0
 161 0010 21F00705 		bic	r5, r1, #7
 162              	.LVL11:
 163              		.loc 1 132 0
 164 0014 06F10804 		add	r4, r6, #8
 165              	.LVL12:
 166              		.loc 1 133 0
 167 0018 FFF7FEFF 		bl	chMtxLock
 168              	.LVL13:
 169              		.loc 1 135 0
ARM GAS  /tmp/ccaUuj3p.s 			page 4


 170 001c 00E0     		b	.L13
 171              	.LVL14:
 172              	.L21:
 173              		.loc 1 137 0
 174 001e 1C46     		mov	r4, r3
 175              	.LVL15:
 176              	.L13:
 177              		.loc 1 135 0 discriminator 1
 178 0020 2368     		ldr	r3, [r4, #0]
 179              	.LVL16:
 180 0022 E3B1     		cbz	r3, .L25
 181              		.loc 1 137 0
 182 0024 5A68     		ldr	r2, [r3, #4]
 183 0026 9542     		cmp	r5, r2
 184 0028 F9D8     		bhi	.L21
 185              		.loc 1 138 0
 186 002a 05F10801 		add	r1, r5, #8
 187 002e 9142     		cmp	r1, r2
 188 0030 12D8     		bhi	.L26
 189              		.loc 1 148 0
 190 0032 4FF6F870 		movw	r0, #65528
 191 0036 CFF6FF70 		movt	r0, 65535
 192 003a 401B     		subs	r0, r0, r5
 193 003c 8218     		adds	r2, r0, r2
 194              		.loc 1 147 0
 195 003e 1868     		ldr	r0, [r3, #0]
 196              		.loc 1 146 0
 197 0040 5F18     		adds	r7, r3, r1
 198              	.LVL17:
 199              		.loc 1 147 0
 200 0042 5850     		str	r0, [r3, r1]
 201              		.loc 1 148 0
 202 0044 7A60     		str	r2, [r7, #4]
 203              		.loc 1 149 0
 204 0046 2760     		str	r7, [r4, #0]
 205              		.loc 1 150 0
 206 0048 5D60     		str	r5, [r3, #4]
 207              	.LVL18:
 208              	.L15:
 209              		.loc 1 152 0
 210 004a 1C46     		mov	r4, r3
 211              	.LVL19:
 212 004c 44F8086B 		str	r6, [r4], #8
 213              		.loc 1 154 0
 214 0050 FFF7FEFF 		bl	chMtxUnlock
 215              	.LVL20:
 216              	.L16:
 217              		.loc 1 174 0
 218 0054 2046     		mov	r0, r4
 219 0056 F8BD     		pop	{r3, r4, r5, r6, r7, pc}
 220              	.LVL21:
 221              	.L26:
 222              		.loc 1 142 0
 223 0058 1968     		ldr	r1, [r3, #0]
 224 005a 2160     		str	r1, [r4, #0]
 225 005c F5E7     		b	.L15
 226              	.L25:
ARM GAS  /tmp/ccaUuj3p.s 			page 5


 227              		.loc 1 160 0
 228 005e FFF7FEFF 		bl	chMtxUnlock
 229              	.LVL22:
 230              		.loc 1 164 0
 231 0062 3268     		ldr	r2, [r6, #0]
 232 0064 4AB1     		cbz	r2, .L19
 233              		.loc 1 165 0
 234 0066 05F10800 		add	r0, r5, #8
 235 006a 9047     		blx	r2
 236              	.LVL23:
 237              		.loc 1 166 0
 238 006c 28B1     		cbz	r0, .L19
 239              		.loc 1 170 0
 240 006e 00F10804 		add	r4, r0, #8
 241              	.LVL24:
 242              		.loc 1 167 0
 243 0072 0660     		str	r6, [r0, #0]
 244              		.loc 1 168 0
 245 0074 4560     		str	r5, [r0, #4]
 246              	.LVL25:
 247              		.loc 1 174 0
 248 0076 2046     		mov	r0, r4
 249 0078 F8BD     		pop	{r3, r4, r5, r6, r7, pc}
 250              	.LVL26:
 251              	.L19:
 252              		.loc 1 173 0
 253 007a 0024     		movs	r4, #0
 254              	.LVL27:
 255 007c EAE7     		b	.L16
 256              	.L28:
 257 007e 00BF     		.align	2
 258              	.L27:
 259 0080 00000000 		.word	.LANCHOR0
 260              		.cfi_endproc
 261              	.LFE9:
 262              		.size	chHeapAlloc, .-chHeapAlloc
 263 0084 AFF30080 		.section	.text.chHeapFree,"ax",%progbits
 263      AFF30080 
 263      AFF30080 
 264              		.align	2
 265              		.p2align 4,,15
 266              		.global	chHeapFree
 267              		.thumb
 268              		.thumb_func
 269              		.type	chHeapFree, %function
 270              	chHeapFree:
 271              	.LFB10:
 272              		.loc 1 187 0
 273              		.cfi_startproc
 274              		@ args = 0, pretend = 0, frame = 0
 275              		@ frame_needed = 0, uses_anonymous_args = 0
 276              	.LVL28:
 277 0000 F8B5     		push	{r3, r4, r5, r6, r7, lr}
 278              	.LCFI2:
 279              		.cfi_def_cfa_offset 24
 280              		.cfi_offset 3, -24
 281              		.cfi_offset 4, -20
ARM GAS  /tmp/ccaUuj3p.s 			page 6


 282              		.cfi_offset 5, -16
 283              		.cfi_offset 6, -12
 284              		.cfi_offset 7, -8
 285              		.cfi_offset 14, -4
 286              		.loc 1 191 0
 287 0002 0746     		mov	r7, r0
 288 0004 0028     		cmp	r0, #0
 289 0006 4BD0     		beq	.L42
 290              	.LVL29:
 291              	.L30:
 292              		.loc 1 194 0
 293 0008 57F8086C 		ldr	r6, [r7, #-8]
 294              		.loc 1 193 0
 295 000c A7F10805 		sub	r5, r7, #8
 296              	.LVL30:
 297              		.loc 1 196 0
 298 0010 06F11000 		add	r0, r6, #16
 299 0014 FFF7FEFF 		bl	chMtxLock
 300              	.LVL31:
 301              		.loc 1 195 0
 302 0018 0836     		adds	r6, r6, #8
 303              	.LVL32:
 304 001a 3446     		mov	r4, r6
 305              	.LVL33:
 306              	.L38:
 307              		.loc 1 199 0
 308 001c AC42     		cmp	r4, r5
 309 001e 04D8     		bhi	.L31
 310              		.loc 1 199 0 is_stmt 0 discriminator 1
 311 0020 6368     		ldr	r3, [r4, #4]
 312 0022 0833     		adds	r3, r3, #8
 313 0024 E018     		adds	r0, r4, r3
 314 0026 8542     		cmp	r5, r0
 315 0028 1FD3     		bcc	.L43
 316              	.L31:
 317              		.loc 1 203 0 is_stmt 1
 318 002a B442     		cmp	r4, r6
 319              		.loc 1 204 0
 320 002c 2168     		ldr	r1, [r4, #0]
 321              		.loc 1 203 0
 322 002e 01D0     		beq	.L32
 323              		.loc 1 203 0 is_stmt 0 discriminator 2
 324 0030 AC42     		cmp	r4, r5
 325 0032 02D2     		bcs	.L35
 326              	.L32:
 327              		.loc 1 203 0 discriminator 1
 328 0034 19B1     		cbz	r1, .L34
 329              		.loc 1 204 0 is_stmt 1
 330 0036 8D42     		cmp	r5, r1
 331 0038 01D3     		bcc	.L34
 332              	.L35:
 333              	.LVL34:
 334              		.loc 1 221 0
 335 003a 0C46     		mov	r4, r1
 336              		.loc 1 222 0
 337 003c EEE7     		b	.L38
 338              	.LVL35:
ARM GAS  /tmp/ccaUuj3p.s 			page 7


 339              	.L34:
 340              		.loc 1 209 0
 341 003e 57F8042C 		ldr	r2, [r7, #-4]
 342              		.loc 1 206 0
 343 0042 47F8081C 		str	r1, [r7, #-8]
 344              		.loc 1 207 0
 345 0046 2560     		str	r5, [r4, #0]
 346              		.loc 1 209 0
 347 0048 02F10803 		add	r3, r2, #8
 348 004c 57F8080C 		ldr	r0, [r7, #-8]
 349 0050 E918     		adds	r1, r5, r3
 350 0052 8142     		cmp	r1, r0
 351 0054 0DD0     		beq	.L44
 352              		.loc 1 214 0
 353 0056 6068     		ldr	r0, [r4, #4]
 354 0058 00F10801 		add	r1, r0, #8
 355 005c 6318     		adds	r3, r4, r1
 356 005e 9D42     		cmp	r5, r3
 357 0060 15D0     		beq	.L45
 358              	.L37:
 359              		.loc 1 226 0
 360 0062 BDE8F840 		pop	{r3, r4, r5, r6, r7, lr}
 361              		.loc 1 224 0
 362 0066 FFF7FEBF 		b	chMtxUnlock
 363              	.LVL36:
 364              	.L43:
 365              		.loc 1 199 0 discriminator 2
 366 006a 0F48     		ldr	r0, .L46
 367 006c FFF7FEFF 		bl	chDbgPanic
 368              	.LVL37:
 369 0070 DBE7     		b	.L31
 370              	.L44:
 371              		.loc 1 211 0
 372 0072 4868     		ldr	r0, [r1, #4]
 373              		.loc 1 212 0
 374 0074 EB58     		ldr	r3, [r5, r3]
 375              		.loc 1 211 0
 376 0076 1218     		adds	r2, r2, r0
 377 0078 0832     		adds	r2, r2, #8
 378 007a 47F8042C 		str	r2, [r7, #-4]
 379              		.loc 1 214 0
 380 007e 6068     		ldr	r0, [r4, #4]
 381              		.loc 1 212 0
 382 0080 47F8083C 		str	r3, [r7, #-8]
 383              		.loc 1 214 0
 384 0084 00F10801 		add	r1, r0, #8
 385 0088 6318     		adds	r3, r4, r1
 386 008a 9D42     		cmp	r5, r3
 387 008c E9D1     		bne	.L37
 388              	.L45:
 389              		.loc 1 216 0
 390 008e 57F8041C 		ldr	r1, [r7, #-4]
 391              		.loc 1 217 0
 392 0092 57F8082C 		ldr	r2, [r7, #-8]
 393              		.loc 1 216 0
 394 0096 4318     		adds	r3, r0, r1
 395 0098 0833     		adds	r3, r3, #8
ARM GAS  /tmp/ccaUuj3p.s 			page 8


 396              		.loc 1 217 0
 397 009a 84E80C00 		stmia	r4, {r2, r3}
 398 009e E0E7     		b	.L37
 399              	.LVL38:
 400              	.L42:
 401              		.loc 1 191 0 discriminator 1
 402 00a0 0248     		ldr	r0, .L46+4
 403              	.LVL39:
 404 00a2 FFF7FEFF 		bl	chDbgPanic
 405              	.LVL40:
 406 00a6 AFE7     		b	.L30
 407              	.L47:
 408              		.align	2
 409              	.L46:
 410 00a8 20000000 		.word	.LC2
 411 00ac 10000000 		.word	.LC1
 412              		.cfi_endproc
 413              	.LFE10:
 414              		.size	chHeapFree, .-chHeapFree
 415              		.section	.text.chHeapStatus,"ax",%progbits
 416              		.align	2
 417              		.p2align 4,,15
 418              		.global	chHeapStatus
 419              		.thumb
 420              		.thumb_func
 421              		.type	chHeapStatus, %function
 422              	chHeapStatus:
 423              	.LFB11:
 424              		.loc 1 243 0
 425              		.cfi_startproc
 426              		@ args = 0, pretend = 0, frame = 0
 427              		@ frame_needed = 0, uses_anonymous_args = 0
 428              	.LVL41:
 429 0000 38B5     		push	{r3, r4, r5, lr}
 430              	.LCFI3:
 431              		.cfi_def_cfa_offset 16
 432              		.cfi_offset 3, -16
 433              		.cfi_offset 4, -12
 434              		.cfi_offset 5, -8
 435              		.cfi_offset 14, -4
 436              		.loc 1 248 0
 437 0002 0E4C     		ldr	r4, .L59
 438              		.loc 1 243 0
 439 0004 0D46     		mov	r5, r1
 440              		.loc 1 248 0
 441 0006 0028     		cmp	r0, #0
 442 0008 18BF     		it	ne
 443 000a 0446     		movne	r4, r0
 444              		.loc 1 250 0
 445 000c 04F11000 		add	r0, r4, #16
 446              	.LVL42:
 447 0010 FFF7FEFF 		bl	chMtxLock
 448              	.LVL43:
 449              		.loc 1 253 0
 450 0014 A368     		ldr	r3, [r4, #8]
 451 0016 6BB1     		cbz	r3, .L54
 452 0018 0022     		movs	r2, #0
ARM GAS  /tmp/ccaUuj3p.s 			page 9


 453 001a 1446     		mov	r4, r2
 454              	.LVL44:
 455              	.L51:
 456              		.loc 1 254 0 discriminator 2
 457 001c 5868     		ldr	r0, [r3, #4]
 458              		.loc 1 253 0 discriminator 2
 459 001e 1B68     		ldr	r3, [r3, #0]
 460              		.loc 1 254 0 discriminator 2
 461 0020 1218     		adds	r2, r2, r0
 462              	.LVL45:
 463              		.loc 1 253 0 discriminator 2
 464 0022 0134     		adds	r4, r4, #1
 465              	.LVL46:
 466 0024 002B     		cmp	r3, #0
 467 0026 F9D1     		bne	.L51
 468              	.LVL47:
 469              	.L50:
 470              		.loc 1 255 0
 471 0028 05B1     		cbz	r5, .L52
 472              		.loc 1 256 0
 473 002a 2A60     		str	r2, [r5, #0]
 474              	.L52:
 475              		.loc 1 258 0
 476 002c FFF7FEFF 		bl	chMtxUnlock
 477              	.LVL48:
 478              		.loc 1 260 0
 479 0030 2046     		mov	r0, r4
 480 0032 38BD     		pop	{r3, r4, r5, pc}
 481              	.LVL49:
 482              	.L54:
 483              		.loc 1 252 0
 484 0034 1A46     		mov	r2, r3
 485              		.loc 1 253 0
 486 0036 1C46     		mov	r4, r3
 487 0038 F6E7     		b	.L50
 488              	.L60:
 489 003a 00BF     		.align	2
 490              	.L59:
 491 003c 00000000 		.word	.LANCHOR0
 492              		.cfi_endproc
 493              	.LFE11:
 494              		.size	chHeapStatus, .-chHeapStatus
 495              		.section	.rodata.str1.4,"aMS",%progbits,1
 496              		.align	2
 497              	.LC0:
 498 0000 22636848 		.ascii	"\"chHeapInit\"()\000"
 498      65617049 
 498      6E697422 
 498      282900
 499 000f 00       		.space	1
 500              	.LC1:
 501 0010 22636848 		.ascii	"\"chHeapFree\"()\000"
 501      65617046 
 501      72656522 
 501      282900
 502 001f 00       		.space	1
 503              	.LC2:
ARM GAS  /tmp/ccaUuj3p.s 			page 10


 504 0020 63684865 		.ascii	"chHeapFree(), #1\000"
 504      61704672 
 504      65652829 
 504      2C202331 
 504      00
 505 0031 000000   		.section	.bss.default_heap,"aw",%nobits
 506              		.align	3
 507              		.set	.LANCHOR0,. + 0
 508              		.type	default_heap, %object
 509              		.size	default_heap, 32
 510              	default_heap:
 511 0000 00000000 		.space	32
 511      00000000 
 511      00000000 
 511      00000000 
 511      00000000 
 512              		.text
 513              	.Letext0:
 514              		.file 2 "/usr/bin/../lib/gcc/arm-none-eabi/4.7.4/include/stddef.h"
 515              		.file 3 "/usr/bin/../lib/gcc/arm-none-eabi/4.7.4/../../../../arm-none-eabi/include/stdint.h"
 516              		.file 4 "../../os/ports/GCC/ARMCMx/chtypes.h"
 517              		.file 5 "../../os/kernel/include/chlists.h"
 518              		.file 6 "../../os/kernel/include/chthreads.h"
 519              		.file 7 "../../os/ports/GCC/ARMCMx/chcore_v7m.h"
 520              		.file 8 "../../os/kernel/include/chmtx.h"
 521              		.file 9 "../../os/kernel/include/chmemcore.h"
 522              		.file 10 "../../os/kernel/include/chheap.h"
 523              		.file 11 "../../os/kernel/include/chdebug.h"
 524              		.section	.debug_info,"",%progbits
 525              	.Ldebug_info0:
 526 0000 9C070000 		.4byte	0x79c
 527 0004 0200     		.2byte	0x2
 528 0006 00000000 		.4byte	.Ldebug_abbrev0
 529 000a 04       		.byte	0x4
 530 000b 01       		.uleb128 0x1
 531 000c 14010000 		.4byte	.LASF81
 532 0010 01       		.byte	0x1
 533 0011 66010000 		.4byte	.LASF82
 534 0015 1D000000 		.4byte	.LASF83
 535 0019 00000000 		.4byte	.Ldebug_ranges0+0
 536 001d 00000000 		.4byte	0
 537 0021 00000000 		.4byte	0
 538 0025 00000000 		.4byte	.Ldebug_line0
 539 0029 02       		.uleb128 0x2
 540 002a 04       		.byte	0x4
 541 002b 05       		.byte	0x5
 542 002c 696E7400 		.ascii	"int\000"
 543 0030 03       		.uleb128 0x3
 544 0031 06000000 		.4byte	.LASF2
 545 0035 02       		.byte	0x2
 546 0036 D5       		.byte	0xd5
 547 0037 3B000000 		.4byte	0x3b
 548 003b 04       		.uleb128 0x4
 549 003c 04       		.byte	0x4
 550 003d 07       		.byte	0x7
 551 003e AE010000 		.4byte	.LASF0
 552 0042 04       		.uleb128 0x4
ARM GAS  /tmp/ccaUuj3p.s 			page 11


 553 0043 01       		.byte	0x1
 554 0044 06       		.byte	0x6
 555 0045 DD000000 		.4byte	.LASF1
 556 0049 03       		.uleb128 0x3
 557 004a 6E030000 		.4byte	.LASF3
 558 004e 03       		.byte	0x3
 559 004f 2A       		.byte	0x2a
 560 0050 54000000 		.4byte	0x54
 561 0054 04       		.uleb128 0x4
 562 0055 01       		.byte	0x1
 563 0056 08       		.byte	0x8
 564 0057 7C020000 		.4byte	.LASF4
 565 005b 04       		.uleb128 0x4
 566 005c 02       		.byte	0x2
 567 005d 05       		.byte	0x5
 568 005e 9F020000 		.4byte	.LASF5
 569 0062 04       		.uleb128 0x4
 570 0063 02       		.byte	0x2
 571 0064 07       		.byte	0x7
 572 0065 DA010000 		.4byte	.LASF6
 573 0069 03       		.uleb128 0x3
 574 006a 74020000 		.4byte	.LASF7
 575 006e 03       		.byte	0x3
 576 006f 4F       		.byte	0x4f
 577 0070 74000000 		.4byte	0x74
 578 0074 04       		.uleb128 0x4
 579 0075 04       		.byte	0x4
 580 0076 05       		.byte	0x5
 581 0077 5D010000 		.4byte	.LASF8
 582 007b 03       		.uleb128 0x3
 583 007c FB020000 		.4byte	.LASF9
 584 0080 03       		.byte	0x3
 585 0081 50       		.byte	0x50
 586 0082 86000000 		.4byte	0x86
 587 0086 04       		.uleb128 0x4
 588 0087 04       		.byte	0x4
 589 0088 07       		.byte	0x7
 590 0089 BB010000 		.4byte	.LASF10
 591 008d 04       		.uleb128 0x4
 592 008e 08       		.byte	0x8
 593 008f 05       		.byte	0x5
 594 0090 CF000000 		.4byte	.LASF11
 595 0094 03       		.uleb128 0x3
 596 0095 14000000 		.4byte	.LASF12
 597 0099 03       		.byte	0x3
 598 009a 78       		.byte	0x78
 599 009b 9F000000 		.4byte	0x9f
 600 009f 04       		.uleb128 0x4
 601 00a0 08       		.byte	0x8
 602 00a1 07       		.byte	0x7
 603 00a2 74000000 		.4byte	.LASF13
 604 00a6 04       		.uleb128 0x4
 605 00a7 01       		.byte	0x1
 606 00a8 02       		.byte	0x2
 607 00a9 6E020000 		.4byte	.LASF14
 608 00ad 03       		.uleb128 0x3
 609 00ae F3010000 		.4byte	.LASF15
ARM GAS  /tmp/ccaUuj3p.s 			page 12


 610 00b2 04       		.byte	0x4
 611 00b3 25       		.byte	0x25
 612 00b4 49000000 		.4byte	0x49
 613 00b8 03       		.uleb128 0x3
 614 00b9 83010000 		.4byte	.LASF16
 615 00bd 04       		.byte	0x4
 616 00be 26       		.byte	0x26
 617 00bf 49000000 		.4byte	0x49
 618 00c3 03       		.uleb128 0x3
 619 00c4 57020000 		.4byte	.LASF17
 620 00c8 04       		.byte	0x4
 621 00c9 27       		.byte	0x27
 622 00ca 49000000 		.4byte	0x49
 623 00ce 03       		.uleb128 0x3
 624 00cf 0A010000 		.4byte	.LASF18
 625 00d3 04       		.byte	0x4
 626 00d4 28       		.byte	0x28
 627 00d5 49000000 		.4byte	0x49
 628 00d9 03       		.uleb128 0x3
 629 00da 66020000 		.4byte	.LASF19
 630 00de 04       		.byte	0x4
 631 00df 29       		.byte	0x29
 632 00e0 7B000000 		.4byte	0x7b
 633 00e4 03       		.uleb128 0x3
 634 00e5 ED010000 		.4byte	.LASF20
 635 00e9 04       		.byte	0x4
 636 00ea 2A       		.byte	0x2a
 637 00eb 69000000 		.4byte	0x69
 638 00ef 03       		.uleb128 0x3
 639 00f0 07020000 		.4byte	.LASF21
 640 00f4 04       		.byte	0x4
 641 00f5 2C       		.byte	0x2c
 642 00f6 7B000000 		.4byte	0x7b
 643 00fa 03       		.uleb128 0x3
 644 00fb 2F030000 		.4byte	.LASF22
 645 00ff 04       		.byte	0x4
 646 0100 2E       		.byte	0x2e
 647 0101 7B000000 		.4byte	0x7b
 648 0105 03       		.uleb128 0x3
 649 0106 DD020000 		.4byte	.LASF23
 650 010a 05       		.byte	0x5
 651 010b 23       		.byte	0x23
 652 010c 10010000 		.4byte	0x110
 653 0110 05       		.uleb128 0x5
 654 0111 DD020000 		.4byte	.LASF23
 655 0115 4C       		.byte	0x4c
 656 0116 06       		.byte	0x6
 657 0117 57       		.byte	0x57
 658 0118 43020000 		.4byte	0x243
 659 011c 06       		.uleb128 0x6
 660 011d CE020000 		.4byte	.LASF24
 661 0121 06       		.byte	0x6
 662 0122 58       		.byte	0x58
 663 0123 68020000 		.4byte	0x268
 664 0127 02       		.byte	0x2
 665 0128 23       		.byte	0x23
 666 0129 00       		.uleb128 0
ARM GAS  /tmp/ccaUuj3p.s 			page 13


 667 012a 06       		.uleb128 0x6
 668 012b 5F020000 		.4byte	.LASF25
 669 012f 06       		.byte	0x6
 670 0130 5A       		.byte	0x5a
 671 0131 68020000 		.4byte	0x268
 672 0135 02       		.byte	0x2
 673 0136 23       		.byte	0x23
 674 0137 04       		.uleb128 0x4
 675 0138 06       		.uleb128 0x6
 676 0139 C8000000 		.4byte	.LASF26
 677 013d 06       		.byte	0x6
 678 013e 5C       		.byte	0x5c
 679 013f D9000000 		.4byte	0xd9
 680 0143 02       		.byte	0x2
 681 0144 23       		.byte	0x23
 682 0145 08       		.uleb128 0x8
 683 0146 06       		.uleb128 0x6
 684 0147 9D030000 		.4byte	.LASF27
 685 014b 06       		.byte	0x6
 686 014c 5D       		.byte	0x5d
 687 014d 41030000 		.4byte	0x341
 688 0151 02       		.byte	0x2
 689 0152 23       		.byte	0x23
 690 0153 0C       		.uleb128 0xc
 691 0154 06       		.uleb128 0x6
 692 0155 8C010000 		.4byte	.LASF28
 693 0159 06       		.byte	0x6
 694 015a 5F       		.byte	0x5f
 695 015b 68020000 		.4byte	0x268
 696 015f 02       		.byte	0x2
 697 0160 23       		.byte	0x23
 698 0161 10       		.uleb128 0x10
 699 0162 06       		.uleb128 0x6
 700 0163 37020000 		.4byte	.LASF29
 701 0167 06       		.byte	0x6
 702 0168 60       		.byte	0x60
 703 0169 68020000 		.4byte	0x268
 704 016d 02       		.byte	0x2
 705 016e 23       		.byte	0x23
 706 016f 14       		.uleb128 0x14
 707 0170 06       		.uleb128 0x6
 708 0171 83030000 		.4byte	.LASF30
 709 0175 06       		.byte	0x6
 710 0176 67       		.byte	0x67
 711 0177 BF040000 		.4byte	0x4bf
 712 017b 02       		.byte	0x2
 713 017c 23       		.byte	0x23
 714 017d 18       		.uleb128 0x18
 715 017e 06       		.uleb128 0x6
 716 017f A3010000 		.4byte	.LASF31
 717 0183 06       		.byte	0x6
 718 0184 6D       		.byte	0x6d
 719 0185 D1040000 		.4byte	0x4d1
 720 0189 02       		.byte	0x2
 721 018a 23       		.byte	0x23
 722 018b 1C       		.uleb128 0x1c
 723 018c 06       		.uleb128 0x6
ARM GAS  /tmp/ccaUuj3p.s 			page 14


 724 018d A9020000 		.4byte	.LASF32
 725 0191 06       		.byte	0x6
 726 0192 72       		.byte	0x72
 727 0193 B8000000 		.4byte	0xb8
 728 0197 02       		.byte	0x2
 729 0198 23       		.byte	0x23
 730 0199 20       		.uleb128 0x20
 731 019a 06       		.uleb128 0x6
 732 019b D5020000 		.4byte	.LASF33
 733 019f 06       		.byte	0x6
 734 01a0 76       		.byte	0x76
 735 01a1 AD000000 		.4byte	0xad
 736 01a5 02       		.byte	0x2
 737 01a6 23       		.byte	0x23
 738 01a7 21       		.uleb128 0x21
 739 01a8 06       		.uleb128 0x6
 740 01a9 67030000 		.4byte	.LASF34
 741 01ad 06       		.byte	0x6
 742 01ae 7B       		.byte	0x7b
 743 01af C3000000 		.4byte	0xc3
 744 01b3 02       		.byte	0x2
 745 01b4 23       		.byte	0x23
 746 01b5 22       		.uleb128 0x22
 747 01b6 06       		.uleb128 0x6
 748 01b7 B1020000 		.4byte	.LASF35
 749 01bb 06       		.byte	0x6
 750 01bc 81       		.byte	0x81
 751 01bd CE000000 		.4byte	0xce
 752 01c1 02       		.byte	0x2
 753 01c2 23       		.byte	0x23
 754 01c3 23       		.uleb128 0x23
 755 01c4 06       		.uleb128 0x6
 756 01c5 44030000 		.4byte	.LASF36
 757 01c9 06       		.byte	0x6
 758 01ca 88       		.byte	0x88
 759 01cb 6B030000 		.4byte	0x36b
 760 01cf 02       		.byte	0x2
 761 01d0 23       		.byte	0x23
 762 01d1 24       		.uleb128 0x24
 763 01d2 07       		.uleb128 0x7
 764 01d3 705F7500 		.ascii	"p_u\000"
 765 01d7 06       		.byte	0x6
 766 01d8 AD       		.byte	0xad
 767 01d9 8A040000 		.4byte	0x48a
 768 01dd 02       		.byte	0x2
 769 01de 23       		.byte	0x23
 770 01df 28       		.uleb128 0x28
 771 01e0 06       		.uleb128 0x6
 772 01e1 A3030000 		.4byte	.LASF37
 773 01e5 06       		.byte	0x6
 774 01e6 B2       		.byte	0xb2
 775 01e7 90020000 		.4byte	0x290
 776 01eb 02       		.byte	0x2
 777 01ec 23       		.byte	0x23
 778 01ed 2C       		.uleb128 0x2c
 779 01ee 06       		.uleb128 0x6
 780 01ef 52030000 		.4byte	.LASF38
ARM GAS  /tmp/ccaUuj3p.s 			page 15


 781 01f3 06       		.byte	0x6
 782 01f4 B8       		.byte	0xb8
 783 01f5 6E020000 		.4byte	0x26e
 784 01f9 02       		.byte	0x2
 785 01fa 23       		.byte	0x23
 786 01fb 30       		.uleb128 0x30
 787 01fc 06       		.uleb128 0x6
 788 01fd 00000000 		.4byte	.LASF39
 789 0201 06       		.byte	0x6
 790 0202 BC       		.byte	0xbc
 791 0203 E4000000 		.4byte	0xe4
 792 0207 02       		.byte	0x2
 793 0208 23       		.byte	0x23
 794 0209 38       		.uleb128 0x38
 795 020a 06       		.uleb128 0x6
 796 020b F0020000 		.4byte	.LASF40
 797 020f 06       		.byte	0x6
 798 0210 C2       		.byte	0xc2
 799 0211 EF000000 		.4byte	0xef
 800 0215 02       		.byte	0x2
 801 0216 23       		.byte	0x23
 802 0217 3C       		.uleb128 0x3c
 803 0218 06       		.uleb128 0x6
 804 0219 95020000 		.4byte	.LASF41
 805 021d 06       		.byte	0x6
 806 021e C9       		.byte	0xc9
 807 021f D7040000 		.4byte	0x4d7
 808 0223 02       		.byte	0x2
 809 0224 23       		.byte	0x23
 810 0225 40       		.uleb128 0x40
 811 0226 06       		.uleb128 0x6
 812 0227 39030000 		.4byte	.LASF42
 813 022b 06       		.byte	0x6
 814 022c CD       		.byte	0xcd
 815 022d D9000000 		.4byte	0xd9
 816 0231 02       		.byte	0x2
 817 0232 23       		.byte	0x23
 818 0233 44       		.uleb128 0x44
 819 0234 06       		.uleb128 0x6
 820 0235 EF000000 		.4byte	.LASF43
 821 0239 06       		.byte	0x6
 822 023a D3       		.byte	0xd3
 823 023b A6020000 		.4byte	0x2a6
 824 023f 02       		.byte	0x2
 825 0240 23       		.byte	0x23
 826 0241 48       		.uleb128 0x48
 827 0242 00       		.byte	0
 828 0243 08       		.uleb128 0x8
 829 0244 08       		.byte	0x8
 830 0245 05       		.byte	0x5
 831 0246 5A       		.byte	0x5a
 832 0247 68020000 		.4byte	0x268
 833 024b 06       		.uleb128 0x6
 834 024c CE020000 		.4byte	.LASF24
 835 0250 05       		.byte	0x5
 836 0251 5B       		.byte	0x5b
 837 0252 68020000 		.4byte	0x268
ARM GAS  /tmp/ccaUuj3p.s 			page 16


 838 0256 02       		.byte	0x2
 839 0257 23       		.byte	0x23
 840 0258 00       		.uleb128 0
 841 0259 06       		.uleb128 0x6
 842 025a 5F020000 		.4byte	.LASF25
 843 025e 05       		.byte	0x5
 844 025f 5D       		.byte	0x5d
 845 0260 68020000 		.4byte	0x268
 846 0264 02       		.byte	0x2
 847 0265 23       		.byte	0x23
 848 0266 04       		.uleb128 0x4
 849 0267 00       		.byte	0
 850 0268 09       		.uleb128 0x9
 851 0269 04       		.byte	0x4
 852 026a 05010000 		.4byte	0x105
 853 026e 03       		.uleb128 0x3
 854 026f 3F020000 		.4byte	.LASF44
 855 0273 05       		.byte	0x5
 856 0274 5F       		.byte	0x5f
 857 0275 43020000 		.4byte	0x243
 858 0279 08       		.uleb128 0x8
 859 027a 04       		.byte	0x4
 860 027b 05       		.byte	0x5
 861 027c 64       		.byte	0x64
 862 027d 90020000 		.4byte	0x290
 863 0281 06       		.uleb128 0x6
 864 0282 CE020000 		.4byte	.LASF24
 865 0286 05       		.byte	0x5
 866 0287 66       		.byte	0x66
 867 0288 68020000 		.4byte	0x268
 868 028c 02       		.byte	0x2
 869 028d 23       		.byte	0x23
 870 028e 00       		.uleb128 0
 871 028f 00       		.byte	0
 872 0290 03       		.uleb128 0x3
 873 0291 FB010000 		.4byte	.LASF45
 874 0295 05       		.byte	0x5
 875 0296 69       		.byte	0x69
 876 0297 79020000 		.4byte	0x279
 877 029b 03       		.uleb128 0x3
 878 029c 94010000 		.4byte	.LASF46
 879 02a0 07       		.byte	0x7
 880 02a1 DE       		.byte	0xde
 881 02a2 A6020000 		.4byte	0x2a6
 882 02a6 0A       		.uleb128 0xa
 883 02a7 04       		.byte	0x4
 884 02a8 03       		.uleb128 0x3
 885 02a9 19020000 		.4byte	.LASF47
 886 02ad 07       		.byte	0x7
 887 02ae E4       		.byte	0xe4
 888 02af 94000000 		.4byte	0x94
 889 02b3 0B       		.uleb128 0xb
 890 02b4 4B030000 		.4byte	.LASF48
 891 02b8 24       		.byte	0x24
 892 02b9 07       		.byte	0x7
 893 02ba 0501     		.2byte	0x105
 894 02bc 41030000 		.4byte	0x341
ARM GAS  /tmp/ccaUuj3p.s 			page 17


 895 02c0 0C       		.uleb128 0xc
 896 02c1 723400   		.ascii	"r4\000"
 897 02c4 07       		.byte	0x7
 898 02c5 1801     		.2byte	0x118
 899 02c7 9B020000 		.4byte	0x29b
 900 02cb 02       		.byte	0x2
 901 02cc 23       		.byte	0x23
 902 02cd 00       		.uleb128 0
 903 02ce 0C       		.uleb128 0xc
 904 02cf 723500   		.ascii	"r5\000"
 905 02d2 07       		.byte	0x7
 906 02d3 1901     		.2byte	0x119
 907 02d5 9B020000 		.4byte	0x29b
 908 02d9 02       		.byte	0x2
 909 02da 23       		.byte	0x23
 910 02db 04       		.uleb128 0x4
 911 02dc 0C       		.uleb128 0xc
 912 02dd 723600   		.ascii	"r6\000"
 913 02e0 07       		.byte	0x7
 914 02e1 1A01     		.2byte	0x11a
 915 02e3 9B020000 		.4byte	0x29b
 916 02e7 02       		.byte	0x2
 917 02e8 23       		.byte	0x23
 918 02e9 08       		.uleb128 0x8
 919 02ea 0C       		.uleb128 0xc
 920 02eb 723700   		.ascii	"r7\000"
 921 02ee 07       		.byte	0x7
 922 02ef 1B01     		.2byte	0x11b
 923 02f1 9B020000 		.4byte	0x29b
 924 02f5 02       		.byte	0x2
 925 02f6 23       		.byte	0x23
 926 02f7 0C       		.uleb128 0xc
 927 02f8 0C       		.uleb128 0xc
 928 02f9 723800   		.ascii	"r8\000"
 929 02fc 07       		.byte	0x7
 930 02fd 1C01     		.2byte	0x11c
 931 02ff 9B020000 		.4byte	0x29b
 932 0303 02       		.byte	0x2
 933 0304 23       		.byte	0x23
 934 0305 10       		.uleb128 0x10
 935 0306 0C       		.uleb128 0xc
 936 0307 723900   		.ascii	"r9\000"
 937 030a 07       		.byte	0x7
 938 030b 1D01     		.2byte	0x11d
 939 030d 9B020000 		.4byte	0x29b
 940 0311 02       		.byte	0x2
 941 0312 23       		.byte	0x23
 942 0313 14       		.uleb128 0x14
 943 0314 0C       		.uleb128 0xc
 944 0315 72313000 		.ascii	"r10\000"
 945 0319 07       		.byte	0x7
 946 031a 1E01     		.2byte	0x11e
 947 031c 9B020000 		.4byte	0x29b
 948 0320 02       		.byte	0x2
 949 0321 23       		.byte	0x23
 950 0322 18       		.uleb128 0x18
 951 0323 0C       		.uleb128 0xc
ARM GAS  /tmp/ccaUuj3p.s 			page 18


 952 0324 72313100 		.ascii	"r11\000"
 953 0328 07       		.byte	0x7
 954 0329 1F01     		.2byte	0x11f
 955 032b 9B020000 		.4byte	0x29b
 956 032f 02       		.byte	0x2
 957 0330 23       		.byte	0x23
 958 0331 1C       		.uleb128 0x1c
 959 0332 0C       		.uleb128 0xc
 960 0333 6C7200   		.ascii	"lr\000"
 961 0336 07       		.byte	0x7
 962 0337 2001     		.2byte	0x120
 963 0339 9B020000 		.4byte	0x29b
 964 033d 02       		.byte	0x2
 965 033e 23       		.byte	0x23
 966 033f 20       		.uleb128 0x20
 967 0340 00       		.byte	0
 968 0341 0B       		.uleb128 0xb
 969 0342 CD010000 		.4byte	.LASF49
 970 0346 04       		.byte	0x4
 971 0347 07       		.byte	0x7
 972 0348 2A01     		.2byte	0x12a
 973 034a 5E030000 		.4byte	0x35e
 974 034e 0C       		.uleb128 0xc
 975 034f 72313300 		.ascii	"r13\000"
 976 0353 07       		.byte	0x7
 977 0354 2B01     		.2byte	0x12b
 978 0356 5E030000 		.4byte	0x35e
 979 035a 02       		.byte	0x2
 980 035b 23       		.byte	0x23
 981 035c 00       		.uleb128 0
 982 035d 00       		.byte	0
 983 035e 09       		.uleb128 0x9
 984 035f 04       		.byte	0x4
 985 0360 B3020000 		.4byte	0x2b3
 986 0364 04       		.uleb128 0x4
 987 0365 04       		.byte	0x4
 988 0366 07       		.byte	0x7
 989 0367 24020000 		.4byte	.LASF50
 990 036b 0D       		.uleb128 0xd
 991 036c FA000000 		.4byte	0xfa
 992 0370 05       		.uleb128 0x5
 993 0371 13020000 		.4byte	.LASF51
 994 0375 10       		.byte	0x10
 995 0376 08       		.byte	0x8
 996 0377 25       		.byte	0x25
 997 0378 A7030000 		.4byte	0x3a7
 998 037c 06       		.uleb128 0x6
 999 037d F7000000 		.4byte	.LASF52
 1000 0381 08       		.byte	0x8
 1001 0382 26       		.byte	0x26
 1002 0383 6E020000 		.4byte	0x26e
 1003 0387 02       		.byte	0x2
 1004 0388 23       		.byte	0x23
 1005 0389 00       		.uleb128 0
 1006 038a 06       		.uleb128 0x6
 1007 038b 95030000 		.4byte	.LASF53
 1008 038f 08       		.byte	0x8
ARM GAS  /tmp/ccaUuj3p.s 			page 19


 1009 0390 28       		.byte	0x28
 1010 0391 68020000 		.4byte	0x268
 1011 0395 02       		.byte	0x2
 1012 0396 23       		.byte	0x23
 1013 0397 08       		.uleb128 0x8
 1014 0398 06       		.uleb128 0x6
 1015 0399 28030000 		.4byte	.LASF54
 1016 039d 08       		.byte	0x8
 1017 039e 2A       		.byte	0x2a
 1018 039f A7030000 		.4byte	0x3a7
 1019 03a3 02       		.byte	0x2
 1020 03a4 23       		.byte	0x23
 1021 03a5 0C       		.uleb128 0xc
 1022 03a6 00       		.byte	0
 1023 03a7 09       		.uleb128 0x9
 1024 03a8 04       		.byte	0x4
 1025 03a9 70030000 		.4byte	0x370
 1026 03ad 03       		.uleb128 0x3
 1027 03ae 13020000 		.4byte	.LASF51
 1028 03b2 08       		.byte	0x8
 1029 03b3 2C       		.byte	0x2c
 1030 03b4 70030000 		.4byte	0x370
 1031 03b8 03       		.uleb128 0x3
 1032 03b9 67000000 		.4byte	.LASF55
 1033 03bd 09       		.byte	0x9
 1034 03be 25       		.byte	0x25
 1035 03bf C3030000 		.4byte	0x3c3
 1036 03c3 09       		.uleb128 0x9
 1037 03c4 04       		.byte	0x4
 1038 03c5 C9030000 		.4byte	0x3c9
 1039 03c9 0E       		.uleb128 0xe
 1040 03ca 01       		.byte	0x1
 1041 03cb A6020000 		.4byte	0x2a6
 1042 03cf D9030000 		.4byte	0x3d9
 1043 03d3 0F       		.uleb128 0xf
 1044 03d4 30000000 		.4byte	0x30
 1045 03d8 00       		.byte	0
 1046 03d9 03       		.uleb128 0x3
 1047 03da 4C020000 		.4byte	.LASF56
 1048 03de 0A       		.byte	0xa
 1049 03df 2D       		.byte	0x2d
 1050 03e0 E4030000 		.4byte	0x3e4
 1051 03e4 05       		.uleb128 0x5
 1052 03e5 AD030000 		.4byte	.LASF57
 1053 03e9 20       		.byte	0x20
 1054 03ea 0A       		.byte	0xa
 1055 03eb 40       		.byte	0x40
 1056 03ec 1B040000 		.4byte	0x41b
 1057 03f0 06       		.uleb128 0x6
 1058 03f1 8A020000 		.4byte	.LASF58
 1059 03f5 0A       		.byte	0xa
 1060 03f6 41       		.byte	0x41
 1061 03f7 B8030000 		.4byte	0x3b8
 1062 03fb 02       		.byte	0x2
 1063 03fc 23       		.byte	0x23
 1064 03fd 00       		.uleb128 0
 1065 03fe 06       		.uleb128 0x6
ARM GAS  /tmp/ccaUuj3p.s 			page 20


 1066 03ff 94000000 		.4byte	.LASF59
 1067 0403 0A       		.byte	0xa
 1068 0404 43       		.byte	0x43
 1069 0405 3A040000 		.4byte	0x43a
 1070 0409 02       		.byte	0x2
 1071 040a 23       		.byte	0x23
 1072 040b 08       		.uleb128 0x8
 1073 040c 06       		.uleb128 0x6
 1074 040d E9000000 		.4byte	.LASF60
 1075 0411 0A       		.byte	0xa
 1076 0412 45       		.byte	0x45
 1077 0413 AD030000 		.4byte	0x3ad
 1078 0417 02       		.byte	0x2
 1079 0418 23       		.byte	0x23
 1080 0419 10       		.uleb128 0x10
 1081 041a 00       		.byte	0
 1082 041b 10       		.uleb128 0x10
 1083 041c 04       		.byte	0x4
 1084 041d 0A       		.byte	0xa
 1085 041e 35       		.byte	0x35
 1086 041f 3A040000 		.4byte	0x43a
 1087 0423 11       		.uleb128 0x11
 1088 0424 C3000000 		.4byte	.LASF61
 1089 0428 0A       		.byte	0xa
 1090 0429 36       		.byte	0x36
 1091 042a 5B040000 		.4byte	0x45b
 1092 042e 11       		.uleb128 0x11
 1093 042f 04030000 		.4byte	.LASF62
 1094 0433 0A       		.byte	0xa
 1095 0434 37       		.byte	0x37
 1096 0435 61040000 		.4byte	0x461
 1097 0439 00       		.byte	0
 1098 043a 12       		.uleb128 0x12
 1099 043b BB020000 		.4byte	.LASF84
 1100 043f 08       		.byte	0x8
 1101 0440 0A       		.byte	0xa
 1102 0441 32       		.byte	0x32
 1103 0442 5B040000 		.4byte	0x45b
 1104 0446 11       		.uleb128 0x11
 1105 0447 9D010000 		.4byte	.LASF63
 1106 044b 0A       		.byte	0xa
 1107 044c 33       		.byte	0x33
 1108 044d A8020000 		.4byte	0x2a8
 1109 0451 13       		.uleb128 0x13
 1110 0452 6800     		.ascii	"h\000"
 1111 0454 0A       		.byte	0xa
 1112 0455 3A       		.byte	0x3a
 1113 0456 67040000 		.4byte	0x467
 1114 045a 00       		.byte	0
 1115 045b 09       		.uleb128 0x9
 1116 045c 04       		.byte	0x4
 1117 045d 3A040000 		.4byte	0x43a
 1118 0461 09       		.uleb128 0x9
 1119 0462 04       		.byte	0x4
 1120 0463 D9030000 		.4byte	0x3d9
 1121 0467 08       		.uleb128 0x8
 1122 0468 08       		.byte	0x8
ARM GAS  /tmp/ccaUuj3p.s 			page 21


 1123 0469 0A       		.byte	0xa
 1124 046a 34       		.byte	0x34
 1125 046b 8A040000 		.4byte	0x48a
 1126 046f 07       		.uleb128 0x7
 1127 0470 7500     		.ascii	"u\000"
 1128 0472 0A       		.byte	0xa
 1129 0473 38       		.byte	0x38
 1130 0474 1B040000 		.4byte	0x41b
 1131 0478 02       		.byte	0x2
 1132 0479 23       		.byte	0x23
 1133 047a 00       		.uleb128 0
 1134 047b 06       		.uleb128 0x6
 1135 047c D5010000 		.4byte	.LASF64
 1136 0480 0A       		.byte	0xa
 1137 0481 39       		.byte	0x39
 1138 0482 30000000 		.4byte	0x30
 1139 0486 02       		.byte	0x2
 1140 0487 23       		.byte	0x23
 1141 0488 04       		.uleb128 0x4
 1142 0489 00       		.byte	0
 1143 048a 10       		.uleb128 0x10
 1144 048b 04       		.byte	0x4
 1145 048c 06       		.byte	0x6
 1146 048d 8F       		.byte	0x8f
 1147 048e BF040000 		.4byte	0x4bf
 1148 0492 11       		.uleb128 0x11
 1149 0493 0D000000 		.4byte	.LASF65
 1150 0497 06       		.byte	0x6
 1151 0498 96       		.byte	0x96
 1152 0499 E4000000 		.4byte	0xe4
 1153 049d 11       		.uleb128 0x11
 1154 049e 8B000000 		.4byte	.LASF66
 1155 04a2 06       		.byte	0x6
 1156 04a3 9D       		.byte	0x9d
 1157 04a4 E4000000 		.4byte	0xe4
 1158 04a8 11       		.uleb128 0x11
 1159 04a9 76030000 		.4byte	.LASF67
 1160 04ad 06       		.byte	0x6
 1161 04ae A4       		.byte	0xa4
 1162 04af A6020000 		.4byte	0x2a6
 1163 04b3 11       		.uleb128 0x11
 1164 04b4 C7020000 		.4byte	.LASF68
 1165 04b8 06       		.byte	0x6
 1166 04b9 AB       		.byte	0xab
 1167 04ba EF000000 		.4byte	0xef
 1168 04be 00       		.byte	0
 1169 04bf 09       		.uleb128 0x9
 1170 04c0 04       		.byte	0x4
 1171 04c1 C5040000 		.4byte	0x4c5
 1172 04c5 14       		.uleb128 0x14
 1173 04c6 CA040000 		.4byte	0x4ca
 1174 04ca 04       		.uleb128 0x4
 1175 04cb 01       		.byte	0x1
 1176 04cc 08       		.byte	0x8
 1177 04cd 16030000 		.4byte	.LASF69
 1178 04d1 09       		.uleb128 0x9
 1179 04d2 04       		.byte	0x4
ARM GAS  /tmp/ccaUuj3p.s 			page 22


 1180 04d3 A8020000 		.4byte	0x2a8
 1181 04d7 09       		.uleb128 0x9
 1182 04d8 04       		.byte	0x4
 1183 04d9 AD030000 		.4byte	0x3ad
 1184 04dd 15       		.uleb128 0x15
 1185 04de 01       		.byte	0x1
 1186 04df 8A030000 		.4byte	.LASF70
 1187 04e3 01       		.byte	0x1
 1188 04e4 44       		.byte	0x44
 1189 04e5 01       		.byte	0x1
 1190 04e6 00000000 		.4byte	.LFB7
 1191 04ea 20000000 		.4byte	.LFE7
 1192 04ee 02       		.byte	0x2
 1193 04ef 7D       		.byte	0x7d
 1194 04f0 00       		.sleb128 0
 1195 04f1 01       		.byte	0x1
 1196 04f2 0B050000 		.4byte	0x50b
 1197 04f6 16       		.uleb128 0x16
 1198 04f7 20000000 		.4byte	.LVL0
 1199 04fb 01       		.byte	0x1
 1200 04fc 55070000 		.4byte	0x755
 1201 0500 17       		.uleb128 0x17
 1202 0501 01       		.byte	0x1
 1203 0502 50       		.byte	0x50
 1204 0503 05       		.byte	0x5
 1205 0504 03       		.byte	0x3
 1206 0505 10000000 		.4byte	.LANCHOR0+16
 1207 0509 00       		.byte	0
 1208 050a 00       		.byte	0
 1209 050b 18       		.uleb128 0x18
 1210 050c 01       		.byte	0x1
 1211 050d B8000000 		.4byte	.LASF71
 1212 0511 01       		.byte	0x1
 1213 0512 5C       		.byte	0x5c
 1214 0513 01       		.byte	0x1
 1215 0514 00000000 		.4byte	.LFB8
 1216 0518 34000000 		.4byte	.LFE8
 1217 051c 00000000 		.4byte	.LLST0
 1218 0520 01       		.byte	0x1
 1219 0521 87050000 		.4byte	0x587
 1220 0525 19       		.uleb128 0x19
 1221 0526 A6000000 		.4byte	.LASF72
 1222 052a 01       		.byte	0x1
 1223 052b 5C       		.byte	0x5c
 1224 052c 61040000 		.4byte	0x461
 1225 0530 20000000 		.4byte	.LLST1
 1226 0534 1A       		.uleb128 0x1a
 1227 0535 62756600 		.ascii	"buf\000"
 1228 0539 01       		.byte	0x1
 1229 053a 5C       		.byte	0x5c
 1230 053b A6020000 		.4byte	0x2a6
 1231 053f 3E000000 		.4byte	.LLST2
 1232 0543 19       		.uleb128 0x19
 1233 0544 D5010000 		.4byte	.LASF64
 1234 0548 01       		.byte	0x1
 1235 0549 5C       		.byte	0x5c
 1236 054a 30000000 		.4byte	0x30
ARM GAS  /tmp/ccaUuj3p.s 			page 23


 1237 054e 5C000000 		.4byte	.LLST3
 1238 0552 1B       		.uleb128 0x1b
 1239 0553 687000   		.ascii	"hp\000"
 1240 0556 01       		.byte	0x1
 1241 0557 5D       		.byte	0x5d
 1242 0558 5B040000 		.4byte	0x45b
 1243 055c 01       		.byte	0x1
 1244 055d 55       		.byte	0x55
 1245 055e 1C       		.uleb128 0x1c
 1246 055f 16000000 		.4byte	.LVL4
 1247 0563 69070000 		.4byte	0x769
 1248 0567 75050000 		.4byte	0x575
 1249 056b 17       		.uleb128 0x17
 1250 056c 01       		.byte	0x1
 1251 056d 50       		.byte	0x50
 1252 056e 05       		.byte	0x5
 1253 056f 03       		.byte	0x3
 1254 0570 00000000 		.4byte	.LC0
 1255 0574 00       		.byte	0
 1256 0575 16       		.uleb128 0x16
 1257 0576 30000000 		.4byte	.LVL7
 1258 057a 01       		.byte	0x1
 1259 057b 55070000 		.4byte	0x755
 1260 057f 17       		.uleb128 0x17
 1261 0580 01       		.byte	0x1
 1262 0581 50       		.byte	0x50
 1263 0582 02       		.byte	0x2
 1264 0583 74       		.byte	0x74
 1265 0584 10       		.sleb128 16
 1266 0585 00       		.byte	0
 1267 0586 00       		.byte	0
 1268 0587 1D       		.uleb128 0x1d
 1269 0588 01       		.byte	0x1
 1270 0589 E4020000 		.4byte	.LASF74
 1271 058d 01       		.byte	0x1
 1272 058e 7D       		.byte	0x7d
 1273 058f 01       		.byte	0x1
 1274 0590 A6020000 		.4byte	0x2a6
 1275 0594 00000000 		.4byte	.LFB9
 1276 0598 84000000 		.4byte	.LFE9
 1277 059c 87000000 		.4byte	.LLST4
 1278 05a0 01       		.byte	0x1
 1279 05a1 20060000 		.4byte	0x620
 1280 05a5 19       		.uleb128 0x19
 1281 05a6 A6000000 		.4byte	.LASF72
 1282 05aa 01       		.byte	0x1
 1283 05ab 7D       		.byte	0x7d
 1284 05ac 61040000 		.4byte	0x461
 1285 05b0 A7000000 		.4byte	.LLST5
 1286 05b4 19       		.uleb128 0x19
 1287 05b5 D5010000 		.4byte	.LASF64
 1288 05b9 01       		.byte	0x1
 1289 05ba 7D       		.byte	0x7d
 1290 05bb 30000000 		.4byte	0x30
 1291 05bf C8000000 		.4byte	.LLST6
 1292 05c3 1E       		.uleb128 0x1e
 1293 05c4 717000   		.ascii	"qp\000"
ARM GAS  /tmp/ccaUuj3p.s 			page 24


 1294 05c7 01       		.byte	0x1
 1295 05c8 7E       		.byte	0x7e
 1296 05c9 5B040000 		.4byte	0x45b
 1297 05cd F3000000 		.4byte	.LLST7
 1298 05d1 1E       		.uleb128 0x1e
 1299 05d2 687000   		.ascii	"hp\000"
 1300 05d5 01       		.byte	0x1
 1301 05d6 7E       		.byte	0x7e
 1302 05d7 5B040000 		.4byte	0x45b
 1303 05db 1C010000 		.4byte	.LLST8
 1304 05df 1E       		.uleb128 0x1e
 1305 05e0 667000   		.ascii	"fp\000"
 1306 05e3 01       		.byte	0x1
 1307 05e4 7E       		.byte	0x7e
 1308 05e5 5B040000 		.4byte	0x45b
 1309 05e9 68010000 		.4byte	.LLST9
 1310 05ed 1C       		.uleb128 0x1c
 1311 05ee 1C000000 		.4byte	.LVL13
 1312 05f2 7D070000 		.4byte	0x77d
 1313 05f6 01060000 		.4byte	0x601
 1314 05fa 17       		.uleb128 0x17
 1315 05fb 01       		.byte	0x1
 1316 05fc 50       		.byte	0x50
 1317 05fd 02       		.byte	0x2
 1318 05fe 76       		.byte	0x76
 1319 05ff 10       		.sleb128 16
 1320 0600 00       		.byte	0
 1321 0601 1F       		.uleb128 0x1f
 1322 0602 54000000 		.4byte	.LVL20
 1323 0606 91070000 		.4byte	0x791
 1324 060a 1F       		.uleb128 0x1f
 1325 060b 62000000 		.4byte	.LVL22
 1326 060f 91070000 		.4byte	0x791
 1327 0613 20       		.uleb128 0x20
 1328 0614 6C000000 		.4byte	.LVL23
 1329 0618 17       		.uleb128 0x17
 1330 0619 01       		.byte	0x1
 1331 061a 50       		.byte	0x50
 1332 061b 02       		.byte	0x2
 1333 061c 75       		.byte	0x75
 1334 061d 08       		.sleb128 8
 1335 061e 00       		.byte	0
 1336 061f 00       		.byte	0
 1337 0620 18       		.uleb128 0x18
 1338 0621 01       		.byte	0x1
 1339 0622 FF000000 		.4byte	.LASF73
 1340 0626 01       		.byte	0x1
 1341 0627 BB       		.byte	0xbb
 1342 0628 01       		.byte	0x1
 1343 0629 00000000 		.4byte	.LFB10
 1344 062d B0000000 		.4byte	.LFE10
 1345 0631 7B010000 		.4byte	.LLST10
 1346 0635 01       		.byte	0x1
 1347 0636 BB060000 		.4byte	0x6bb
 1348 063a 1A       		.uleb128 0x1a
 1349 063b 7000     		.ascii	"p\000"
 1350 063d 01       		.byte	0x1
ARM GAS  /tmp/ccaUuj3p.s 			page 25


 1351 063e BB       		.byte	0xbb
 1352 063f A6020000 		.4byte	0x2a6
 1353 0643 9B010000 		.4byte	.LLST11
 1354 0647 1E       		.uleb128 0x1e
 1355 0648 717000   		.ascii	"qp\000"
 1356 064b 01       		.byte	0x1
 1357 064c BC       		.byte	0xbc
 1358 064d 5B040000 		.4byte	0x45b
 1359 0651 CF010000 		.4byte	.LLST12
 1360 0655 1E       		.uleb128 0x1e
 1361 0656 687000   		.ascii	"hp\000"
 1362 0659 01       		.byte	0x1
 1363 065a BC       		.byte	0xbc
 1364 065b 5B040000 		.4byte	0x45b
 1365 065f 03020000 		.4byte	.LLST13
 1366 0663 21       		.uleb128 0x21
 1367 0664 A6000000 		.4byte	.LASF72
 1368 0668 01       		.byte	0x1
 1369 0669 BD       		.byte	0xbd
 1370 066a 61040000 		.4byte	0x461
 1371 066e 16020000 		.4byte	.LLST14
 1372 0672 1C       		.uleb128 0x1c
 1373 0673 18000000 		.4byte	.LVL31
 1374 0677 7D070000 		.4byte	0x77d
 1375 067b 86060000 		.4byte	0x686
 1376 067f 17       		.uleb128 0x17
 1377 0680 01       		.byte	0x1
 1378 0681 50       		.byte	0x50
 1379 0682 02       		.byte	0x2
 1380 0683 76       		.byte	0x76
 1381 0684 10       		.sleb128 16
 1382 0685 00       		.byte	0
 1383 0686 22       		.uleb128 0x22
 1384 0687 6A000000 		.4byte	.LVL36
 1385 068b 01       		.byte	0x1
 1386 068c 91070000 		.4byte	0x791
 1387 0690 1C       		.uleb128 0x1c
 1388 0691 70000000 		.4byte	.LVL37
 1389 0695 69070000 		.4byte	0x769
 1390 0699 A7060000 		.4byte	0x6a7
 1391 069d 17       		.uleb128 0x17
 1392 069e 01       		.byte	0x1
 1393 069f 50       		.byte	0x50
 1394 06a0 05       		.byte	0x5
 1395 06a1 03       		.byte	0x3
 1396 06a2 20000000 		.4byte	.LC2
 1397 06a6 00       		.byte	0
 1398 06a7 23       		.uleb128 0x23
 1399 06a8 A6000000 		.4byte	.LVL40
 1400 06ac 69070000 		.4byte	0x769
 1401 06b0 17       		.uleb128 0x17
 1402 06b1 01       		.byte	0x1
 1403 06b2 50       		.byte	0x50
 1404 06b3 05       		.byte	0x5
 1405 06b4 03       		.byte	0x3
 1406 06b5 10000000 		.4byte	.LC1
 1407 06b9 00       		.byte	0
ARM GAS  /tmp/ccaUuj3p.s 			page 26


 1408 06ba 00       		.byte	0
 1409 06bb 1D       		.uleb128 0x1d
 1410 06bc 01       		.byte	0x1
 1411 06bd 1B030000 		.4byte	.LASF75
 1412 06c1 01       		.byte	0x1
 1413 06c2 F3       		.byte	0xf3
 1414 06c3 01       		.byte	0x1
 1415 06c4 30000000 		.4byte	0x30
 1416 06c8 00000000 		.4byte	.LFB11
 1417 06cc 40000000 		.4byte	.LFE11
 1418 06d0 36020000 		.4byte	.LLST15
 1419 06d4 01       		.byte	0x1
 1420 06d5 3E070000 		.4byte	0x73e
 1421 06d9 19       		.uleb128 0x19
 1422 06da A6000000 		.4byte	.LASF72
 1423 06de 01       		.byte	0x1
 1424 06df F3       		.byte	0xf3
 1425 06e0 61040000 		.4byte	0x461
 1426 06e4 56020000 		.4byte	.LLST16
 1427 06e8 19       		.uleb128 0x19
 1428 06e9 7D030000 		.4byte	.LASF76
 1429 06ed 01       		.byte	0x1
 1430 06ee F3       		.byte	0xf3
 1431 06ef 3E070000 		.4byte	0x73e
 1432 06f3 77020000 		.4byte	.LLST17
 1433 06f7 1E       		.uleb128 0x1e
 1434 06f8 717000   		.ascii	"qp\000"
 1435 06fb 01       		.byte	0x1
 1436 06fc F4       		.byte	0xf4
 1437 06fd 5B040000 		.4byte	0x45b
 1438 0701 95020000 		.4byte	.LLST18
 1439 0705 1E       		.uleb128 0x1e
 1440 0706 6E00     		.ascii	"n\000"
 1441 0708 01       		.byte	0x1
 1442 0709 F5       		.byte	0xf5
 1443 070a 30000000 		.4byte	0x30
 1444 070e BD020000 		.4byte	.LLST19
 1445 0712 1E       		.uleb128 0x1e
 1446 0713 737A00   		.ascii	"sz\000"
 1447 0716 01       		.byte	0x1
 1448 0717 F5       		.byte	0xf5
 1449 0718 30000000 		.4byte	0x30
 1450 071c E8020000 		.4byte	.LLST20
 1451 0720 1C       		.uleb128 0x1c
 1452 0721 14000000 		.4byte	.LVL43
 1453 0725 7D070000 		.4byte	0x77d
 1454 0729 34070000 		.4byte	0x734
 1455 072d 17       		.uleb128 0x17
 1456 072e 01       		.byte	0x1
 1457 072f 50       		.byte	0x50
 1458 0730 02       		.byte	0x2
 1459 0731 74       		.byte	0x74
 1460 0732 10       		.sleb128 16
 1461 0733 00       		.byte	0
 1462 0734 1F       		.uleb128 0x1f
 1463 0735 30000000 		.4byte	.LVL48
 1464 0739 91070000 		.4byte	0x791
ARM GAS  /tmp/ccaUuj3p.s 			page 27


 1465 073d 00       		.byte	0
 1466 073e 09       		.uleb128 0x9
 1467 073f 04       		.byte	0x4
 1468 0740 30000000 		.4byte	0x30
 1469 0744 24       		.uleb128 0x24
 1470 0745 09030000 		.4byte	.LASF77
 1471 0749 01       		.byte	0x1
 1472 074a 3D       		.byte	0x3d
 1473 074b D9030000 		.4byte	0x3d9
 1474 074f 05       		.byte	0x5
 1475 0750 03       		.byte	0x3
 1476 0751 00000000 		.4byte	default_heap
 1477 0755 25       		.uleb128 0x25
 1478 0756 01       		.byte	0x1
 1479 0757 5D030000 		.4byte	.LASF78
 1480 075b 08       		.byte	0x8
 1481 075c 31       		.byte	0x31
 1482 075d 01       		.byte	0x1
 1483 075e 01       		.byte	0x1
 1484 075f 69070000 		.4byte	0x769
 1485 0763 0F       		.uleb128 0xf
 1486 0764 D7040000 		.4byte	0x4d7
 1487 0768 00       		.byte	0
 1488 0769 25       		.uleb128 0x25
 1489 076a 01       		.byte	0x1
 1490 076b 9B000000 		.4byte	.LASF79
 1491 076f 0B       		.byte	0xb
 1492 0770 EF       		.byte	0xef
 1493 0771 01       		.byte	0x1
 1494 0772 01       		.byte	0x1
 1495 0773 7D070000 		.4byte	0x77d
 1496 0777 0F       		.uleb128 0xf
 1497 0778 BF040000 		.4byte	0x4bf
 1498 077c 00       		.byte	0
 1499 077d 25       		.uleb128 0x25
 1500 077e 01       		.byte	0x1
 1501 077f 2D020000 		.4byte	.LASF80
 1502 0783 08       		.byte	0x8
 1503 0784 32       		.byte	0x32
 1504 0785 01       		.byte	0x1
 1505 0786 01       		.byte	0x1
 1506 0787 91070000 		.4byte	0x791
 1507 078b 0F       		.uleb128 0xf
 1508 078c D7040000 		.4byte	0x4d7
 1509 0790 00       		.byte	0
 1510 0791 26       		.uleb128 0x26
 1511 0792 01       		.byte	0x1
 1512 0793 AC000000 		.4byte	.LASF85
 1513 0797 08       		.byte	0x8
 1514 0798 36       		.byte	0x36
 1515 0799 01       		.byte	0x1
 1516 079a D7040000 		.4byte	0x4d7
 1517 079e 01       		.byte	0x1
 1518 079f 00       		.byte	0
 1519              		.section	.debug_abbrev,"",%progbits
 1520              	.Ldebug_abbrev0:
 1521 0000 01       		.uleb128 0x1
ARM GAS  /tmp/ccaUuj3p.s 			page 28


 1522 0001 11       		.uleb128 0x11
 1523 0002 01       		.byte	0x1
 1524 0003 25       		.uleb128 0x25
 1525 0004 0E       		.uleb128 0xe
 1526 0005 13       		.uleb128 0x13
 1527 0006 0B       		.uleb128 0xb
 1528 0007 03       		.uleb128 0x3
 1529 0008 0E       		.uleb128 0xe
 1530 0009 1B       		.uleb128 0x1b
 1531 000a 0E       		.uleb128 0xe
 1532 000b 55       		.uleb128 0x55
 1533 000c 06       		.uleb128 0x6
 1534 000d 11       		.uleb128 0x11
 1535 000e 01       		.uleb128 0x1
 1536 000f 52       		.uleb128 0x52
 1537 0010 01       		.uleb128 0x1
 1538 0011 10       		.uleb128 0x10
 1539 0012 06       		.uleb128 0x6
 1540 0013 00       		.byte	0
 1541 0014 00       		.byte	0
 1542 0015 02       		.uleb128 0x2
 1543 0016 24       		.uleb128 0x24
 1544 0017 00       		.byte	0
 1545 0018 0B       		.uleb128 0xb
 1546 0019 0B       		.uleb128 0xb
 1547 001a 3E       		.uleb128 0x3e
 1548 001b 0B       		.uleb128 0xb
 1549 001c 03       		.uleb128 0x3
 1550 001d 08       		.uleb128 0x8
 1551 001e 00       		.byte	0
 1552 001f 00       		.byte	0
 1553 0020 03       		.uleb128 0x3
 1554 0021 16       		.uleb128 0x16
 1555 0022 00       		.byte	0
 1556 0023 03       		.uleb128 0x3
 1557 0024 0E       		.uleb128 0xe
 1558 0025 3A       		.uleb128 0x3a
 1559 0026 0B       		.uleb128 0xb
 1560 0027 3B       		.uleb128 0x3b
 1561 0028 0B       		.uleb128 0xb
 1562 0029 49       		.uleb128 0x49
 1563 002a 13       		.uleb128 0x13
 1564 002b 00       		.byte	0
 1565 002c 00       		.byte	0
 1566 002d 04       		.uleb128 0x4
 1567 002e 24       		.uleb128 0x24
 1568 002f 00       		.byte	0
 1569 0030 0B       		.uleb128 0xb
 1570 0031 0B       		.uleb128 0xb
 1571 0032 3E       		.uleb128 0x3e
 1572 0033 0B       		.uleb128 0xb
 1573 0034 03       		.uleb128 0x3
 1574 0035 0E       		.uleb128 0xe
 1575 0036 00       		.byte	0
 1576 0037 00       		.byte	0
 1577 0038 05       		.uleb128 0x5
 1578 0039 13       		.uleb128 0x13
ARM GAS  /tmp/ccaUuj3p.s 			page 29


 1579 003a 01       		.byte	0x1
 1580 003b 03       		.uleb128 0x3
 1581 003c 0E       		.uleb128 0xe
 1582 003d 0B       		.uleb128 0xb
 1583 003e 0B       		.uleb128 0xb
 1584 003f 3A       		.uleb128 0x3a
 1585 0040 0B       		.uleb128 0xb
 1586 0041 3B       		.uleb128 0x3b
 1587 0042 0B       		.uleb128 0xb
 1588 0043 01       		.uleb128 0x1
 1589 0044 13       		.uleb128 0x13
 1590 0045 00       		.byte	0
 1591 0046 00       		.byte	0
 1592 0047 06       		.uleb128 0x6
 1593 0048 0D       		.uleb128 0xd
 1594 0049 00       		.byte	0
 1595 004a 03       		.uleb128 0x3
 1596 004b 0E       		.uleb128 0xe
 1597 004c 3A       		.uleb128 0x3a
 1598 004d 0B       		.uleb128 0xb
 1599 004e 3B       		.uleb128 0x3b
 1600 004f 0B       		.uleb128 0xb
 1601 0050 49       		.uleb128 0x49
 1602 0051 13       		.uleb128 0x13
 1603 0052 38       		.uleb128 0x38
 1604 0053 0A       		.uleb128 0xa
 1605 0054 00       		.byte	0
 1606 0055 00       		.byte	0
 1607 0056 07       		.uleb128 0x7
 1608 0057 0D       		.uleb128 0xd
 1609 0058 00       		.byte	0
 1610 0059 03       		.uleb128 0x3
 1611 005a 08       		.uleb128 0x8
 1612 005b 3A       		.uleb128 0x3a
 1613 005c 0B       		.uleb128 0xb
 1614 005d 3B       		.uleb128 0x3b
 1615 005e 0B       		.uleb128 0xb
 1616 005f 49       		.uleb128 0x49
 1617 0060 13       		.uleb128 0x13
 1618 0061 38       		.uleb128 0x38
 1619 0062 0A       		.uleb128 0xa
 1620 0063 00       		.byte	0
 1621 0064 00       		.byte	0
 1622 0065 08       		.uleb128 0x8
 1623 0066 13       		.uleb128 0x13
 1624 0067 01       		.byte	0x1
 1625 0068 0B       		.uleb128 0xb
 1626 0069 0B       		.uleb128 0xb
 1627 006a 3A       		.uleb128 0x3a
 1628 006b 0B       		.uleb128 0xb
 1629 006c 3B       		.uleb128 0x3b
 1630 006d 0B       		.uleb128 0xb
 1631 006e 01       		.uleb128 0x1
 1632 006f 13       		.uleb128 0x13
 1633 0070 00       		.byte	0
 1634 0071 00       		.byte	0
 1635 0072 09       		.uleb128 0x9
ARM GAS  /tmp/ccaUuj3p.s 			page 30


 1636 0073 0F       		.uleb128 0xf
 1637 0074 00       		.byte	0
 1638 0075 0B       		.uleb128 0xb
 1639 0076 0B       		.uleb128 0xb
 1640 0077 49       		.uleb128 0x49
 1641 0078 13       		.uleb128 0x13
 1642 0079 00       		.byte	0
 1643 007a 00       		.byte	0
 1644 007b 0A       		.uleb128 0xa
 1645 007c 0F       		.uleb128 0xf
 1646 007d 00       		.byte	0
 1647 007e 0B       		.uleb128 0xb
 1648 007f 0B       		.uleb128 0xb
 1649 0080 00       		.byte	0
 1650 0081 00       		.byte	0
 1651 0082 0B       		.uleb128 0xb
 1652 0083 13       		.uleb128 0x13
 1653 0084 01       		.byte	0x1
 1654 0085 03       		.uleb128 0x3
 1655 0086 0E       		.uleb128 0xe
 1656 0087 0B       		.uleb128 0xb
 1657 0088 0B       		.uleb128 0xb
 1658 0089 3A       		.uleb128 0x3a
 1659 008a 0B       		.uleb128 0xb
 1660 008b 3B       		.uleb128 0x3b
 1661 008c 05       		.uleb128 0x5
 1662 008d 01       		.uleb128 0x1
 1663 008e 13       		.uleb128 0x13
 1664 008f 00       		.byte	0
 1665 0090 00       		.byte	0
 1666 0091 0C       		.uleb128 0xc
 1667 0092 0D       		.uleb128 0xd
 1668 0093 00       		.byte	0
 1669 0094 03       		.uleb128 0x3
 1670 0095 08       		.uleb128 0x8
 1671 0096 3A       		.uleb128 0x3a
 1672 0097 0B       		.uleb128 0xb
 1673 0098 3B       		.uleb128 0x3b
 1674 0099 05       		.uleb128 0x5
 1675 009a 49       		.uleb128 0x49
 1676 009b 13       		.uleb128 0x13
 1677 009c 38       		.uleb128 0x38
 1678 009d 0A       		.uleb128 0xa
 1679 009e 00       		.byte	0
 1680 009f 00       		.byte	0
 1681 00a0 0D       		.uleb128 0xd
 1682 00a1 35       		.uleb128 0x35
 1683 00a2 00       		.byte	0
 1684 00a3 49       		.uleb128 0x49
 1685 00a4 13       		.uleb128 0x13
 1686 00a5 00       		.byte	0
 1687 00a6 00       		.byte	0
 1688 00a7 0E       		.uleb128 0xe
 1689 00a8 15       		.uleb128 0x15
 1690 00a9 01       		.byte	0x1
 1691 00aa 27       		.uleb128 0x27
 1692 00ab 0C       		.uleb128 0xc
ARM GAS  /tmp/ccaUuj3p.s 			page 31


 1693 00ac 49       		.uleb128 0x49
 1694 00ad 13       		.uleb128 0x13
 1695 00ae 01       		.uleb128 0x1
 1696 00af 13       		.uleb128 0x13
 1697 00b0 00       		.byte	0
 1698 00b1 00       		.byte	0
 1699 00b2 0F       		.uleb128 0xf
 1700 00b3 05       		.uleb128 0x5
 1701 00b4 00       		.byte	0
 1702 00b5 49       		.uleb128 0x49
 1703 00b6 13       		.uleb128 0x13
 1704 00b7 00       		.byte	0
 1705 00b8 00       		.byte	0
 1706 00b9 10       		.uleb128 0x10
 1707 00ba 17       		.uleb128 0x17
 1708 00bb 01       		.byte	0x1
 1709 00bc 0B       		.uleb128 0xb
 1710 00bd 0B       		.uleb128 0xb
 1711 00be 3A       		.uleb128 0x3a
 1712 00bf 0B       		.uleb128 0xb
 1713 00c0 3B       		.uleb128 0x3b
 1714 00c1 0B       		.uleb128 0xb
 1715 00c2 01       		.uleb128 0x1
 1716 00c3 13       		.uleb128 0x13
 1717 00c4 00       		.byte	0
 1718 00c5 00       		.byte	0
 1719 00c6 11       		.uleb128 0x11
 1720 00c7 0D       		.uleb128 0xd
 1721 00c8 00       		.byte	0
 1722 00c9 03       		.uleb128 0x3
 1723 00ca 0E       		.uleb128 0xe
 1724 00cb 3A       		.uleb128 0x3a
 1725 00cc 0B       		.uleb128 0xb
 1726 00cd 3B       		.uleb128 0x3b
 1727 00ce 0B       		.uleb128 0xb
 1728 00cf 49       		.uleb128 0x49
 1729 00d0 13       		.uleb128 0x13
 1730 00d1 00       		.byte	0
 1731 00d2 00       		.byte	0
 1732 00d3 12       		.uleb128 0x12
 1733 00d4 17       		.uleb128 0x17
 1734 00d5 01       		.byte	0x1
 1735 00d6 03       		.uleb128 0x3
 1736 00d7 0E       		.uleb128 0xe
 1737 00d8 0B       		.uleb128 0xb
 1738 00d9 0B       		.uleb128 0xb
 1739 00da 3A       		.uleb128 0x3a
 1740 00db 0B       		.uleb128 0xb
 1741 00dc 3B       		.uleb128 0x3b
 1742 00dd 0B       		.uleb128 0xb
 1743 00de 01       		.uleb128 0x1
 1744 00df 13       		.uleb128 0x13
 1745 00e0 00       		.byte	0
 1746 00e1 00       		.byte	0
 1747 00e2 13       		.uleb128 0x13
 1748 00e3 0D       		.uleb128 0xd
 1749 00e4 00       		.byte	0
ARM GAS  /tmp/ccaUuj3p.s 			page 32


 1750 00e5 03       		.uleb128 0x3
 1751 00e6 08       		.uleb128 0x8
 1752 00e7 3A       		.uleb128 0x3a
 1753 00e8 0B       		.uleb128 0xb
 1754 00e9 3B       		.uleb128 0x3b
 1755 00ea 0B       		.uleb128 0xb
 1756 00eb 49       		.uleb128 0x49
 1757 00ec 13       		.uleb128 0x13
 1758 00ed 00       		.byte	0
 1759 00ee 00       		.byte	0
 1760 00ef 14       		.uleb128 0x14
 1761 00f0 26       		.uleb128 0x26
 1762 00f1 00       		.byte	0
 1763 00f2 49       		.uleb128 0x49
 1764 00f3 13       		.uleb128 0x13
 1765 00f4 00       		.byte	0
 1766 00f5 00       		.byte	0
 1767 00f6 15       		.uleb128 0x15
 1768 00f7 2E       		.uleb128 0x2e
 1769 00f8 01       		.byte	0x1
 1770 00f9 3F       		.uleb128 0x3f
 1771 00fa 0C       		.uleb128 0xc
 1772 00fb 03       		.uleb128 0x3
 1773 00fc 0E       		.uleb128 0xe
 1774 00fd 3A       		.uleb128 0x3a
 1775 00fe 0B       		.uleb128 0xb
 1776 00ff 3B       		.uleb128 0x3b
 1777 0100 0B       		.uleb128 0xb
 1778 0101 27       		.uleb128 0x27
 1779 0102 0C       		.uleb128 0xc
 1780 0103 11       		.uleb128 0x11
 1781 0104 01       		.uleb128 0x1
 1782 0105 12       		.uleb128 0x12
 1783 0106 01       		.uleb128 0x1
 1784 0107 40       		.uleb128 0x40
 1785 0108 0A       		.uleb128 0xa
 1786 0109 9742     		.uleb128 0x2117
 1787 010b 0C       		.uleb128 0xc
 1788 010c 01       		.uleb128 0x1
 1789 010d 13       		.uleb128 0x13
 1790 010e 00       		.byte	0
 1791 010f 00       		.byte	0
 1792 0110 16       		.uleb128 0x16
 1793 0111 898201   		.uleb128 0x4109
 1794 0114 01       		.byte	0x1
 1795 0115 11       		.uleb128 0x11
 1796 0116 01       		.uleb128 0x1
 1797 0117 9542     		.uleb128 0x2115
 1798 0119 0C       		.uleb128 0xc
 1799 011a 31       		.uleb128 0x31
 1800 011b 13       		.uleb128 0x13
 1801 011c 00       		.byte	0
 1802 011d 00       		.byte	0
 1803 011e 17       		.uleb128 0x17
 1804 011f 8A8201   		.uleb128 0x410a
 1805 0122 00       		.byte	0
 1806 0123 02       		.uleb128 0x2
ARM GAS  /tmp/ccaUuj3p.s 			page 33


 1807 0124 0A       		.uleb128 0xa
 1808 0125 9142     		.uleb128 0x2111
 1809 0127 0A       		.uleb128 0xa
 1810 0128 00       		.byte	0
 1811 0129 00       		.byte	0
 1812 012a 18       		.uleb128 0x18
 1813 012b 2E       		.uleb128 0x2e
 1814 012c 01       		.byte	0x1
 1815 012d 3F       		.uleb128 0x3f
 1816 012e 0C       		.uleb128 0xc
 1817 012f 03       		.uleb128 0x3
 1818 0130 0E       		.uleb128 0xe
 1819 0131 3A       		.uleb128 0x3a
 1820 0132 0B       		.uleb128 0xb
 1821 0133 3B       		.uleb128 0x3b
 1822 0134 0B       		.uleb128 0xb
 1823 0135 27       		.uleb128 0x27
 1824 0136 0C       		.uleb128 0xc
 1825 0137 11       		.uleb128 0x11
 1826 0138 01       		.uleb128 0x1
 1827 0139 12       		.uleb128 0x12
 1828 013a 01       		.uleb128 0x1
 1829 013b 40       		.uleb128 0x40
 1830 013c 06       		.uleb128 0x6
 1831 013d 9742     		.uleb128 0x2117
 1832 013f 0C       		.uleb128 0xc
 1833 0140 01       		.uleb128 0x1
 1834 0141 13       		.uleb128 0x13
 1835 0142 00       		.byte	0
 1836 0143 00       		.byte	0
 1837 0144 19       		.uleb128 0x19
 1838 0145 05       		.uleb128 0x5
 1839 0146 00       		.byte	0
 1840 0147 03       		.uleb128 0x3
 1841 0148 0E       		.uleb128 0xe
 1842 0149 3A       		.uleb128 0x3a
 1843 014a 0B       		.uleb128 0xb
 1844 014b 3B       		.uleb128 0x3b
 1845 014c 0B       		.uleb128 0xb
 1846 014d 49       		.uleb128 0x49
 1847 014e 13       		.uleb128 0x13
 1848 014f 02       		.uleb128 0x2
 1849 0150 06       		.uleb128 0x6
 1850 0151 00       		.byte	0
 1851 0152 00       		.byte	0
 1852 0153 1A       		.uleb128 0x1a
 1853 0154 05       		.uleb128 0x5
 1854 0155 00       		.byte	0
 1855 0156 03       		.uleb128 0x3
 1856 0157 08       		.uleb128 0x8
 1857 0158 3A       		.uleb128 0x3a
 1858 0159 0B       		.uleb128 0xb
 1859 015a 3B       		.uleb128 0x3b
 1860 015b 0B       		.uleb128 0xb
 1861 015c 49       		.uleb128 0x49
 1862 015d 13       		.uleb128 0x13
 1863 015e 02       		.uleb128 0x2
ARM GAS  /tmp/ccaUuj3p.s 			page 34


 1864 015f 06       		.uleb128 0x6
 1865 0160 00       		.byte	0
 1866 0161 00       		.byte	0
 1867 0162 1B       		.uleb128 0x1b
 1868 0163 34       		.uleb128 0x34
 1869 0164 00       		.byte	0
 1870 0165 03       		.uleb128 0x3
 1871 0166 08       		.uleb128 0x8
 1872 0167 3A       		.uleb128 0x3a
 1873 0168 0B       		.uleb128 0xb
 1874 0169 3B       		.uleb128 0x3b
 1875 016a 0B       		.uleb128 0xb
 1876 016b 49       		.uleb128 0x49
 1877 016c 13       		.uleb128 0x13
 1878 016d 02       		.uleb128 0x2
 1879 016e 0A       		.uleb128 0xa
 1880 016f 00       		.byte	0
 1881 0170 00       		.byte	0
 1882 0171 1C       		.uleb128 0x1c
 1883 0172 898201   		.uleb128 0x4109
 1884 0175 01       		.byte	0x1
 1885 0176 11       		.uleb128 0x11
 1886 0177 01       		.uleb128 0x1
 1887 0178 31       		.uleb128 0x31
 1888 0179 13       		.uleb128 0x13
 1889 017a 01       		.uleb128 0x1
 1890 017b 13       		.uleb128 0x13
 1891 017c 00       		.byte	0
 1892 017d 00       		.byte	0
 1893 017e 1D       		.uleb128 0x1d
 1894 017f 2E       		.uleb128 0x2e
 1895 0180 01       		.byte	0x1
 1896 0181 3F       		.uleb128 0x3f
 1897 0182 0C       		.uleb128 0xc
 1898 0183 03       		.uleb128 0x3
 1899 0184 0E       		.uleb128 0xe
 1900 0185 3A       		.uleb128 0x3a
 1901 0186 0B       		.uleb128 0xb
 1902 0187 3B       		.uleb128 0x3b
 1903 0188 0B       		.uleb128 0xb
 1904 0189 27       		.uleb128 0x27
 1905 018a 0C       		.uleb128 0xc
 1906 018b 49       		.uleb128 0x49
 1907 018c 13       		.uleb128 0x13
 1908 018d 11       		.uleb128 0x11
 1909 018e 01       		.uleb128 0x1
 1910 018f 12       		.uleb128 0x12
 1911 0190 01       		.uleb128 0x1
 1912 0191 40       		.uleb128 0x40
 1913 0192 06       		.uleb128 0x6
 1914 0193 9742     		.uleb128 0x2117
 1915 0195 0C       		.uleb128 0xc
 1916 0196 01       		.uleb128 0x1
 1917 0197 13       		.uleb128 0x13
 1918 0198 00       		.byte	0
 1919 0199 00       		.byte	0
 1920 019a 1E       		.uleb128 0x1e
ARM GAS  /tmp/ccaUuj3p.s 			page 35


 1921 019b 34       		.uleb128 0x34
 1922 019c 00       		.byte	0
 1923 019d 03       		.uleb128 0x3
 1924 019e 08       		.uleb128 0x8
 1925 019f 3A       		.uleb128 0x3a
 1926 01a0 0B       		.uleb128 0xb
 1927 01a1 3B       		.uleb128 0x3b
 1928 01a2 0B       		.uleb128 0xb
 1929 01a3 49       		.uleb128 0x49
 1930 01a4 13       		.uleb128 0x13
 1931 01a5 02       		.uleb128 0x2
 1932 01a6 06       		.uleb128 0x6
 1933 01a7 00       		.byte	0
 1934 01a8 00       		.byte	0
 1935 01a9 1F       		.uleb128 0x1f
 1936 01aa 898201   		.uleb128 0x4109
 1937 01ad 00       		.byte	0
 1938 01ae 11       		.uleb128 0x11
 1939 01af 01       		.uleb128 0x1
 1940 01b0 31       		.uleb128 0x31
 1941 01b1 13       		.uleb128 0x13
 1942 01b2 00       		.byte	0
 1943 01b3 00       		.byte	0
 1944 01b4 20       		.uleb128 0x20
 1945 01b5 898201   		.uleb128 0x4109
 1946 01b8 01       		.byte	0x1
 1947 01b9 11       		.uleb128 0x11
 1948 01ba 01       		.uleb128 0x1
 1949 01bb 00       		.byte	0
 1950 01bc 00       		.byte	0
 1951 01bd 21       		.uleb128 0x21
 1952 01be 34       		.uleb128 0x34
 1953 01bf 00       		.byte	0
 1954 01c0 03       		.uleb128 0x3
 1955 01c1 0E       		.uleb128 0xe
 1956 01c2 3A       		.uleb128 0x3a
 1957 01c3 0B       		.uleb128 0xb
 1958 01c4 3B       		.uleb128 0x3b
 1959 01c5 0B       		.uleb128 0xb
 1960 01c6 49       		.uleb128 0x49
 1961 01c7 13       		.uleb128 0x13
 1962 01c8 02       		.uleb128 0x2
 1963 01c9 06       		.uleb128 0x6
 1964 01ca 00       		.byte	0
 1965 01cb 00       		.byte	0
 1966 01cc 22       		.uleb128 0x22
 1967 01cd 898201   		.uleb128 0x4109
 1968 01d0 00       		.byte	0
 1969 01d1 11       		.uleb128 0x11
 1970 01d2 01       		.uleb128 0x1
 1971 01d3 9542     		.uleb128 0x2115
 1972 01d5 0C       		.uleb128 0xc
 1973 01d6 31       		.uleb128 0x31
 1974 01d7 13       		.uleb128 0x13
 1975 01d8 00       		.byte	0
 1976 01d9 00       		.byte	0
 1977 01da 23       		.uleb128 0x23
ARM GAS  /tmp/ccaUuj3p.s 			page 36


 1978 01db 898201   		.uleb128 0x4109
 1979 01de 01       		.byte	0x1
 1980 01df 11       		.uleb128 0x11
 1981 01e0 01       		.uleb128 0x1
 1982 01e1 31       		.uleb128 0x31
 1983 01e2 13       		.uleb128 0x13
 1984 01e3 00       		.byte	0
 1985 01e4 00       		.byte	0
 1986 01e5 24       		.uleb128 0x24
 1987 01e6 34       		.uleb128 0x34
 1988 01e7 00       		.byte	0
 1989 01e8 03       		.uleb128 0x3
 1990 01e9 0E       		.uleb128 0xe
 1991 01ea 3A       		.uleb128 0x3a
 1992 01eb 0B       		.uleb128 0xb
 1993 01ec 3B       		.uleb128 0x3b
 1994 01ed 0B       		.uleb128 0xb
 1995 01ee 49       		.uleb128 0x49
 1996 01ef 13       		.uleb128 0x13
 1997 01f0 02       		.uleb128 0x2
 1998 01f1 0A       		.uleb128 0xa
 1999 01f2 00       		.byte	0
 2000 01f3 00       		.byte	0
 2001 01f4 25       		.uleb128 0x25
 2002 01f5 2E       		.uleb128 0x2e
 2003 01f6 01       		.byte	0x1
 2004 01f7 3F       		.uleb128 0x3f
 2005 01f8 0C       		.uleb128 0xc
 2006 01f9 03       		.uleb128 0x3
 2007 01fa 0E       		.uleb128 0xe
 2008 01fb 3A       		.uleb128 0x3a
 2009 01fc 0B       		.uleb128 0xb
 2010 01fd 3B       		.uleb128 0x3b
 2011 01fe 0B       		.uleb128 0xb
 2012 01ff 27       		.uleb128 0x27
 2013 0200 0C       		.uleb128 0xc
 2014 0201 3C       		.uleb128 0x3c
 2015 0202 0C       		.uleb128 0xc
 2016 0203 01       		.uleb128 0x1
 2017 0204 13       		.uleb128 0x13
 2018 0205 00       		.byte	0
 2019 0206 00       		.byte	0
 2020 0207 26       		.uleb128 0x26
 2021 0208 2E       		.uleb128 0x2e
 2022 0209 00       		.byte	0
 2023 020a 3F       		.uleb128 0x3f
 2024 020b 0C       		.uleb128 0xc
 2025 020c 03       		.uleb128 0x3
 2026 020d 0E       		.uleb128 0xe
 2027 020e 3A       		.uleb128 0x3a
 2028 020f 0B       		.uleb128 0xb
 2029 0210 3B       		.uleb128 0x3b
 2030 0211 0B       		.uleb128 0xb
 2031 0212 27       		.uleb128 0x27
 2032 0213 0C       		.uleb128 0xc
 2033 0214 49       		.uleb128 0x49
 2034 0215 13       		.uleb128 0x13
ARM GAS  /tmp/ccaUuj3p.s 			page 37


 2035 0216 3C       		.uleb128 0x3c
 2036 0217 0C       		.uleb128 0xc
 2037 0218 00       		.byte	0
 2038 0219 00       		.byte	0
 2039 021a 00       		.byte	0
 2040              		.section	.debug_loc,"",%progbits
 2041              	.Ldebug_loc0:
 2042              	.LLST0:
 2043 0000 00000000 		.4byte	.LFB8
 2044 0004 02000000 		.4byte	.LCFI0
 2045 0008 0200     		.2byte	0x2
 2046 000a 7D       		.byte	0x7d
 2047 000b 00       		.sleb128 0
 2048 000c 02000000 		.4byte	.LCFI0
 2049 0010 34000000 		.4byte	.LFE8
 2050 0014 0200     		.2byte	0x2
 2051 0016 7D       		.byte	0x7d
 2052 0017 10       		.sleb128 16
 2053 0018 00000000 		.4byte	0
 2054 001c 00000000 		.4byte	0
 2055              	.LLST1:
 2056 0020 00000000 		.4byte	.LVL1
 2057 0024 12000000 		.4byte	.LVL3
 2058 0028 0100     		.2byte	0x1
 2059 002a 50       		.byte	0x50
 2060 002b 12000000 		.4byte	.LVL3
 2061 002f 34000000 		.4byte	.LFE8
 2062 0033 0100     		.2byte	0x1
 2063 0035 54       		.byte	0x54
 2064 0036 00000000 		.4byte	0
 2065 003a 00000000 		.4byte	0
 2066              	.LLST2:
 2067 003e 00000000 		.4byte	.LVL1
 2068 0042 15000000 		.4byte	.LVL4-1
 2069 0046 0100     		.2byte	0x1
 2070 0048 51       		.byte	0x51
 2071 0049 15000000 		.4byte	.LVL4-1
 2072 004d 34000000 		.4byte	.LFE8
 2073 0051 0100     		.2byte	0x1
 2074 0053 55       		.byte	0x55
 2075 0054 00000000 		.4byte	0
 2076 0058 00000000 		.4byte	0
 2077              	.LLST3:
 2078 005c 00000000 		.4byte	.LVL1
 2079 0060 06000000 		.4byte	.LVL2
 2080 0064 0100     		.2byte	0x1
 2081 0066 52       		.byte	0x52
 2082 0067 06000000 		.4byte	.LVL2
 2083 006b 1A000000 		.4byte	.LVL5
 2084 006f 0100     		.2byte	0x1
 2085 0071 56       		.byte	0x56
 2086 0072 1A000000 		.4byte	.LVL5
 2087 0076 34000000 		.4byte	.LFE8
 2088 007a 0300     		.2byte	0x3
 2089 007c 76       		.byte	0x76
 2090 007d 08       		.sleb128 8
 2091 007e 9F       		.byte	0x9f
ARM GAS  /tmp/ccaUuj3p.s 			page 38


 2092 007f 00000000 		.4byte	0
 2093 0083 00000000 		.4byte	0
 2094              	.LLST4:
 2095 0087 00000000 		.4byte	.LFB9
 2096 008b 02000000 		.4byte	.LCFI1
 2097 008f 0200     		.2byte	0x2
 2098 0091 7D       		.byte	0x7d
 2099 0092 00       		.sleb128 0
 2100 0093 02000000 		.4byte	.LCFI1
 2101 0097 84000000 		.4byte	.LFE9
 2102 009b 0200     		.2byte	0x2
 2103 009d 7D       		.byte	0x7d
 2104 009e 18       		.sleb128 24
 2105 009f 00000000 		.4byte	0
 2106 00a3 00000000 		.4byte	0
 2107              	.LLST5:
 2108 00a7 00000000 		.4byte	.LVL8
 2109 00ab 10000000 		.4byte	.LVL10
 2110 00af 0100     		.2byte	0x1
 2111 00b1 50       		.byte	0x50
 2112 00b2 10000000 		.4byte	.LVL10
 2113 00b6 84000000 		.4byte	.LFE9
 2114 00ba 0400     		.2byte	0x4
 2115 00bc F3       		.byte	0xf3
 2116 00bd 01       		.uleb128 0x1
 2117 00be 50       		.byte	0x50
 2118 00bf 9F       		.byte	0x9f
 2119 00c0 00000000 		.4byte	0
 2120 00c4 00000000 		.4byte	0
 2121              	.LLST6:
 2122 00c8 00000000 		.4byte	.LVL8
 2123 00cc 06000000 		.4byte	.LVL9
 2124 00d0 0100     		.2byte	0x1
 2125 00d2 51       		.byte	0x51
 2126 00d3 06000000 		.4byte	.LVL9
 2127 00d7 14000000 		.4byte	.LVL11
 2128 00db 0300     		.2byte	0x3
 2129 00dd 71       		.byte	0x71
 2130 00de 79       		.sleb128 -7
 2131 00df 9F       		.byte	0x9f
 2132 00e0 14000000 		.4byte	.LVL11
 2133 00e4 84000000 		.4byte	.LFE9
 2134 00e8 0100     		.2byte	0x1
 2135 00ea 55       		.byte	0x55
 2136 00eb 00000000 		.4byte	0
 2137 00ef 00000000 		.4byte	0
 2138              	.LLST7:
 2139 00f3 18000000 		.4byte	.LVL12
 2140 00f7 4C000000 		.4byte	.LVL19
 2141 00fb 0100     		.2byte	0x1
 2142 00fd 54       		.byte	0x54
 2143 00fe 58000000 		.4byte	.LVL21
 2144 0102 72000000 		.4byte	.LVL24
 2145 0106 0100     		.2byte	0x1
 2146 0108 54       		.byte	0x54
 2147 0109 7A000000 		.4byte	.LVL26
 2148 010d 7C000000 		.4byte	.LVL27
ARM GAS  /tmp/ccaUuj3p.s 			page 39


 2149 0111 0100     		.2byte	0x1
 2150 0113 54       		.byte	0x54
 2151 0114 00000000 		.4byte	0
 2152 0118 00000000 		.4byte	0
 2153              	.LLST8:
 2154 011c 1E000000 		.4byte	.LVL14
 2155 0120 20000000 		.4byte	.LVL15
 2156 0124 0100     		.2byte	0x1
 2157 0126 53       		.byte	0x53
 2158 0127 22000000 		.4byte	.LVL16
 2159 012b 53000000 		.4byte	.LVL20-1
 2160 012f 0100     		.2byte	0x1
 2161 0131 53       		.byte	0x53
 2162 0132 53000000 		.4byte	.LVL20-1
 2163 0136 54000000 		.4byte	.LVL20
 2164 013a 0300     		.2byte	0x3
 2165 013c 74       		.byte	0x74
 2166 013d 78       		.sleb128 -8
 2167 013e 9F       		.byte	0x9f
 2168 013f 58000000 		.4byte	.LVL21
 2169 0143 61000000 		.4byte	.LVL22-1
 2170 0147 0100     		.2byte	0x1
 2171 0149 53       		.byte	0x53
 2172 014a 6C000000 		.4byte	.LVL23
 2173 014e 76000000 		.4byte	.LVL25
 2174 0152 0100     		.2byte	0x1
 2175 0154 50       		.byte	0x50
 2176 0155 76000000 		.4byte	.LVL25
 2177 0159 7A000000 		.4byte	.LVL26
 2178 015d 0100     		.2byte	0x1
 2179 015f 54       		.byte	0x54
 2180 0160 00000000 		.4byte	0
 2181 0164 00000000 		.4byte	0
 2182              	.LLST9:
 2183 0168 42000000 		.4byte	.LVL17
 2184 016c 4A000000 		.4byte	.LVL18
 2185 0170 0100     		.2byte	0x1
 2186 0172 57       		.byte	0x57
 2187 0173 00000000 		.4byte	0
 2188 0177 00000000 		.4byte	0
 2189              	.LLST10:
 2190 017b 00000000 		.4byte	.LFB10
 2191 017f 02000000 		.4byte	.LCFI2
 2192 0183 0200     		.2byte	0x2
 2193 0185 7D       		.byte	0x7d
 2194 0186 00       		.sleb128 0
 2195 0187 02000000 		.4byte	.LCFI2
 2196 018b B0000000 		.4byte	.LFE10
 2197 018f 0200     		.2byte	0x2
 2198 0191 7D       		.byte	0x7d
 2199 0192 18       		.sleb128 24
 2200 0193 00000000 		.4byte	0
 2201 0197 00000000 		.4byte	0
 2202              	.LLST11:
 2203 019b 00000000 		.4byte	.LVL28
 2204 019f 08000000 		.4byte	.LVL29
 2205 01a3 0100     		.2byte	0x1
ARM GAS  /tmp/ccaUuj3p.s 			page 40


 2206 01a5 50       		.byte	0x50
 2207 01a6 08000000 		.4byte	.LVL29
 2208 01aa A0000000 		.4byte	.LVL38
 2209 01ae 0100     		.2byte	0x1
 2210 01b0 57       		.byte	0x57
 2211 01b1 A0000000 		.4byte	.LVL38
 2212 01b5 A2000000 		.4byte	.LVL39
 2213 01b9 0100     		.2byte	0x1
 2214 01bb 50       		.byte	0x50
 2215 01bc A2000000 		.4byte	.LVL39
 2216 01c0 B0000000 		.4byte	.LFE10
 2217 01c4 0100     		.2byte	0x1
 2218 01c6 57       		.byte	0x57
 2219 01c7 00000000 		.4byte	0
 2220 01cb 00000000 		.4byte	0
 2221              	.LLST12:
 2222 01cf 1A000000 		.4byte	.LVL32
 2223 01d3 1C000000 		.4byte	.LVL33
 2224 01d7 0100     		.2byte	0x1
 2225 01d9 56       		.byte	0x56
 2226 01da 1C000000 		.4byte	.LVL33
 2227 01de 3A000000 		.4byte	.LVL34
 2228 01e2 0100     		.2byte	0x1
 2229 01e4 54       		.byte	0x54
 2230 01e5 3A000000 		.4byte	.LVL34
 2231 01e9 3E000000 		.4byte	.LVL35
 2232 01ed 0100     		.2byte	0x1
 2233 01ef 51       		.byte	0x51
 2234 01f0 3E000000 		.4byte	.LVL35
 2235 01f4 A0000000 		.4byte	.LVL38
 2236 01f8 0100     		.2byte	0x1
 2237 01fa 54       		.byte	0x54
 2238 01fb 00000000 		.4byte	0
 2239 01ff 00000000 		.4byte	0
 2240              	.LLST13:
 2241 0203 10000000 		.4byte	.LVL30
 2242 0207 A0000000 		.4byte	.LVL38
 2243 020b 0100     		.2byte	0x1
 2244 020d 55       		.byte	0x55
 2245 020e 00000000 		.4byte	0
 2246 0212 00000000 		.4byte	0
 2247              	.LLST14:
 2248 0216 10000000 		.4byte	.LVL30
 2249 021a 1A000000 		.4byte	.LVL32
 2250 021e 0100     		.2byte	0x1
 2251 0220 56       		.byte	0x56
 2252 0221 1A000000 		.4byte	.LVL32
 2253 0225 A0000000 		.4byte	.LVL38
 2254 0229 0300     		.2byte	0x3
 2255 022b 76       		.byte	0x76
 2256 022c 78       		.sleb128 -8
 2257 022d 9F       		.byte	0x9f
 2258 022e 00000000 		.4byte	0
 2259 0232 00000000 		.4byte	0
 2260              	.LLST15:
 2261 0236 00000000 		.4byte	.LFB11
 2262 023a 02000000 		.4byte	.LCFI3
ARM GAS  /tmp/ccaUuj3p.s 			page 41


 2263 023e 0200     		.2byte	0x2
 2264 0240 7D       		.byte	0x7d
 2265 0241 00       		.sleb128 0
 2266 0242 02000000 		.4byte	.LCFI3
 2267 0246 40000000 		.4byte	.LFE11
 2268 024a 0200     		.2byte	0x2
 2269 024c 7D       		.byte	0x7d
 2270 024d 10       		.sleb128 16
 2271 024e 00000000 		.4byte	0
 2272 0252 00000000 		.4byte	0
 2273              	.LLST16:
 2274 0256 00000000 		.4byte	.LVL41
 2275 025a 10000000 		.4byte	.LVL42
 2276 025e 0100     		.2byte	0x1
 2277 0260 50       		.byte	0x50
 2278 0261 10000000 		.4byte	.LVL42
 2279 0265 40000000 		.4byte	.LFE11
 2280 0269 0400     		.2byte	0x4
 2281 026b F3       		.byte	0xf3
 2282 026c 01       		.uleb128 0x1
 2283 026d 50       		.byte	0x50
 2284 026e 9F       		.byte	0x9f
 2285 026f 00000000 		.4byte	0
 2286 0273 00000000 		.4byte	0
 2287              	.LLST17:
 2288 0277 00000000 		.4byte	.LVL41
 2289 027b 13000000 		.4byte	.LVL43-1
 2290 027f 0100     		.2byte	0x1
 2291 0281 51       		.byte	0x51
 2292 0282 13000000 		.4byte	.LVL43-1
 2293 0286 40000000 		.4byte	.LFE11
 2294 028a 0100     		.2byte	0x1
 2295 028c 55       		.byte	0x55
 2296 028d 00000000 		.4byte	0
 2297 0291 00000000 		.4byte	0
 2298              	.LLST18:
 2299 0295 14000000 		.4byte	.LVL43
 2300 0299 1C000000 		.4byte	.LVL44
 2301 029d 0600     		.2byte	0x6
 2302 029f F3       		.byte	0xf3
 2303 02a0 01       		.uleb128 0x1
 2304 02a1 50       		.byte	0x50
 2305 02a2 23       		.byte	0x23
 2306 02a3 08       		.uleb128 0x8
 2307 02a4 9F       		.byte	0x9f
 2308 02a5 34000000 		.4byte	.LVL49
 2309 02a9 40000000 		.4byte	.LFE11
 2310 02ad 0600     		.2byte	0x6
 2311 02af F3       		.byte	0xf3
 2312 02b0 01       		.uleb128 0x1
 2313 02b1 50       		.byte	0x50
 2314 02b2 23       		.byte	0x23
 2315 02b3 08       		.uleb128 0x8
 2316 02b4 9F       		.byte	0x9f
 2317 02b5 00000000 		.4byte	0
 2318 02b9 00000000 		.4byte	0
 2319              	.LLST19:
ARM GAS  /tmp/ccaUuj3p.s 			page 42


 2320 02bd 14000000 		.4byte	.LVL43
 2321 02c1 1C000000 		.4byte	.LVL44
 2322 02c5 0200     		.2byte	0x2
 2323 02c7 30       		.byte	0x30
 2324 02c8 9F       		.byte	0x9f
 2325 02c9 24000000 		.4byte	.LVL46
 2326 02cd 28000000 		.4byte	.LVL47
 2327 02d1 0100     		.2byte	0x1
 2328 02d3 54       		.byte	0x54
 2329 02d4 34000000 		.4byte	.LVL49
 2330 02d8 40000000 		.4byte	.LFE11
 2331 02dc 0200     		.2byte	0x2
 2332 02de 30       		.byte	0x30
 2333 02df 9F       		.byte	0x9f
 2334 02e0 00000000 		.4byte	0
 2335 02e4 00000000 		.4byte	0
 2336              	.LLST20:
 2337 02e8 14000000 		.4byte	.LVL43
 2338 02ec 1C000000 		.4byte	.LVL44
 2339 02f0 0200     		.2byte	0x2
 2340 02f2 30       		.byte	0x30
 2341 02f3 9F       		.byte	0x9f
 2342 02f4 22000000 		.4byte	.LVL45
 2343 02f8 28000000 		.4byte	.LVL47
 2344 02fc 0100     		.2byte	0x1
 2345 02fe 52       		.byte	0x52
 2346 02ff 34000000 		.4byte	.LVL49
 2347 0303 40000000 		.4byte	.LFE11
 2348 0307 0200     		.2byte	0x2
 2349 0309 30       		.byte	0x30
 2350 030a 9F       		.byte	0x9f
 2351 030b 00000000 		.4byte	0
 2352 030f 00000000 		.4byte	0
 2353              		.section	.debug_aranges,"",%progbits
 2354 0000 3C000000 		.4byte	0x3c
 2355 0004 0200     		.2byte	0x2
 2356 0006 00000000 		.4byte	.Ldebug_info0
 2357 000a 04       		.byte	0x4
 2358 000b 00       		.byte	0
 2359 000c 0000     		.2byte	0
 2360 000e 0000     		.2byte	0
 2361 0010 00000000 		.4byte	.LFB7
 2362 0014 20000000 		.4byte	.LFE7-.LFB7
 2363 0018 00000000 		.4byte	.LFB8
 2364 001c 34000000 		.4byte	.LFE8-.LFB8
 2365 0020 00000000 		.4byte	.LFB9
 2366 0024 84000000 		.4byte	.LFE9-.LFB9
 2367 0028 00000000 		.4byte	.LFB10
 2368 002c B0000000 		.4byte	.LFE10-.LFB10
 2369 0030 00000000 		.4byte	.LFB11
 2370 0034 40000000 		.4byte	.LFE11-.LFB11
 2371 0038 00000000 		.4byte	0
 2372 003c 00000000 		.4byte	0
 2373              		.section	.debug_ranges,"",%progbits
 2374              	.Ldebug_ranges0:
 2375 0000 00000000 		.4byte	.LFB7
 2376 0004 20000000 		.4byte	.LFE7
ARM GAS  /tmp/ccaUuj3p.s 			page 43


 2377 0008 00000000 		.4byte	.LFB8
 2378 000c 34000000 		.4byte	.LFE8
 2379 0010 00000000 		.4byte	.LFB9
 2380 0014 84000000 		.4byte	.LFE9
 2381 0018 00000000 		.4byte	.LFB10
 2382 001c B0000000 		.4byte	.LFE10
 2383 0020 00000000 		.4byte	.LFB11
 2384 0024 40000000 		.4byte	.LFE11
 2385 0028 00000000 		.4byte	0
 2386 002c 00000000 		.4byte	0
 2387              		.section	.debug_line,"",%progbits
 2388              	.Ldebug_line0:
 2389 0000 70020000 		.section	.debug_str,"MS",%progbits,1
 2389      02006301 
 2389      00000201 
 2389      FB0E0D00 
 2389      01010101 
 2390              	.LASF39:
 2391 0000 705F6D73 		.ascii	"p_msg\000"
 2391      6700
 2392              	.LASF2:
 2393 0006 73697A65 		.ascii	"size_t\000"
 2393      5F7400
 2394              	.LASF65:
 2395 000d 7264796D 		.ascii	"rdymsg\000"
 2395      736700
 2396              	.LASF12:
 2397 0014 75696E74 		.ascii	"uint64_t\000"
 2397      36345F74 
 2397      00
 2398              	.LASF83:
 2399 001d 2F686F6D 		.ascii	"/home/ondra6ak/Documents/ARM/mlab-ChibiOS-RT/demos/"
 2399      652F6F6E 
 2399      64726136 
 2399      616B2F44 
 2399      6F63756D 
 2400 0050 53544D33 		.ascii	"STM32F107RxT01A-IMU01A\000"
 2400      32463130 
 2400      37527854 
 2400      3031412D 
 2400      494D5530 
 2401              	.LASF55:
 2402 0067 6D656D67 		.ascii	"memgetfunc_t\000"
 2402      65746675 
 2402      6E635F74 
 2402      00
 2403              	.LASF13:
 2404 0074 6C6F6E67 		.ascii	"long long unsigned int\000"
 2404      206C6F6E 
 2404      6720756E 
 2404      7369676E 
 2404      65642069 
 2405              	.LASF66:
 2406 008b 65786974 		.ascii	"exitcode\000"
 2406      636F6465 
 2406      00
 2407              	.LASF59:
ARM GAS  /tmp/ccaUuj3p.s 			page 44


 2408 0094 685F6672 		.ascii	"h_free\000"
 2408      656500
 2409              	.LASF79:
 2410 009b 63684462 		.ascii	"chDbgPanic\000"
 2410      6750616E 
 2410      696300
 2411              	.LASF72:
 2412 00a6 68656170 		.ascii	"heapp\000"
 2412      7000
 2413              	.LASF85:
 2414 00ac 63684D74 		.ascii	"chMtxUnlock\000"
 2414      78556E6C 
 2414      6F636B00 
 2415              	.LASF71:
 2416 00b8 63684865 		.ascii	"chHeapInit\000"
 2416      6170496E 
 2416      697400
 2417              	.LASF61:
 2418 00c3 6E657874 		.ascii	"next\000"
 2418      00
 2419              	.LASF26:
 2420 00c8 705F7072 		.ascii	"p_prio\000"
 2420      696F00
 2421              	.LASF11:
 2422 00cf 6C6F6E67 		.ascii	"long long int\000"
 2422      206C6F6E 
 2422      6720696E 
 2422      7400
 2423              	.LASF1:
 2424 00dd 7369676E 		.ascii	"signed char\000"
 2424      65642063 
 2424      68617200 
 2425              	.LASF60:
 2426 00e9 685F6D74 		.ascii	"h_mtx\000"
 2426      7800
 2427              	.LASF43:
 2428 00ef 705F6D70 		.ascii	"p_mpool\000"
 2428      6F6F6C00 
 2429              	.LASF52:
 2430 00f7 6D5F7175 		.ascii	"m_queue\000"
 2430      65756500 
 2431              	.LASF73:
 2432 00ff 63684865 		.ascii	"chHeapFree\000"
 2432      61704672 
 2432      656500
 2433              	.LASF18:
 2434 010a 74736C69 		.ascii	"tslices_t\000"
 2434      6365735F 
 2434      7400
 2435              	.LASF81:
 2436 0114 474E5520 		.ascii	"GNU C 4.7.4 20130913 (release) [ARM/embedded-4_7-br"
 2436      4320342E 
 2436      372E3420 
 2436      32303133 
 2436      30393133 
 2437 0147 616E6368 		.ascii	"anch revision 202601]\000"
 2437      20726576 
ARM GAS  /tmp/ccaUuj3p.s 			page 45


 2437      6973696F 
 2437      6E203230 
 2437      32363031 
 2438              	.LASF8:
 2439 015d 6C6F6E67 		.ascii	"long int\000"
 2439      20696E74 
 2439      00
 2440              	.LASF82:
 2441 0166 2E2E2F2E 		.ascii	"../../os/kernel/src/chheap.c\000"
 2441      2E2F6F73 
 2441      2F6B6572 
 2441      6E656C2F 
 2441      7372632F 
 2442              	.LASF16:
 2443 0183 74737461 		.ascii	"tstate_t\000"
 2443      74655F74 
 2443      00
 2444              	.LASF28:
 2445 018c 705F6E65 		.ascii	"p_newer\000"
 2445      77657200 
 2446              	.LASF46:
 2447 0194 72656761 		.ascii	"regarm_t\000"
 2447      726D5F74 
 2447      00
 2448              	.LASF63:
 2449 019d 616C6967 		.ascii	"align\000"
 2449      6E00
 2450              	.LASF31:
 2451 01a3 705F7374 		.ascii	"p_stklimit\000"
 2451      6B6C696D 
 2451      697400
 2452              	.LASF0:
 2453 01ae 756E7369 		.ascii	"unsigned int\000"
 2453      676E6564 
 2453      20696E74 
 2453      00
 2454              	.LASF10:
 2455 01bb 6C6F6E67 		.ascii	"long unsigned int\000"
 2455      20756E73 
 2455      69676E65 
 2455      6420696E 
 2455      7400
 2456              	.LASF49:
 2457 01cd 636F6E74 		.ascii	"context\000"
 2457      65787400 
 2458              	.LASF64:
 2459 01d5 73697A65 		.ascii	"size\000"
 2459      00
 2460              	.LASF6:
 2461 01da 73686F72 		.ascii	"short unsigned int\000"
 2461      7420756E 
 2461      7369676E 
 2461      65642069 
 2461      6E7400
 2462              	.LASF20:
 2463 01ed 6D73675F 		.ascii	"msg_t\000"
 2463      7400
ARM GAS  /tmp/ccaUuj3p.s 			page 46


 2464              	.LASF15:
 2465 01f3 746D6F64 		.ascii	"tmode_t\000"
 2465      655F7400 
 2466              	.LASF45:
 2467 01fb 54687265 		.ascii	"ThreadsList\000"
 2467      6164734C 
 2467      69737400 
 2468              	.LASF21:
 2469 0207 6576656E 		.ascii	"eventmask_t\000"
 2469      746D6173 
 2469      6B5F7400 
 2470              	.LASF51:
 2471 0213 4D757465 		.ascii	"Mutex\000"
 2471      7800
 2472              	.LASF47:
 2473 0219 73746B61 		.ascii	"stkalign_t\000"
 2473      6C69676E 
 2473      5F7400
 2474              	.LASF50:
 2475 0224 73697A65 		.ascii	"sizetype\000"
 2475      74797065 
 2475      00
 2476              	.LASF80:
 2477 022d 63684D74 		.ascii	"chMtxLock\000"
 2477      784C6F63 
 2477      6B00
 2478              	.LASF29:
 2479 0237 705F6F6C 		.ascii	"p_older\000"
 2479      64657200 
 2480              	.LASF44:
 2481 023f 54687265 		.ascii	"ThreadsQueue\000"
 2481      61647351 
 2481      75657565 
 2481      00
 2482              	.LASF56:
 2483 024c 4D656D6F 		.ascii	"MemoryHeap\000"
 2483      72794865 
 2483      617000
 2484              	.LASF17:
 2485 0257 74726566 		.ascii	"trefs_t\000"
 2485      735F7400 
 2486              	.LASF25:
 2487 025f 705F7072 		.ascii	"p_prev\000"
 2487      657600
 2488              	.LASF19:
 2489 0266 74707269 		.ascii	"tprio_t\000"
 2489      6F5F7400 
 2490              	.LASF14:
 2491 026e 5F426F6F 		.ascii	"_Bool\000"
 2491      6C00
 2492              	.LASF7:
 2493 0274 696E7433 		.ascii	"int32_t\000"
 2493      325F7400 
 2494              	.LASF4:
 2495 027c 756E7369 		.ascii	"unsigned char\000"
 2495      676E6564 
 2495      20636861 
ARM GAS  /tmp/ccaUuj3p.s 			page 47


 2495      7200
 2496              	.LASF58:
 2497 028a 685F7072 		.ascii	"h_provider\000"
 2497      6F766964 
 2497      657200
 2498              	.LASF41:
 2499 0295 705F6D74 		.ascii	"p_mtxlist\000"
 2499      786C6973 
 2499      7400
 2500              	.LASF5:
 2501 029f 73686F72 		.ascii	"short int\000"
 2501      7420696E 
 2501      7400
 2502              	.LASF32:
 2503 02a9 705F7374 		.ascii	"p_state\000"
 2503      61746500 
 2504              	.LASF35:
 2505 02b1 705F7072 		.ascii	"p_preempt\000"
 2505      65656D70 
 2505      7400
 2506              	.LASF84:
 2507 02bb 68656170 		.ascii	"heap_header\000"
 2507      5F686561 
 2507      64657200 
 2508              	.LASF68:
 2509 02c7 65776D61 		.ascii	"ewmask\000"
 2509      736B00
 2510              	.LASF24:
 2511 02ce 705F6E65 		.ascii	"p_next\000"
 2511      787400
 2512              	.LASF33:
 2513 02d5 705F666C 		.ascii	"p_flags\000"
 2513      61677300 
 2514              	.LASF23:
 2515 02dd 54687265 		.ascii	"Thread\000"
 2515      616400
 2516              	.LASF74:
 2517 02e4 63684865 		.ascii	"chHeapAlloc\000"
 2517      6170416C 
 2517      6C6F6300 
 2518              	.LASF40:
 2519 02f0 705F6570 		.ascii	"p_epending\000"
 2519      656E6469 
 2519      6E6700
 2520              	.LASF9:
 2521 02fb 75696E74 		.ascii	"uint32_t\000"
 2521      33325F74 
 2521      00
 2522              	.LASF62:
 2523 0304 68656170 		.ascii	"heap\000"
 2523      00
 2524              	.LASF77:
 2525 0309 64656661 		.ascii	"default_heap\000"
 2525      756C745F 
 2525      68656170 
 2525      00
 2526              	.LASF69:
ARM GAS  /tmp/ccaUuj3p.s 			page 48


 2527 0316 63686172 		.ascii	"char\000"
 2527      00
 2528              	.LASF75:
 2529 031b 63684865 		.ascii	"chHeapStatus\000"
 2529      61705374 
 2529      61747573 
 2529      00
 2530              	.LASF54:
 2531 0328 6D5F6E65 		.ascii	"m_next\000"
 2531      787400
 2532              	.LASF22:
 2533 032f 73797374 		.ascii	"systime_t\000"
 2533      696D655F 
 2533      7400
 2534              	.LASF42:
 2535 0339 705F7265 		.ascii	"p_realprio\000"
 2535      616C7072 
 2535      696F00
 2536              	.LASF36:
 2537 0344 705F7469 		.ascii	"p_time\000"
 2537      6D6500
 2538              	.LASF48:
 2539 034b 696E7463 		.ascii	"intctx\000"
 2539      747800
 2540              	.LASF38:
 2541 0352 705F6D73 		.ascii	"p_msgqueue\000"
 2541      67717565 
 2541      756500
 2542              	.LASF78:
 2543 035d 63684D74 		.ascii	"chMtxInit\000"
 2543      78496E69 
 2543      7400
 2544              	.LASF34:
 2545 0367 705F7265 		.ascii	"p_refs\000"
 2545      667300
 2546              	.LASF3:
 2547 036e 75696E74 		.ascii	"uint8_t\000"
 2547      385F7400 
 2548              	.LASF67:
 2549 0376 77746F62 		.ascii	"wtobjp\000"
 2549      6A7000
 2550              	.LASF76:
 2551 037d 73697A65 		.ascii	"sizep\000"
 2551      7000
 2552              	.LASF30:
 2553 0383 705F6E61 		.ascii	"p_name\000"
 2553      6D6500
 2554              	.LASF70:
 2555 038a 5F686561 		.ascii	"_heap_init\000"
 2555      705F696E 
 2555      697400
 2556              	.LASF53:
 2557 0395 6D5F6F77 		.ascii	"m_owner\000"
 2557      6E657200 
 2558              	.LASF27:
 2559 039d 705F6374 		.ascii	"p_ctx\000"
 2559      7800
ARM GAS  /tmp/ccaUuj3p.s 			page 49


 2560              	.LASF37:
 2561 03a3 705F7761 		.ascii	"p_waiting\000"
 2561      6974696E 
 2561      6700
 2562              	.LASF57:
 2563 03ad 6D656D6F 		.ascii	"memory_heap\000"
 2563      72795F68 
 2563      65617000 
 2564              		.ident	"GCC: (GNU Tools for ARM Embedded Processors) 4.7.4 20130913 (release) [ARM/embedded-4_7-br
ARM GAS  /tmp/ccaUuj3p.s 			page 50


DEFINED SYMBOLS
                            *ABS*:00000000 chheap.c
     /tmp/ccaUuj3p.s:19     .text._heap_init:00000000 $t
     /tmp/ccaUuj3p.s:25     .text._heap_init:00000000 _heap_init
     /tmp/ccaUuj3p.s:507    .bss.default_heap:00000000 .LANCHOR0
     /tmp/ccaUuj3p.s:57     .text.chHeapInit:00000000 $t
     /tmp/ccaUuj3p.s:63     .text.chHeapInit:00000000 chHeapInit
     /tmp/ccaUuj3p.s:121    .text.chHeapInit:00000030 $d
     /tmp/ccaUuj3p.s:126    .text.chHeapAlloc:00000000 $t
     /tmp/ccaUuj3p.s:132    .text.chHeapAlloc:00000000 chHeapAlloc
     /tmp/ccaUuj3p.s:259    .text.chHeapAlloc:00000080 $d
     /tmp/ccaUuj3p.s:264    .text.chHeapFree:00000000 $t
     /tmp/ccaUuj3p.s:270    .text.chHeapFree:00000000 chHeapFree
     /tmp/ccaUuj3p.s:410    .text.chHeapFree:000000a8 $d
     /tmp/ccaUuj3p.s:416    .text.chHeapStatus:00000000 $t
     /tmp/ccaUuj3p.s:422    .text.chHeapStatus:00000000 chHeapStatus
     /tmp/ccaUuj3p.s:491    .text.chHeapStatus:0000003c $d
     /tmp/ccaUuj3p.s:496    .rodata.str1.4:00000000 $d
     /tmp/ccaUuj3p.s:506    .bss.default_heap:00000000 $d
     /tmp/ccaUuj3p.s:510    .bss.default_heap:00000000 default_heap
                     .debug_frame:00000010 $d
     /tmp/ccaUuj3p.s:125    .text.chHeapInit:00000034 $t
     /tmp/ccaUuj3p.s:263    .text.chHeapAlloc:00000084 $t

UNDEFINED SYMBOLS
chCoreAlloc
chMtxInit
chDbgPanic
chMtxLock
chMtxUnlock
