ARM GAS  /tmp/cct84Hlw.s 			page 1


   1              		.syntax unified
   2              		.cpu cortex-m3
   3              		.fpu softvfp
   4              		.eabi_attribute 20, 1
   5              		.eabi_attribute 21, 1
   6              		.eabi_attribute 23, 3
   7              		.eabi_attribute 24, 1
   8              		.eabi_attribute 25, 1
   9              		.eabi_attribute 26, 1
  10              		.eabi_attribute 30, 2
  11              		.eabi_attribute 34, 1
  12              		.eabi_attribute 18, 4
  13              		.thumb
  14              		.file	"chcore_v7m.c"
  15              		.text
  16              	.Ltext0:
  17              		.cfi_sections	.debug_frame
  18              		.section	.text._port_switch_from_isr,"ax",%progbits
  19              		.align	2
  20              		.p2align 4,,15
  21              		.global	_port_switch_from_isr
  22              		.thumb
  23              		.thumb_func
  24              		.type	_port_switch_from_isr, %function
  25              	_port_switch_from_isr:
  26              	.LFB11:
  27              		.file 1 "../../os/ports/GCC/ARMCMx/chcore_v7m.c"
  28              		.loc 1 207 0
  29              		.cfi_startproc
  30              		@ Naked Function: prologue and epilogue provided by programmer.
  31              		@ args = 0, pretend = 0, frame = 0
  32              		@ frame_needed = 0, uses_anonymous_args = 0
  33              		.loc 1 209 0
  34 0000 FFF7FEFF 		bl	dbg_check_lock
  35              	.LVL0:
  36              		.loc 1 210 0
  37 0004 FFF7FEFF 		bl	chSchDoReschedule
  38              	.LVL1:
  39              		.loc 1 211 0
  40 0008 FFF7FEFF 		bl	dbg_check_unlock
  41              	.LVL2:
  42              		.loc 1 212 0
  43              	@ 212 "../../os/ports/GCC/ARMCMx/chcore_v7m.c" 1
  44              		_port_exit_from_isr:
  45              	@ 0 "" 2
  46              		.loc 1 214 0
  47              	@ 214 "../../os/ports/GCC/ARMCMx/chcore_v7m.c" 1
  48 000c 00DF     		svc     #0
  49              	@ 0 "" 2
  50              		.loc 1 221 0
  51              		.thumb
  52              		.cfi_endproc
  53              	.LFE11:
  54              		.size	_port_switch_from_isr, .-_port_switch_from_isr
  55 000e 00BF     		.section	.text.SVCallVector,"ax",%progbits
  56              		.align	2
  57              		.p2align 4,,15
ARM GAS  /tmp/cct84Hlw.s 			page 2


  58              		.global	SVCallVector
  59              		.thumb
  60              		.thumb_func
  61              		.type	SVCallVector, %function
  62              	SVCallVector:
  63              	.LFB8:
  64              		.loc 1 65 0
  65              		.cfi_startproc
  66              		@ args = 0, pretend = 0, frame = 0
  67              		@ frame_needed = 0, uses_anonymous_args = 0
  68              		@ link register save eliminated.
  69              		.loc 1 69 0
  70              	@ 69 "../../os/ports/GCC/ARMCMx/chcore_v7m.c" 1
  71 0000 EFF30983 		mrs     r3, PSP
  72              	@ 0 "" 2
  73              	.LVL3:
  74              		.loc 1 73 0
  75              		.thumb
  76 0004 2033     		adds	r3, r3, #32
  77              	.LVL4:
  78              		.loc 1 80 0
  79              	@ 80 "../../os/ports/GCC/ARMCMx/chcore_v7m.c" 1
  80 0006 83F30988 		msr     PSP, r3
  81              	@ 0 "" 2
  82              		.thumb
  83              	.LBB2:
  84              		.loc 1 81 0
  85 000a 0023     		movs	r3, #0
  86              	.LVL5:
  87              	@ 81 "../../os/ports/GCC/ARMCMx/chcore_v7m.c" 1
  88 000c 83F31188 		msr     BASEPRI, r3
  89              	@ 0 "" 2
  90              	.LVL6:
  91              		.thumb
  92 0010 7047     		bx	lr
  93              	.LBE2:
  94              		.cfi_endproc
  95              	.LFE8:
  96              		.size	SVCallVector, .-SVCallVector
  97 0012 00BFAFF3 		.section	.text._port_init,"ax",%progbits
  97      0080AFF3 
  97      0080AFF3 
  97      0080
  98              		.align	2
  99              		.p2align 4,,15
 100              		.global	_port_init
 101              		.thumb
 102              		.thumb_func
 103              		.type	_port_init, %function
 104              	_port_init:
 105              	.LFB9:
 106              		.loc 1 118 0
 107              		.cfi_startproc
 108              		@ args = 0, pretend = 0, frame = 0
 109              		@ frame_needed = 0, uses_anonymous_args = 0
 110 0000 08B5     		push	{r3, lr}
 111              	.LCFI0:
ARM GAS  /tmp/cct84Hlw.s 			page 3


 112              		.cfi_def_cfa_offset 8
 113              		.cfi_offset 3, -8
 114              		.cfi_offset 14, -4
 115              		.loc 1 122 0
 116 0002 4FF44072 		mov	r2, #768
 117              		.loc 1 121 0
 118 0006 4FF46D43 		mov	r3, #60672
 119 000a CEF20003 		movt	r3, 57344
 120              		.loc 1 122 0
 121 000e C0F2FA52 		movt	r2, 1530
 122              		.loc 1 121 0
 123 0012 0021     		movs	r1, #0
 124 0014 9960     		str	r1, [r3, #8]
 125              		.loc 1 125 0
 126 0016 0720     		movs	r0, #7
 127 0018 1021     		movs	r1, #16
 128              		.loc 1 122 0
 129 001a DA60     		str	r2, [r3, #12]
 130              		.loc 1 125 0
 131 001c FFF7FEFF 		bl	nvicSetSystemHandlerPriority
 132              	.LVL7:
 133              		.loc 1 127 0
 134 0020 0A20     		movs	r0, #10
 135 0022 4FF40071 		mov	r1, #512
 136 0026 FFF7FEFF 		bl	nvicSetSystemHandlerPriority
 137              	.LVL8:
 138              		.loc 1 129 0
 139 002a 0B20     		movs	r0, #11
 140 002c 8021     		movs	r1, #128
 141              		.loc 1 131 0
 142 002e BDE80840 		pop	{r3, lr}
 143              		.loc 1 129 0
 144 0032 FFF7FEBF 		b	nvicSetSystemHandlerPriority
 145              	.LVL9:
 146              		.cfi_endproc
 147              	.LFE9:
 148              		.size	_port_init, .-_port_init
 149 0036 00BFAFF3 		.section	.text._port_irq_epilogue,"ax",%progbits
 149      0080AFF3 
 149      0080
 150              		.align	2
 151              		.p2align 4,,15
 152              		.global	_port_irq_epilogue
 153              		.thumb
 154              		.thumb_func
 155              		.type	_port_irq_epilogue, %function
 156              	_port_irq_epilogue:
 157              	.LFB10:
 158              		.loc 1 148 0
 159              		.cfi_startproc
 160              		@ args = 0, pretend = 0, frame = 0
 161              		@ frame_needed = 0, uses_anonymous_args = 0
 162              		@ link register save eliminated.
 163              	.LBB3:
 164              		.loc 1 150 0
 165 0000 2023     		movs	r3, #32
 166              	.LVL10:
ARM GAS  /tmp/cct84Hlw.s 			page 4


 167              	@ 150 "../../os/ports/GCC/ARMCMx/chcore_v7m.c" 1
 168 0002 83F31188 		msr     BASEPRI, r3
 169              	@ 0 "" 2
 170              	.LVL11:
 171              		.thumb
 172              	.LBE3:
 173              		.loc 1 151 0
 174 0006 4FF46D43 		mov	r3, #60672
 175              	.LVL12:
 176 000a CEF20003 		movt	r3, 57344
 177 000e 5868     		ldr	r0, [r3, #4]
 178 0010 10F40063 		ands	r3, r0, #2048
 179 0014 1AD0     		beq	.L5
 180              	.LBB4:
 181              		.loc 1 155 0
 182              	@ 155 "../../os/ports/GCC/ARMCMx/chcore_v7m.c" 1
 183 0016 EFF30983 		mrs     r3, PSP
 184              	@ 0 "" 2
 185              	.LVL13:
 186              		.loc 1 159 0
 187              		.thumb
 188 001a A3F12002 		sub	r2, r3, #32
 189              	.LVL14:
 190              		.loc 1 160 0
 191              	@ 160 "../../os/ports/GCC/ARMCMx/chcore_v7m.c" 1
 192 001e 82F30988 		msr     PSP, r2
 193              	@ 0 "" 2
 194              		.loc 1 165 0
 195              		.thumb
 196 0022 1149     		ldr	r1, .L12
 197              		.loc 1 161 0
 198 0024 4FF08070 		mov	r0, #16777216
 199              		.loc 1 165 0
 200 0028 8A69     		ldr	r2, [r1, #24]
 201              	.LVL15:
 202              		.loc 1 161 0
 203 002a 43F8040C 		str	r0, [r3, #-4]
 204              		.loc 1 165 0
 205 002e 92F82300 		ldrb	r0, [r2, #35]	@ zero_extendqisi2
 206 0032 0968     		ldr	r1, [r1, #0]
 207 0034 9268     		ldr	r2, [r2, #8]
 208 0036 8968     		ldr	r1, [r1, #8]
 209 0038 58B1     		cbz	r0, .L6
 210              		.loc 1 165 0 is_stmt 0 discriminator 1
 211 003a 9142     		cmp	r1, r2
 212 003c 94BF     		ite	ls
 213 003e 0022     		movls	r2, #0
 214 0040 0122     		movhi	r2, #1
 215 0042 62B1     		cbz	r2, .L8
 216              	.L11:
 217              		.loc 1 167 0 is_stmt 1
 218 0044 094A     		ldr	r2, .L12+4
 219 0046 43F8082C 		str	r2, [r3, #-8]
 220 004a 7047     		bx	lr
 221              	.LVL16:
 222              	.L5:
 223              	.LBE4:
ARM GAS  /tmp/cct84Hlw.s 			page 5


 224              	.LBB5:
 225              		.loc 1 197 0
 226              	@ 197 "../../os/ports/GCC/ARMCMx/chcore_v7m.c" 1
 227 004c 83F31188 		msr     BASEPRI, r3
 228              	@ 0 "" 2
 229              	.LVL17:
 230              		.thumb
 231 0050 7047     		bx	lr
 232              	.LVL18:
 233              	.L6:
 234              	.LBE5:
 235              	.LBB6:
 236              		.loc 1 165 0 discriminator 2
 237 0052 9142     		cmp	r1, r2
 238 0054 34BF     		ite	cc
 239 0056 0022     		movcc	r2, #0
 240 0058 0122     		movcs	r2, #1
 241 005a 002A     		cmp	r2, #0
 242 005c F2D1     		bne	.L11
 243              	.L8:
 244              		.loc 1 176 0
 245 005e 0448     		ldr	r0, .L12+8
 246 0060 43F8080C 		str	r0, [r3, #-8]
 247 0064 7047     		bx	lr
 248              	.L13:
 249 0066 00BF     		.align	2
 250              	.L12:
 251 0068 00000000 		.word	rlist
 252 006c 00000000 		.word	_port_switch_from_isr
 253 0070 0C000000 		.word	_port_exit_from_isr
 254              	.LBE6:
 255              		.cfi_endproc
 256              	.LFE10:
 257              		.size	_port_irq_epilogue, .-_port_irq_epilogue
 258 0074 AFF30080 		.section	.text.SysTickVector,"ax",%progbits
 258      AFF30080 
 258      AFF30080 
 259              		.align	2
 260              		.p2align 4,,15
 261              		.global	SysTickVector
 262              		.thumb
 263              		.thumb_func
 264              		.type	SysTickVector, %function
 265              	SysTickVector:
 266              	.LFB7:
 267              		.loc 1 47 0
 268              		.cfi_startproc
 269              		@ args = 0, pretend = 0, frame = 0
 270              		@ frame_needed = 0, uses_anonymous_args = 0
 271 0000 08B5     		push	{r3, lr}
 272              	.LCFI1:
 273              		.cfi_def_cfa_offset 8
 274              		.cfi_offset 3, -8
 275              		.cfi_offset 14, -4
 276              		.loc 1 49 0
 277 0002 FFF7FEFF 		bl	dbg_check_enter_isr
 278              	.LVL19:
ARM GAS  /tmp/cct84Hlw.s 			page 6


 279              	.LBB7:
 280              		.loc 1 51 0
 281 0006 2023     		movs	r3, #32
 282              	.LVL20:
 283              	@ 51 "../../os/ports/GCC/ARMCMx/chcore_v7m.c" 1
 284 0008 83F31188 		msr     BASEPRI, r3
 285              	@ 0 "" 2
 286              	.LVL21:
 287              		.thumb
 288              	.LBE7:
 289 000c FFF7FEFF 		bl	dbg_check_lock_from_isr
 290              	.LVL22:
 291              		.loc 1 52 0
 292 0010 FFF7FEFF 		bl	chSysTimerHandlerI
 293              	.LVL23:
 294              		.loc 1 53 0
 295 0014 FFF7FEFF 		bl	dbg_check_unlock_from_isr
 296              	.LVL24:
 297              	.LBB8:
 298 0018 0023     		movs	r3, #0
 299              	.LVL25:
 300              	@ 53 "../../os/ports/GCC/ARMCMx/chcore_v7m.c" 1
 301 001a 83F31188 		msr     BASEPRI, r3
 302              	@ 0 "" 2
 303              	.LVL26:
 304              		.thumb
 305              	.LBE8:
 306              		.loc 1 55 0
 307 001e FFF7FEFF 		bl	dbg_check_leave_isr
 308              	.LVL27:
 309              		.loc 1 56 0
 310 0022 BDE80840 		pop	{r3, lr}
 311              		.loc 1 55 0
 312 0026 FFF7FEBF 		b	_port_irq_epilogue
 313              	.LVL28:
 314              		.cfi_endproc
 315              	.LFE7:
 316              		.size	SysTickVector, .-SysTickVector
 317 002a 00BFAFF3 		.section	.text._port_switch,"ax",%progbits
 317      0080
 318              		.align	2
 319              		.p2align 4,,15
 320              		.global	_port_switch
 321              		.thumb
 322              		.thumb_func
 323              		.type	_port_switch, %function
 324              	_port_switch:
 325              	.LFB12:
 326              		.loc 1 236 0
 327              		.cfi_startproc
 328              		@ Naked Function: prologue and epilogue provided by programmer.
 329              		@ args = 0, pretend = 0, frame = 0
 330              		@ frame_needed = 0, uses_anonymous_args = 0
 331              	.LVL29:
 332              		.loc 1 238 0
 333              	@ 238 "../../os/ports/GCC/ARMCMx/chcore_v7m.c" 1
 334 0000 2DE9F04F 		push    {r4, r5, r6, r7, r8, r9, r10, r11, lr}
ARM GAS  /tmp/cct84Hlw.s 			page 7


 335              	@ 0 "" 2
 336              		.loc 1 244 0
 337              	@ 244 "../../os/ports/GCC/ARMCMx/chcore_v7m.c" 1
 338 0004 C1F80CD0 		str     sp, [r1, #12]                          
 339 0008 D0F80CD0 		ldr     sp, [r0, #12]
 340              	@ 0 "" 2
 341              		.loc 1 250 0
 342              	@ 250 "../../os/ports/GCC/ARMCMx/chcore_v7m.c" 1
 343 000c BDE8F08F 		pop     {r4, r5, r6, r7, r8, r9, r10, r11, pc}
 344              	@ 0 "" 2
 345              		.loc 1 252 0
 346              		.thumb
 347              		.cfi_endproc
 348              	.LFE12:
 349              		.size	_port_switch, .-_port_switch
 350              		.section	.text._port_thread_start,"ax",%progbits
 351              		.align	2
 352              		.p2align 4,,15
 353              		.global	_port_thread_start
 354              		.thumb
 355              		.thumb_func
 356              		.type	_port_thread_start, %function
 357              	_port_thread_start:
 358              	.LFB13:
 359              		.loc 1 259 0
 360              		.cfi_startproc
 361              		@ args = 0, pretend = 0, frame = 0
 362              		@ frame_needed = 0, uses_anonymous_args = 0
 363 0000 08B5     		push	{r3, lr}
 364              	.LCFI2:
 365              		.cfi_def_cfa_offset 8
 366              		.cfi_offset 3, -8
 367              		.cfi_offset 14, -4
 368              		.loc 1 261 0
 369 0002 FFF7FEFF 		bl	dbg_check_unlock
 370              	.LVL30:
 371              	.LBB9:
 372 0006 0023     		movs	r3, #0
 373              	.LVL31:
 374              	@ 261 "../../os/ports/GCC/ARMCMx/chcore_v7m.c" 1
 375 0008 83F31188 		msr     BASEPRI, r3
 376              	@ 0 "" 2
 377              	.LVL32:
 378              		.thumb
 379              	.LBE9:
 380              		.loc 1 262 0
 381              	@ 262 "../../os/ports/GCC/ARMCMx/chcore_v7m.c" 1
 382 000c 2846     		mov     r0, r5                                 
 383 000e A047     		blx     r4                                     
 384 0010 FFF7FEFF 		bl      chThdExit
 385              	@ 0 "" 2
 386              		.thumb
 387 0014 08BD     		pop	{r3, pc}
 388              		.cfi_endproc
 389              	.LFE13:
 390              		.size	_port_thread_start, .-_port_thread_start
 391 0016 00BFAFF3 		.text
ARM GAS  /tmp/cct84Hlw.s 			page 8


 391      0080AFF3 
 391      0080
 392              	.Letext0:
 393              		.file 2 "/usr/bin/../lib/gcc/arm-none-eabi/4.7.4/../../../../arm-none-eabi/include/stdint.h"
 394              		.file 3 "../../os/ports/GCC/ARMCMx/chtypes.h"
 395              		.file 4 "../../os/kernel/include/chlists.h"
 396              		.file 5 "../../os/kernel/include/chthreads.h"
 397              		.file 6 "../../os/ports/GCC/ARMCMx/chcore_v7m.h"
 398              		.file 7 "../../os/ports/common/ARMCMx/nvic.h"
 399              		.file 8 "../../os/kernel/include/chschd.h"
 400              		.file 9 "../../os/kernel/include/chmtx.h"
 401              		.file 10 "../../os/kernel/include/chdebug.h"
 402              		.file 11 "../../os/kernel/include/chsys.h"
 403              		.section	.debug_info,"",%progbits
 404              	.Ldebug_info0:
 405 0000 44090000 		.4byte	0x944
 406 0004 0200     		.2byte	0x2
 407 0006 00000000 		.4byte	.Ldebug_abbrev0
 408 000a 04       		.byte	0x4
 409 000b 01       		.uleb128 0x1
 410 000c 4C020000 		.4byte	.LASF102
 411 0010 01       		.byte	0x1
 412 0011 BE030000 		.4byte	.LASF103
 413 0015 0A020000 		.4byte	.LASF104
 414 0019 18000000 		.4byte	.Ldebug_ranges0+0x18
 415 001d 00000000 		.4byte	0
 416 0021 00000000 		.4byte	0
 417 0025 00000000 		.4byte	.Ldebug_line0
 418 0029 02       		.uleb128 0x2
 419 002a 04       		.byte	0x4
 420 002b 05       		.byte	0x5
 421 002c 696E7400 		.ascii	"int\000"
 422 0030 03       		.uleb128 0x3
 423 0031 04       		.byte	0x4
 424 0032 07       		.byte	0x7
 425 0033 4B010000 		.4byte	.LASF0
 426 0037 03       		.uleb128 0x3
 427 0038 01       		.byte	0x1
 428 0039 06       		.byte	0x6
 429 003a 7A000000 		.4byte	.LASF1
 430 003e 04       		.uleb128 0x4
 431 003f 5C040000 		.4byte	.LASF5
 432 0043 02       		.byte	0x2
 433 0044 2A       		.byte	0x2a
 434 0045 49000000 		.4byte	0x49
 435 0049 03       		.uleb128 0x3
 436 004a 01       		.byte	0x1
 437 004b 08       		.byte	0x8
 438 004c 25030000 		.4byte	.LASF2
 439 0050 03       		.uleb128 0x3
 440 0051 02       		.byte	0x2
 441 0052 05       		.byte	0x5
 442 0053 43030000 		.4byte	.LASF3
 443 0057 03       		.uleb128 0x3
 444 0058 02       		.byte	0x2
 445 0059 07       		.byte	0x7
 446 005a A8010000 		.4byte	.LASF4
ARM GAS  /tmp/cct84Hlw.s 			page 9


 447 005e 04       		.uleb128 0x4
 448 005f 1D030000 		.4byte	.LASF6
 449 0063 02       		.byte	0x2
 450 0064 4F       		.byte	0x4f
 451 0065 69000000 		.4byte	0x69
 452 0069 03       		.uleb128 0x3
 453 006a 04       		.byte	0x4
 454 006b 05       		.byte	0x5
 455 006c BA000000 		.4byte	.LASF7
 456 0070 04       		.uleb128 0x4
 457 0071 93030000 		.4byte	.LASF8
 458 0075 02       		.byte	0x2
 459 0076 50       		.byte	0x50
 460 0077 7B000000 		.4byte	0x7b
 461 007b 03       		.uleb128 0x3
 462 007c 04       		.byte	0x4
 463 007d 07       		.byte	0x7
 464 007e 73010000 		.4byte	.LASF9
 465 0082 03       		.uleb128 0x3
 466 0083 08       		.byte	0x8
 467 0084 05       		.byte	0x5
 468 0085 6C000000 		.4byte	.LASF10
 469 0089 04       		.uleb128 0x4
 470 008a 0D000000 		.4byte	.LASF11
 471 008e 02       		.byte	0x2
 472 008f 78       		.byte	0x78
 473 0090 94000000 		.4byte	0x94
 474 0094 03       		.uleb128 0x3
 475 0095 08       		.byte	0x8
 476 0096 07       		.byte	0x7
 477 0097 3F000000 		.4byte	.LASF12
 478 009b 03       		.uleb128 0x3
 479 009c 01       		.byte	0x1
 480 009d 02       		.byte	0x2
 481 009e 17030000 		.4byte	.LASF13
 482 00a2 04       		.uleb128 0x4
 483 00a3 EA010000 		.4byte	.LASF14
 484 00a7 03       		.byte	0x3
 485 00a8 2C       		.byte	0x2c
 486 00a9 3E000000 		.4byte	0x3e
 487 00ad 04       		.uleb128 0x4
 488 00ae C3000000 		.4byte	.LASF15
 489 00b2 03       		.byte	0x3
 490 00b3 2D       		.byte	0x2d
 491 00b4 3E000000 		.4byte	0x3e
 492 00b8 04       		.uleb128 0x4
 493 00b9 FB020000 		.4byte	.LASF16
 494 00bd 03       		.byte	0x3
 495 00be 2E       		.byte	0x2e
 496 00bf 3E000000 		.4byte	0x3e
 497 00c3 04       		.uleb128 0x4
 498 00c4 B0000000 		.4byte	.LASF17
 499 00c8 03       		.byte	0x3
 500 00c9 2F       		.byte	0x2f
 501 00ca 3E000000 		.4byte	0x3e
 502 00ce 04       		.uleb128 0x4
 503 00cf 0F030000 		.4byte	.LASF18
ARM GAS  /tmp/cct84Hlw.s 			page 10


 504 00d3 03       		.byte	0x3
 505 00d4 30       		.byte	0x30
 506 00d5 70000000 		.4byte	0x70
 507 00d9 04       		.uleb128 0x4
 508 00da C0010000 		.4byte	.LASF19
 509 00de 03       		.byte	0x3
 510 00df 31       		.byte	0x31
 511 00e0 5E000000 		.4byte	0x5e
 512 00e4 04       		.uleb128 0x4
 513 00e5 FE010000 		.4byte	.LASF20
 514 00e9 03       		.byte	0x3
 515 00ea 33       		.byte	0x33
 516 00eb 70000000 		.4byte	0x70
 517 00ef 04       		.uleb128 0x4
 518 00f0 EC030000 		.4byte	.LASF21
 519 00f4 03       		.byte	0x3
 520 00f5 35       		.byte	0x35
 521 00f6 70000000 		.4byte	0x70
 522 00fa 04       		.uleb128 0x4
 523 00fb 81030000 		.4byte	.LASF22
 524 00ff 04       		.byte	0x4
 525 0100 2A       		.byte	0x2a
 526 0101 05010000 		.4byte	0x105
 527 0105 05       		.uleb128 0x5
 528 0106 81030000 		.4byte	.LASF22
 529 010a 4C       		.byte	0x4c
 530 010b 05       		.byte	0x5
 531 010c 5E       		.byte	0x5e
 532 010d 38020000 		.4byte	0x238
 533 0111 06       		.uleb128 0x6
 534 0112 72030000 		.4byte	.LASF23
 535 0116 05       		.byte	0x5
 536 0117 5F       		.byte	0x5f
 537 0118 5D020000 		.4byte	0x25d
 538 011c 02       		.byte	0x2
 539 011d 23       		.byte	0x23
 540 011e 00       		.uleb128 0
 541 011f 06       		.uleb128 0x6
 542 0120 08030000 		.4byte	.LASF24
 543 0124 05       		.byte	0x5
 544 0125 61       		.byte	0x61
 545 0126 5D020000 		.4byte	0x25d
 546 012a 02       		.byte	0x2
 547 012b 23       		.byte	0x23
 548 012c 04       		.uleb128 0x4
 549 012d 06       		.uleb128 0x6
 550 012e 65000000 		.4byte	.LASF25
 551 0132 05       		.byte	0x5
 552 0133 63       		.byte	0x63
 553 0134 CE000000 		.4byte	0xce
 554 0138 02       		.byte	0x2
 555 0139 23       		.byte	0x23
 556 013a 08       		.uleb128 0x8
 557 013b 06       		.uleb128 0x6
 558 013c A8040000 		.4byte	.LASF26
 559 0140 05       		.byte	0x5
 560 0141 64       		.byte	0x64
ARM GAS  /tmp/cct84Hlw.s 			page 11


 561 0142 AE030000 		.4byte	0x3ae
 562 0146 02       		.byte	0x2
 563 0147 23       		.byte	0x23
 564 0148 0C       		.uleb128 0xc
 565 0149 06       		.uleb128 0x6
 566 014a DF000000 		.4byte	.LASF27
 567 014e 05       		.byte	0x5
 568 014f 66       		.byte	0x66
 569 0150 5D020000 		.4byte	0x25d
 570 0154 02       		.byte	0x2
 571 0155 23       		.byte	0x23
 572 0156 10       		.uleb128 0x10
 573 0157 06       		.uleb128 0x6
 574 0158 BD020000 		.4byte	.LASF28
 575 015c 05       		.byte	0x5
 576 015d 67       		.byte	0x67
 577 015e 5D020000 		.4byte	0x25d
 578 0162 02       		.byte	0x2
 579 0163 23       		.byte	0x23
 580 0164 14       		.uleb128 0x14
 581 0165 06       		.uleb128 0x6
 582 0166 8E040000 		.4byte	.LASF29
 583 016a 05       		.byte	0x5
 584 016b 6E       		.byte	0x6e
 585 016c 66060000 		.4byte	0x666
 586 0170 02       		.byte	0x2
 587 0171 23       		.byte	0x23
 588 0172 18       		.uleb128 0x18
 589 0173 06       		.uleb128 0x6
 590 0174 40010000 		.4byte	.LASF30
 591 0178 05       		.byte	0x5
 592 0179 74       		.byte	0x74
 593 017a 78060000 		.4byte	0x678
 594 017e 02       		.byte	0x2
 595 017f 23       		.byte	0x23
 596 0180 1C       		.uleb128 0x1c
 597 0181 06       		.uleb128 0x6
 598 0182 4D030000 		.4byte	.LASF31
 599 0186 05       		.byte	0x5
 600 0187 79       		.byte	0x79
 601 0188 AD000000 		.4byte	0xad
 602 018c 02       		.byte	0x2
 603 018d 23       		.byte	0x23
 604 018e 20       		.uleb128 0x20
 605 018f 06       		.uleb128 0x6
 606 0190 79030000 		.4byte	.LASF32
 607 0194 05       		.byte	0x5
 608 0195 7D       		.byte	0x7d
 609 0196 A2000000 		.4byte	0xa2
 610 019a 02       		.byte	0x2
 611 019b 23       		.byte	0x23
 612 019c 21       		.uleb128 0x21
 613 019d 06       		.uleb128 0x6
 614 019e 40040000 		.4byte	.LASF33
 615 01a2 05       		.byte	0x5
 616 01a3 82       		.byte	0x82
 617 01a4 B8000000 		.4byte	0xb8
ARM GAS  /tmp/cct84Hlw.s 			page 12


 618 01a8 02       		.byte	0x2
 619 01a9 23       		.byte	0x23
 620 01aa 22       		.uleb128 0x22
 621 01ab 06       		.uleb128 0x6
 622 01ac 55030000 		.4byte	.LASF34
 623 01b0 05       		.byte	0x5
 624 01b1 88       		.byte	0x88
 625 01b2 C3000000 		.4byte	0xc3
 626 01b6 02       		.byte	0x2
 627 01b7 23       		.byte	0x23
 628 01b8 23       		.uleb128 0x23
 629 01b9 06       		.uleb128 0x6
 630 01ba 0E040000 		.4byte	.LASF35
 631 01be 05       		.byte	0x5
 632 01bf 8F       		.byte	0x8f
 633 01c0 7C050000 		.4byte	0x57c
 634 01c4 02       		.byte	0x2
 635 01c5 23       		.byte	0x23
 636 01c6 24       		.uleb128 0x24
 637 01c7 07       		.uleb128 0x7
 638 01c8 705F7500 		.ascii	"p_u\000"
 639 01cc 05       		.byte	0x5
 640 01cd B4       		.byte	0xb4
 641 01ce 31060000 		.4byte	0x631
 642 01d2 02       		.byte	0x2
 643 01d3 23       		.byte	0x23
 644 01d4 28       		.uleb128 0x28
 645 01d5 06       		.uleb128 0x6
 646 01d6 AE040000 		.4byte	.LASF36
 647 01da 05       		.byte	0x5
 648 01db B9       		.byte	0xb9
 649 01dc 85020000 		.4byte	0x285
 650 01e0 02       		.byte	0x2
 651 01e1 23       		.byte	0x23
 652 01e2 2C       		.uleb128 0x2c
 653 01e3 06       		.uleb128 0x6
 654 01e4 35040000 		.4byte	.LASF37
 655 01e8 05       		.byte	0x5
 656 01e9 BF       		.byte	0xbf
 657 01ea 63020000 		.4byte	0x263
 658 01ee 02       		.byte	0x2
 659 01ef 23       		.byte	0x23
 660 01f0 30       		.uleb128 0x30
 661 01f1 06       		.uleb128 0x6
 662 01f2 00000000 		.4byte	.LASF38
 663 01f6 05       		.byte	0x5
 664 01f7 C3       		.byte	0xc3
 665 01f8 D9000000 		.4byte	0xd9
 666 01fc 02       		.byte	0x2
 667 01fd 23       		.byte	0x23
 668 01fe 38       		.uleb128 0x38
 669 01ff 06       		.uleb128 0x6
 670 0200 88030000 		.4byte	.LASF39
 671 0204 05       		.byte	0x5
 672 0205 C9       		.byte	0xc9
 673 0206 E4000000 		.4byte	0xe4
 674 020a 02       		.byte	0x2
ARM GAS  /tmp/cct84Hlw.s 			page 13


 675 020b 23       		.byte	0x23
 676 020c 3C       		.uleb128 0x3c
 677 020d 06       		.uleb128 0x6
 678 020e 39030000 		.4byte	.LASF40
 679 0212 05       		.byte	0x5
 680 0213 D0       		.byte	0xd0
 681 0214 7E060000 		.4byte	0x67e
 682 0218 02       		.byte	0x2
 683 0219 23       		.byte	0x23
 684 021a 40       		.uleb128 0x40
 685 021b 06       		.uleb128 0x6
 686 021c F6030000 		.4byte	.LASF41
 687 0220 05       		.byte	0x5
 688 0221 D4       		.byte	0xd4
 689 0222 CE000000 		.4byte	0xce
 690 0226 02       		.byte	0x2
 691 0227 23       		.byte	0x23
 692 0228 44       		.uleb128 0x44
 693 0229 06       		.uleb128 0x6
 694 022a A0000000 		.4byte	.LASF42
 695 022e 05       		.byte	0x5
 696 022f DA       		.byte	0xda
 697 0230 9B020000 		.4byte	0x29b
 698 0234 02       		.byte	0x2
 699 0235 23       		.byte	0x23
 700 0236 48       		.uleb128 0x48
 701 0237 00       		.byte	0
 702 0238 08       		.uleb128 0x8
 703 0239 08       		.byte	0x8
 704 023a 04       		.byte	0x4
 705 023b 61       		.byte	0x61
 706 023c 5D020000 		.4byte	0x25d
 707 0240 06       		.uleb128 0x6
 708 0241 72030000 		.4byte	.LASF23
 709 0245 04       		.byte	0x4
 710 0246 62       		.byte	0x62
 711 0247 5D020000 		.4byte	0x25d
 712 024b 02       		.byte	0x2
 713 024c 23       		.byte	0x23
 714 024d 00       		.uleb128 0
 715 024e 06       		.uleb128 0x6
 716 024f 08030000 		.4byte	.LASF24
 717 0253 04       		.byte	0x4
 718 0254 64       		.byte	0x64
 719 0255 5D020000 		.4byte	0x25d
 720 0259 02       		.byte	0x2
 721 025a 23       		.byte	0x23
 722 025b 04       		.uleb128 0x4
 723 025c 00       		.byte	0
 724 025d 09       		.uleb128 0x9
 725 025e 04       		.byte	0x4
 726 025f FA000000 		.4byte	0xfa
 727 0263 04       		.uleb128 0x4
 728 0264 CB020000 		.4byte	.LASF43
 729 0268 04       		.byte	0x4
 730 0269 66       		.byte	0x66
 731 026a 38020000 		.4byte	0x238
ARM GAS  /tmp/cct84Hlw.s 			page 14


 732 026e 08       		.uleb128 0x8
 733 026f 04       		.byte	0x4
 734 0270 04       		.byte	0x4
 735 0271 6B       		.byte	0x6b
 736 0272 85020000 		.4byte	0x285
 737 0276 06       		.uleb128 0x6
 738 0277 72030000 		.4byte	.LASF23
 739 027b 04       		.byte	0x4
 740 027c 6D       		.byte	0x6d
 741 027d 5D020000 		.4byte	0x25d
 742 0281 02       		.byte	0x2
 743 0282 23       		.byte	0x23
 744 0283 00       		.uleb128 0
 745 0284 00       		.byte	0
 746 0285 04       		.uleb128 0x4
 747 0286 F2010000 		.4byte	.LASF44
 748 028a 04       		.byte	0x4
 749 028b 70       		.byte	0x70
 750 028c 6E020000 		.4byte	0x26e
 751 0290 04       		.uleb128 0x4
 752 0291 11010000 		.4byte	.LASF45
 753 0295 06       		.byte	0x6
 754 0296 E5       		.byte	0xe5
 755 0297 9B020000 		.4byte	0x29b
 756 029b 0A       		.uleb128 0xa
 757 029c 04       		.byte	0x4
 758 029d 04       		.uleb128 0x4
 759 029e 95020000 		.4byte	.LASF46
 760 02a2 06       		.byte	0x6
 761 02a3 EB       		.byte	0xeb
 762 02a4 89000000 		.4byte	0x89
 763 02a8 05       		.uleb128 0x5
 764 02a9 5F010000 		.4byte	.LASF47
 765 02ad 20       		.byte	0x20
 766 02ae 06       		.byte	0x6
 767 02af ED       		.byte	0xed
 768 02b0 20030000 		.4byte	0x320
 769 02b4 07       		.uleb128 0x7
 770 02b5 723000   		.ascii	"r0\000"
 771 02b8 06       		.byte	0x6
 772 02b9 EE       		.byte	0xee
 773 02ba 90020000 		.4byte	0x290
 774 02be 02       		.byte	0x2
 775 02bf 23       		.byte	0x23
 776 02c0 00       		.uleb128 0
 777 02c1 07       		.uleb128 0x7
 778 02c2 723100   		.ascii	"r1\000"
 779 02c5 06       		.byte	0x6
 780 02c6 EF       		.byte	0xef
 781 02c7 90020000 		.4byte	0x290
 782 02cb 02       		.byte	0x2
 783 02cc 23       		.byte	0x23
 784 02cd 04       		.uleb128 0x4
 785 02ce 07       		.uleb128 0x7
 786 02cf 723200   		.ascii	"r2\000"
 787 02d2 06       		.byte	0x6
 788 02d3 F0       		.byte	0xf0
ARM GAS  /tmp/cct84Hlw.s 			page 15


 789 02d4 90020000 		.4byte	0x290
 790 02d8 02       		.byte	0x2
 791 02d9 23       		.byte	0x23
 792 02da 08       		.uleb128 0x8
 793 02db 07       		.uleb128 0x7
 794 02dc 723300   		.ascii	"r3\000"
 795 02df 06       		.byte	0x6
 796 02e0 F1       		.byte	0xf1
 797 02e1 90020000 		.4byte	0x290
 798 02e5 02       		.byte	0x2
 799 02e6 23       		.byte	0x23
 800 02e7 0C       		.uleb128 0xc
 801 02e8 07       		.uleb128 0x7
 802 02e9 72313200 		.ascii	"r12\000"
 803 02ed 06       		.byte	0x6
 804 02ee F2       		.byte	0xf2
 805 02ef 90020000 		.4byte	0x290
 806 02f3 02       		.byte	0x2
 807 02f4 23       		.byte	0x23
 808 02f5 10       		.uleb128 0x10
 809 02f6 06       		.uleb128 0x6
 810 02f7 58010000 		.4byte	.LASF48
 811 02fb 06       		.byte	0x6
 812 02fc F3       		.byte	0xf3
 813 02fd 90020000 		.4byte	0x290
 814 0301 02       		.byte	0x2
 815 0302 23       		.byte	0x23
 816 0303 14       		.uleb128 0x14
 817 0304 07       		.uleb128 0x7
 818 0305 706300   		.ascii	"pc\000"
 819 0308 06       		.byte	0x6
 820 0309 F4       		.byte	0xf4
 821 030a 90020000 		.4byte	0x290
 822 030e 02       		.byte	0x2
 823 030f 23       		.byte	0x23
 824 0310 18       		.uleb128 0x18
 825 0311 06       		.uleb128 0x6
 826 0312 5F030000 		.4byte	.LASF49
 827 0316 06       		.byte	0x6
 828 0317 F5       		.byte	0xf5
 829 0318 90020000 		.4byte	0x290
 830 031c 02       		.byte	0x2
 831 031d 23       		.byte	0x23
 832 031e 1C       		.uleb128 0x1c
 833 031f 00       		.byte	0
 834 0320 0B       		.uleb128 0xb
 835 0321 2E040000 		.4byte	.LASF50
 836 0325 24       		.byte	0x24
 837 0326 06       		.byte	0x6
 838 0327 0C01     		.2byte	0x10c
 839 0329 AE030000 		.4byte	0x3ae
 840 032d 0C       		.uleb128 0xc
 841 032e 723400   		.ascii	"r4\000"
 842 0331 06       		.byte	0x6
 843 0332 1F01     		.2byte	0x11f
 844 0334 90020000 		.4byte	0x290
 845 0338 02       		.byte	0x2
ARM GAS  /tmp/cct84Hlw.s 			page 16


 846 0339 23       		.byte	0x23
 847 033a 00       		.uleb128 0
 848 033b 0C       		.uleb128 0xc
 849 033c 723500   		.ascii	"r5\000"
 850 033f 06       		.byte	0x6
 851 0340 2001     		.2byte	0x120
 852 0342 90020000 		.4byte	0x290
 853 0346 02       		.byte	0x2
 854 0347 23       		.byte	0x23
 855 0348 04       		.uleb128 0x4
 856 0349 0C       		.uleb128 0xc
 857 034a 723600   		.ascii	"r6\000"
 858 034d 06       		.byte	0x6
 859 034e 2101     		.2byte	0x121
 860 0350 90020000 		.4byte	0x290
 861 0354 02       		.byte	0x2
 862 0355 23       		.byte	0x23
 863 0356 08       		.uleb128 0x8
 864 0357 0C       		.uleb128 0xc
 865 0358 723700   		.ascii	"r7\000"
 866 035b 06       		.byte	0x6
 867 035c 2201     		.2byte	0x122
 868 035e 90020000 		.4byte	0x290
 869 0362 02       		.byte	0x2
 870 0363 23       		.byte	0x23
 871 0364 0C       		.uleb128 0xc
 872 0365 0C       		.uleb128 0xc
 873 0366 723800   		.ascii	"r8\000"
 874 0369 06       		.byte	0x6
 875 036a 2301     		.2byte	0x123
 876 036c 90020000 		.4byte	0x290
 877 0370 02       		.byte	0x2
 878 0371 23       		.byte	0x23
 879 0372 10       		.uleb128 0x10
 880 0373 0C       		.uleb128 0xc
 881 0374 723900   		.ascii	"r9\000"
 882 0377 06       		.byte	0x6
 883 0378 2401     		.2byte	0x124
 884 037a 90020000 		.4byte	0x290
 885 037e 02       		.byte	0x2
 886 037f 23       		.byte	0x23
 887 0380 14       		.uleb128 0x14
 888 0381 0C       		.uleb128 0xc
 889 0382 72313000 		.ascii	"r10\000"
 890 0386 06       		.byte	0x6
 891 0387 2501     		.2byte	0x125
 892 0389 90020000 		.4byte	0x290
 893 038d 02       		.byte	0x2
 894 038e 23       		.byte	0x23
 895 038f 18       		.uleb128 0x18
 896 0390 0C       		.uleb128 0xc
 897 0391 72313100 		.ascii	"r11\000"
 898 0395 06       		.byte	0x6
 899 0396 2601     		.2byte	0x126
 900 0398 90020000 		.4byte	0x290
 901 039c 02       		.byte	0x2
 902 039d 23       		.byte	0x23
ARM GAS  /tmp/cct84Hlw.s 			page 17


 903 039e 1C       		.uleb128 0x1c
 904 039f 0C       		.uleb128 0xc
 905 03a0 6C7200   		.ascii	"lr\000"
 906 03a3 06       		.byte	0x6
 907 03a4 2701     		.2byte	0x127
 908 03a6 90020000 		.4byte	0x290
 909 03aa 02       		.byte	0x2
 910 03ab 23       		.byte	0x23
 911 03ac 20       		.uleb128 0x20
 912 03ad 00       		.byte	0
 913 03ae 0B       		.uleb128 0xb
 914 03af A0010000 		.4byte	.LASF51
 915 03b3 04       		.byte	0x4
 916 03b4 06       		.byte	0x6
 917 03b5 3101     		.2byte	0x131
 918 03b7 CB030000 		.4byte	0x3cb
 919 03bb 0C       		.uleb128 0xc
 920 03bc 72313300 		.ascii	"r13\000"
 921 03c0 06       		.byte	0x6
 922 03c1 3201     		.2byte	0x132
 923 03c3 CB030000 		.4byte	0x3cb
 924 03c7 02       		.byte	0x2
 925 03c8 23       		.byte	0x23
 926 03c9 00       		.uleb128 0
 927 03ca 00       		.byte	0
 928 03cb 09       		.uleb128 0x9
 929 03cc 04       		.byte	0x4
 930 03cd 20030000 		.4byte	0x320
 931 03d1 04       		.uleb128 0x4
 932 03d2 B6030000 		.4byte	.LASF52
 933 03d6 07       		.byte	0x7
 934 03d7 3A       		.byte	0x3a
 935 03d8 DC030000 		.4byte	0x3dc
 936 03dc 0D       		.uleb128 0xd
 937 03dd 70000000 		.4byte	0x70
 938 03e1 03       		.uleb128 0x3
 939 03e2 04       		.byte	0x4
 940 03e3 07       		.byte	0x7
 941 03e4 A0020000 		.4byte	.LASF53
 942 03e8 08       		.uleb128 0x8
 943 03e9 8C       		.byte	0x8c
 944 03ea 07       		.byte	0x7
 945 03eb 89       		.byte	0x89
 946 03ec 18050000 		.4byte	0x518
 947 03f0 06       		.uleb128 0x6
 948 03f1 5F000000 		.4byte	.LASF54
 949 03f5 07       		.byte	0x7
 950 03f6 8A       		.byte	0x8a
 951 03f7 D1030000 		.4byte	0x3d1
 952 03fb 02       		.byte	0x2
 953 03fc 23       		.byte	0x23
 954 03fd 00       		.uleb128 0
 955 03fe 06       		.uleb128 0x6
 956 03ff BB010000 		.4byte	.LASF55
 957 0403 07       		.byte	0x7
 958 0404 8B       		.byte	0x8b
 959 0405 D1030000 		.4byte	0x3d1
ARM GAS  /tmp/cct84Hlw.s 			page 18


 960 0409 02       		.byte	0x2
 961 040a 23       		.byte	0x23
 962 040b 04       		.uleb128 0x4
 963 040c 06       		.uleb128 0x6
 964 040d 85010000 		.4byte	.LASF56
 965 0411 07       		.byte	0x7
 966 0412 8C       		.byte	0x8c
 967 0413 D1030000 		.4byte	0x3d1
 968 0417 02       		.byte	0x2
 969 0418 23       		.byte	0x23
 970 0419 08       		.uleb128 0x8
 971 041a 06       		.uleb128 0x6
 972 041b C6010000 		.4byte	.LASF57
 973 041f 07       		.byte	0x7
 974 0420 8D       		.byte	0x8d
 975 0421 D1030000 		.4byte	0x3d1
 976 0425 02       		.byte	0x2
 977 0426 23       		.byte	0x23
 978 0427 0C       		.uleb128 0xc
 979 0428 07       		.uleb128 0x7
 980 0429 53435200 		.ascii	"SCR\000"
 981 042d 07       		.byte	0x7
 982 042e 8E       		.byte	0x8e
 983 042f D1030000 		.4byte	0x3d1
 984 0433 02       		.byte	0x2
 985 0434 23       		.byte	0x23
 986 0435 10       		.uleb128 0x10
 987 0436 07       		.uleb128 0x7
 988 0437 43435200 		.ascii	"CCR\000"
 989 043b 07       		.byte	0x7
 990 043c 8F       		.byte	0x8f
 991 043d D1030000 		.4byte	0x3d1
 992 0441 02       		.byte	0x2
 993 0442 23       		.byte	0x23
 994 0443 14       		.uleb128 0x14
 995 0444 06       		.uleb128 0x6
 996 0445 15040000 		.4byte	.LASF58
 997 0449 07       		.byte	0x7
 998 044a 90       		.byte	0x90
 999 044b 28050000 		.4byte	0x528
 1000 044f 02       		.byte	0x2
 1001 0450 23       		.byte	0x23
 1002 0451 18       		.uleb128 0x18
 1003 0452 06       		.uleb128 0x6
 1004 0453 33030000 		.4byte	.LASF59
 1005 0457 07       		.byte	0x7
 1006 0458 91       		.byte	0x91
 1007 0459 D1030000 		.4byte	0x3d1
 1008 045d 02       		.byte	0x2
 1009 045e 23       		.byte	0x23
 1010 045f 24       		.uleb128 0x24
 1011 0460 06       		.uleb128 0x6
 1012 0461 B8020000 		.4byte	.LASF60
 1013 0465 07       		.byte	0x7
 1014 0466 92       		.byte	0x92
 1015 0467 D1030000 		.4byte	0x3d1
 1016 046b 02       		.byte	0x2
ARM GAS  /tmp/cct84Hlw.s 			page 19


 1017 046c 23       		.byte	0x23
 1018 046d 28       		.uleb128 0x28
 1019 046e 06       		.uleb128 0x6
 1020 046f 9B040000 		.4byte	.LASF61
 1021 0473 07       		.byte	0x7
 1022 0474 93       		.byte	0x93
 1023 0475 D1030000 		.4byte	0x3d1
 1024 0479 02       		.byte	0x2
 1025 047a 23       		.byte	0x23
 1026 047b 2C       		.uleb128 0x2c
 1027 047c 06       		.uleb128 0x6
 1028 047d CC010000 		.4byte	.LASF62
 1029 0481 07       		.byte	0x7
 1030 0482 94       		.byte	0x94
 1031 0483 D1030000 		.4byte	0x3d1
 1032 0487 02       		.byte	0x2
 1033 0488 23       		.byte	0x23
 1034 0489 30       		.uleb128 0x30
 1035 048a 06       		.uleb128 0x6
 1036 048b D1010000 		.4byte	.LASF63
 1037 048f 07       		.byte	0x7
 1038 0490 95       		.byte	0x95
 1039 0491 D1030000 		.4byte	0x3d1
 1040 0495 02       		.byte	0x2
 1041 0496 23       		.byte	0x23
 1042 0497 34       		.uleb128 0x34
 1043 0498 06       		.uleb128 0x6
 1044 0499 E7000000 		.4byte	.LASF64
 1045 049d 07       		.byte	0x7
 1046 049e 96       		.byte	0x96
 1047 049f D1030000 		.4byte	0x3d1
 1048 04a3 02       		.byte	0x2
 1049 04a4 23       		.byte	0x23
 1050 04a5 38       		.uleb128 0x38
 1051 04a6 06       		.uleb128 0x6
 1052 04a7 A4030000 		.4byte	.LASF65
 1053 04ab 07       		.byte	0x7
 1054 04ac 97       		.byte	0x97
 1055 04ad D1030000 		.4byte	0x3d1
 1056 04b1 02       		.byte	0x2
 1057 04b2 23       		.byte	0x23
 1058 04b3 3C       		.uleb128 0x3c
 1059 04b4 07       		.uleb128 0x7
 1060 04b5 50465200 		.ascii	"PFR\000"
 1061 04b9 07       		.byte	0x7
 1062 04ba 98       		.byte	0x98
 1063 04bb 3D050000 		.4byte	0x53d
 1064 04bf 02       		.byte	0x2
 1065 04c0 23       		.byte	0x23
 1066 04c1 40       		.uleb128 0x40
 1067 04c2 07       		.uleb128 0x7
 1068 04c3 44465200 		.ascii	"DFR\000"
 1069 04c7 07       		.byte	0x7
 1070 04c8 99       		.byte	0x99
 1071 04c9 D1030000 		.4byte	0x3d1
 1072 04cd 02       		.byte	0x2
 1073 04ce 23       		.byte	0x23
ARM GAS  /tmp/cct84Hlw.s 			page 20


 1074 04cf 48       		.uleb128 0x48
 1075 04d0 07       		.uleb128 0x7
 1076 04d1 41445200 		.ascii	"ADR\000"
 1077 04d5 07       		.byte	0x7
 1078 04d6 9A       		.byte	0x9a
 1079 04d7 D1030000 		.4byte	0x3d1
 1080 04db 02       		.byte	0x2
 1081 04dc 23       		.byte	0x23
 1082 04dd 4C       		.uleb128 0x4c
 1083 04de 06       		.uleb128 0x6
 1084 04df 51040000 		.4byte	.LASF66
 1085 04e3 07       		.byte	0x7
 1086 04e4 9B       		.byte	0x9b
 1087 04e5 52050000 		.4byte	0x552
 1088 04e9 02       		.byte	0x2
 1089 04ea 23       		.byte	0x23
 1090 04eb 50       		.uleb128 0x50
 1091 04ec 07       		.uleb128 0x7
 1092 04ed 53415200 		.ascii	"SAR\000"
 1093 04f1 07       		.byte	0x7
 1094 04f2 9C       		.byte	0x9c
 1095 04f3 67050000 		.4byte	0x567
 1096 04f7 02       		.byte	0x2
 1097 04f8 23       		.byte	0x23
 1098 04f9 60       		.uleb128 0x60
 1099 04fa 06       		.uleb128 0x6
 1100 04fb A9030000 		.4byte	.LASF67
 1101 04ff 07       		.byte	0x7
 1102 0500 9D       		.byte	0x9d
 1103 0501 6C050000 		.4byte	0x56c
 1104 0505 02       		.byte	0x2
 1105 0506 23       		.byte	0x23
 1106 0507 74       		.uleb128 0x74
 1107 0508 06       		.uleb128 0x6
 1108 0509 95040000 		.4byte	.LASF68
 1109 050d 07       		.byte	0x7
 1110 050e 9E       		.byte	0x9e
 1111 050f D1030000 		.4byte	0x3d1
 1112 0513 03       		.byte	0x3
 1113 0514 23       		.byte	0x23
 1114 0515 8801     		.uleb128 0x88
 1115 0517 00       		.byte	0
 1116 0518 0E       		.uleb128 0xe
 1117 0519 D1030000 		.4byte	0x3d1
 1118 051d 28050000 		.4byte	0x528
 1119 0521 0F       		.uleb128 0xf
 1120 0522 E1030000 		.4byte	0x3e1
 1121 0526 02       		.byte	0x2
 1122 0527 00       		.byte	0
 1123 0528 0D       		.uleb128 0xd
 1124 0529 18050000 		.4byte	0x518
 1125 052d 0E       		.uleb128 0xe
 1126 052e D1030000 		.4byte	0x3d1
 1127 0532 3D050000 		.4byte	0x53d
 1128 0536 0F       		.uleb128 0xf
 1129 0537 E1030000 		.4byte	0x3e1
 1130 053b 01       		.byte	0x1
ARM GAS  /tmp/cct84Hlw.s 			page 21


 1131 053c 00       		.byte	0
 1132 053d 0D       		.uleb128 0xd
 1133 053e 2D050000 		.4byte	0x52d
 1134 0542 0E       		.uleb128 0xe
 1135 0543 D1030000 		.4byte	0x3d1
 1136 0547 52050000 		.4byte	0x552
 1137 054b 0F       		.uleb128 0xf
 1138 054c E1030000 		.4byte	0x3e1
 1139 0550 03       		.byte	0x3
 1140 0551 00       		.byte	0
 1141 0552 0D       		.uleb128 0xd
 1142 0553 42050000 		.4byte	0x542
 1143 0557 0E       		.uleb128 0xe
 1144 0558 D1030000 		.4byte	0x3d1
 1145 055c 67050000 		.4byte	0x567
 1146 0560 0F       		.uleb128 0xf
 1147 0561 E1030000 		.4byte	0x3e1
 1148 0565 04       		.byte	0x4
 1149 0566 00       		.byte	0
 1150 0567 0D       		.uleb128 0xd
 1151 0568 57050000 		.4byte	0x557
 1152 056c 0D       		.uleb128 0xd
 1153 056d 57050000 		.4byte	0x557
 1154 0571 04       		.uleb128 0x4
 1155 0572 16000000 		.4byte	.LASF69
 1156 0576 07       		.byte	0x7
 1157 0577 9F       		.byte	0x9f
 1158 0578 E8030000 		.4byte	0x3e8
 1159 057c 0D       		.uleb128 0xd
 1160 057d EF000000 		.4byte	0xef
 1161 0581 08       		.uleb128 0x8
 1162 0582 1C       		.byte	0x1c
 1163 0583 08       		.byte	0x8
 1164 0584 5E       		.byte	0x5e
 1165 0585 DE050000 		.4byte	0x5de
 1166 0589 06       		.uleb128 0x6
 1167 058a 9C030000 		.4byte	.LASF70
 1168 058e 08       		.byte	0x8
 1169 058f 5F       		.byte	0x5f
 1170 0590 63020000 		.4byte	0x263
 1171 0594 02       		.byte	0x2
 1172 0595 23       		.byte	0x23
 1173 0596 00       		.uleb128 0
 1174 0597 06       		.uleb128 0x6
 1175 0598 64030000 		.4byte	.LASF71
 1176 059c 08       		.byte	0x8
 1177 059d 60       		.byte	0x60
 1178 059e CE000000 		.4byte	0xce
 1179 05a2 02       		.byte	0x2
 1180 05a3 23       		.byte	0x23
 1181 05a4 08       		.uleb128 0x8
 1182 05a5 06       		.uleb128 0x6
 1183 05a6 C5020000 		.4byte	.LASF72
 1184 05aa 08       		.byte	0x8
 1185 05ab 62       		.byte	0x62
 1186 05ac AE030000 		.4byte	0x3ae
 1187 05b0 02       		.byte	0x2
ARM GAS  /tmp/cct84Hlw.s 			page 22


 1188 05b1 23       		.byte	0x23
 1189 05b2 0C       		.uleb128 0xc
 1190 05b3 06       		.uleb128 0x6
 1191 05b4 EC000000 		.4byte	.LASF73
 1192 05b8 08       		.byte	0x8
 1193 05b9 65       		.byte	0x65
 1194 05ba 5D020000 		.4byte	0x25d
 1195 05be 02       		.byte	0x2
 1196 05bf 23       		.byte	0x23
 1197 05c0 10       		.uleb128 0x10
 1198 05c1 06       		.uleb128 0x6
 1199 05c2 E2020000 		.4byte	.LASF74
 1200 05c6 08       		.byte	0x8
 1201 05c7 66       		.byte	0x66
 1202 05c8 5D020000 		.4byte	0x25d
 1203 05cc 02       		.byte	0x2
 1204 05cd 23       		.byte	0x23
 1205 05ce 14       		.uleb128 0x14
 1206 05cf 06       		.uleb128 0x6
 1207 05d0 D8020000 		.4byte	.LASF75
 1208 05d4 08       		.byte	0x8
 1209 05d5 69       		.byte	0x69
 1210 05d6 5D020000 		.4byte	0x25d
 1211 05da 02       		.byte	0x2
 1212 05db 23       		.byte	0x23
 1213 05dc 18       		.uleb128 0x18
 1214 05dd 00       		.byte	0
 1215 05de 04       		.uleb128 0x4
 1216 05df 47040000 		.4byte	.LASF76
 1217 05e3 08       		.byte	0x8
 1218 05e4 6B       		.byte	0x6b
 1219 05e5 81050000 		.4byte	0x581
 1220 05e9 05       		.uleb128 0x5
 1221 05ea 46020000 		.4byte	.LASF77
 1222 05ee 10       		.byte	0x10
 1223 05ef 09       		.byte	0x9
 1224 05f0 2C       		.byte	0x2c
 1225 05f1 20060000 		.4byte	0x620
 1226 05f5 06       		.uleb128 0x6
 1227 05f6 A8000000 		.4byte	.LASF78
 1228 05fa 09       		.byte	0x9
 1229 05fb 2D       		.byte	0x2d
 1230 05fc 63020000 		.4byte	0x263
 1231 0600 02       		.byte	0x2
 1232 0601 23       		.byte	0x23
 1233 0602 00       		.uleb128 0
 1234 0603 06       		.uleb128 0x6
 1235 0604 A0040000 		.4byte	.LASF79
 1236 0608 09       		.byte	0x9
 1237 0609 2F       		.byte	0x2f
 1238 060a 5D020000 		.4byte	0x25d
 1239 060e 02       		.byte	0x2
 1240 060f 23       		.byte	0x23
 1241 0610 08       		.uleb128 0x8
 1242 0611 06       		.uleb128 0x6
 1243 0612 E5030000 		.4byte	.LASF80
 1244 0616 09       		.byte	0x9
ARM GAS  /tmp/cct84Hlw.s 			page 23


 1245 0617 31       		.byte	0x31
 1246 0618 20060000 		.4byte	0x620
 1247 061c 02       		.byte	0x2
 1248 061d 23       		.byte	0x23
 1249 061e 0C       		.uleb128 0xc
 1250 061f 00       		.byte	0
 1251 0620 09       		.uleb128 0x9
 1252 0621 04       		.byte	0x4
 1253 0622 E9050000 		.4byte	0x5e9
 1254 0626 04       		.uleb128 0x4
 1255 0627 46020000 		.4byte	.LASF77
 1256 062b 09       		.byte	0x9
 1257 062c 33       		.byte	0x33
 1258 062d E9050000 		.4byte	0x5e9
 1259 0631 10       		.uleb128 0x10
 1260 0632 04       		.byte	0x4
 1261 0633 05       		.byte	0x5
 1262 0634 96       		.byte	0x96
 1263 0635 66060000 		.4byte	0x666
 1264 0639 11       		.uleb128 0x11
 1265 063a 06000000 		.4byte	.LASF81
 1266 063e 05       		.byte	0x5
 1267 063f 9D       		.byte	0x9d
 1268 0640 D9000000 		.4byte	0xd9
 1269 0644 11       		.uleb128 0x11
 1270 0645 56000000 		.4byte	.LASF82
 1271 0649 05       		.byte	0x5
 1272 064a A4       		.byte	0xa4
 1273 064b D9000000 		.4byte	0xd9
 1274 064f 11       		.uleb128 0x11
 1275 0650 87040000 		.4byte	.LASF83
 1276 0654 05       		.byte	0x5
 1277 0655 AB       		.byte	0xab
 1278 0656 9B020000 		.4byte	0x29b
 1279 065a 11       		.uleb128 0x11
 1280 065b 6B030000 		.4byte	.LASF84
 1281 065f 05       		.byte	0x5
 1282 0660 B2       		.byte	0xb2
 1283 0661 E4000000 		.4byte	0xe4
 1284 0665 00       		.byte	0
 1285 0666 09       		.uleb128 0x9
 1286 0667 04       		.byte	0x4
 1287 0668 6C060000 		.4byte	0x66c
 1288 066c 12       		.uleb128 0x12
 1289 066d 71060000 		.4byte	0x671
 1290 0671 03       		.uleb128 0x3
 1291 0672 01       		.byte	0x1
 1292 0673 08       		.byte	0x8
 1293 0674 B1030000 		.4byte	.LASF85
 1294 0678 09       		.uleb128 0x9
 1295 0679 04       		.byte	0x4
 1296 067a 9D020000 		.4byte	0x29d
 1297 067e 09       		.uleb128 0x9
 1298 067f 04       		.byte	0x4
 1299 0680 26060000 		.4byte	0x626
 1300 0684 13       		.uleb128 0x13
 1301 0685 01       		.byte	0x1
ARM GAS  /tmp/cct84Hlw.s 			page 24


 1302 0686 8A010000 		.4byte	.LASF86
 1303 068a 01       		.byte	0x1
 1304 068b CF       		.byte	0xcf
 1305 068c 01       		.byte	0x1
 1306 068d 00000000 		.4byte	.LFB11
 1307 0691 0E000000 		.4byte	.LFE11
 1308 0695 02       		.byte	0x2
 1309 0696 7D       		.byte	0x7d
 1310 0697 00       		.sleb128 0
 1311 0698 01       		.byte	0x1
 1312 0699 B9060000 		.4byte	0x6b9
 1313 069d 14       		.uleb128 0x14
 1314 069e 04000000 		.4byte	.LVL0
 1315 06a2 DD080000 		.4byte	0x8dd
 1316 06a6 14       		.uleb128 0x14
 1317 06a7 08000000 		.4byte	.LVL1
 1318 06ab E7080000 		.4byte	0x8e7
 1319 06af 14       		.uleb128 0x14
 1320 06b0 0C000000 		.4byte	.LVL2
 1321 06b4 F1080000 		.4byte	0x8f1
 1322 06b8 00       		.byte	0
 1323 06b9 13       		.uleb128 0x13
 1324 06ba 01       		.byte	0x1
 1325 06bb 01040000 		.4byte	.LASF87
 1326 06bf 01       		.byte	0x1
 1327 06c0 41       		.byte	0x41
 1328 06c1 01       		.byte	0x1
 1329 06c2 00000000 		.4byte	.LFB8
 1330 06c6 12000000 		.4byte	.LFE8
 1331 06ca 02       		.byte	0x2
 1332 06cb 7D       		.byte	0x7d
 1333 06cc 00       		.sleb128 0
 1334 06cd 01       		.byte	0x1
 1335 06ce FB060000 		.4byte	0x6fb
 1336 06d2 15       		.uleb128 0x15
 1337 06d3 03030000 		.4byte	.LASF88
 1338 06d7 01       		.byte	0x1
 1339 06d8 42       		.byte	0x42
 1340 06d9 FB060000 		.4byte	0x6fb
 1341 06dd 00000000 		.4byte	.LLST0
 1342 06e1 16       		.uleb128 0x16
 1343 06e2 0A000000 		.4byte	.LBB2
 1344 06e6 12000000 		.4byte	.LBE2
 1345 06ea 17       		.uleb128 0x17
 1346 06eb 746D7000 		.ascii	"tmp\000"
 1347 06ef 01       		.byte	0x1
 1348 06f0 51       		.byte	0x51
 1349 06f1 70000000 		.4byte	0x70
 1350 06f5 20000000 		.4byte	.LLST1
 1351 06f9 00       		.byte	0
 1352 06fa 00       		.byte	0
 1353 06fb 09       		.uleb128 0x9
 1354 06fc 04       		.byte	0x4
 1355 06fd A8020000 		.4byte	0x2a8
 1356 0701 18       		.uleb128 0x18
 1357 0702 01       		.byte	0x1
 1358 0703 64040000 		.4byte	.LASF89
ARM GAS  /tmp/cct84Hlw.s 			page 25


 1359 0707 01       		.byte	0x1
 1360 0708 76       		.byte	0x76
 1361 0709 01       		.byte	0x1
 1362 070a 00000000 		.4byte	.LFB9
 1363 070e 36000000 		.4byte	.LFE9
 1364 0712 33000000 		.4byte	.LLST2
 1365 0716 01       		.byte	0x1
 1366 0717 64070000 		.4byte	0x764
 1367 071b 19       		.uleb128 0x19
 1368 071c 20000000 		.4byte	.LVL7
 1369 0720 FB080000 		.4byte	0x8fb
 1370 0724 33070000 		.4byte	0x733
 1371 0728 1A       		.uleb128 0x1a
 1372 0729 01       		.byte	0x1
 1373 072a 51       		.byte	0x51
 1374 072b 01       		.byte	0x1
 1375 072c 40       		.byte	0x40
 1376 072d 1A       		.uleb128 0x1a
 1377 072e 01       		.byte	0x1
 1378 072f 50       		.byte	0x50
 1379 0730 01       		.byte	0x1
 1380 0731 37       		.byte	0x37
 1381 0732 00       		.byte	0
 1382 0733 19       		.uleb128 0x19
 1383 0734 2A000000 		.4byte	.LVL8
 1384 0738 FB080000 		.4byte	0x8fb
 1385 073c 4D070000 		.4byte	0x74d
 1386 0740 1A       		.uleb128 0x1a
 1387 0741 01       		.byte	0x1
 1388 0742 51       		.byte	0x51
 1389 0743 03       		.byte	0x3
 1390 0744 0A       		.byte	0xa
 1391 0745 0002     		.2byte	0x200
 1392 0747 1A       		.uleb128 0x1a
 1393 0748 01       		.byte	0x1
 1394 0749 50       		.byte	0x50
 1395 074a 01       		.byte	0x1
 1396 074b 3A       		.byte	0x3a
 1397 074c 00       		.byte	0
 1398 074d 1B       		.uleb128 0x1b
 1399 074e 36000000 		.4byte	.LVL9
 1400 0752 01       		.byte	0x1
 1401 0753 FB080000 		.4byte	0x8fb
 1402 0757 1A       		.uleb128 0x1a
 1403 0758 01       		.byte	0x1
 1404 0759 51       		.byte	0x51
 1405 075a 02       		.byte	0x2
 1406 075b 08       		.byte	0x8
 1407 075c 80       		.byte	0x80
 1408 075d 1A       		.uleb128 0x1a
 1409 075e 01       		.byte	0x1
 1410 075f 50       		.byte	0x50
 1411 0760 01       		.byte	0x1
 1412 0761 3B       		.byte	0x3b
 1413 0762 00       		.byte	0
 1414 0763 00       		.byte	0
 1415 0764 13       		.uleb128 0x13
ARM GAS  /tmp/cct84Hlw.s 			page 26


 1416 0765 01       		.byte	0x1
 1417 0766 D7010000 		.4byte	.LASF90
 1418 076a 01       		.byte	0x1
 1419 076b 94       		.byte	0x94
 1420 076c 01       		.byte	0x1
 1421 076d 00000000 		.4byte	.LFB10
 1422 0771 74000000 		.4byte	.LFE10
 1423 0775 02       		.byte	0x2
 1424 0776 7D       		.byte	0x7d
 1425 0777 00       		.sleb128 0
 1426 0778 01       		.byte	0x1
 1427 0779 CD070000 		.4byte	0x7cd
 1428 077d 1C       		.uleb128 0x1c
 1429 077e 00000000 		.4byte	.LBB3
 1430 0782 06000000 		.4byte	.LBE3
 1431 0786 9A070000 		.4byte	0x79a
 1432 078a 17       		.uleb128 0x17
 1433 078b 746D7000 		.ascii	"tmp\000"
 1434 078f 01       		.byte	0x1
 1435 0790 96       		.byte	0x96
 1436 0791 70000000 		.4byte	0x70
 1437 0795 53000000 		.4byte	.LLST3
 1438 0799 00       		.byte	0
 1439 079a 1D       		.uleb128 0x1d
 1440 079b 00000000 		.4byte	.Ldebug_ranges0+0
 1441 079f B3070000 		.4byte	0x7b3
 1442 07a3 15       		.uleb128 0x15
 1443 07a4 03030000 		.4byte	.LASF88
 1444 07a8 01       		.byte	0x1
 1445 07a9 98       		.byte	0x98
 1446 07aa FB060000 		.4byte	0x6fb
 1447 07ae 66000000 		.4byte	.LLST4
 1448 07b2 00       		.byte	0
 1449 07b3 16       		.uleb128 0x16
 1450 07b4 4C000000 		.4byte	.LBB5
 1451 07b8 52000000 		.4byte	.LBE5
 1452 07bc 17       		.uleb128 0x17
 1453 07bd 746D7000 		.ascii	"tmp\000"
 1454 07c1 01       		.byte	0x1
 1455 07c2 C5       		.byte	0xc5
 1456 07c3 70000000 		.4byte	0x70
 1457 07c7 A0000000 		.4byte	.LLST5
 1458 07cb 00       		.byte	0
 1459 07cc 00       		.byte	0
 1460 07cd 18       		.uleb128 0x18
 1461 07ce 01       		.byte	0x1
 1462 07cf 31000000 		.4byte	.LASF91
 1463 07d3 01       		.byte	0x1
 1464 07d4 2F       		.byte	0x2f
 1465 07d5 01       		.byte	0x1
 1466 07d6 00000000 		.4byte	.LFB7
 1467 07da 2A000000 		.4byte	.LFE7
 1468 07de B3000000 		.4byte	.LLST6
 1469 07e2 01       		.byte	0x1
 1470 07e3 59080000 		.4byte	0x859
 1471 07e7 1C       		.uleb128 0x1c
 1472 07e8 06000000 		.4byte	.LBB7
ARM GAS  /tmp/cct84Hlw.s 			page 27


 1473 07ec 0C000000 		.4byte	.LBE7
 1474 07f0 04080000 		.4byte	0x804
 1475 07f4 17       		.uleb128 0x17
 1476 07f5 746D7000 		.ascii	"tmp\000"
 1477 07f9 01       		.byte	0x1
 1478 07fa 33       		.byte	0x33
 1479 07fb 70000000 		.4byte	0x70
 1480 07ff D3000000 		.4byte	.LLST7
 1481 0803 00       		.byte	0
 1482 0804 1C       		.uleb128 0x1c
 1483 0805 18000000 		.4byte	.LBB8
 1484 0809 1E000000 		.4byte	.LBE8
 1485 080d 21080000 		.4byte	0x821
 1486 0811 17       		.uleb128 0x17
 1487 0812 746D7000 		.ascii	"tmp\000"
 1488 0816 01       		.byte	0x1
 1489 0817 35       		.byte	0x35
 1490 0818 70000000 		.4byte	0x70
 1491 081c E6000000 		.4byte	.LLST8
 1492 0820 00       		.byte	0
 1493 0821 14       		.uleb128 0x14
 1494 0822 06000000 		.4byte	.LVL19
 1495 0826 15090000 		.4byte	0x915
 1496 082a 14       		.uleb128 0x14
 1497 082b 10000000 		.4byte	.LVL22
 1498 082f 1F090000 		.4byte	0x91f
 1499 0833 14       		.uleb128 0x14
 1500 0834 14000000 		.4byte	.LVL23
 1501 0838 29090000 		.4byte	0x929
 1502 083c 14       		.uleb128 0x14
 1503 083d 18000000 		.4byte	.LVL24
 1504 0841 33090000 		.4byte	0x933
 1505 0845 14       		.uleb128 0x14
 1506 0846 22000000 		.4byte	.LVL27
 1507 084a 3D090000 		.4byte	0x93d
 1508 084e 1E       		.uleb128 0x1e
 1509 084f 2A000000 		.4byte	.LVL28
 1510 0853 01       		.byte	0x1
 1511 0854 64070000 		.4byte	0x764
 1512 0858 00       		.byte	0
 1513 0859 13       		.uleb128 0x13
 1514 085a 01       		.byte	0x1
 1515 085b 66010000 		.4byte	.LASF92
 1516 085f 01       		.byte	0x1
 1517 0860 EC       		.byte	0xec
 1518 0861 01       		.byte	0x1
 1519 0862 00000000 		.4byte	.LFB12
 1520 0866 10000000 		.4byte	.LFE12
 1521 086a 02       		.byte	0x2
 1522 086b 7D       		.byte	0x7d
 1523 086c 00       		.sleb128 0
 1524 086d 01       		.byte	0x1
 1525 086e 8D080000 		.4byte	0x88d
 1526 0872 1F       		.uleb128 0x1f
 1527 0873 6E747000 		.ascii	"ntp\000"
 1528 0877 01       		.byte	0x1
 1529 0878 EC       		.byte	0xec
ARM GAS  /tmp/cct84Hlw.s 			page 28


 1530 0879 5D020000 		.4byte	0x25d
 1531 087d 01       		.byte	0x1
 1532 087e 50       		.byte	0x50
 1533 087f 1F       		.uleb128 0x1f
 1534 0880 6F747000 		.ascii	"otp\000"
 1535 0884 01       		.byte	0x1
 1536 0885 EC       		.byte	0xec
 1537 0886 5D020000 		.4byte	0x25d
 1538 088a 01       		.byte	0x1
 1539 088b 51       		.byte	0x51
 1540 088c 00       		.byte	0
 1541 088d 20       		.uleb128 0x20
 1542 088e 01       		.byte	0x1
 1543 088f CC000000 		.4byte	.LASF93
 1544 0893 01       		.byte	0x1
 1545 0894 0301     		.2byte	0x103
 1546 0896 01       		.byte	0x1
 1547 0897 00000000 		.4byte	.LFB13
 1548 089b 16000000 		.4byte	.LFE13
 1549 089f F9000000 		.4byte	.LLST9
 1550 08a3 01       		.byte	0x1
 1551 08a4 D0080000 		.4byte	0x8d0
 1552 08a8 1C       		.uleb128 0x1c
 1553 08a9 06000000 		.4byte	.LBB9
 1554 08ad 0C000000 		.4byte	.LBE9
 1555 08b1 C6080000 		.4byte	0x8c6
 1556 08b5 21       		.uleb128 0x21
 1557 08b6 746D7000 		.ascii	"tmp\000"
 1558 08ba 01       		.byte	0x1
 1559 08bb 0501     		.2byte	0x105
 1560 08bd 70000000 		.4byte	0x70
 1561 08c1 19010000 		.4byte	.LLST10
 1562 08c5 00       		.byte	0
 1563 08c6 14       		.uleb128 0x14
 1564 08c7 06000000 		.4byte	.LVL30
 1565 08cb F1080000 		.4byte	0x8f1
 1566 08cf 00       		.byte	0
 1567 08d0 22       		.uleb128 0x22
 1568 08d1 56040000 		.4byte	.LASF105
 1569 08d5 08       		.byte	0x8
 1570 08d6 6F       		.byte	0x6f
 1571 08d7 DE050000 		.4byte	0x5de
 1572 08db 01       		.byte	0x1
 1573 08dc 01       		.byte	0x1
 1574 08dd 23       		.uleb128 0x23
 1575 08de 01       		.byte	0x1
 1576 08df A9020000 		.4byte	.LASF94
 1577 08e3 0A       		.byte	0xa
 1578 08e4 E7       		.byte	0xe7
 1579 08e5 01       		.byte	0x1
 1580 08e6 01       		.byte	0x1
 1581 08e7 23       		.uleb128 0x23
 1582 08e8 01       		.byte	0x1
 1583 08e9 1A010000 		.4byte	.LASF95
 1584 08ed 08       		.byte	0x8
 1585 08ee A8       		.byte	0xa8
 1586 08ef 01       		.byte	0x1
ARM GAS  /tmp/cct84Hlw.s 			page 29


 1587 08f0 01       		.byte	0x1
 1588 08f1 23       		.uleb128 0x23
 1589 08f2 01       		.byte	0x1
 1590 08f3 EA020000 		.4byte	.LASF96
 1591 08f7 0A       		.byte	0xa
 1592 08f8 E8       		.byte	0xe8
 1593 08f9 01       		.byte	0x1
 1594 08fa 01       		.byte	0x1
 1595 08fb 24       		.uleb128 0x24
 1596 08fc 01       		.byte	0x1
 1597 08fd F4000000 		.4byte	.LASF106
 1598 0901 07       		.byte	0x7
 1599 0902 2501     		.2byte	0x125
 1600 0904 01       		.byte	0x1
 1601 0905 01       		.byte	0x1
 1602 0906 15090000 		.4byte	0x915
 1603 090a 25       		.uleb128 0x25
 1604 090b 70000000 		.4byte	0x70
 1605 090f 25       		.uleb128 0x25
 1606 0910 70000000 		.4byte	0x70
 1607 0914 00       		.byte	0
 1608 0915 23       		.uleb128 0x23
 1609 0916 01       		.byte	0x1
 1610 0917 2C010000 		.4byte	.LASF97
 1611 091b 0A       		.byte	0xa
 1612 091c EB       		.byte	0xeb
 1613 091d 01       		.byte	0x1
 1614 091e 01       		.byte	0x1
 1615 091f 23       		.uleb128 0x23
 1616 0920 01       		.byte	0x1
 1617 0921 6F040000 		.4byte	.LASF98
 1618 0925 0A       		.byte	0xa
 1619 0926 E9       		.byte	0xe9
 1620 0927 01       		.byte	0x1
 1621 0928 01       		.byte	0x1
 1622 0929 23       		.uleb128 0x23
 1623 092a 01       		.byte	0x1
 1624 092b 1E000000 		.4byte	.LASF99
 1625 092f 0B       		.byte	0xb
 1626 0930 F7       		.byte	0xf7
 1627 0931 01       		.byte	0x1
 1628 0932 01       		.byte	0x1
 1629 0933 23       		.uleb128 0x23
 1630 0934 01       		.byte	0x1
 1631 0935 86000000 		.4byte	.LASF100
 1632 0939 0A       		.byte	0xa
 1633 093a EA       		.byte	0xea
 1634 093b 01       		.byte	0x1
 1635 093c 01       		.byte	0x1
 1636 093d 23       		.uleb128 0x23
 1637 093e 01       		.byte	0x1
 1638 093f 1A040000 		.4byte	.LASF101
 1639 0943 0A       		.byte	0xa
 1640 0944 EC       		.byte	0xec
 1641 0945 01       		.byte	0x1
 1642 0946 01       		.byte	0x1
 1643 0947 00       		.byte	0
ARM GAS  /tmp/cct84Hlw.s 			page 30


 1644              		.section	.debug_abbrev,"",%progbits
 1645              	.Ldebug_abbrev0:
 1646 0000 01       		.uleb128 0x1
 1647 0001 11       		.uleb128 0x11
 1648 0002 01       		.byte	0x1
 1649 0003 25       		.uleb128 0x25
 1650 0004 0E       		.uleb128 0xe
 1651 0005 13       		.uleb128 0x13
 1652 0006 0B       		.uleb128 0xb
 1653 0007 03       		.uleb128 0x3
 1654 0008 0E       		.uleb128 0xe
 1655 0009 1B       		.uleb128 0x1b
 1656 000a 0E       		.uleb128 0xe
 1657 000b 55       		.uleb128 0x55
 1658 000c 06       		.uleb128 0x6
 1659 000d 11       		.uleb128 0x11
 1660 000e 01       		.uleb128 0x1
 1661 000f 52       		.uleb128 0x52
 1662 0010 01       		.uleb128 0x1
 1663 0011 10       		.uleb128 0x10
 1664 0012 06       		.uleb128 0x6
 1665 0013 00       		.byte	0
 1666 0014 00       		.byte	0
 1667 0015 02       		.uleb128 0x2
 1668 0016 24       		.uleb128 0x24
 1669 0017 00       		.byte	0
 1670 0018 0B       		.uleb128 0xb
 1671 0019 0B       		.uleb128 0xb
 1672 001a 3E       		.uleb128 0x3e
 1673 001b 0B       		.uleb128 0xb
 1674 001c 03       		.uleb128 0x3
 1675 001d 08       		.uleb128 0x8
 1676 001e 00       		.byte	0
 1677 001f 00       		.byte	0
 1678 0020 03       		.uleb128 0x3
 1679 0021 24       		.uleb128 0x24
 1680 0022 00       		.byte	0
 1681 0023 0B       		.uleb128 0xb
 1682 0024 0B       		.uleb128 0xb
 1683 0025 3E       		.uleb128 0x3e
 1684 0026 0B       		.uleb128 0xb
 1685 0027 03       		.uleb128 0x3
 1686 0028 0E       		.uleb128 0xe
 1687 0029 00       		.byte	0
 1688 002a 00       		.byte	0
 1689 002b 04       		.uleb128 0x4
 1690 002c 16       		.uleb128 0x16
 1691 002d 00       		.byte	0
 1692 002e 03       		.uleb128 0x3
 1693 002f 0E       		.uleb128 0xe
 1694 0030 3A       		.uleb128 0x3a
 1695 0031 0B       		.uleb128 0xb
 1696 0032 3B       		.uleb128 0x3b
 1697 0033 0B       		.uleb128 0xb
 1698 0034 49       		.uleb128 0x49
 1699 0035 13       		.uleb128 0x13
 1700 0036 00       		.byte	0
ARM GAS  /tmp/cct84Hlw.s 			page 31


 1701 0037 00       		.byte	0
 1702 0038 05       		.uleb128 0x5
 1703 0039 13       		.uleb128 0x13
 1704 003a 01       		.byte	0x1
 1705 003b 03       		.uleb128 0x3
 1706 003c 0E       		.uleb128 0xe
 1707 003d 0B       		.uleb128 0xb
 1708 003e 0B       		.uleb128 0xb
 1709 003f 3A       		.uleb128 0x3a
 1710 0040 0B       		.uleb128 0xb
 1711 0041 3B       		.uleb128 0x3b
 1712 0042 0B       		.uleb128 0xb
 1713 0043 01       		.uleb128 0x1
 1714 0044 13       		.uleb128 0x13
 1715 0045 00       		.byte	0
 1716 0046 00       		.byte	0
 1717 0047 06       		.uleb128 0x6
 1718 0048 0D       		.uleb128 0xd
 1719 0049 00       		.byte	0
 1720 004a 03       		.uleb128 0x3
 1721 004b 0E       		.uleb128 0xe
 1722 004c 3A       		.uleb128 0x3a
 1723 004d 0B       		.uleb128 0xb
 1724 004e 3B       		.uleb128 0x3b
 1725 004f 0B       		.uleb128 0xb
 1726 0050 49       		.uleb128 0x49
 1727 0051 13       		.uleb128 0x13
 1728 0052 38       		.uleb128 0x38
 1729 0053 0A       		.uleb128 0xa
 1730 0054 00       		.byte	0
 1731 0055 00       		.byte	0
 1732 0056 07       		.uleb128 0x7
 1733 0057 0D       		.uleb128 0xd
 1734 0058 00       		.byte	0
 1735 0059 03       		.uleb128 0x3
 1736 005a 08       		.uleb128 0x8
 1737 005b 3A       		.uleb128 0x3a
 1738 005c 0B       		.uleb128 0xb
 1739 005d 3B       		.uleb128 0x3b
 1740 005e 0B       		.uleb128 0xb
 1741 005f 49       		.uleb128 0x49
 1742 0060 13       		.uleb128 0x13
 1743 0061 38       		.uleb128 0x38
 1744 0062 0A       		.uleb128 0xa
 1745 0063 00       		.byte	0
 1746 0064 00       		.byte	0
 1747 0065 08       		.uleb128 0x8
 1748 0066 13       		.uleb128 0x13
 1749 0067 01       		.byte	0x1
 1750 0068 0B       		.uleb128 0xb
 1751 0069 0B       		.uleb128 0xb
 1752 006a 3A       		.uleb128 0x3a
 1753 006b 0B       		.uleb128 0xb
 1754 006c 3B       		.uleb128 0x3b
 1755 006d 0B       		.uleb128 0xb
 1756 006e 01       		.uleb128 0x1
 1757 006f 13       		.uleb128 0x13
ARM GAS  /tmp/cct84Hlw.s 			page 32


 1758 0070 00       		.byte	0
 1759 0071 00       		.byte	0
 1760 0072 09       		.uleb128 0x9
 1761 0073 0F       		.uleb128 0xf
 1762 0074 00       		.byte	0
 1763 0075 0B       		.uleb128 0xb
 1764 0076 0B       		.uleb128 0xb
 1765 0077 49       		.uleb128 0x49
 1766 0078 13       		.uleb128 0x13
 1767 0079 00       		.byte	0
 1768 007a 00       		.byte	0
 1769 007b 0A       		.uleb128 0xa
 1770 007c 0F       		.uleb128 0xf
 1771 007d 00       		.byte	0
 1772 007e 0B       		.uleb128 0xb
 1773 007f 0B       		.uleb128 0xb
 1774 0080 00       		.byte	0
 1775 0081 00       		.byte	0
 1776 0082 0B       		.uleb128 0xb
 1777 0083 13       		.uleb128 0x13
 1778 0084 01       		.byte	0x1
 1779 0085 03       		.uleb128 0x3
 1780 0086 0E       		.uleb128 0xe
 1781 0087 0B       		.uleb128 0xb
 1782 0088 0B       		.uleb128 0xb
 1783 0089 3A       		.uleb128 0x3a
 1784 008a 0B       		.uleb128 0xb
 1785 008b 3B       		.uleb128 0x3b
 1786 008c 05       		.uleb128 0x5
 1787 008d 01       		.uleb128 0x1
 1788 008e 13       		.uleb128 0x13
 1789 008f 00       		.byte	0
 1790 0090 00       		.byte	0
 1791 0091 0C       		.uleb128 0xc
 1792 0092 0D       		.uleb128 0xd
 1793 0093 00       		.byte	0
 1794 0094 03       		.uleb128 0x3
 1795 0095 08       		.uleb128 0x8
 1796 0096 3A       		.uleb128 0x3a
 1797 0097 0B       		.uleb128 0xb
 1798 0098 3B       		.uleb128 0x3b
 1799 0099 05       		.uleb128 0x5
 1800 009a 49       		.uleb128 0x49
 1801 009b 13       		.uleb128 0x13
 1802 009c 38       		.uleb128 0x38
 1803 009d 0A       		.uleb128 0xa
 1804 009e 00       		.byte	0
 1805 009f 00       		.byte	0
 1806 00a0 0D       		.uleb128 0xd
 1807 00a1 35       		.uleb128 0x35
 1808 00a2 00       		.byte	0
 1809 00a3 49       		.uleb128 0x49
 1810 00a4 13       		.uleb128 0x13
 1811 00a5 00       		.byte	0
 1812 00a6 00       		.byte	0
 1813 00a7 0E       		.uleb128 0xe
 1814 00a8 01       		.uleb128 0x1
ARM GAS  /tmp/cct84Hlw.s 			page 33


 1815 00a9 01       		.byte	0x1
 1816 00aa 49       		.uleb128 0x49
 1817 00ab 13       		.uleb128 0x13
 1818 00ac 01       		.uleb128 0x1
 1819 00ad 13       		.uleb128 0x13
 1820 00ae 00       		.byte	0
 1821 00af 00       		.byte	0
 1822 00b0 0F       		.uleb128 0xf
 1823 00b1 21       		.uleb128 0x21
 1824 00b2 00       		.byte	0
 1825 00b3 49       		.uleb128 0x49
 1826 00b4 13       		.uleb128 0x13
 1827 00b5 2F       		.uleb128 0x2f
 1828 00b6 0B       		.uleb128 0xb
 1829 00b7 00       		.byte	0
 1830 00b8 00       		.byte	0
 1831 00b9 10       		.uleb128 0x10
 1832 00ba 17       		.uleb128 0x17
 1833 00bb 01       		.byte	0x1
 1834 00bc 0B       		.uleb128 0xb
 1835 00bd 0B       		.uleb128 0xb
 1836 00be 3A       		.uleb128 0x3a
 1837 00bf 0B       		.uleb128 0xb
 1838 00c0 3B       		.uleb128 0x3b
 1839 00c1 0B       		.uleb128 0xb
 1840 00c2 01       		.uleb128 0x1
 1841 00c3 13       		.uleb128 0x13
 1842 00c4 00       		.byte	0
 1843 00c5 00       		.byte	0
 1844 00c6 11       		.uleb128 0x11
 1845 00c7 0D       		.uleb128 0xd
 1846 00c8 00       		.byte	0
 1847 00c9 03       		.uleb128 0x3
 1848 00ca 0E       		.uleb128 0xe
 1849 00cb 3A       		.uleb128 0x3a
 1850 00cc 0B       		.uleb128 0xb
 1851 00cd 3B       		.uleb128 0x3b
 1852 00ce 0B       		.uleb128 0xb
 1853 00cf 49       		.uleb128 0x49
 1854 00d0 13       		.uleb128 0x13
 1855 00d1 00       		.byte	0
 1856 00d2 00       		.byte	0
 1857 00d3 12       		.uleb128 0x12
 1858 00d4 26       		.uleb128 0x26
 1859 00d5 00       		.byte	0
 1860 00d6 49       		.uleb128 0x49
 1861 00d7 13       		.uleb128 0x13
 1862 00d8 00       		.byte	0
 1863 00d9 00       		.byte	0
 1864 00da 13       		.uleb128 0x13
 1865 00db 2E       		.uleb128 0x2e
 1866 00dc 01       		.byte	0x1
 1867 00dd 3F       		.uleb128 0x3f
 1868 00de 0C       		.uleb128 0xc
 1869 00df 03       		.uleb128 0x3
 1870 00e0 0E       		.uleb128 0xe
 1871 00e1 3A       		.uleb128 0x3a
ARM GAS  /tmp/cct84Hlw.s 			page 34


 1872 00e2 0B       		.uleb128 0xb
 1873 00e3 3B       		.uleb128 0x3b
 1874 00e4 0B       		.uleb128 0xb
 1875 00e5 27       		.uleb128 0x27
 1876 00e6 0C       		.uleb128 0xc
 1877 00e7 11       		.uleb128 0x11
 1878 00e8 01       		.uleb128 0x1
 1879 00e9 12       		.uleb128 0x12
 1880 00ea 01       		.uleb128 0x1
 1881 00eb 40       		.uleb128 0x40
 1882 00ec 0A       		.uleb128 0xa
 1883 00ed 9742     		.uleb128 0x2117
 1884 00ef 0C       		.uleb128 0xc
 1885 00f0 01       		.uleb128 0x1
 1886 00f1 13       		.uleb128 0x13
 1887 00f2 00       		.byte	0
 1888 00f3 00       		.byte	0
 1889 00f4 14       		.uleb128 0x14
 1890 00f5 898201   		.uleb128 0x4109
 1891 00f8 00       		.byte	0
 1892 00f9 11       		.uleb128 0x11
 1893 00fa 01       		.uleb128 0x1
 1894 00fb 31       		.uleb128 0x31
 1895 00fc 13       		.uleb128 0x13
 1896 00fd 00       		.byte	0
 1897 00fe 00       		.byte	0
 1898 00ff 15       		.uleb128 0x15
 1899 0100 34       		.uleb128 0x34
 1900 0101 00       		.byte	0
 1901 0102 03       		.uleb128 0x3
 1902 0103 0E       		.uleb128 0xe
 1903 0104 3A       		.uleb128 0x3a
 1904 0105 0B       		.uleb128 0xb
 1905 0106 3B       		.uleb128 0x3b
 1906 0107 0B       		.uleb128 0xb
 1907 0108 49       		.uleb128 0x49
 1908 0109 13       		.uleb128 0x13
 1909 010a 02       		.uleb128 0x2
 1910 010b 06       		.uleb128 0x6
 1911 010c 00       		.byte	0
 1912 010d 00       		.byte	0
 1913 010e 16       		.uleb128 0x16
 1914 010f 0B       		.uleb128 0xb
 1915 0110 01       		.byte	0x1
 1916 0111 11       		.uleb128 0x11
 1917 0112 01       		.uleb128 0x1
 1918 0113 12       		.uleb128 0x12
 1919 0114 01       		.uleb128 0x1
 1920 0115 00       		.byte	0
 1921 0116 00       		.byte	0
 1922 0117 17       		.uleb128 0x17
 1923 0118 34       		.uleb128 0x34
 1924 0119 00       		.byte	0
 1925 011a 03       		.uleb128 0x3
 1926 011b 08       		.uleb128 0x8
 1927 011c 3A       		.uleb128 0x3a
 1928 011d 0B       		.uleb128 0xb
ARM GAS  /tmp/cct84Hlw.s 			page 35


 1929 011e 3B       		.uleb128 0x3b
 1930 011f 0B       		.uleb128 0xb
 1931 0120 49       		.uleb128 0x49
 1932 0121 13       		.uleb128 0x13
 1933 0122 02       		.uleb128 0x2
 1934 0123 06       		.uleb128 0x6
 1935 0124 00       		.byte	0
 1936 0125 00       		.byte	0
 1937 0126 18       		.uleb128 0x18
 1938 0127 2E       		.uleb128 0x2e
 1939 0128 01       		.byte	0x1
 1940 0129 3F       		.uleb128 0x3f
 1941 012a 0C       		.uleb128 0xc
 1942 012b 03       		.uleb128 0x3
 1943 012c 0E       		.uleb128 0xe
 1944 012d 3A       		.uleb128 0x3a
 1945 012e 0B       		.uleb128 0xb
 1946 012f 3B       		.uleb128 0x3b
 1947 0130 0B       		.uleb128 0xb
 1948 0131 27       		.uleb128 0x27
 1949 0132 0C       		.uleb128 0xc
 1950 0133 11       		.uleb128 0x11
 1951 0134 01       		.uleb128 0x1
 1952 0135 12       		.uleb128 0x12
 1953 0136 01       		.uleb128 0x1
 1954 0137 40       		.uleb128 0x40
 1955 0138 06       		.uleb128 0x6
 1956 0139 9742     		.uleb128 0x2117
 1957 013b 0C       		.uleb128 0xc
 1958 013c 01       		.uleb128 0x1
 1959 013d 13       		.uleb128 0x13
 1960 013e 00       		.byte	0
 1961 013f 00       		.byte	0
 1962 0140 19       		.uleb128 0x19
 1963 0141 898201   		.uleb128 0x4109
 1964 0144 01       		.byte	0x1
 1965 0145 11       		.uleb128 0x11
 1966 0146 01       		.uleb128 0x1
 1967 0147 31       		.uleb128 0x31
 1968 0148 13       		.uleb128 0x13
 1969 0149 01       		.uleb128 0x1
 1970 014a 13       		.uleb128 0x13
 1971 014b 00       		.byte	0
 1972 014c 00       		.byte	0
 1973 014d 1A       		.uleb128 0x1a
 1974 014e 8A8201   		.uleb128 0x410a
 1975 0151 00       		.byte	0
 1976 0152 02       		.uleb128 0x2
 1977 0153 0A       		.uleb128 0xa
 1978 0154 9142     		.uleb128 0x2111
 1979 0156 0A       		.uleb128 0xa
 1980 0157 00       		.byte	0
 1981 0158 00       		.byte	0
 1982 0159 1B       		.uleb128 0x1b
 1983 015a 898201   		.uleb128 0x4109
 1984 015d 01       		.byte	0x1
 1985 015e 11       		.uleb128 0x11
ARM GAS  /tmp/cct84Hlw.s 			page 36


 1986 015f 01       		.uleb128 0x1
 1987 0160 9542     		.uleb128 0x2115
 1988 0162 0C       		.uleb128 0xc
 1989 0163 31       		.uleb128 0x31
 1990 0164 13       		.uleb128 0x13
 1991 0165 00       		.byte	0
 1992 0166 00       		.byte	0
 1993 0167 1C       		.uleb128 0x1c
 1994 0168 0B       		.uleb128 0xb
 1995 0169 01       		.byte	0x1
 1996 016a 11       		.uleb128 0x11
 1997 016b 01       		.uleb128 0x1
 1998 016c 12       		.uleb128 0x12
 1999 016d 01       		.uleb128 0x1
 2000 016e 01       		.uleb128 0x1
 2001 016f 13       		.uleb128 0x13
 2002 0170 00       		.byte	0
 2003 0171 00       		.byte	0
 2004 0172 1D       		.uleb128 0x1d
 2005 0173 0B       		.uleb128 0xb
 2006 0174 01       		.byte	0x1
 2007 0175 55       		.uleb128 0x55
 2008 0176 06       		.uleb128 0x6
 2009 0177 01       		.uleb128 0x1
 2010 0178 13       		.uleb128 0x13
 2011 0179 00       		.byte	0
 2012 017a 00       		.byte	0
 2013 017b 1E       		.uleb128 0x1e
 2014 017c 898201   		.uleb128 0x4109
 2015 017f 00       		.byte	0
 2016 0180 11       		.uleb128 0x11
 2017 0181 01       		.uleb128 0x1
 2018 0182 9542     		.uleb128 0x2115
 2019 0184 0C       		.uleb128 0xc
 2020 0185 31       		.uleb128 0x31
 2021 0186 13       		.uleb128 0x13
 2022 0187 00       		.byte	0
 2023 0188 00       		.byte	0
 2024 0189 1F       		.uleb128 0x1f
 2025 018a 05       		.uleb128 0x5
 2026 018b 00       		.byte	0
 2027 018c 03       		.uleb128 0x3
 2028 018d 08       		.uleb128 0x8
 2029 018e 3A       		.uleb128 0x3a
 2030 018f 0B       		.uleb128 0xb
 2031 0190 3B       		.uleb128 0x3b
 2032 0191 0B       		.uleb128 0xb
 2033 0192 49       		.uleb128 0x49
 2034 0193 13       		.uleb128 0x13
 2035 0194 02       		.uleb128 0x2
 2036 0195 0A       		.uleb128 0xa
 2037 0196 00       		.byte	0
 2038 0197 00       		.byte	0
 2039 0198 20       		.uleb128 0x20
 2040 0199 2E       		.uleb128 0x2e
 2041 019a 01       		.byte	0x1
 2042 019b 3F       		.uleb128 0x3f
ARM GAS  /tmp/cct84Hlw.s 			page 37


 2043 019c 0C       		.uleb128 0xc
 2044 019d 03       		.uleb128 0x3
 2045 019e 0E       		.uleb128 0xe
 2046 019f 3A       		.uleb128 0x3a
 2047 01a0 0B       		.uleb128 0xb
 2048 01a1 3B       		.uleb128 0x3b
 2049 01a2 05       		.uleb128 0x5
 2050 01a3 27       		.uleb128 0x27
 2051 01a4 0C       		.uleb128 0xc
 2052 01a5 11       		.uleb128 0x11
 2053 01a6 01       		.uleb128 0x1
 2054 01a7 12       		.uleb128 0x12
 2055 01a8 01       		.uleb128 0x1
 2056 01a9 40       		.uleb128 0x40
 2057 01aa 06       		.uleb128 0x6
 2058 01ab 9742     		.uleb128 0x2117
 2059 01ad 0C       		.uleb128 0xc
 2060 01ae 01       		.uleb128 0x1
 2061 01af 13       		.uleb128 0x13
 2062 01b0 00       		.byte	0
 2063 01b1 00       		.byte	0
 2064 01b2 21       		.uleb128 0x21
 2065 01b3 34       		.uleb128 0x34
 2066 01b4 00       		.byte	0
 2067 01b5 03       		.uleb128 0x3
 2068 01b6 08       		.uleb128 0x8
 2069 01b7 3A       		.uleb128 0x3a
 2070 01b8 0B       		.uleb128 0xb
 2071 01b9 3B       		.uleb128 0x3b
 2072 01ba 05       		.uleb128 0x5
 2073 01bb 49       		.uleb128 0x49
 2074 01bc 13       		.uleb128 0x13
 2075 01bd 02       		.uleb128 0x2
 2076 01be 06       		.uleb128 0x6
 2077 01bf 00       		.byte	0
 2078 01c0 00       		.byte	0
 2079 01c1 22       		.uleb128 0x22
 2080 01c2 34       		.uleb128 0x34
 2081 01c3 00       		.byte	0
 2082 01c4 03       		.uleb128 0x3
 2083 01c5 0E       		.uleb128 0xe
 2084 01c6 3A       		.uleb128 0x3a
 2085 01c7 0B       		.uleb128 0xb
 2086 01c8 3B       		.uleb128 0x3b
 2087 01c9 0B       		.uleb128 0xb
 2088 01ca 49       		.uleb128 0x49
 2089 01cb 13       		.uleb128 0x13
 2090 01cc 3F       		.uleb128 0x3f
 2091 01cd 0C       		.uleb128 0xc
 2092 01ce 3C       		.uleb128 0x3c
 2093 01cf 0C       		.uleb128 0xc
 2094 01d0 00       		.byte	0
 2095 01d1 00       		.byte	0
 2096 01d2 23       		.uleb128 0x23
 2097 01d3 2E       		.uleb128 0x2e
 2098 01d4 00       		.byte	0
 2099 01d5 3F       		.uleb128 0x3f
ARM GAS  /tmp/cct84Hlw.s 			page 38


 2100 01d6 0C       		.uleb128 0xc
 2101 01d7 03       		.uleb128 0x3
 2102 01d8 0E       		.uleb128 0xe
 2103 01d9 3A       		.uleb128 0x3a
 2104 01da 0B       		.uleb128 0xb
 2105 01db 3B       		.uleb128 0x3b
 2106 01dc 0B       		.uleb128 0xb
 2107 01dd 27       		.uleb128 0x27
 2108 01de 0C       		.uleb128 0xc
 2109 01df 3C       		.uleb128 0x3c
 2110 01e0 0C       		.uleb128 0xc
 2111 01e1 00       		.byte	0
 2112 01e2 00       		.byte	0
 2113 01e3 24       		.uleb128 0x24
 2114 01e4 2E       		.uleb128 0x2e
 2115 01e5 01       		.byte	0x1
 2116 01e6 3F       		.uleb128 0x3f
 2117 01e7 0C       		.uleb128 0xc
 2118 01e8 03       		.uleb128 0x3
 2119 01e9 0E       		.uleb128 0xe
 2120 01ea 3A       		.uleb128 0x3a
 2121 01eb 0B       		.uleb128 0xb
 2122 01ec 3B       		.uleb128 0x3b
 2123 01ed 05       		.uleb128 0x5
 2124 01ee 27       		.uleb128 0x27
 2125 01ef 0C       		.uleb128 0xc
 2126 01f0 3C       		.uleb128 0x3c
 2127 01f1 0C       		.uleb128 0xc
 2128 01f2 01       		.uleb128 0x1
 2129 01f3 13       		.uleb128 0x13
 2130 01f4 00       		.byte	0
 2131 01f5 00       		.byte	0
 2132 01f6 25       		.uleb128 0x25
 2133 01f7 05       		.uleb128 0x5
 2134 01f8 00       		.byte	0
 2135 01f9 49       		.uleb128 0x49
 2136 01fa 13       		.uleb128 0x13
 2137 01fb 00       		.byte	0
 2138 01fc 00       		.byte	0
 2139 01fd 00       		.byte	0
 2140              		.section	.debug_loc,"",%progbits
 2141              	.Ldebug_loc0:
 2142              	.LLST0:
 2143 0000 04000000 		.4byte	.LVL3
 2144 0004 06000000 		.4byte	.LVL4
 2145 0008 0300     		.2byte	0x3
 2146 000a 73       		.byte	0x73
 2147 000b 20       		.sleb128 32
 2148 000c 9F       		.byte	0x9f
 2149 000d 06000000 		.4byte	.LVL4
 2150 0011 0C000000 		.4byte	.LVL5
 2151 0015 0100     		.2byte	0x1
 2152 0017 53       		.byte	0x53
 2153 0018 00000000 		.4byte	0
 2154 001c 00000000 		.4byte	0
 2155              	.LLST1:
 2156 0020 10000000 		.4byte	.LVL6
ARM GAS  /tmp/cct84Hlw.s 			page 39


 2157 0024 12000000 		.4byte	.LFE8
 2158 0028 0100     		.2byte	0x1
 2159 002a 53       		.byte	0x53
 2160 002b 00000000 		.4byte	0
 2161 002f 00000000 		.4byte	0
 2162              	.LLST2:
 2163 0033 00000000 		.4byte	.LFB9
 2164 0037 02000000 		.4byte	.LCFI0
 2165 003b 0200     		.2byte	0x2
 2166 003d 7D       		.byte	0x7d
 2167 003e 00       		.sleb128 0
 2168 003f 02000000 		.4byte	.LCFI0
 2169 0043 36000000 		.4byte	.LFE9
 2170 0047 0200     		.2byte	0x2
 2171 0049 7D       		.byte	0x7d
 2172 004a 08       		.sleb128 8
 2173 004b 00000000 		.4byte	0
 2174 004f 00000000 		.4byte	0
 2175              	.LLST3:
 2176 0053 06000000 		.4byte	.LVL11
 2177 0057 0A000000 		.4byte	.LVL12
 2178 005b 0100     		.2byte	0x1
 2179 005d 53       		.byte	0x53
 2180 005e 00000000 		.4byte	0
 2181 0062 00000000 		.4byte	0
 2182              	.LLST4:
 2183 0066 1A000000 		.4byte	.LVL13
 2184 006a 1E000000 		.4byte	.LVL14
 2185 006e 0300     		.2byte	0x3
 2186 0070 73       		.byte	0x73
 2187 0071 60       		.sleb128 -32
 2188 0072 9F       		.byte	0x9f
 2189 0073 1E000000 		.4byte	.LVL14
 2190 0077 2A000000 		.4byte	.LVL15
 2191 007b 0100     		.2byte	0x1
 2192 007d 52       		.byte	0x52
 2193 007e 2A000000 		.4byte	.LVL15
 2194 0082 4C000000 		.4byte	.LVL16
 2195 0086 0300     		.2byte	0x3
 2196 0088 73       		.byte	0x73
 2197 0089 60       		.sleb128 -32
 2198 008a 9F       		.byte	0x9f
 2199 008b 52000000 		.4byte	.LVL18
 2200 008f 74000000 		.4byte	.LFE10
 2201 0093 0300     		.2byte	0x3
 2202 0095 73       		.byte	0x73
 2203 0096 60       		.sleb128 -32
 2204 0097 9F       		.byte	0x9f
 2205 0098 00000000 		.4byte	0
 2206 009c 00000000 		.4byte	0
 2207              	.LLST5:
 2208 00a0 50000000 		.4byte	.LVL17
 2209 00a4 52000000 		.4byte	.LVL18
 2210 00a8 0100     		.2byte	0x1
 2211 00aa 53       		.byte	0x53
 2212 00ab 00000000 		.4byte	0
 2213 00af 00000000 		.4byte	0
ARM GAS  /tmp/cct84Hlw.s 			page 40


 2214              	.LLST6:
 2215 00b3 00000000 		.4byte	.LFB7
 2216 00b7 02000000 		.4byte	.LCFI1
 2217 00bb 0200     		.2byte	0x2
 2218 00bd 7D       		.byte	0x7d
 2219 00be 00       		.sleb128 0
 2220 00bf 02000000 		.4byte	.LCFI1
 2221 00c3 2A000000 		.4byte	.LFE7
 2222 00c7 0200     		.2byte	0x2
 2223 00c9 7D       		.byte	0x7d
 2224 00ca 08       		.sleb128 8
 2225 00cb 00000000 		.4byte	0
 2226 00cf 00000000 		.4byte	0
 2227              	.LLST7:
 2228 00d3 0C000000 		.4byte	.LVL21
 2229 00d7 0F000000 		.4byte	.LVL22-1
 2230 00db 0100     		.2byte	0x1
 2231 00dd 53       		.byte	0x53
 2232 00de 00000000 		.4byte	0
 2233 00e2 00000000 		.4byte	0
 2234              	.LLST8:
 2235 00e6 1E000000 		.4byte	.LVL26
 2236 00ea 21000000 		.4byte	.LVL27-1
 2237 00ee 0100     		.2byte	0x1
 2238 00f0 53       		.byte	0x53
 2239 00f1 00000000 		.4byte	0
 2240 00f5 00000000 		.4byte	0
 2241              	.LLST9:
 2242 00f9 00000000 		.4byte	.LFB13
 2243 00fd 02000000 		.4byte	.LCFI2
 2244 0101 0200     		.2byte	0x2
 2245 0103 7D       		.byte	0x7d
 2246 0104 00       		.sleb128 0
 2247 0105 02000000 		.4byte	.LCFI2
 2248 0109 16000000 		.4byte	.LFE13
 2249 010d 0200     		.2byte	0x2
 2250 010f 7D       		.byte	0x7d
 2251 0110 08       		.sleb128 8
 2252 0111 00000000 		.4byte	0
 2253 0115 00000000 		.4byte	0
 2254              	.LLST10:
 2255 0119 0C000000 		.4byte	.LVL32
 2256 011d 16000000 		.4byte	.LFE13
 2257 0121 0100     		.2byte	0x1
 2258 0123 53       		.byte	0x53
 2259 0124 00000000 		.4byte	0
 2260 0128 00000000 		.4byte	0
 2261              		.section	.debug_aranges,"",%progbits
 2262 0000 4C000000 		.4byte	0x4c
 2263 0004 0200     		.2byte	0x2
 2264 0006 00000000 		.4byte	.Ldebug_info0
 2265 000a 04       		.byte	0x4
 2266 000b 00       		.byte	0
 2267 000c 0000     		.2byte	0
 2268 000e 0000     		.2byte	0
 2269 0010 00000000 		.4byte	.LFB11
 2270 0014 0E000000 		.4byte	.LFE11-.LFB11
ARM GAS  /tmp/cct84Hlw.s 			page 41


 2271 0018 00000000 		.4byte	.LFB8
 2272 001c 12000000 		.4byte	.LFE8-.LFB8
 2273 0020 00000000 		.4byte	.LFB9
 2274 0024 36000000 		.4byte	.LFE9-.LFB9
 2275 0028 00000000 		.4byte	.LFB10
 2276 002c 74000000 		.4byte	.LFE10-.LFB10
 2277 0030 00000000 		.4byte	.LFB7
 2278 0034 2A000000 		.4byte	.LFE7-.LFB7
 2279 0038 00000000 		.4byte	.LFB12
 2280 003c 10000000 		.4byte	.LFE12-.LFB12
 2281 0040 00000000 		.4byte	.LFB13
 2282 0044 16000000 		.4byte	.LFE13-.LFB13
 2283 0048 00000000 		.4byte	0
 2284 004c 00000000 		.4byte	0
 2285              		.section	.debug_ranges,"",%progbits
 2286              	.Ldebug_ranges0:
 2287 0000 16000000 		.4byte	.LBB4
 2288 0004 4C000000 		.4byte	.LBE4
 2289 0008 52000000 		.4byte	.LBB6
 2290 000c 74000000 		.4byte	.LBE6
 2291 0010 00000000 		.4byte	0
 2292 0014 00000000 		.4byte	0
 2293 0018 00000000 		.4byte	.LFB11
 2294 001c 0E000000 		.4byte	.LFE11
 2295 0020 00000000 		.4byte	.LFB8
 2296 0024 12000000 		.4byte	.LFE8
 2297 0028 00000000 		.4byte	.LFB9
 2298 002c 36000000 		.4byte	.LFE9
 2299 0030 00000000 		.4byte	.LFB10
 2300 0034 74000000 		.4byte	.LFE10
 2301 0038 00000000 		.4byte	.LFB7
 2302 003c 2A000000 		.4byte	.LFE7
 2303 0040 00000000 		.4byte	.LFB12
 2304 0044 10000000 		.4byte	.LFE12
 2305 0048 00000000 		.4byte	.LFB13
 2306 004c 16000000 		.4byte	.LFE13
 2307 0050 00000000 		.4byte	0
 2308 0054 00000000 		.4byte	0
 2309              		.section	.debug_line,"",%progbits
 2310              	.Ldebug_line0:
 2311 0000 F3010000 		.section	.debug_str,"MS",%progbits,1
 2311      02003A01 
 2311      00000201 
 2311      FB0E0D00 
 2311      01010101 
 2312              	.LASF38:
 2313 0000 705F6D73 		.ascii	"p_msg\000"
 2313      6700
 2314              	.LASF81:
 2315 0006 7264796D 		.ascii	"rdymsg\000"
 2315      736700
 2316              	.LASF11:
 2317 000d 75696E74 		.ascii	"uint64_t\000"
 2317      36345F74 
 2317      00
 2318              	.LASF69:
 2319 0016 434D785F 		.ascii	"CMx_SCB\000"
ARM GAS  /tmp/cct84Hlw.s 			page 42


 2319      53434200 
 2320              	.LASF99:
 2321 001e 63685379 		.ascii	"chSysTimerHandlerI\000"
 2321      7354696D 
 2321      65724861 
 2321      6E646C65 
 2321      724900
 2322              	.LASF91:
 2323 0031 53797354 		.ascii	"SysTickVector\000"
 2323      69636B56 
 2323      6563746F 
 2323      7200
 2324              	.LASF12:
 2325 003f 6C6F6E67 		.ascii	"long long unsigned int\000"
 2325      206C6F6E 
 2325      6720756E 
 2325      7369676E 
 2325      65642069 
 2326              	.LASF82:
 2327 0056 65786974 		.ascii	"exitcode\000"
 2327      636F6465 
 2327      00
 2328              	.LASF54:
 2329 005f 43505549 		.ascii	"CPUID\000"
 2329      4400
 2330              	.LASF25:
 2331 0065 705F7072 		.ascii	"p_prio\000"
 2331      696F00
 2332              	.LASF10:
 2333 006c 6C6F6E67 		.ascii	"long long int\000"
 2333      206C6F6E 
 2333      6720696E 
 2333      7400
 2334              	.LASF1:
 2335 007a 7369676E 		.ascii	"signed char\000"
 2335      65642063 
 2335      68617200 
 2336              	.LASF100:
 2337 0086 6462675F 		.ascii	"dbg_check_unlock_from_isr\000"
 2337      63686563 
 2337      6B5F756E 
 2337      6C6F636B 
 2337      5F66726F 
 2338              	.LASF42:
 2339 00a0 705F6D70 		.ascii	"p_mpool\000"
 2339      6F6F6C00 
 2340              	.LASF78:
 2341 00a8 6D5F7175 		.ascii	"m_queue\000"
 2341      65756500 
 2342              	.LASF17:
 2343 00b0 74736C69 		.ascii	"tslices_t\000"
 2343      6365735F 
 2343      7400
 2344              	.LASF7:
 2345 00ba 6C6F6E67 		.ascii	"long int\000"
 2345      20696E74 
 2345      00
ARM GAS  /tmp/cct84Hlw.s 			page 43


 2346              	.LASF15:
 2347 00c3 74737461 		.ascii	"tstate_t\000"
 2347      74655F74 
 2347      00
 2348              	.LASF93:
 2349 00cc 5F706F72 		.ascii	"_port_thread_start\000"
 2349      745F7468 
 2349      72656164 
 2349      5F737461 
 2349      727400
 2350              	.LASF27:
 2351 00df 705F6E65 		.ascii	"p_newer\000"
 2351      77657200 
 2352              	.LASF64:
 2353 00e7 42464152 		.ascii	"BFAR\000"
 2353      00
 2354              	.LASF73:
 2355 00ec 725F6E65 		.ascii	"r_newer\000"
 2355      77657200 
 2356              	.LASF106:
 2357 00f4 6E766963 		.ascii	"nvicSetSystemHandlerPriority\000"
 2357      53657453 
 2357      79737465 
 2357      6D48616E 
 2357      646C6572 
 2358              	.LASF45:
 2359 0111 72656761 		.ascii	"regarm_t\000"
 2359      726D5F74 
 2359      00
 2360              	.LASF95:
 2361 011a 63685363 		.ascii	"chSchDoReschedule\000"
 2361      68446F52 
 2361      65736368 
 2361      6564756C 
 2361      6500
 2362              	.LASF97:
 2363 012c 6462675F 		.ascii	"dbg_check_enter_isr\000"
 2363      63686563 
 2363      6B5F656E 
 2363      7465725F 
 2363      69737200 
 2364              	.LASF30:
 2365 0140 705F7374 		.ascii	"p_stklimit\000"
 2365      6B6C696D 
 2365      697400
 2366              	.LASF0:
 2367 014b 756E7369 		.ascii	"unsigned int\000"
 2367      676E6564 
 2367      20696E74 
 2367      00
 2368              	.LASF48:
 2369 0158 6C725F74 		.ascii	"lr_thd\000"
 2369      686400
 2370              	.LASF47:
 2371 015f 65787463 		.ascii	"extctx\000"
 2371      747800
 2372              	.LASF92:
ARM GAS  /tmp/cct84Hlw.s 			page 44


 2373 0166 5F706F72 		.ascii	"_port_switch\000"
 2373      745F7377 
 2373      69746368 
 2373      00
 2374              	.LASF9:
 2375 0173 6C6F6E67 		.ascii	"long unsigned int\000"
 2375      20756E73 
 2375      69676E65 
 2375      6420696E 
 2375      7400
 2376              	.LASF56:
 2377 0185 56544F52 		.ascii	"VTOR\000"
 2377      00
 2378              	.LASF86:
 2379 018a 5F706F72 		.ascii	"_port_switch_from_isr\000"
 2379      745F7377 
 2379      69746368 
 2379      5F66726F 
 2379      6D5F6973 
 2380              	.LASF51:
 2381 01a0 636F6E74 		.ascii	"context\000"
 2381      65787400 
 2382              	.LASF4:
 2383 01a8 73686F72 		.ascii	"short unsigned int\000"
 2383      7420756E 
 2383      7369676E 
 2383      65642069 
 2383      6E7400
 2384              	.LASF55:
 2385 01bb 49435352 		.ascii	"ICSR\000"
 2385      00
 2386              	.LASF19:
 2387 01c0 6D73675F 		.ascii	"msg_t\000"
 2387      7400
 2388              	.LASF57:
 2389 01c6 41495243 		.ascii	"AIRCR\000"
 2389      5200
 2390              	.LASF62:
 2391 01cc 44465352 		.ascii	"DFSR\000"
 2391      00
 2392              	.LASF63:
 2393 01d1 4D4D4641 		.ascii	"MMFAR\000"
 2393      5200
 2394              	.LASF90:
 2395 01d7 5F706F72 		.ascii	"_port_irq_epilogue\000"
 2395      745F6972 
 2395      715F6570 
 2395      696C6F67 
 2395      756500
 2396              	.LASF14:
 2397 01ea 746D6F64 		.ascii	"tmode_t\000"
 2397      655F7400 
 2398              	.LASF44:
 2399 01f2 54687265 		.ascii	"ThreadsList\000"
 2399      6164734C 
 2399      69737400 
 2400              	.LASF20:
ARM GAS  /tmp/cct84Hlw.s 			page 45


 2401 01fe 6576656E 		.ascii	"eventmask_t\000"
 2401      746D6173 
 2401      6B5F7400 
 2402              	.LASF104:
 2403 020a 2F686F6D 		.ascii	"/home/ondra6ak/Documents/ARM/ChibiOS_2.6.0/demos/an"
 2403      652F6F6E 
 2403      64726136 
 2403      616B2F44 
 2403      6F63756D 
 2404 023d 676C654D 		.ascii	"gleMeter\000"
 2404      65746572 
 2404      00
 2405              	.LASF77:
 2406 0246 4D757465 		.ascii	"Mutex\000"
 2406      7800
 2407              	.LASF102:
 2408 024c 474E5520 		.ascii	"GNU C 4.7.4 20130613 (release) [ARM/embedded-4_7-br"
 2408      4320342E 
 2408      372E3420 
 2408      32303133 
 2408      30363133 
 2409 027f 616E6368 		.ascii	"anch revision 200083]\000"
 2409      20726576 
 2409      6973696F 
 2409      6E203230 
 2409      30303833 
 2410              	.LASF46:
 2411 0295 73746B61 		.ascii	"stkalign_t\000"
 2411      6C69676E 
 2411      5F7400
 2412              	.LASF53:
 2413 02a0 73697A65 		.ascii	"sizetype\000"
 2413      74797065 
 2413      00
 2414              	.LASF94:
 2415 02a9 6462675F 		.ascii	"dbg_check_lock\000"
 2415      63686563 
 2415      6B5F6C6F 
 2415      636B00
 2416              	.LASF60:
 2417 02b8 43465352 		.ascii	"CFSR\000"
 2417      00
 2418              	.LASF28:
 2419 02bd 705F6F6C 		.ascii	"p_older\000"
 2419      64657200 
 2420              	.LASF72:
 2421 02c5 725F6374 		.ascii	"r_ctx\000"
 2421      7800
 2422              	.LASF43:
 2423 02cb 54687265 		.ascii	"ThreadsQueue\000"
 2423      61647351 
 2423      75657565 
 2423      00
 2424              	.LASF75:
 2425 02d8 725F6375 		.ascii	"r_current\000"
 2425      7272656E 
 2425      7400
ARM GAS  /tmp/cct84Hlw.s 			page 46


 2426              	.LASF74:
 2427 02e2 725F6F6C 		.ascii	"r_older\000"
 2427      64657200 
 2428              	.LASF96:
 2429 02ea 6462675F 		.ascii	"dbg_check_unlock\000"
 2429      63686563 
 2429      6B5F756E 
 2429      6C6F636B 
 2429      00
 2430              	.LASF16:
 2431 02fb 74726566 		.ascii	"trefs_t\000"
 2431      735F7400 
 2432              	.LASF88:
 2433 0303 63747870 		.ascii	"ctxp\000"
 2433      00
 2434              	.LASF24:
 2435 0308 705F7072 		.ascii	"p_prev\000"
 2435      657600
 2436              	.LASF18:
 2437 030f 74707269 		.ascii	"tprio_t\000"
 2437      6F5F7400 
 2438              	.LASF13:
 2439 0317 5F426F6F 		.ascii	"_Bool\000"
 2439      6C00
 2440              	.LASF6:
 2441 031d 696E7433 		.ascii	"int32_t\000"
 2441      325F7400 
 2442              	.LASF2:
 2443 0325 756E7369 		.ascii	"unsigned char\000"
 2443      676E6564 
 2443      20636861 
 2443      7200
 2444              	.LASF59:
 2445 0333 53484353 		.ascii	"SHCSR\000"
 2445      5200
 2446              	.LASF40:
 2447 0339 705F6D74 		.ascii	"p_mtxlist\000"
 2447      786C6973 
 2447      7400
 2448              	.LASF3:
 2449 0343 73686F72 		.ascii	"short int\000"
 2449      7420696E 
 2449      7400
 2450              	.LASF31:
 2451 034d 705F7374 		.ascii	"p_state\000"
 2451      61746500 
 2452              	.LASF34:
 2453 0355 705F7072 		.ascii	"p_preempt\000"
 2453      65656D70 
 2453      7400
 2454              	.LASF49:
 2455 035f 78707372 		.ascii	"xpsr\000"
 2455      00
 2456              	.LASF71:
 2457 0364 725F7072 		.ascii	"r_prio\000"
 2457      696F00
 2458              	.LASF84:
ARM GAS  /tmp/cct84Hlw.s 			page 47


 2459 036b 65776D61 		.ascii	"ewmask\000"
 2459      736B00
 2460              	.LASF23:
 2461 0372 705F6E65 		.ascii	"p_next\000"
 2461      787400
 2462              	.LASF32:
 2463 0379 705F666C 		.ascii	"p_flags\000"
 2463      61677300 
 2464              	.LASF22:
 2465 0381 54687265 		.ascii	"Thread\000"
 2465      616400
 2466              	.LASF39:
 2467 0388 705F6570 		.ascii	"p_epending\000"
 2467      656E6469 
 2467      6E6700
 2468              	.LASF8:
 2469 0393 75696E74 		.ascii	"uint32_t\000"
 2469      33325F74 
 2469      00
 2470              	.LASF70:
 2471 039c 725F7175 		.ascii	"r_queue\000"
 2471      65756500 
 2472              	.LASF65:
 2473 03a4 41465352 		.ascii	"AFSR\000"
 2473      00
 2474              	.LASF67:
 2475 03a9 756E7573 		.ascii	"unused1\000"
 2475      65643100 
 2476              	.LASF85:
 2477 03b1 63686172 		.ascii	"char\000"
 2477      00
 2478              	.LASF52:
 2479 03b6 494F5245 		.ascii	"IOREG32\000"
 2479      47333200 
 2480              	.LASF103:
 2481 03be 2E2E2F2E 		.ascii	"../../os/ports/GCC/ARMCMx/chcore_v7m.c\000"
 2481      2E2F6F73 
 2481      2F706F72 
 2481      74732F47 
 2481      43432F41 
 2482              	.LASF80:
 2483 03e5 6D5F6E65 		.ascii	"m_next\000"
 2483      787400
 2484              	.LASF21:
 2485 03ec 73797374 		.ascii	"systime_t\000"
 2485      696D655F 
 2485      7400
 2486              	.LASF41:
 2487 03f6 705F7265 		.ascii	"p_realprio\000"
 2487      616C7072 
 2487      696F00
 2488              	.LASF87:
 2489 0401 53564361 		.ascii	"SVCallVector\000"
 2489      6C6C5665 
 2489      63746F72 
 2489      00
 2490              	.LASF35:
ARM GAS  /tmp/cct84Hlw.s 			page 48


 2491 040e 705F7469 		.ascii	"p_time\000"
 2491      6D6500
 2492              	.LASF58:
 2493 0415 53485052 		.ascii	"SHPR\000"
 2493      00
 2494              	.LASF101:
 2495 041a 6462675F 		.ascii	"dbg_check_leave_isr\000"
 2495      63686563 
 2495      6B5F6C65 
 2495      6176655F 
 2495      69737200 
 2496              	.LASF50:
 2497 042e 696E7463 		.ascii	"intctx\000"
 2497      747800
 2498              	.LASF37:
 2499 0435 705F6D73 		.ascii	"p_msgqueue\000"
 2499      67717565 
 2499      756500
 2500              	.LASF33:
 2501 0440 705F7265 		.ascii	"p_refs\000"
 2501      667300
 2502              	.LASF76:
 2503 0447 52656164 		.ascii	"ReadyList\000"
 2503      794C6973 
 2503      7400
 2504              	.LASF66:
 2505 0451 4D4D4652 		.ascii	"MMFR\000"
 2505      00
 2506              	.LASF105:
 2507 0456 726C6973 		.ascii	"rlist\000"
 2507      7400
 2508              	.LASF5:
 2509 045c 75696E74 		.ascii	"uint8_t\000"
 2509      385F7400 
 2510              	.LASF89:
 2511 0464 5F706F72 		.ascii	"_port_init\000"
 2511      745F696E 
 2511      697400
 2512              	.LASF98:
 2513 046f 6462675F 		.ascii	"dbg_check_lock_from_isr\000"
 2513      63686563 
 2513      6B5F6C6F 
 2513      636B5F66 
 2513      726F6D5F 
 2514              	.LASF83:
 2515 0487 77746F62 		.ascii	"wtobjp\000"
 2515      6A7000
 2516              	.LASF29:
 2517 048e 705F6E61 		.ascii	"p_name\000"
 2517      6D6500
 2518              	.LASF68:
 2519 0495 43504143 		.ascii	"CPACR\000"
 2519      5200
 2520              	.LASF61:
 2521 049b 48465352 		.ascii	"HFSR\000"
 2521      00
 2522              	.LASF79:
ARM GAS  /tmp/cct84Hlw.s 			page 49


 2523 04a0 6D5F6F77 		.ascii	"m_owner\000"
 2523      6E657200 
 2524              	.LASF26:
 2525 04a8 705F6374 		.ascii	"p_ctx\000"
 2525      7800
 2526              	.LASF36:
 2527 04ae 705F7761 		.ascii	"p_waiting\000"
 2527      6974696E 
 2527      6700
 2528              		.ident	"GCC: (GNU Tools for ARM Embedded Processors) 4.7.4 20130613 (release) [ARM/embedded-4_7-br
ARM GAS  /tmp/cct84Hlw.s 			page 50


DEFINED SYMBOLS
                            *ABS*:00000000 chcore_v7m.c
     /tmp/cct84Hlw.s:19     .text._port_switch_from_isr:00000000 $t
     /tmp/cct84Hlw.s:25     .text._port_switch_from_isr:00000000 _port_switch_from_isr
     /tmp/cct84Hlw.s:44     .text._port_switch_from_isr:0000000c _port_exit_from_isr
     /tmp/cct84Hlw.s:56     .text.SVCallVector:00000000 $t
     /tmp/cct84Hlw.s:62     .text.SVCallVector:00000000 SVCallVector
     /tmp/cct84Hlw.s:98     .text._port_init:00000000 $t
     /tmp/cct84Hlw.s:104    .text._port_init:00000000 _port_init
     /tmp/cct84Hlw.s:150    .text._port_irq_epilogue:00000000 $t
     /tmp/cct84Hlw.s:156    .text._port_irq_epilogue:00000000 _port_irq_epilogue
     /tmp/cct84Hlw.s:251    .text._port_irq_epilogue:00000068 $d
     /tmp/cct84Hlw.s:259    .text.SysTickVector:00000000 $t
     /tmp/cct84Hlw.s:265    .text.SysTickVector:00000000 SysTickVector
     /tmp/cct84Hlw.s:318    .text._port_switch:00000000 $t
     /tmp/cct84Hlw.s:324    .text._port_switch:00000000 _port_switch
     /tmp/cct84Hlw.s:351    .text._port_thread_start:00000000 $t
     /tmp/cct84Hlw.s:357    .text._port_thread_start:00000000 _port_thread_start
                     .debug_frame:00000010 $d
     /tmp/cct84Hlw.s:258    .text._port_irq_epilogue:00000074 $t

UNDEFINED SYMBOLS
dbg_check_lock
chSchDoReschedule
dbg_check_unlock
nvicSetSystemHandlerPriority
rlist
dbg_check_enter_isr
dbg_check_lock_from_isr
chSysTimerHandlerI
dbg_check_unlock_from_isr
dbg_check_leave_isr
chThdExit
