ARM GAS  /tmp/ccZRZ1sH.s 			page 1


   1              		.syntax unified
   2              		.cpu cortex-m3
   3              		.fpu softvfp
   4              		.eabi_attribute 20, 1
   5              		.eabi_attribute 21, 1
   6              		.eabi_attribute 23, 3
   7              		.eabi_attribute 24, 1
   8              		.eabi_attribute 25, 1
   9              		.eabi_attribute 26, 1
  10              		.eabi_attribute 30, 2
  11              		.eabi_attribute 34, 1
  12              		.eabi_attribute 18, 4
  13              		.thumb
  14              		.file	"chsys.c"
  15              		.text
  16              	.Ltext0:
  17              		.cfi_sections	.debug_frame
  18              		.section	.text._idle_thread,"ax",%progbits
  19              		.align	2
  20              		.p2align 4,,15
  21              		.global	_idle_thread
  22              		.thumb
  23              		.thumb_func
  24              		.type	_idle_thread, %function
  25              	_idle_thread:
  26              	.LFB7:
  27              		.file 1 "../../os/kernel/src/chsys.c"
  28              		.loc 1 61 0
  29              		.cfi_startproc
  30              		@ args = 0, pretend = 0, frame = 0
  31              		@ frame_needed = 0, uses_anonymous_args = 0
  32              		@ link register save eliminated.
  33              	.LVL0:
  34              		.loc 1 64 0
  35 0000 024B     		ldr	r3, .L4
  36 0002 034A     		ldr	r2, .L4+4
  37 0004 9869     		ldr	r0, [r3, #24]
  38              	.LVL1:
  39 0006 8261     		str	r2, [r0, #24]
  40              	.L2:
  41 0008 FEE7     		b	.L2
  42              	.L5:
  43 000a 00BF     		.align	2
  44              	.L4:
  45 000c 00000000 		.word	rlist
  46 0010 00000000 		.word	.LC0
  47              		.cfi_endproc
  48              	.LFE7:
  49              		.size	_idle_thread, .-_idle_thread
  50 0014 AFF30080 		.section	.text.chSysInit,"ax",%progbits
  50      AFF30080 
  50      AFF30080 
  51              		.align	2
  52              		.p2align 4,,15
  53              		.global	chSysInit
  54              		.thumb
  55              		.thumb_func
ARM GAS  /tmp/ccZRZ1sH.s 			page 2


  56              		.type	chSysInit, %function
  57              	chSysInit:
  58              	.LFB8:
  59              		.loc 1 84 0
  60              		.cfi_startproc
  61              		@ args = 0, pretend = 0, frame = 0
  62              		@ frame_needed = 0, uses_anonymous_args = 0
  63 0000 30B5     		push	{r4, r5, lr}
  64              	.LCFI0:
  65              		.cfi_def_cfa_offset 12
  66              		.cfi_offset 4, -12
  67              		.cfi_offset 5, -8
  68              		.cfi_offset 14, -4
  69 0002 83B0     		sub	sp, sp, #12
  70              	.LCFI1:
  71              		.cfi_def_cfa_offset 24
  72              		.loc 1 90 0
  73 0004 FFF7FEFF 		bl	_port_init
  74              	.LVL2:
  75              		.loc 1 91 0
  76 0008 FFF7FEFF 		bl	_scheduler_init
  77              	.LVL3:
  78              		.loc 1 92 0
  79 000c FFF7FEFF 		bl	_vt_init
  80              	.LVL4:
  81              		.loc 1 94 0
  82 0010 FFF7FEFF 		bl	_core_init
  83              	.LVL5:
  84              		.loc 1 97 0
  85 0014 FFF7FEFF 		bl	_heap_init
  86              	.LVL6:
  87              		.loc 1 100 0
  88 0018 FFF7FEFF 		bl	_trace_init
  89              	.LVL7:
  90              		.loc 1 104 0
  91 001c 40F20000 		movw	r0, #:lower16:.LANCHOR0
  92 0020 4021     		movs	r1, #64
  93 0022 C0F20000 		movt	r0, #:upper16:.LANCHOR0
  94 0026 FFF7FEFF 		bl	_thread_init
  95              	.LVL8:
  96              		.loc 1 109 0
  97 002a 40F20003 		movw	r3, #:lower16:__main_thread_stack_base__
  98 002e C0F20003 		movt	r3, #:upper16:__main_thread_stack_base__
  99              		.loc 1 105 0
 100 0032 0125     		movs	r5, #1
 101              		.loc 1 104 0
 102 0034 40F20004 		movw	r4, #:lower16:rlist
 103              		.loc 1 109 0
 104 0038 C361     		str	r3, [r0, #28]
 105              		.loc 1 104 0
 106 003a C0F20004 		movt	r4, #:upper16:rlist
 107              		.loc 1 105 0
 108 003e 80F82050 		strb	r5, [r0, #32]
 109              		.loc 1 104 0
 110 0042 A061     		str	r0, [r4, #24]
 111              		.loc 1 111 0
 112 0044 FFF7FEFF 		bl	dbg_check_enable
ARM GAS  /tmp/ccZRZ1sH.s 			page 3


 113              	.LVL9:
 114              	.LBB2:
 115 0048 0023     		movs	r3, #0
 116              	.LVL10:
 117              	@ 111 "../../os/kernel/src/chsys.c" 1
 118 004a 83F31188 		msr     BASEPRI, r3                    
 119 004e 62B6     		cpsie   i
 120              	@ 0 "" 2
 121              	.LVL11:
 122              		.thumb
 123              	.LBE2:
 124              		.loc 1 115 0
 125 0050 40F20001 		movw	r1, #:lower16:ch_debug
 126 0054 A269     		ldr	r2, [r4, #24]
 127 0056 C0F20001 		movt	r1, #:upper16:ch_debug
 128 005a 9161     		str	r1, [r2, #24]
 129              		.loc 1 121 0
 130 005c 40F20000 		movw	r0, #:lower16:.LANCHOR1
 131 0060 0093     		str	r3, [sp, #0]
 132 0062 40F20003 		movw	r3, #:lower16:_idle_thread
 133              	.LVL12:
 134 0066 C021     		movs	r1, #192
 135 0068 2A46     		mov	r2, r5
 136 006a C0F20003 		movt	r3, #:upper16:_idle_thread
 137 006e C0F20000 		movt	r0, #:upper16:.LANCHOR1
 138 0072 FFF7FEFF 		bl	chThdCreateStatic
 139              	.LVL13:
 140              		.loc 1 124 0
 141 0076 03B0     		add	sp, sp, #12
 142 0078 30BD     		pop	{r4, r5, pc}
 143              		.cfi_endproc
 144              	.LFE8:
 145              		.size	chSysInit, .-chSysInit
 146 007a 00BFAFF3 		.section	.text.chSysTimerHandlerI,"ax",%progbits
 146      0080
 147              		.align	2
 148              		.p2align 4,,15
 149              		.global	chSysTimerHandlerI
 150              		.thumb
 151              		.thumb_func
 152              		.type	chSysTimerHandlerI, %function
 153              	chSysTimerHandlerI:
 154              	.LFB9:
 155              		.loc 1 137 0
 156              		.cfi_startproc
 157              		@ args = 0, pretend = 0, frame = 0
 158              		@ frame_needed = 0, uses_anonymous_args = 0
 159 0000 F8B5     		push	{r3, r4, r5, r6, r7, lr}
 160              	.LCFI2:
 161              		.cfi_def_cfa_offset 24
 162              		.cfi_offset 3, -24
 163              		.cfi_offset 4, -20
 164              		.cfi_offset 5, -16
 165              		.cfi_offset 6, -12
 166              		.cfi_offset 7, -8
 167              		.cfi_offset 14, -4
 168              		.loc 1 139 0
ARM GAS  /tmp/ccZRZ1sH.s 			page 4


 169 0002 FFF7FEFF 		bl	chDbgCheckClassI
 170              	.LVL14:
 171              		.loc 1 143 0
 172 0006 164B     		ldr	r3, .L20
 173 0008 9869     		ldr	r0, [r3, #24]
 174 000a 90F82320 		ldrb	r2, [r0, #35]	@ zero_extendqisi2
 175 000e 12B1     		cbz	r2, .L8
 176              		.loc 1 145 0
 177 0010 511E     		subs	r1, r2, #1
 178 0012 80F82310 		strb	r1, [r0, #35]
 179              	.L8:
 180              		.loc 1 148 0
 181 0016 446A     		ldr	r4, [r0, #36]
 182              		.loc 1 150 0
 183 0018 124D     		ldr	r5, .L20+4
 184              		.loc 1 148 0
 185 001a 631C     		adds	r3, r4, #1
 186 001c 4362     		str	r3, [r0, #36]
 187              		.loc 1 150 0
 188 001e E868     		ldr	r0, [r5, #12]
 189 0020 2C68     		ldr	r4, [r5, #0]
 190 0022 421C     		adds	r2, r0, #1
 191 0024 AC42     		cmp	r4, r5
 192 0026 EA60     		str	r2, [r5, #12]
 193 0028 18D0     		beq	.L7
 194              	.LBB3:
 195              		.loc 1 150 0 is_stmt 0 discriminator 1
 196 002a A768     		ldr	r7, [r4, #8]
 197 002c 013F     		subs	r7, r7, #1
 198 002e A760     		str	r7, [r4, #8]
 199              	.LVL15:
 200 0030 A7B9     		cbnz	r7, .L7
 201              	.L16:
 202              	.LBB4:
 203              		.loc 1 150 0 discriminator 3
 204 0032 2168     		ldr	r1, [r4, #0]
 205 0034 E668     		ldr	r6, [r4, #12]
 206              	.LVL16:
 207 0036 4D60     		str	r5, [r1, #4]
 208 0038 E760     		str	r7, [r4, #12]
 209 003a 2960     		str	r1, [r5, #0]
 210 003c FFF7FEFF 		bl	dbg_check_unlock_from_isr
 211              	.LVL17:
 212              	.LBB5:
 213 0040 0023     		movs	r3, #0
 214              	.LVL18:
 215              	@ 150 "../../os/kernel/src/chsys.c" 1
 216 0042 83F31188 		msr     BASEPRI, r3
 217              	@ 0 "" 2
 218              	.LVL19:
 219              		.thumb
 220              	.LBE5:
 221 0046 2069     		ldr	r0, [r4, #16]
 222 0048 B047     		blx	r6
 223              	.LVL20:
 224              	.LBB6:
 225 004a 2023     		movs	r3, #32
ARM GAS  /tmp/ccZRZ1sH.s 			page 5


 226              	.LVL21:
 227              	@ 150 "../../os/kernel/src/chsys.c" 1
 228 004c 83F31188 		msr     BASEPRI, r3
 229              	@ 0 "" 2
 230              	.LVL22:
 231              		.thumb
 232              	.LBE6:
 233 0050 FFF7FEFF 		bl	dbg_check_lock_from_isr
 234              	.LVL23:
 235              	.LBE4:
 236 0054 2C68     		ldr	r4, [r5, #0]
 237              	.LVL24:
 238 0056 A368     		ldr	r3, [r4, #8]
 239 0058 002B     		cmp	r3, #0
 240 005a EAD0     		beq	.L16
 241              	.LVL25:
 242              	.L7:
 243 005c F8BD     		pop	{r3, r4, r5, r6, r7, pc}
 244              	.L21:
 245 005e 00BF     		.align	2
 246              	.L20:
 247 0060 00000000 		.word	rlist
 248 0064 00000000 		.word	vtlist
 249              	.LBE3:
 250              		.cfi_endproc
 251              	.LFE9:
 252              		.size	chSysTimerHandlerI, .-chSysTimerHandlerI
 253              		.global	_idle_thread_wa
 254 0068 AFF30080 		.section	.bss.mainthread.4824,"aw",%nobits
 254      AFF30080 
 255              		.align	2
 256              		.set	.LANCHOR0,. + 0
 257              		.type	mainthread.4824, %object
 258              		.size	mainthread.4824, 76
 259              	mainthread.4824:
 260 0000 00000000 		.space	76
 260      00000000 
 260      00000000 
 260      00000000 
 260      00000000 
 261              		.section	.rodata.str1.4,"aMS",%progbits,1
 262              		.align	2
 263              	.LC0:
 264 0000 69646C65 		.ascii	"idle\000"
 264      00
 265 0005 000000   		.section	.bss._idle_thread_wa,"aw",%nobits
 266              		.align	3
 267              		.set	.LANCHOR1,. + 0
 268              		.type	_idle_thread_wa, %object
 269              		.size	_idle_thread_wa, 192
 270              	_idle_thread_wa:
 271 0000 00000000 		.space	192
 271      00000000 
 271      00000000 
 271      00000000 
 271      00000000 
 272              		.text
ARM GAS  /tmp/ccZRZ1sH.s 			page 6


 273              	.Letext0:
 274              		.file 2 "/usr/bin/../lib/gcc/arm-none-eabi/4.7.4/include/stddef.h"
 275              		.file 3 "/usr/bin/../lib/gcc/arm-none-eabi/4.7.4/../../../../arm-none-eabi/include/stdint.h"
 276              		.file 4 "../../os/ports/GCC/ARMCMx/chtypes.h"
 277              		.file 5 "../../os/kernel/include/chlists.h"
 278              		.file 6 "../../os/kernel/include/chthreads.h"
 279              		.file 7 "../../os/ports/GCC/ARMCMx/chcore_v7m.h"
 280              		.file 8 "../../os/kernel/include/chvt.h"
 281              		.file 9 "../../os/kernel/include/chschd.h"
 282              		.file 10 "../../os/kernel/include/chmtx.h"
 283              		.file 11 "../../os/kernel/include/chregistry.h"
 284              		.file 12 "../../os/kernel/include/chmemcore.h"
 285              		.file 13 "../../os/kernel/include/chheap.h"
 286              		.file 14 "../../os/kernel/include/chdebug.h"
 287              		.section	.debug_info,"",%progbits
 288              	.Ldebug_info0:
 289 0000 48090000 		.4byte	0x948
 290 0004 0200     		.2byte	0x2
 291 0006 00000000 		.4byte	.Ldebug_abbrev0
 292 000a 04       		.byte	0x4
 293 000b 01       		.uleb128 0x1
 294 000c 75020000 		.4byte	.LASF118
 295 0010 01       		.byte	0x1
 296 0011 F3040000 		.4byte	.LASF119
 297 0015 33020000 		.4byte	.LASF120
 298 0019 00000000 		.4byte	.Ldebug_ranges0+0
 299 001d 00000000 		.4byte	0
 300 0021 00000000 		.4byte	0
 301 0025 00000000 		.4byte	.Ldebug_line0
 302 0029 02       		.uleb128 0x2
 303 002a 04       		.byte	0x4
 304 002b 05       		.byte	0x5
 305 002c 696E7400 		.ascii	"int\000"
 306 0030 03       		.uleb128 0x3
 307 0031 1B000000 		.4byte	.LASF2
 308 0035 02       		.byte	0x2
 309 0036 D5       		.byte	0xd5
 310 0037 3B000000 		.4byte	0x3b
 311 003b 04       		.uleb128 0x4
 312 003c 04       		.byte	0x4
 313 003d 07       		.byte	0x7
 314 003e 8A010000 		.4byte	.LASF0
 315 0042 04       		.uleb128 0x4
 316 0043 01       		.byte	0x1
 317 0044 06       		.byte	0x6
 318 0045 B7000000 		.4byte	.LASF1
 319 0049 03       		.uleb128 0x3
 320 004a 0F050000 		.4byte	.LASF3
 321 004e 03       		.byte	0x3
 322 004f 2A       		.byte	0x2a
 323 0050 54000000 		.4byte	0x54
 324 0054 04       		.uleb128 0x4
 325 0055 01       		.byte	0x1
 326 0056 08       		.byte	0x8
 327 0057 92030000 		.4byte	.LASF4
 328 005b 04       		.uleb128 0x4
 329 005c 02       		.byte	0x2
ARM GAS  /tmp/ccZRZ1sH.s 			page 7


 330 005d 05       		.byte	0x5
 331 005e B5030000 		.4byte	.LASF5
 332 0062 03       		.uleb128 0x3
 333 0063 26010000 		.4byte	.LASF6
 334 0067 03       		.byte	0x3
 335 0068 36       		.byte	0x36
 336 0069 6D000000 		.4byte	0x6d
 337 006d 04       		.uleb128 0x4
 338 006e 02       		.byte	0x2
 339 006f 07       		.byte	0x7
 340 0070 DD010000 		.4byte	.LASF7
 341 0074 03       		.uleb128 0x3
 342 0075 8A030000 		.4byte	.LASF8
 343 0079 03       		.byte	0x3
 344 007a 4F       		.byte	0x4f
 345 007b 7F000000 		.4byte	0x7f
 346 007f 04       		.uleb128 0x4
 347 0080 04       		.byte	0x4
 348 0081 05       		.byte	0x5
 349 0082 14010000 		.4byte	.LASF9
 350 0086 03       		.uleb128 0x3
 351 0087 28040000 		.4byte	.LASF10
 352 008b 03       		.byte	0x3
 353 008c 50       		.byte	0x50
 354 008d 91000000 		.4byte	0x91
 355 0091 04       		.uleb128 0x4
 356 0092 04       		.byte	0x4
 357 0093 07       		.byte	0x7
 358 0094 AC010000 		.4byte	.LASF11
 359 0098 04       		.uleb128 0x4
 360 0099 08       		.byte	0x8
 361 009a 05       		.byte	0x5
 362 009b A9000000 		.4byte	.LASF12
 363 009f 03       		.uleb128 0x3
 364 00a0 29000000 		.4byte	.LASF13
 365 00a4 03       		.byte	0x3
 366 00a5 78       		.byte	0x78
 367 00a6 AA000000 		.4byte	0xaa
 368 00aa 04       		.uleb128 0x4
 369 00ab 08       		.byte	0x8
 370 00ac 07       		.byte	0x7
 371 00ad 4C000000 		.4byte	.LASF14
 372 00b1 04       		.uleb128 0x4
 373 00b2 01       		.byte	0x1
 374 00b3 02       		.byte	0x2
 375 00b4 84030000 		.4byte	.LASF15
 376 00b8 03       		.uleb128 0x3
 377 00b9 13020000 		.4byte	.LASF16
 378 00bd 04       		.byte	0x4
 379 00be 2C       		.byte	0x2c
 380 00bf 49000000 		.4byte	0x49
 381 00c3 03       		.uleb128 0x3
 382 00c4 1D010000 		.4byte	.LASF17
 383 00c8 04       		.byte	0x4
 384 00c9 2D       		.byte	0x2d
 385 00ca 49000000 		.4byte	0x49
 386 00ce 03       		.uleb128 0x3
ARM GAS  /tmp/ccZRZ1sH.s 			page 8


 387 00cf 62030000 		.4byte	.LASF18
 388 00d3 04       		.byte	0x4
 389 00d4 2E       		.byte	0x2e
 390 00d5 49000000 		.4byte	0x49
 391 00d9 03       		.uleb128 0x3
 392 00da 0A010000 		.4byte	.LASF19
 393 00de 04       		.byte	0x4
 394 00df 2F       		.byte	0x2f
 395 00e0 49000000 		.4byte	0x49
 396 00e4 03       		.uleb128 0x3
 397 00e5 7C030000 		.4byte	.LASF20
 398 00e9 04       		.byte	0x4
 399 00ea 30       		.byte	0x30
 400 00eb 86000000 		.4byte	0x86
 401 00ef 03       		.uleb128 0x3
 402 00f0 FC010000 		.4byte	.LASF21
 403 00f4 04       		.byte	0x4
 404 00f5 31       		.byte	0x31
 405 00f6 74000000 		.4byte	0x74
 406 00fa 03       		.uleb128 0x3
 407 00fb 27020000 		.4byte	.LASF22
 408 00ff 04       		.byte	0x4
 409 0100 33       		.byte	0x33
 410 0101 86000000 		.4byte	0x86
 411 0105 03       		.uleb128 0x3
 412 0106 79040000 		.4byte	.LASF23
 413 010a 04       		.byte	0x4
 414 010b 35       		.byte	0x35
 415 010c 86000000 		.4byte	0x86
 416 0110 03       		.uleb128 0x3
 417 0111 09040000 		.4byte	.LASF24
 418 0115 05       		.byte	0x5
 419 0116 2A       		.byte	0x2a
 420 0117 1B010000 		.4byte	0x11b
 421 011b 05       		.uleb128 0x5
 422 011c 09040000 		.4byte	.LASF24
 423 0120 4C       		.byte	0x4c
 424 0121 06       		.byte	0x6
 425 0122 5E       		.byte	0x5e
 426 0123 4E020000 		.4byte	0x24e
 427 0127 06       		.uleb128 0x6
 428 0128 EB030000 		.4byte	.LASF25
 429 012c 06       		.byte	0x6
 430 012d 5F       		.byte	0x5f
 431 012e 73020000 		.4byte	0x273
 432 0132 02       		.byte	0x2
 433 0133 23       		.byte	0x23
 434 0134 00       		.uleb128 0
 435 0135 06       		.uleb128 0x6
 436 0136 75030000 		.4byte	.LASF26
 437 013a 06       		.byte	0x6
 438 013b 61       		.byte	0x61
 439 013c 73020000 		.4byte	0x273
 440 0140 02       		.byte	0x2
 441 0141 23       		.byte	0x23
 442 0142 04       		.uleb128 0x4
 443 0143 06       		.uleb128 0x6
ARM GAS  /tmp/ccZRZ1sH.s 			page 9


 444 0144 85000000 		.4byte	.LASF27
 445 0148 06       		.byte	0x6
 446 0149 63       		.byte	0x63
 447 014a E4000000 		.4byte	0xe4
 448 014e 02       		.byte	0x2
 449 014f 23       		.byte	0x23
 450 0150 08       		.uleb128 0x8
 451 0151 06       		.uleb128 0x6
 452 0152 6D050000 		.4byte	.LASF28
 453 0156 06       		.byte	0x6
 454 0157 64       		.byte	0x64
 455 0158 4C030000 		.4byte	0x34c
 456 015c 02       		.byte	0x2
 457 015d 23       		.byte	0x23
 458 015e 0C       		.uleb128 0xc
 459 015f 06       		.uleb128 0x6
 460 0160 39010000 		.4byte	.LASF29
 461 0164 06       		.byte	0x6
 462 0165 66       		.byte	0x66
 463 0166 73020000 		.4byte	0x273
 464 016a 02       		.byte	0x2
 465 016b 23       		.byte	0x23
 466 016c 10       		.uleb128 0x10
 467 016d 06       		.uleb128 0x6
 468 016e 20030000 		.4byte	.LASF30
 469 0172 06       		.byte	0x6
 470 0173 67       		.byte	0x67
 471 0174 73020000 		.4byte	0x273
 472 0178 02       		.byte	0x2
 473 0179 23       		.byte	0x23
 474 017a 14       		.uleb128 0x14
 475 017b 06       		.uleb128 0x6
 476 017c 41050000 		.4byte	.LASF31
 477 0180 06       		.byte	0x6
 478 0181 6E       		.byte	0x6e
 479 0182 2D050000 		.4byte	0x52d
 480 0186 02       		.byte	0x2
 481 0187 23       		.byte	0x23
 482 0188 18       		.uleb128 0x18
 483 0189 06       		.uleb128 0x6
 484 018a 7F010000 		.4byte	.LASF32
 485 018e 06       		.byte	0x6
 486 018f 74       		.byte	0x74
 487 0190 3F050000 		.4byte	0x53f
 488 0194 02       		.byte	0x2
 489 0195 23       		.byte	0x23
 490 0196 1C       		.uleb128 0x1c
 491 0197 06       		.uleb128 0x6
 492 0198 BF030000 		.4byte	.LASF33
 493 019c 06       		.byte	0x6
 494 019d 79       		.byte	0x79
 495 019e C3000000 		.4byte	0xc3
 496 01a2 02       		.byte	0x2
 497 01a3 23       		.byte	0x23
 498 01a4 20       		.uleb128 0x20
 499 01a5 06       		.uleb128 0x6
 500 01a6 01040000 		.4byte	.LASF34
ARM GAS  /tmp/ccZRZ1sH.s 			page 10


 501 01aa 06       		.byte	0x6
 502 01ab 7D       		.byte	0x7d
 503 01ac B8000000 		.4byte	0xb8
 504 01b0 02       		.byte	0x2
 505 01b1 23       		.byte	0x23
 506 01b2 21       		.uleb128 0x21
 507 01b3 06       		.uleb128 0x6
 508 01b4 DC040000 		.4byte	.LASF35
 509 01b8 06       		.byte	0x6
 510 01b9 82       		.byte	0x82
 511 01ba CE000000 		.4byte	0xce
 512 01be 02       		.byte	0x2
 513 01bf 23       		.byte	0x23
 514 01c0 22       		.uleb128 0x22
 515 01c1 06       		.uleb128 0x6
 516 01c2 C7030000 		.4byte	.LASF36
 517 01c6 06       		.byte	0x6
 518 01c7 88       		.byte	0x88
 519 01c8 D9000000 		.4byte	0xd9
 520 01cc 02       		.byte	0x2
 521 01cd 23       		.byte	0x23
 522 01ce 23       		.uleb128 0x23
 523 01cf 06       		.uleb128 0x6
 524 01d0 A0040000 		.4byte	.LASF37
 525 01d4 06       		.byte	0x6
 526 01d5 8F       		.byte	0x8f
 527 01d6 38040000 		.4byte	0x438
 528 01da 02       		.byte	0x2
 529 01db 23       		.byte	0x23
 530 01dc 24       		.uleb128 0x24
 531 01dd 07       		.uleb128 0x7
 532 01de 705F7500 		.ascii	"p_u\000"
 533 01e2 06       		.byte	0x6
 534 01e3 B4       		.byte	0xb4
 535 01e4 F8040000 		.4byte	0x4f8
 536 01e8 02       		.byte	0x2
 537 01e9 23       		.byte	0x23
 538 01ea 28       		.uleb128 0x28
 539 01eb 06       		.uleb128 0x6
 540 01ec 73050000 		.4byte	.LASF38
 541 01f0 06       		.byte	0x6
 542 01f1 B9       		.byte	0xb9
 543 01f2 9B020000 		.4byte	0x29b
 544 01f6 02       		.byte	0x2
 545 01f7 23       		.byte	0x23
 546 01f8 2C       		.uleb128 0x2c
 547 01f9 06       		.uleb128 0x6
 548 01fa AE040000 		.4byte	.LASF39
 549 01fe 06       		.byte	0x6
 550 01ff BF       		.byte	0xbf
 551 0200 79020000 		.4byte	0x279
 552 0204 02       		.byte	0x2
 553 0205 23       		.byte	0x23
 554 0206 30       		.uleb128 0x30
 555 0207 06       		.uleb128 0x6
 556 0208 15000000 		.4byte	.LASF40
 557 020c 06       		.byte	0x6
ARM GAS  /tmp/ccZRZ1sH.s 			page 11


 558 020d C3       		.byte	0xc3
 559 020e EF000000 		.4byte	0xef
 560 0212 02       		.byte	0x2
 561 0213 23       		.byte	0x23
 562 0214 38       		.uleb128 0x38
 563 0215 06       		.uleb128 0x6
 564 0216 1D040000 		.4byte	.LASF41
 565 021a 06       		.byte	0x6
 566 021b C9       		.byte	0xc9
 567 021c FA000000 		.4byte	0xfa
 568 0220 02       		.byte	0x2
 569 0221 23       		.byte	0x23
 570 0222 3C       		.uleb128 0x3c
 571 0223 06       		.uleb128 0x6
 572 0224 AB030000 		.4byte	.LASF42
 573 0228 06       		.byte	0x6
 574 0229 D0       		.byte	0xd0
 575 022a 45050000 		.4byte	0x545
 576 022e 02       		.byte	0x2
 577 022f 23       		.byte	0x23
 578 0230 40       		.uleb128 0x40
 579 0231 06       		.uleb128 0x6
 580 0232 83040000 		.4byte	.LASF43
 581 0236 06       		.byte	0x6
 582 0237 D4       		.byte	0xd4
 583 0238 E4000000 		.4byte	0xe4
 584 023c 02       		.byte	0x2
 585 023d 23       		.byte	0x23
 586 023e 44       		.uleb128 0x44
 587 023f 06       		.uleb128 0x6
 588 0240 FA000000 		.4byte	.LASF44
 589 0244 06       		.byte	0x6
 590 0245 DA       		.byte	0xda
 591 0246 B1020000 		.4byte	0x2b1
 592 024a 02       		.byte	0x2
 593 024b 23       		.byte	0x23
 594 024c 48       		.uleb128 0x48
 595 024d 00       		.byte	0
 596 024e 08       		.uleb128 0x8
 597 024f 08       		.byte	0x8
 598 0250 05       		.byte	0x5
 599 0251 61       		.byte	0x61
 600 0252 73020000 		.4byte	0x273
 601 0256 06       		.uleb128 0x6
 602 0257 EB030000 		.4byte	.LASF25
 603 025b 05       		.byte	0x5
 604 025c 62       		.byte	0x62
 605 025d 73020000 		.4byte	0x273
 606 0261 02       		.byte	0x2
 607 0262 23       		.byte	0x23
 608 0263 00       		.uleb128 0
 609 0264 06       		.uleb128 0x6
 610 0265 75030000 		.4byte	.LASF26
 611 0269 05       		.byte	0x5
 612 026a 64       		.byte	0x64
 613 026b 73020000 		.4byte	0x273
 614 026f 02       		.byte	0x2
ARM GAS  /tmp/ccZRZ1sH.s 			page 12


 615 0270 23       		.byte	0x23
 616 0271 04       		.uleb128 0x4
 617 0272 00       		.byte	0
 618 0273 09       		.uleb128 0x9
 619 0274 04       		.byte	0x4
 620 0275 10010000 		.4byte	0x110
 621 0279 03       		.uleb128 0x3
 622 027a 2E030000 		.4byte	.LASF45
 623 027e 05       		.byte	0x5
 624 027f 66       		.byte	0x66
 625 0280 4E020000 		.4byte	0x24e
 626 0284 08       		.uleb128 0x8
 627 0285 04       		.byte	0x4
 628 0286 05       		.byte	0x5
 629 0287 6B       		.byte	0x6b
 630 0288 9B020000 		.4byte	0x29b
 631 028c 06       		.uleb128 0x6
 632 028d EB030000 		.4byte	.LASF25
 633 0291 05       		.byte	0x5
 634 0292 6D       		.byte	0x6d
 635 0293 73020000 		.4byte	0x273
 636 0297 02       		.byte	0x2
 637 0298 23       		.byte	0x23
 638 0299 00       		.uleb128 0
 639 029a 00       		.byte	0
 640 029b 03       		.uleb128 0x3
 641 029c 1B020000 		.4byte	.LASF46
 642 02a0 05       		.byte	0x5
 643 02a1 70       		.byte	0x70
 644 02a2 84020000 		.4byte	0x284
 645 02a6 03       		.uleb128 0x3
 646 02a7 59010000 		.4byte	.LASF47
 647 02ab 07       		.byte	0x7
 648 02ac E5       		.byte	0xe5
 649 02ad B1020000 		.4byte	0x2b1
 650 02b1 0A       		.uleb128 0xa
 651 02b2 04       		.byte	0x4
 652 02b3 03       		.uleb128 0x3
 653 02b4 BE020000 		.4byte	.LASF48
 654 02b8 07       		.byte	0x7
 655 02b9 EB       		.byte	0xeb
 656 02ba 9F000000 		.4byte	0x9f
 657 02be 0B       		.uleb128 0xb
 658 02bf A7040000 		.4byte	.LASF49
 659 02c3 24       		.byte	0x24
 660 02c4 07       		.byte	0x7
 661 02c5 0C01     		.2byte	0x10c
 662 02c7 4C030000 		.4byte	0x34c
 663 02cb 0C       		.uleb128 0xc
 664 02cc 723400   		.ascii	"r4\000"
 665 02cf 07       		.byte	0x7
 666 02d0 1F01     		.2byte	0x11f
 667 02d2 A6020000 		.4byte	0x2a6
 668 02d6 02       		.byte	0x2
 669 02d7 23       		.byte	0x23
 670 02d8 00       		.uleb128 0
 671 02d9 0C       		.uleb128 0xc
ARM GAS  /tmp/ccZRZ1sH.s 			page 13


 672 02da 723500   		.ascii	"r5\000"
 673 02dd 07       		.byte	0x7
 674 02de 2001     		.2byte	0x120
 675 02e0 A6020000 		.4byte	0x2a6
 676 02e4 02       		.byte	0x2
 677 02e5 23       		.byte	0x23
 678 02e6 04       		.uleb128 0x4
 679 02e7 0C       		.uleb128 0xc
 680 02e8 723600   		.ascii	"r6\000"
 681 02eb 07       		.byte	0x7
 682 02ec 2101     		.2byte	0x121
 683 02ee A6020000 		.4byte	0x2a6
 684 02f2 02       		.byte	0x2
 685 02f3 23       		.byte	0x23
 686 02f4 08       		.uleb128 0x8
 687 02f5 0C       		.uleb128 0xc
 688 02f6 723700   		.ascii	"r7\000"
 689 02f9 07       		.byte	0x7
 690 02fa 2201     		.2byte	0x122
 691 02fc A6020000 		.4byte	0x2a6
 692 0300 02       		.byte	0x2
 693 0301 23       		.byte	0x23
 694 0302 0C       		.uleb128 0xc
 695 0303 0C       		.uleb128 0xc
 696 0304 723800   		.ascii	"r8\000"
 697 0307 07       		.byte	0x7
 698 0308 2301     		.2byte	0x123
 699 030a A6020000 		.4byte	0x2a6
 700 030e 02       		.byte	0x2
 701 030f 23       		.byte	0x23
 702 0310 10       		.uleb128 0x10
 703 0311 0C       		.uleb128 0xc
 704 0312 723900   		.ascii	"r9\000"
 705 0315 07       		.byte	0x7
 706 0316 2401     		.2byte	0x124
 707 0318 A6020000 		.4byte	0x2a6
 708 031c 02       		.byte	0x2
 709 031d 23       		.byte	0x23
 710 031e 14       		.uleb128 0x14
 711 031f 0C       		.uleb128 0xc
 712 0320 72313000 		.ascii	"r10\000"
 713 0324 07       		.byte	0x7
 714 0325 2501     		.2byte	0x125
 715 0327 A6020000 		.4byte	0x2a6
 716 032b 02       		.byte	0x2
 717 032c 23       		.byte	0x23
 718 032d 18       		.uleb128 0x18
 719 032e 0C       		.uleb128 0xc
 720 032f 72313100 		.ascii	"r11\000"
 721 0333 07       		.byte	0x7
 722 0334 2601     		.2byte	0x126
 723 0336 A6020000 		.4byte	0x2a6
 724 033a 02       		.byte	0x2
 725 033b 23       		.byte	0x23
 726 033c 1C       		.uleb128 0x1c
 727 033d 0C       		.uleb128 0xc
 728 033e 6C7200   		.ascii	"lr\000"
ARM GAS  /tmp/ccZRZ1sH.s 			page 14


 729 0341 07       		.byte	0x7
 730 0342 2701     		.2byte	0x127
 731 0344 A6020000 		.4byte	0x2a6
 732 0348 02       		.byte	0x2
 733 0349 23       		.byte	0x23
 734 034a 20       		.uleb128 0x20
 735 034b 00       		.byte	0
 736 034c 0B       		.uleb128 0xb
 737 034d D5010000 		.4byte	.LASF50
 738 0351 04       		.byte	0x4
 739 0352 07       		.byte	0x7
 740 0353 3101     		.2byte	0x131
 741 0355 69030000 		.4byte	0x369
 742 0359 0C       		.uleb128 0xc
 743 035a 72313300 		.ascii	"r13\000"
 744 035e 07       		.byte	0x7
 745 035f 3201     		.2byte	0x132
 746 0361 69030000 		.4byte	0x369
 747 0365 02       		.byte	0x2
 748 0366 23       		.byte	0x23
 749 0367 00       		.uleb128 0
 750 0368 00       		.byte	0
 751 0369 09       		.uleb128 0x9
 752 036a 04       		.byte	0x4
 753 036b BE020000 		.4byte	0x2be
 754 036f 04       		.uleb128 0x4
 755 0370 04       		.byte	0x4
 756 0371 07       		.byte	0x7
 757 0372 F7020000 		.4byte	.LASF51
 758 0376 03       		.uleb128 0x3
 759 0377 8E040000 		.4byte	.LASF52
 760 037b 08       		.byte	0x8
 761 037c 55       		.byte	0x55
 762 037d 81030000 		.4byte	0x381
 763 0381 09       		.uleb128 0x9
 764 0382 04       		.byte	0x4
 765 0383 87030000 		.4byte	0x387
 766 0387 0D       		.uleb128 0xd
 767 0388 01       		.byte	0x1
 768 0389 93030000 		.4byte	0x393
 769 038d 0E       		.uleb128 0xe
 770 038e B1020000 		.4byte	0x2b1
 771 0392 00       		.byte	0
 772 0393 03       		.uleb128 0x3
 773 0394 45040000 		.4byte	.LASF53
 774 0398 08       		.byte	0x8
 775 0399 5A       		.byte	0x5a
 776 039a 9E030000 		.4byte	0x39e
 777 039e 05       		.uleb128 0x5
 778 039f 45040000 		.4byte	.LASF53
 779 03a3 14       		.byte	0x14
 780 03a4 08       		.byte	0x8
 781 03a5 61       		.byte	0x61
 782 03a6 F1030000 		.4byte	0x3f1
 783 03aa 06       		.uleb128 0x6
 784 03ab A4010000 		.4byte	.LASF54
 785 03af 08       		.byte	0x8
ARM GAS  /tmp/ccZRZ1sH.s 			page 15


 786 03b0 62       		.byte	0x62
 787 03b1 F1030000 		.4byte	0x3f1
 788 03b5 02       		.byte	0x2
 789 03b6 23       		.byte	0x23
 790 03b7 00       		.uleb128 0
 791 03b8 06       		.uleb128 0x6
 792 03b9 62010000 		.4byte	.LASF55
 793 03bd 08       		.byte	0x8
 794 03be 64       		.byte	0x64
 795 03bf F1030000 		.4byte	0x3f1
 796 03c3 02       		.byte	0x2
 797 03c4 23       		.byte	0x23
 798 03c5 04       		.uleb128 0x4
 799 03c6 06       		.uleb128 0x6
 800 03c7 EF020000 		.4byte	.LASF56
 801 03cb 08       		.byte	0x8
 802 03cc 66       		.byte	0x66
 803 03cd 05010000 		.4byte	0x105
 804 03d1 02       		.byte	0x2
 805 03d2 23       		.byte	0x23
 806 03d3 08       		.uleb128 0x8
 807 03d4 06       		.uleb128 0x6
 808 03d5 00030000 		.4byte	.LASF57
 809 03d9 08       		.byte	0x8
 810 03da 67       		.byte	0x67
 811 03db 76030000 		.4byte	0x376
 812 03df 02       		.byte	0x2
 813 03e0 23       		.byte	0x23
 814 03e1 0C       		.uleb128 0xc
 815 03e2 06       		.uleb128 0x6
 816 03e3 CA040000 		.4byte	.LASF58
 817 03e7 08       		.byte	0x8
 818 03e8 69       		.byte	0x69
 819 03e9 B1020000 		.4byte	0x2b1
 820 03ed 02       		.byte	0x2
 821 03ee 23       		.byte	0x23
 822 03ef 10       		.uleb128 0x10
 823 03f0 00       		.byte	0
 824 03f1 09       		.uleb128 0x9
 825 03f2 04       		.byte	0x4
 826 03f3 93030000 		.4byte	0x393
 827 03f7 08       		.uleb128 0x8
 828 03f8 10       		.byte	0x10
 829 03f9 08       		.byte	0x8
 830 03fa 73       		.byte	0x73
 831 03fb 38040000 		.4byte	0x438
 832 03ff 06       		.uleb128 0x6
 833 0400 A4010000 		.4byte	.LASF54
 834 0404 08       		.byte	0x8
 835 0405 74       		.byte	0x74
 836 0406 F1030000 		.4byte	0x3f1
 837 040a 02       		.byte	0x2
 838 040b 23       		.byte	0x23
 839 040c 00       		.uleb128 0
 840 040d 06       		.uleb128 0x6
 841 040e 62010000 		.4byte	.LASF55
 842 0412 08       		.byte	0x8
ARM GAS  /tmp/ccZRZ1sH.s 			page 16


 843 0413 76       		.byte	0x76
 844 0414 F1030000 		.4byte	0x3f1
 845 0418 02       		.byte	0x2
 846 0419 23       		.byte	0x23
 847 041a 04       		.uleb128 0x4
 848 041b 06       		.uleb128 0x6
 849 041c EF020000 		.4byte	.LASF56
 850 0420 08       		.byte	0x8
 851 0421 78       		.byte	0x78
 852 0422 05010000 		.4byte	0x105
 853 0426 02       		.byte	0x2
 854 0427 23       		.byte	0x23
 855 0428 08       		.uleb128 0x8
 856 0429 06       		.uleb128 0x6
 857 042a 48050000 		.4byte	.LASF59
 858 042e 08       		.byte	0x8
 859 042f 79       		.byte	0x79
 860 0430 38040000 		.4byte	0x438
 861 0434 02       		.byte	0x2
 862 0435 23       		.byte	0x23
 863 0436 0C       		.uleb128 0xc
 864 0437 00       		.byte	0
 865 0438 0F       		.uleb128 0xf
 866 0439 05010000 		.4byte	0x105
 867 043d 03       		.uleb128 0x3
 868 043e 5E050000 		.4byte	.LASF60
 869 0442 08       		.byte	0x8
 870 0443 7A       		.byte	0x7a
 871 0444 F7030000 		.4byte	0x3f7
 872 0448 08       		.uleb128 0x8
 873 0449 1C       		.byte	0x1c
 874 044a 09       		.byte	0x9
 875 044b 5E       		.byte	0x5e
 876 044c A5040000 		.4byte	0x4a5
 877 0450 06       		.uleb128 0x6
 878 0451 3D040000 		.4byte	.LASF61
 879 0455 09       		.byte	0x9
 880 0456 5F       		.byte	0x5f
 881 0457 79020000 		.4byte	0x279
 882 045b 02       		.byte	0x2
 883 045c 23       		.byte	0x23
 884 045d 00       		.uleb128 0
 885 045e 06       		.uleb128 0x6
 886 045f DD030000 		.4byte	.LASF62
 887 0463 09       		.byte	0x9
 888 0464 60       		.byte	0x60
 889 0465 E4000000 		.4byte	0xe4
 890 0469 02       		.byte	0x2
 891 046a 23       		.byte	0x23
 892 046b 08       		.uleb128 0x8
 893 046c 06       		.uleb128 0x6
 894 046d 28030000 		.4byte	.LASF63
 895 0471 09       		.byte	0x9
 896 0472 62       		.byte	0x62
 897 0473 4C030000 		.4byte	0x34c
 898 0477 02       		.byte	0x2
 899 0478 23       		.byte	0x23
ARM GAS  /tmp/ccZRZ1sH.s 			page 17


 900 0479 0C       		.uleb128 0xc
 901 047a 06       		.uleb128 0x6
 902 047b 51010000 		.4byte	.LASF64
 903 047f 09       		.byte	0x9
 904 0480 65       		.byte	0x65
 905 0481 73020000 		.4byte	0x273
 906 0485 02       		.byte	0x2
 907 0486 23       		.byte	0x23
 908 0487 10       		.uleb128 0x10
 909 0488 06       		.uleb128 0x6
 910 0489 4D030000 		.4byte	.LASF65
 911 048d 09       		.byte	0x9
 912 048e 66       		.byte	0x66
 913 048f 73020000 		.4byte	0x273
 914 0493 02       		.byte	0x2
 915 0494 23       		.byte	0x23
 916 0495 14       		.uleb128 0x14
 917 0496 06       		.uleb128 0x6
 918 0497 43030000 		.4byte	.LASF66
 919 049b 09       		.byte	0x9
 920 049c 69       		.byte	0x69
 921 049d 73020000 		.4byte	0x273
 922 04a1 02       		.byte	0x2
 923 04a2 23       		.byte	0x23
 924 04a3 18       		.uleb128 0x18
 925 04a4 00       		.byte	0
 926 04a5 03       		.uleb128 0x3
 927 04a6 E3040000 		.4byte	.LASF67
 928 04aa 09       		.byte	0x9
 929 04ab 6B       		.byte	0x6b
 930 04ac 48040000 		.4byte	0x448
 931 04b0 05       		.uleb128 0x5
 932 04b1 6F020000 		.4byte	.LASF68
 933 04b5 10       		.byte	0x10
 934 04b6 0A       		.byte	0xa
 935 04b7 2C       		.byte	0x2c
 936 04b8 E7040000 		.4byte	0x4e7
 937 04bc 06       		.uleb128 0x6
 938 04bd 02010000 		.4byte	.LASF69
 939 04c1 0A       		.byte	0xa
 940 04c2 2D       		.byte	0x2d
 941 04c3 79020000 		.4byte	0x279
 942 04c7 02       		.byte	0x2
 943 04c8 23       		.byte	0x23
 944 04c9 00       		.uleb128 0
 945 04ca 06       		.uleb128 0x6
 946 04cb 65050000 		.4byte	.LASF70
 947 04cf 0A       		.byte	0xa
 948 04d0 2F       		.byte	0x2f
 949 04d1 73020000 		.4byte	0x273
 950 04d5 02       		.byte	0x2
 951 04d6 23       		.byte	0x23
 952 04d7 08       		.uleb128 0x8
 953 04d8 06       		.uleb128 0x6
 954 04d9 72040000 		.4byte	.LASF71
 955 04dd 0A       		.byte	0xa
 956 04de 31       		.byte	0x31
ARM GAS  /tmp/ccZRZ1sH.s 			page 18


 957 04df E7040000 		.4byte	0x4e7
 958 04e3 02       		.byte	0x2
 959 04e4 23       		.byte	0x23
 960 04e5 0C       		.uleb128 0xc
 961 04e6 00       		.byte	0
 962 04e7 09       		.uleb128 0x9
 963 04e8 04       		.byte	0x4
 964 04e9 B0040000 		.4byte	0x4b0
 965 04ed 03       		.uleb128 0x3
 966 04ee 6F020000 		.4byte	.LASF68
 967 04f2 0A       		.byte	0xa
 968 04f3 33       		.byte	0x33
 969 04f4 B0040000 		.4byte	0x4b0
 970 04f8 10       		.uleb128 0x10
 971 04f9 04       		.byte	0x4
 972 04fa 06       		.byte	0x6
 973 04fb 96       		.byte	0x96
 974 04fc 2D050000 		.4byte	0x52d
 975 0500 11       		.uleb128 0x11
 976 0501 22000000 		.4byte	.LASF72
 977 0505 06       		.byte	0x6
 978 0506 9D       		.byte	0x9d
 979 0507 EF000000 		.4byte	0xef
 980 050b 11       		.uleb128 0x11
 981 050c 71000000 		.4byte	.LASF73
 982 0510 06       		.byte	0x6
 983 0511 A4       		.byte	0xa4
 984 0512 EF000000 		.4byte	0xef
 985 0516 11       		.uleb128 0x11
 986 0517 3A050000 		.4byte	.LASF74
 987 051b 06       		.byte	0x6
 988 051c AB       		.byte	0xab
 989 051d B1020000 		.4byte	0x2b1
 990 0521 11       		.uleb128 0x11
 991 0522 E4030000 		.4byte	.LASF75
 992 0526 06       		.byte	0x6
 993 0527 B2       		.byte	0xb2
 994 0528 FA000000 		.4byte	0xfa
 995 052c 00       		.byte	0
 996 052d 09       		.uleb128 0x9
 997 052e 04       		.byte	0x4
 998 052f 33050000 		.4byte	0x533
 999 0533 12       		.uleb128 0x12
 1000 0534 38050000 		.4byte	0x538
 1001 0538 04       		.uleb128 0x4
 1002 0539 01       		.byte	0x1
 1003 053a 08       		.byte	0x8
 1004 053b 52040000 		.4byte	.LASF76
 1005 053f 09       		.uleb128 0x9
 1006 0540 04       		.byte	0x4
 1007 0541 B3020000 		.4byte	0x2b3
 1008 0545 09       		.uleb128 0x9
 1009 0546 04       		.byte	0x4
 1010 0547 ED040000 		.4byte	0x4ed
 1011 054b 03       		.uleb128 0x3
 1012 054c 00000000 		.4byte	.LASF77
 1013 0550 06       		.byte	0x6
ARM GAS  /tmp/ccZRZ1sH.s 			page 19


 1014 0551 E5       		.byte	0xe5
 1015 0552 56050000 		.4byte	0x556
 1016 0556 09       		.uleb128 0x9
 1017 0557 04       		.byte	0x4
 1018 0558 5C050000 		.4byte	0x55c
 1019 055c 13       		.uleb128 0x13
 1020 055d 01       		.byte	0x1
 1021 055e EF000000 		.4byte	0xef
 1022 0562 6C050000 		.4byte	0x56c
 1023 0566 0E       		.uleb128 0xe
 1024 0567 B1020000 		.4byte	0x2b1
 1025 056b 00       		.byte	0
 1026 056c 08       		.uleb128 0x8
 1027 056d 16       		.byte	0x16
 1028 056e 0B       		.byte	0xb
 1029 056f 2C       		.byte	0x2c
 1030 0570 71060000 		.4byte	0x671
 1031 0574 06       		.uleb128 0x6
 1032 0575 C7010000 		.4byte	.LASF78
 1033 0579 0B       		.byte	0xb
 1034 057a 2D       		.byte	0x2d
 1035 057b 71060000 		.4byte	0x671
 1036 057f 02       		.byte	0x2
 1037 0580 23       		.byte	0x23
 1038 0581 00       		.uleb128 0
 1039 0582 06       		.uleb128 0x6
 1040 0583 DB020000 		.4byte	.LASF79
 1041 0587 0B       		.byte	0xb
 1042 0588 2E       		.byte	0x2e
 1043 0589 49000000 		.4byte	0x49
 1044 058d 02       		.byte	0x2
 1045 058e 23       		.byte	0x23
 1046 058f 04       		.uleb128 0x4
 1047 0590 06       		.uleb128 0x6
 1048 0591 3B030000 		.4byte	.LASF80
 1049 0595 0B       		.byte	0xb
 1050 0596 2F       		.byte	0x2f
 1051 0597 49000000 		.4byte	0x49
 1052 059b 02       		.byte	0x2
 1053 059c 23       		.byte	0x23
 1054 059d 05       		.uleb128 0x5
 1055 059e 06       		.uleb128 0x6
 1056 059f 53050000 		.4byte	.LASF81
 1057 05a3 0B       		.byte	0xb
 1058 05a4 30       		.byte	0x30
 1059 05a5 62000000 		.4byte	0x62
 1060 05a9 02       		.byte	0x2
 1061 05aa 23       		.byte	0x23
 1062 05ab 06       		.uleb128 0x6
 1063 05ac 06       		.uleb128 0x6
 1064 05ad 6A030000 		.4byte	.LASF82
 1065 05b1 0B       		.byte	0xb
 1066 05b2 31       		.byte	0x31
 1067 05b3 49000000 		.4byte	0x49
 1068 05b7 02       		.byte	0x2
 1069 05b8 23       		.byte	0x23
 1070 05b9 08       		.uleb128 0x8
ARM GAS  /tmp/ccZRZ1sH.s 			page 20


 1071 05ba 06       		.uleb128 0x6
 1072 05bb 08030000 		.4byte	.LASF83
 1073 05bf 0B       		.byte	0xb
 1074 05c0 32       		.byte	0x32
 1075 05c1 49000000 		.4byte	0x49
 1076 05c5 02       		.byte	0x2
 1077 05c6 23       		.byte	0x23
 1078 05c7 09       		.uleb128 0x9
 1079 05c8 06       		.uleb128 0x6
 1080 05c9 63000000 		.4byte	.LASF84
 1081 05cd 0B       		.byte	0xb
 1082 05ce 33       		.byte	0x33
 1083 05cf 49000000 		.4byte	0x49
 1084 05d3 02       		.byte	0x2
 1085 05d4 23       		.byte	0x23
 1086 05d5 0A       		.uleb128 0xa
 1087 05d6 06       		.uleb128 0x6
 1088 05d7 31040000 		.4byte	.LASF85
 1089 05db 0B       		.byte	0xb
 1090 05dc 34       		.byte	0x34
 1091 05dd 49000000 		.4byte	0x49
 1092 05e1 02       		.byte	0x2
 1093 05e2 23       		.byte	0x23
 1094 05e3 0B       		.uleb128 0xb
 1095 05e4 06       		.uleb128 0x6
 1096 05e5 D1040000 		.4byte	.LASF86
 1097 05e9 0B       		.byte	0xb
 1098 05ea 35       		.byte	0x35
 1099 05eb 49000000 		.4byte	0x49
 1100 05ef 02       		.byte	0x2
 1101 05f0 23       		.byte	0x23
 1102 05f1 0C       		.uleb128 0xc
 1103 05f2 06       		.uleb128 0x6
 1104 05f3 10040000 		.4byte	.LASF87
 1105 05f7 0B       		.byte	0xb
 1106 05f8 36       		.byte	0x36
 1107 05f9 49000000 		.4byte	0x49
 1108 05fd 02       		.byte	0x2
 1109 05fe 23       		.byte	0x23
 1110 05ff 0D       		.uleb128 0xd
 1111 0600 06       		.uleb128 0x6
 1112 0601 08000000 		.4byte	.LASF88
 1113 0605 0B       		.byte	0xb
 1114 0606 37       		.byte	0x37
 1115 0607 49000000 		.4byte	0x49
 1116 060b 02       		.byte	0x2
 1117 060c 23       		.byte	0x23
 1118 060d 0E       		.uleb128 0xe
 1119 060e 06       		.uleb128 0x6
 1120 060f 14030000 		.4byte	.LASF89
 1121 0613 0B       		.byte	0xb
 1122 0614 38       		.byte	0x38
 1123 0615 49000000 		.4byte	0x49
 1124 0619 02       		.byte	0x2
 1125 061a 23       		.byte	0x23
 1126 061b 0F       		.uleb128 0xf
 1127 061c 06       		.uleb128 0x6
ARM GAS  /tmp/ccZRZ1sH.s 			page 21


 1128 061d C3000000 		.4byte	.LASF90
 1129 0621 0B       		.byte	0xb
 1130 0622 39       		.byte	0x39
 1131 0623 49000000 		.4byte	0x49
 1132 0627 02       		.byte	0x2
 1133 0628 23       		.byte	0x23
 1134 0629 10       		.uleb128 0x10
 1135 062a 06       		.uleb128 0x6
 1136 062b 8C000000 		.4byte	.LASF91
 1137 062f 0B       		.byte	0xb
 1138 0630 3B       		.byte	0x3b
 1139 0631 49000000 		.4byte	0x49
 1140 0635 02       		.byte	0x2
 1141 0636 23       		.byte	0x23
 1142 0637 11       		.uleb128 0x11
 1143 0638 06       		.uleb128 0x6
 1144 0639 ED000000 		.4byte	.LASF92
 1145 063d 0B       		.byte	0xb
 1146 063e 3C       		.byte	0x3c
 1147 063f 49000000 		.4byte	0x49
 1148 0643 02       		.byte	0x2
 1149 0644 23       		.byte	0x23
 1150 0645 12       		.uleb128 0x12
 1151 0646 06       		.uleb128 0x6
 1152 0647 E3020000 		.4byte	.LASF93
 1153 064b 0B       		.byte	0xb
 1154 064c 3D       		.byte	0x3d
 1155 064d 49000000 		.4byte	0x49
 1156 0651 02       		.byte	0x2
 1157 0652 23       		.byte	0x23
 1158 0653 13       		.uleb128 0x13
 1159 0654 06       		.uleb128 0x6
 1160 0655 F2030000 		.4byte	.LASF94
 1161 0659 0B       		.byte	0xb
 1162 065a 3E       		.byte	0x3e
 1163 065b 49000000 		.4byte	0x49
 1164 065f 02       		.byte	0x2
 1165 0660 23       		.byte	0x23
 1166 0661 14       		.uleb128 0x14
 1167 0662 06       		.uleb128 0x6
 1168 0663 D1030000 		.4byte	.LASF95
 1169 0667 0B       		.byte	0xb
 1170 0668 40       		.byte	0x40
 1171 0669 49000000 		.4byte	0x49
 1172 066d 02       		.byte	0x2
 1173 066e 23       		.byte	0x23
 1174 066f 15       		.uleb128 0x15
 1175 0670 00       		.byte	0
 1176 0671 14       		.uleb128 0x14
 1177 0672 38050000 		.4byte	0x538
 1178 0676 81060000 		.4byte	0x681
 1179 067a 15       		.uleb128 0x15
 1180 067b 6F030000 		.4byte	0x36f
 1181 067f 03       		.byte	0x3
 1182 0680 00       		.byte	0
 1183 0681 03       		.uleb128 0x3
 1184 0682 2F010000 		.4byte	.LASF96
ARM GAS  /tmp/ccZRZ1sH.s 			page 22


 1185 0686 0B       		.byte	0xb
 1186 0687 41       		.byte	0x41
 1187 0688 6C050000 		.4byte	0x56c
 1188 068c 16       		.uleb128 0x16
 1189 068d 01       		.byte	0x1
 1190 068e 55030000 		.4byte	.LASF97
 1191 0692 01       		.byte	0x1
 1192 0693 3D       		.byte	0x3d
 1193 0694 01       		.byte	0x1
 1194 0695 00000000 		.4byte	.LFB7
 1195 0699 14000000 		.4byte	.LFE7
 1196 069d 02       		.byte	0x2
 1197 069e 7D       		.byte	0x7d
 1198 069f 00       		.sleb128 0
 1199 06a0 01       		.byte	0x1
 1200 06a1 B3060000 		.4byte	0x6b3
 1201 06a5 17       		.uleb128 0x17
 1202 06a6 7000     		.ascii	"p\000"
 1203 06a8 01       		.byte	0x1
 1204 06a9 3D       		.byte	0x3d
 1205 06aa B1020000 		.4byte	0x2b1
 1206 06ae 00000000 		.4byte	.LLST0
 1207 06b2 00       		.byte	0
 1208 06b3 18       		.uleb128 0x18
 1209 06b4 01       		.byte	0x1
 1210 06b5 6A010000 		.4byte	.LASF98
 1211 06b9 01       		.byte	0x1
 1212 06ba 54       		.byte	0x54
 1213 06bb 01       		.byte	0x1
 1214 06bc 00000000 		.4byte	.LFB8
 1215 06c0 7A000000 		.4byte	.LFE8
 1216 06c4 21000000 		.4byte	.LLST1
 1217 06c8 01       		.byte	0x1
 1218 06c9 93070000 		.4byte	0x793
 1219 06cd 19       		.uleb128 0x19
 1220 06ce 7A000000 		.4byte	.LASF99
 1221 06d2 01       		.byte	0x1
 1222 06d3 55       		.byte	0x55
 1223 06d4 10010000 		.4byte	0x110
 1224 06d8 05       		.byte	0x5
 1225 06d9 03       		.byte	0x3
 1226 06da 00000000 		.4byte	mainthread.4824
 1227 06de 1A       		.uleb128 0x1a
 1228 06df 57040000 		.4byte	.LASF101
 1229 06e3 01       		.byte	0x1
 1230 06e4 57       		.byte	0x57
 1231 06e5 B3020000 		.4byte	0x2b3
 1232 06e9 01       		.byte	0x1
 1233 06ea 01       		.byte	0x1
 1234 06eb 1B       		.uleb128 0x1b
 1235 06ec 48000000 		.4byte	.LBB2
 1236 06f0 50000000 		.4byte	.LBE2
 1237 06f4 08070000 		.4byte	0x708
 1238 06f8 1C       		.uleb128 0x1c
 1239 06f9 746D7000 		.ascii	"tmp\000"
 1240 06fd 01       		.byte	0x1
 1241 06fe 6F       		.byte	0x6f
ARM GAS  /tmp/ccZRZ1sH.s 			page 23


 1242 06ff 86000000 		.4byte	0x86
 1243 0703 4D000000 		.4byte	.LLST2
 1244 0707 00       		.byte	0
 1245 0708 1D       		.uleb128 0x1d
 1246 0709 08000000 		.4byte	.LVL2
 1247 070d 9B080000 		.4byte	0x89b
 1248 0711 1D       		.uleb128 0x1d
 1249 0712 0C000000 		.4byte	.LVL3
 1250 0716 A6080000 		.4byte	0x8a6
 1251 071a 1D       		.uleb128 0x1d
 1252 071b 10000000 		.4byte	.LVL4
 1253 071f B0080000 		.4byte	0x8b0
 1254 0723 1D       		.uleb128 0x1d
 1255 0724 14000000 		.4byte	.LVL5
 1256 0728 BA080000 		.4byte	0x8ba
 1257 072c 1D       		.uleb128 0x1d
 1258 072d 18000000 		.4byte	.LVL6
 1259 0731 C4080000 		.4byte	0x8c4
 1260 0735 1D       		.uleb128 0x1d
 1261 0736 1C000000 		.4byte	.LVL7
 1262 073a CE080000 		.4byte	0x8ce
 1263 073e 1E       		.uleb128 0x1e
 1264 073f 2A000000 		.4byte	.LVL8
 1265 0743 D8080000 		.4byte	0x8d8
 1266 0747 5B070000 		.4byte	0x75b
 1267 074b 1F       		.uleb128 0x1f
 1268 074c 01       		.byte	0x1
 1269 074d 51       		.byte	0x51
 1270 074e 02       		.byte	0x2
 1271 074f 08       		.byte	0x8
 1272 0750 40       		.byte	0x40
 1273 0751 1F       		.uleb128 0x1f
 1274 0752 01       		.byte	0x1
 1275 0753 50       		.byte	0x50
 1276 0754 05       		.byte	0x5
 1277 0755 03       		.byte	0x3
 1278 0756 00000000 		.4byte	.LANCHOR0
 1279 075a 00       		.byte	0
 1280 075b 1D       		.uleb128 0x1d
 1281 075c 48000000 		.4byte	.LVL9
 1282 0760 F6080000 		.4byte	0x8f6
 1283 0764 20       		.uleb128 0x20
 1284 0765 76000000 		.4byte	.LVL13
 1285 0769 00090000 		.4byte	0x900
 1286 076d 1F       		.uleb128 0x1f
 1287 076e 01       		.byte	0x1
 1288 076f 53       		.byte	0x53
 1289 0770 05       		.byte	0x5
 1290 0771 03       		.byte	0x3
 1291 0772 00000000 		.4byte	_idle_thread
 1292 0776 1F       		.uleb128 0x1f
 1293 0777 01       		.byte	0x1
 1294 0778 52       		.byte	0x52
 1295 0779 02       		.byte	0x2
 1296 077a 75       		.byte	0x75
 1297 077b 00       		.sleb128 0
 1298 077c 1F       		.uleb128 0x1f
ARM GAS  /tmp/ccZRZ1sH.s 			page 24


 1299 077d 01       		.byte	0x1
 1300 077e 51       		.byte	0x51
 1301 077f 02       		.byte	0x2
 1302 0780 08       		.byte	0x8
 1303 0781 C0       		.byte	0xc0
 1304 0782 1F       		.uleb128 0x1f
 1305 0783 01       		.byte	0x1
 1306 0784 50       		.byte	0x50
 1307 0785 05       		.byte	0x5
 1308 0786 03       		.byte	0x3
 1309 0787 00000000 		.4byte	.LANCHOR1
 1310 078b 1F       		.uleb128 0x1f
 1311 078c 02       		.byte	0x2
 1312 078d 7D       		.byte	0x7d
 1313 078e 00       		.sleb128 0
 1314 078f 01       		.byte	0x1
 1315 0790 30       		.byte	0x30
 1316 0791 00       		.byte	0
 1317 0792 00       		.byte	0
 1318 0793 18       		.uleb128 0x18
 1319 0794 01       		.byte	0x1
 1320 0795 39000000 		.4byte	.LASF100
 1321 0799 01       		.byte	0x1
 1322 079a 89       		.byte	0x89
 1323 079b 01       		.byte	0x1
 1324 079c 00000000 		.4byte	.LFB9
 1325 07a0 68000000 		.4byte	.LFE9
 1326 07a4 60000000 		.4byte	.LLST3
 1327 07a8 01       		.byte	0x1
 1328 07a9 40080000 		.4byte	0x840
 1329 07ad 1B       		.uleb128 0x1b
 1330 07ae 2A000000 		.4byte	.LBB3
 1331 07b2 68000000 		.4byte	.LBE3
 1332 07b6 36080000 		.4byte	0x836
 1333 07ba 1C       		.uleb128 0x1c
 1334 07bb 76747000 		.ascii	"vtp\000"
 1335 07bf 01       		.byte	0x1
 1336 07c0 96       		.byte	0x96
 1337 07c1 F1030000 		.4byte	0x3f1
 1338 07c5 80000000 		.4byte	.LLST4
 1339 07c9 21       		.uleb128 0x21
 1340 07ca 32000000 		.4byte	.LBB4
 1341 07ce 54000000 		.4byte	.LBE4
 1342 07d2 1C       		.uleb128 0x1c
 1343 07d3 666E00   		.ascii	"fn\000"
 1344 07d6 01       		.byte	0x1
 1345 07d7 96       		.byte	0x96
 1346 07d8 76030000 		.4byte	0x376
 1347 07dc 93000000 		.4byte	.LLST5
 1348 07e0 1B       		.uleb128 0x1b
 1349 07e1 40000000 		.4byte	.LBB5
 1350 07e5 46000000 		.4byte	.LBE5
 1351 07e9 FD070000 		.4byte	0x7fd
 1352 07ed 1C       		.uleb128 0x1c
 1353 07ee 746D7000 		.ascii	"tmp\000"
 1354 07f2 01       		.byte	0x1
 1355 07f3 96       		.byte	0x96
ARM GAS  /tmp/ccZRZ1sH.s 			page 25


 1356 07f4 86000000 		.4byte	0x86
 1357 07f8 A6000000 		.4byte	.LLST6
 1358 07fc 00       		.byte	0
 1359 07fd 1B       		.uleb128 0x1b
 1360 07fe 4A000000 		.4byte	.LBB6
 1361 0802 50000000 		.4byte	.LBE6
 1362 0806 1A080000 		.4byte	0x81a
 1363 080a 1C       		.uleb128 0x1c
 1364 080b 746D7000 		.ascii	"tmp\000"
 1365 080f 01       		.byte	0x1
 1366 0810 96       		.byte	0x96
 1367 0811 86000000 		.4byte	0x86
 1368 0815 B9000000 		.4byte	.LLST7
 1369 0819 00       		.byte	0
 1370 081a 1D       		.uleb128 0x1d
 1371 081b 40000000 		.4byte	.LVL17
 1372 081f 2D090000 		.4byte	0x92d
 1373 0823 22       		.uleb128 0x22
 1374 0824 4A000000 		.4byte	.LVL20
 1375 0828 02       		.byte	0x2
 1376 0829 76       		.byte	0x76
 1377 082a 00       		.sleb128 0
 1378 082b 1D       		.uleb128 0x1d
 1379 082c 54000000 		.4byte	.LVL23
 1380 0830 37090000 		.4byte	0x937
 1381 0834 00       		.byte	0
 1382 0835 00       		.byte	0
 1383 0836 1D       		.uleb128 0x1d
 1384 0837 06000000 		.4byte	.LVL14
 1385 083b 41090000 		.4byte	0x941
 1386 083f 00       		.byte	0
 1387 0840 1A       		.uleb128 0x1a
 1388 0841 32000000 		.4byte	.LASF102
 1389 0845 08       		.byte	0x8
 1390 0846 D8       		.byte	0xd8
 1391 0847 3D040000 		.4byte	0x43d
 1392 084b 01       		.byte	0x1
 1393 084c 01       		.byte	0x1
 1394 084d 1A       		.uleb128 0x1a
 1395 084e ED040000 		.4byte	.LASF103
 1396 0852 09       		.byte	0x9
 1397 0853 6F       		.byte	0x6f
 1398 0854 A5040000 		.4byte	0x4a5
 1399 0858 01       		.byte	0x1
 1400 0859 01       		.byte	0x1
 1401 085a 1A       		.uleb128 0x1a
 1402 085b BE010000 		.4byte	.LASF104
 1403 085f 0B       		.byte	0xb
 1404 0860 7E       		.byte	0x7e
 1405 0861 67080000 		.4byte	0x867
 1406 0865 01       		.byte	0x1
 1407 0866 01       		.byte	0x1
 1408 0867 12       		.uleb128 0x12
 1409 0868 81060000 		.4byte	0x681
 1410 086c 14       		.uleb128 0x14
 1411 086d B3020000 		.4byte	0x2b3
 1412 0871 7C080000 		.4byte	0x87c
ARM GAS  /tmp/ccZRZ1sH.s 			page 26


 1413 0875 15       		.uleb128 0x15
 1414 0876 6F030000 		.4byte	0x36f
 1415 087a 17       		.byte	0x17
 1416 087b 00       		.byte	0
 1417 087c 23       		.uleb128 0x23
 1418 087d 41010000 		.4byte	.LASF105
 1419 0881 01       		.byte	0x1
 1420 0882 31       		.byte	0x31
 1421 0883 6C080000 		.4byte	0x86c
 1422 0887 01       		.byte	0x1
 1423 0888 05       		.byte	0x5
 1424 0889 03       		.byte	0x3
 1425 088a 00000000 		.4byte	_idle_thread_wa
 1426 088e 1A       		.uleb128 0x1a
 1427 088f 57040000 		.4byte	.LASF101
 1428 0893 01       		.byte	0x1
 1429 0894 57       		.byte	0x57
 1430 0895 B3020000 		.4byte	0x2b3
 1431 0899 01       		.byte	0x1
 1432 089a 01       		.byte	0x1
 1433 089b 24       		.uleb128 0x24
 1434 089c 01       		.byte	0x1
 1435 089d 17050000 		.4byte	.LASF106
 1436 08a1 07       		.byte	0x7
 1437 08a2 0202     		.2byte	0x202
 1438 08a4 01       		.byte	0x1
 1439 08a5 01       		.byte	0x1
 1440 08a6 25       		.uleb128 0x25
 1441 08a7 01       		.byte	0x1
 1442 08a8 99000000 		.4byte	.LASF107
 1443 08ac 09       		.byte	0x9
 1444 08ad 8E       		.byte	0x8e
 1445 08ae 01       		.byte	0x1
 1446 08af 01       		.byte	0x1
 1447 08b0 25       		.uleb128 0x25
 1448 08b1 01       		.byte	0x1
 1449 08b2 97040000 		.4byte	.LASF108
 1450 08b6 08       		.byte	0x8
 1451 08b7 E0       		.byte	0xe0
 1452 08b8 01       		.byte	0x1
 1453 08b9 01       		.byte	0x1
 1454 08ba 25       		.uleb128 0x25
 1455 08bb 01       		.byte	0x1
 1456 08bc A0030000 		.4byte	.LASF109
 1457 08c0 0C       		.byte	0xc
 1458 08c1 51       		.byte	0x51
 1459 08c2 01       		.byte	0x1
 1460 08c3 01       		.byte	0x1
 1461 08c4 25       		.uleb128 0x25
 1462 08c5 01       		.byte	0x1
 1463 08c6 74010000 		.4byte	.LASF110
 1464 08ca 0D       		.byte	0xd
 1465 08cb 55       		.byte	0x55
 1466 08cc 01       		.byte	0x1
 1467 08cd 01       		.byte	0x1
 1468 08ce 25       		.uleb128 0x25
 1469 08cf 01       		.byte	0x1
ARM GAS  /tmp/ccZRZ1sH.s 			page 27


 1470 08d0 F0010000 		.4byte	.LASF111
 1471 08d4 0E       		.byte	0xe
 1472 08d5 F1       		.byte	0xf1
 1473 08d6 01       		.byte	0x1
 1474 08d7 01       		.byte	0x1
 1475 08d8 26       		.uleb128 0x26
 1476 08d9 01       		.byte	0x1
 1477 08da 97010000 		.4byte	.LASF113
 1478 08de 06       		.byte	0x6
 1479 08df 6A01     		.2byte	0x16a
 1480 08e1 01       		.byte	0x1
 1481 08e2 73020000 		.4byte	0x273
 1482 08e6 01       		.byte	0x1
 1483 08e7 F6080000 		.4byte	0x8f6
 1484 08eb 0E       		.uleb128 0xe
 1485 08ec 73020000 		.4byte	0x273
 1486 08f0 0E       		.uleb128 0xe
 1487 08f1 E4000000 		.4byte	0xe4
 1488 08f5 00       		.byte	0
 1489 08f6 25       		.uleb128 0x25
 1490 08f7 01       		.byte	0x1
 1491 08f8 B9040000 		.4byte	.LASF112
 1492 08fc 0E       		.byte	0xe
 1493 08fd E6       		.byte	0xe6
 1494 08fe 01       		.byte	0x1
 1495 08ff 01       		.byte	0x1
 1496 0900 26       		.uleb128 0x26
 1497 0901 01       		.byte	0x1
 1498 0902 C9020000 		.4byte	.LASF114
 1499 0906 06       		.byte	0x6
 1500 0907 7001     		.2byte	0x170
 1501 0909 01       		.byte	0x1
 1502 090a 73020000 		.4byte	0x273
 1503 090e 01       		.byte	0x1
 1504 090f 2D090000 		.4byte	0x92d
 1505 0913 0E       		.uleb128 0xe
 1506 0914 B1020000 		.4byte	0x2b1
 1507 0918 0E       		.uleb128 0xe
 1508 0919 30000000 		.4byte	0x30
 1509 091d 0E       		.uleb128 0xe
 1510 091e E4000000 		.4byte	0xe4
 1511 0922 0E       		.uleb128 0xe
 1512 0923 4B050000 		.4byte	0x54b
 1513 0927 0E       		.uleb128 0xe
 1514 0928 B1020000 		.4byte	0x2b1
 1515 092c 00       		.byte	0
 1516 092d 25       		.uleb128 0x25
 1517 092e 01       		.byte	0x1
 1518 092f D3000000 		.4byte	.LASF115
 1519 0933 0E       		.byte	0xe
 1520 0934 EA       		.byte	0xea
 1521 0935 01       		.byte	0x1
 1522 0936 01       		.byte	0x1
 1523 0937 25       		.uleb128 0x25
 1524 0938 01       		.byte	0x1
 1525 0939 22050000 		.4byte	.LASF116
 1526 093d 0E       		.byte	0xe
ARM GAS  /tmp/ccZRZ1sH.s 			page 28


 1527 093e E9       		.byte	0xe9
 1528 093f 01       		.byte	0x1
 1529 0940 01       		.byte	0x1
 1530 0941 25       		.uleb128 0x25
 1531 0942 01       		.byte	0x1
 1532 0943 02020000 		.4byte	.LASF117
 1533 0947 0E       		.byte	0xe
 1534 0948 ED       		.byte	0xed
 1535 0949 01       		.byte	0x1
 1536 094a 01       		.byte	0x1
 1537 094b 00       		.byte	0
 1538              		.section	.debug_abbrev,"",%progbits
 1539              	.Ldebug_abbrev0:
 1540 0000 01       		.uleb128 0x1
 1541 0001 11       		.uleb128 0x11
 1542 0002 01       		.byte	0x1
 1543 0003 25       		.uleb128 0x25
 1544 0004 0E       		.uleb128 0xe
 1545 0005 13       		.uleb128 0x13
 1546 0006 0B       		.uleb128 0xb
 1547 0007 03       		.uleb128 0x3
 1548 0008 0E       		.uleb128 0xe
 1549 0009 1B       		.uleb128 0x1b
 1550 000a 0E       		.uleb128 0xe
 1551 000b 55       		.uleb128 0x55
 1552 000c 06       		.uleb128 0x6
 1553 000d 11       		.uleb128 0x11
 1554 000e 01       		.uleb128 0x1
 1555 000f 52       		.uleb128 0x52
 1556 0010 01       		.uleb128 0x1
 1557 0011 10       		.uleb128 0x10
 1558 0012 06       		.uleb128 0x6
 1559 0013 00       		.byte	0
 1560 0014 00       		.byte	0
 1561 0015 02       		.uleb128 0x2
 1562 0016 24       		.uleb128 0x24
 1563 0017 00       		.byte	0
 1564 0018 0B       		.uleb128 0xb
 1565 0019 0B       		.uleb128 0xb
 1566 001a 3E       		.uleb128 0x3e
 1567 001b 0B       		.uleb128 0xb
 1568 001c 03       		.uleb128 0x3
 1569 001d 08       		.uleb128 0x8
 1570 001e 00       		.byte	0
 1571 001f 00       		.byte	0
 1572 0020 03       		.uleb128 0x3
 1573 0021 16       		.uleb128 0x16
 1574 0022 00       		.byte	0
 1575 0023 03       		.uleb128 0x3
 1576 0024 0E       		.uleb128 0xe
 1577 0025 3A       		.uleb128 0x3a
 1578 0026 0B       		.uleb128 0xb
 1579 0027 3B       		.uleb128 0x3b
 1580 0028 0B       		.uleb128 0xb
 1581 0029 49       		.uleb128 0x49
 1582 002a 13       		.uleb128 0x13
 1583 002b 00       		.byte	0
ARM GAS  /tmp/ccZRZ1sH.s 			page 29


 1584 002c 00       		.byte	0
 1585 002d 04       		.uleb128 0x4
 1586 002e 24       		.uleb128 0x24
 1587 002f 00       		.byte	0
 1588 0030 0B       		.uleb128 0xb
 1589 0031 0B       		.uleb128 0xb
 1590 0032 3E       		.uleb128 0x3e
 1591 0033 0B       		.uleb128 0xb
 1592 0034 03       		.uleb128 0x3
 1593 0035 0E       		.uleb128 0xe
 1594 0036 00       		.byte	0
 1595 0037 00       		.byte	0
 1596 0038 05       		.uleb128 0x5
 1597 0039 13       		.uleb128 0x13
 1598 003a 01       		.byte	0x1
 1599 003b 03       		.uleb128 0x3
 1600 003c 0E       		.uleb128 0xe
 1601 003d 0B       		.uleb128 0xb
 1602 003e 0B       		.uleb128 0xb
 1603 003f 3A       		.uleb128 0x3a
 1604 0040 0B       		.uleb128 0xb
 1605 0041 3B       		.uleb128 0x3b
 1606 0042 0B       		.uleb128 0xb
 1607 0043 01       		.uleb128 0x1
 1608 0044 13       		.uleb128 0x13
 1609 0045 00       		.byte	0
 1610 0046 00       		.byte	0
 1611 0047 06       		.uleb128 0x6
 1612 0048 0D       		.uleb128 0xd
 1613 0049 00       		.byte	0
 1614 004a 03       		.uleb128 0x3
 1615 004b 0E       		.uleb128 0xe
 1616 004c 3A       		.uleb128 0x3a
 1617 004d 0B       		.uleb128 0xb
 1618 004e 3B       		.uleb128 0x3b
 1619 004f 0B       		.uleb128 0xb
 1620 0050 49       		.uleb128 0x49
 1621 0051 13       		.uleb128 0x13
 1622 0052 38       		.uleb128 0x38
 1623 0053 0A       		.uleb128 0xa
 1624 0054 00       		.byte	0
 1625 0055 00       		.byte	0
 1626 0056 07       		.uleb128 0x7
 1627 0057 0D       		.uleb128 0xd
 1628 0058 00       		.byte	0
 1629 0059 03       		.uleb128 0x3
 1630 005a 08       		.uleb128 0x8
 1631 005b 3A       		.uleb128 0x3a
 1632 005c 0B       		.uleb128 0xb
 1633 005d 3B       		.uleb128 0x3b
 1634 005e 0B       		.uleb128 0xb
 1635 005f 49       		.uleb128 0x49
 1636 0060 13       		.uleb128 0x13
 1637 0061 38       		.uleb128 0x38
 1638 0062 0A       		.uleb128 0xa
 1639 0063 00       		.byte	0
 1640 0064 00       		.byte	0
ARM GAS  /tmp/ccZRZ1sH.s 			page 30


 1641 0065 08       		.uleb128 0x8
 1642 0066 13       		.uleb128 0x13
 1643 0067 01       		.byte	0x1
 1644 0068 0B       		.uleb128 0xb
 1645 0069 0B       		.uleb128 0xb
 1646 006a 3A       		.uleb128 0x3a
 1647 006b 0B       		.uleb128 0xb
 1648 006c 3B       		.uleb128 0x3b
 1649 006d 0B       		.uleb128 0xb
 1650 006e 01       		.uleb128 0x1
 1651 006f 13       		.uleb128 0x13
 1652 0070 00       		.byte	0
 1653 0071 00       		.byte	0
 1654 0072 09       		.uleb128 0x9
 1655 0073 0F       		.uleb128 0xf
 1656 0074 00       		.byte	0
 1657 0075 0B       		.uleb128 0xb
 1658 0076 0B       		.uleb128 0xb
 1659 0077 49       		.uleb128 0x49
 1660 0078 13       		.uleb128 0x13
 1661 0079 00       		.byte	0
 1662 007a 00       		.byte	0
 1663 007b 0A       		.uleb128 0xa
 1664 007c 0F       		.uleb128 0xf
 1665 007d 00       		.byte	0
 1666 007e 0B       		.uleb128 0xb
 1667 007f 0B       		.uleb128 0xb
 1668 0080 00       		.byte	0
 1669 0081 00       		.byte	0
 1670 0082 0B       		.uleb128 0xb
 1671 0083 13       		.uleb128 0x13
 1672 0084 01       		.byte	0x1
 1673 0085 03       		.uleb128 0x3
 1674 0086 0E       		.uleb128 0xe
 1675 0087 0B       		.uleb128 0xb
 1676 0088 0B       		.uleb128 0xb
 1677 0089 3A       		.uleb128 0x3a
 1678 008a 0B       		.uleb128 0xb
 1679 008b 3B       		.uleb128 0x3b
 1680 008c 05       		.uleb128 0x5
 1681 008d 01       		.uleb128 0x1
 1682 008e 13       		.uleb128 0x13
 1683 008f 00       		.byte	0
 1684 0090 00       		.byte	0
 1685 0091 0C       		.uleb128 0xc
 1686 0092 0D       		.uleb128 0xd
 1687 0093 00       		.byte	0
 1688 0094 03       		.uleb128 0x3
 1689 0095 08       		.uleb128 0x8
 1690 0096 3A       		.uleb128 0x3a
 1691 0097 0B       		.uleb128 0xb
 1692 0098 3B       		.uleb128 0x3b
 1693 0099 05       		.uleb128 0x5
 1694 009a 49       		.uleb128 0x49
 1695 009b 13       		.uleb128 0x13
 1696 009c 38       		.uleb128 0x38
 1697 009d 0A       		.uleb128 0xa
ARM GAS  /tmp/ccZRZ1sH.s 			page 31


 1698 009e 00       		.byte	0
 1699 009f 00       		.byte	0
 1700 00a0 0D       		.uleb128 0xd
 1701 00a1 15       		.uleb128 0x15
 1702 00a2 01       		.byte	0x1
 1703 00a3 27       		.uleb128 0x27
 1704 00a4 0C       		.uleb128 0xc
 1705 00a5 01       		.uleb128 0x1
 1706 00a6 13       		.uleb128 0x13
 1707 00a7 00       		.byte	0
 1708 00a8 00       		.byte	0
 1709 00a9 0E       		.uleb128 0xe
 1710 00aa 05       		.uleb128 0x5
 1711 00ab 00       		.byte	0
 1712 00ac 49       		.uleb128 0x49
 1713 00ad 13       		.uleb128 0x13
 1714 00ae 00       		.byte	0
 1715 00af 00       		.byte	0
 1716 00b0 0F       		.uleb128 0xf
 1717 00b1 35       		.uleb128 0x35
 1718 00b2 00       		.byte	0
 1719 00b3 49       		.uleb128 0x49
 1720 00b4 13       		.uleb128 0x13
 1721 00b5 00       		.byte	0
 1722 00b6 00       		.byte	0
 1723 00b7 10       		.uleb128 0x10
 1724 00b8 17       		.uleb128 0x17
 1725 00b9 01       		.byte	0x1
 1726 00ba 0B       		.uleb128 0xb
 1727 00bb 0B       		.uleb128 0xb
 1728 00bc 3A       		.uleb128 0x3a
 1729 00bd 0B       		.uleb128 0xb
 1730 00be 3B       		.uleb128 0x3b
 1731 00bf 0B       		.uleb128 0xb
 1732 00c0 01       		.uleb128 0x1
 1733 00c1 13       		.uleb128 0x13
 1734 00c2 00       		.byte	0
 1735 00c3 00       		.byte	0
 1736 00c4 11       		.uleb128 0x11
 1737 00c5 0D       		.uleb128 0xd
 1738 00c6 00       		.byte	0
 1739 00c7 03       		.uleb128 0x3
 1740 00c8 0E       		.uleb128 0xe
 1741 00c9 3A       		.uleb128 0x3a
 1742 00ca 0B       		.uleb128 0xb
 1743 00cb 3B       		.uleb128 0x3b
 1744 00cc 0B       		.uleb128 0xb
 1745 00cd 49       		.uleb128 0x49
 1746 00ce 13       		.uleb128 0x13
 1747 00cf 00       		.byte	0
 1748 00d0 00       		.byte	0
 1749 00d1 12       		.uleb128 0x12
 1750 00d2 26       		.uleb128 0x26
 1751 00d3 00       		.byte	0
 1752 00d4 49       		.uleb128 0x49
 1753 00d5 13       		.uleb128 0x13
 1754 00d6 00       		.byte	0
ARM GAS  /tmp/ccZRZ1sH.s 			page 32


 1755 00d7 00       		.byte	0
 1756 00d8 13       		.uleb128 0x13
 1757 00d9 15       		.uleb128 0x15
 1758 00da 01       		.byte	0x1
 1759 00db 27       		.uleb128 0x27
 1760 00dc 0C       		.uleb128 0xc
 1761 00dd 49       		.uleb128 0x49
 1762 00de 13       		.uleb128 0x13
 1763 00df 01       		.uleb128 0x1
 1764 00e0 13       		.uleb128 0x13
 1765 00e1 00       		.byte	0
 1766 00e2 00       		.byte	0
 1767 00e3 14       		.uleb128 0x14
 1768 00e4 01       		.uleb128 0x1
 1769 00e5 01       		.byte	0x1
 1770 00e6 49       		.uleb128 0x49
 1771 00e7 13       		.uleb128 0x13
 1772 00e8 01       		.uleb128 0x1
 1773 00e9 13       		.uleb128 0x13
 1774 00ea 00       		.byte	0
 1775 00eb 00       		.byte	0
 1776 00ec 15       		.uleb128 0x15
 1777 00ed 21       		.uleb128 0x21
 1778 00ee 00       		.byte	0
 1779 00ef 49       		.uleb128 0x49
 1780 00f0 13       		.uleb128 0x13
 1781 00f1 2F       		.uleb128 0x2f
 1782 00f2 0B       		.uleb128 0xb
 1783 00f3 00       		.byte	0
 1784 00f4 00       		.byte	0
 1785 00f5 16       		.uleb128 0x16
 1786 00f6 2E       		.uleb128 0x2e
 1787 00f7 01       		.byte	0x1
 1788 00f8 3F       		.uleb128 0x3f
 1789 00f9 0C       		.uleb128 0xc
 1790 00fa 03       		.uleb128 0x3
 1791 00fb 0E       		.uleb128 0xe
 1792 00fc 3A       		.uleb128 0x3a
 1793 00fd 0B       		.uleb128 0xb
 1794 00fe 3B       		.uleb128 0x3b
 1795 00ff 0B       		.uleb128 0xb
 1796 0100 27       		.uleb128 0x27
 1797 0101 0C       		.uleb128 0xc
 1798 0102 11       		.uleb128 0x11
 1799 0103 01       		.uleb128 0x1
 1800 0104 12       		.uleb128 0x12
 1801 0105 01       		.uleb128 0x1
 1802 0106 40       		.uleb128 0x40
 1803 0107 0A       		.uleb128 0xa
 1804 0108 9742     		.uleb128 0x2117
 1805 010a 0C       		.uleb128 0xc
 1806 010b 01       		.uleb128 0x1
 1807 010c 13       		.uleb128 0x13
 1808 010d 00       		.byte	0
 1809 010e 00       		.byte	0
 1810 010f 17       		.uleb128 0x17
 1811 0110 05       		.uleb128 0x5
ARM GAS  /tmp/ccZRZ1sH.s 			page 33


 1812 0111 00       		.byte	0
 1813 0112 03       		.uleb128 0x3
 1814 0113 08       		.uleb128 0x8
 1815 0114 3A       		.uleb128 0x3a
 1816 0115 0B       		.uleb128 0xb
 1817 0116 3B       		.uleb128 0x3b
 1818 0117 0B       		.uleb128 0xb
 1819 0118 49       		.uleb128 0x49
 1820 0119 13       		.uleb128 0x13
 1821 011a 02       		.uleb128 0x2
 1822 011b 06       		.uleb128 0x6
 1823 011c 00       		.byte	0
 1824 011d 00       		.byte	0
 1825 011e 18       		.uleb128 0x18
 1826 011f 2E       		.uleb128 0x2e
 1827 0120 01       		.byte	0x1
 1828 0121 3F       		.uleb128 0x3f
 1829 0122 0C       		.uleb128 0xc
 1830 0123 03       		.uleb128 0x3
 1831 0124 0E       		.uleb128 0xe
 1832 0125 3A       		.uleb128 0x3a
 1833 0126 0B       		.uleb128 0xb
 1834 0127 3B       		.uleb128 0x3b
 1835 0128 0B       		.uleb128 0xb
 1836 0129 27       		.uleb128 0x27
 1837 012a 0C       		.uleb128 0xc
 1838 012b 11       		.uleb128 0x11
 1839 012c 01       		.uleb128 0x1
 1840 012d 12       		.uleb128 0x12
 1841 012e 01       		.uleb128 0x1
 1842 012f 40       		.uleb128 0x40
 1843 0130 06       		.uleb128 0x6
 1844 0131 9742     		.uleb128 0x2117
 1845 0133 0C       		.uleb128 0xc
 1846 0134 01       		.uleb128 0x1
 1847 0135 13       		.uleb128 0x13
 1848 0136 00       		.byte	0
 1849 0137 00       		.byte	0
 1850 0138 19       		.uleb128 0x19
 1851 0139 34       		.uleb128 0x34
 1852 013a 00       		.byte	0
 1853 013b 03       		.uleb128 0x3
 1854 013c 0E       		.uleb128 0xe
 1855 013d 3A       		.uleb128 0x3a
 1856 013e 0B       		.uleb128 0xb
 1857 013f 3B       		.uleb128 0x3b
 1858 0140 0B       		.uleb128 0xb
 1859 0141 49       		.uleb128 0x49
 1860 0142 13       		.uleb128 0x13
 1861 0143 02       		.uleb128 0x2
 1862 0144 0A       		.uleb128 0xa
 1863 0145 00       		.byte	0
 1864 0146 00       		.byte	0
 1865 0147 1A       		.uleb128 0x1a
 1866 0148 34       		.uleb128 0x34
 1867 0149 00       		.byte	0
 1868 014a 03       		.uleb128 0x3
ARM GAS  /tmp/ccZRZ1sH.s 			page 34


 1869 014b 0E       		.uleb128 0xe
 1870 014c 3A       		.uleb128 0x3a
 1871 014d 0B       		.uleb128 0xb
 1872 014e 3B       		.uleb128 0x3b
 1873 014f 0B       		.uleb128 0xb
 1874 0150 49       		.uleb128 0x49
 1875 0151 13       		.uleb128 0x13
 1876 0152 3F       		.uleb128 0x3f
 1877 0153 0C       		.uleb128 0xc
 1878 0154 3C       		.uleb128 0x3c
 1879 0155 0C       		.uleb128 0xc
 1880 0156 00       		.byte	0
 1881 0157 00       		.byte	0
 1882 0158 1B       		.uleb128 0x1b
 1883 0159 0B       		.uleb128 0xb
 1884 015a 01       		.byte	0x1
 1885 015b 11       		.uleb128 0x11
 1886 015c 01       		.uleb128 0x1
 1887 015d 12       		.uleb128 0x12
 1888 015e 01       		.uleb128 0x1
 1889 015f 01       		.uleb128 0x1
 1890 0160 13       		.uleb128 0x13
 1891 0161 00       		.byte	0
 1892 0162 00       		.byte	0
 1893 0163 1C       		.uleb128 0x1c
 1894 0164 34       		.uleb128 0x34
 1895 0165 00       		.byte	0
 1896 0166 03       		.uleb128 0x3
 1897 0167 08       		.uleb128 0x8
 1898 0168 3A       		.uleb128 0x3a
 1899 0169 0B       		.uleb128 0xb
 1900 016a 3B       		.uleb128 0x3b
 1901 016b 0B       		.uleb128 0xb
 1902 016c 49       		.uleb128 0x49
 1903 016d 13       		.uleb128 0x13
 1904 016e 02       		.uleb128 0x2
 1905 016f 06       		.uleb128 0x6
 1906 0170 00       		.byte	0
 1907 0171 00       		.byte	0
 1908 0172 1D       		.uleb128 0x1d
 1909 0173 898201   		.uleb128 0x4109
 1910 0176 00       		.byte	0
 1911 0177 11       		.uleb128 0x11
 1912 0178 01       		.uleb128 0x1
 1913 0179 31       		.uleb128 0x31
 1914 017a 13       		.uleb128 0x13
 1915 017b 00       		.byte	0
 1916 017c 00       		.byte	0
 1917 017d 1E       		.uleb128 0x1e
 1918 017e 898201   		.uleb128 0x4109
 1919 0181 01       		.byte	0x1
 1920 0182 11       		.uleb128 0x11
 1921 0183 01       		.uleb128 0x1
 1922 0184 31       		.uleb128 0x31
 1923 0185 13       		.uleb128 0x13
 1924 0186 01       		.uleb128 0x1
 1925 0187 13       		.uleb128 0x13
ARM GAS  /tmp/ccZRZ1sH.s 			page 35


 1926 0188 00       		.byte	0
 1927 0189 00       		.byte	0
 1928 018a 1F       		.uleb128 0x1f
 1929 018b 8A8201   		.uleb128 0x410a
 1930 018e 00       		.byte	0
 1931 018f 02       		.uleb128 0x2
 1932 0190 0A       		.uleb128 0xa
 1933 0191 9142     		.uleb128 0x2111
 1934 0193 0A       		.uleb128 0xa
 1935 0194 00       		.byte	0
 1936 0195 00       		.byte	0
 1937 0196 20       		.uleb128 0x20
 1938 0197 898201   		.uleb128 0x4109
 1939 019a 01       		.byte	0x1
 1940 019b 11       		.uleb128 0x11
 1941 019c 01       		.uleb128 0x1
 1942 019d 31       		.uleb128 0x31
 1943 019e 13       		.uleb128 0x13
 1944 019f 00       		.byte	0
 1945 01a0 00       		.byte	0
 1946 01a1 21       		.uleb128 0x21
 1947 01a2 0B       		.uleb128 0xb
 1948 01a3 01       		.byte	0x1
 1949 01a4 11       		.uleb128 0x11
 1950 01a5 01       		.uleb128 0x1
 1951 01a6 12       		.uleb128 0x12
 1952 01a7 01       		.uleb128 0x1
 1953 01a8 00       		.byte	0
 1954 01a9 00       		.byte	0
 1955 01aa 22       		.uleb128 0x22
 1956 01ab 898201   		.uleb128 0x4109
 1957 01ae 00       		.byte	0
 1958 01af 11       		.uleb128 0x11
 1959 01b0 01       		.uleb128 0x1
 1960 01b1 9342     		.uleb128 0x2113
 1961 01b3 0A       		.uleb128 0xa
 1962 01b4 00       		.byte	0
 1963 01b5 00       		.byte	0
 1964 01b6 23       		.uleb128 0x23
 1965 01b7 34       		.uleb128 0x34
 1966 01b8 00       		.byte	0
 1967 01b9 03       		.uleb128 0x3
 1968 01ba 0E       		.uleb128 0xe
 1969 01bb 3A       		.uleb128 0x3a
 1970 01bc 0B       		.uleb128 0xb
 1971 01bd 3B       		.uleb128 0x3b
 1972 01be 0B       		.uleb128 0xb
 1973 01bf 49       		.uleb128 0x49
 1974 01c0 13       		.uleb128 0x13
 1975 01c1 3F       		.uleb128 0x3f
 1976 01c2 0C       		.uleb128 0xc
 1977 01c3 02       		.uleb128 0x2
 1978 01c4 0A       		.uleb128 0xa
 1979 01c5 00       		.byte	0
 1980 01c6 00       		.byte	0
 1981 01c7 24       		.uleb128 0x24
 1982 01c8 2E       		.uleb128 0x2e
ARM GAS  /tmp/ccZRZ1sH.s 			page 36


 1983 01c9 00       		.byte	0
 1984 01ca 3F       		.uleb128 0x3f
 1985 01cb 0C       		.uleb128 0xc
 1986 01cc 03       		.uleb128 0x3
 1987 01cd 0E       		.uleb128 0xe
 1988 01ce 3A       		.uleb128 0x3a
 1989 01cf 0B       		.uleb128 0xb
 1990 01d0 3B       		.uleb128 0x3b
 1991 01d1 05       		.uleb128 0x5
 1992 01d2 27       		.uleb128 0x27
 1993 01d3 0C       		.uleb128 0xc
 1994 01d4 3C       		.uleb128 0x3c
 1995 01d5 0C       		.uleb128 0xc
 1996 01d6 00       		.byte	0
 1997 01d7 00       		.byte	0
 1998 01d8 25       		.uleb128 0x25
 1999 01d9 2E       		.uleb128 0x2e
 2000 01da 00       		.byte	0
 2001 01db 3F       		.uleb128 0x3f
 2002 01dc 0C       		.uleb128 0xc
 2003 01dd 03       		.uleb128 0x3
 2004 01de 0E       		.uleb128 0xe
 2005 01df 3A       		.uleb128 0x3a
 2006 01e0 0B       		.uleb128 0xb
 2007 01e1 3B       		.uleb128 0x3b
 2008 01e2 0B       		.uleb128 0xb
 2009 01e3 27       		.uleb128 0x27
 2010 01e4 0C       		.uleb128 0xc
 2011 01e5 3C       		.uleb128 0x3c
 2012 01e6 0C       		.uleb128 0xc
 2013 01e7 00       		.byte	0
 2014 01e8 00       		.byte	0
 2015 01e9 26       		.uleb128 0x26
 2016 01ea 2E       		.uleb128 0x2e
 2017 01eb 01       		.byte	0x1
 2018 01ec 3F       		.uleb128 0x3f
 2019 01ed 0C       		.uleb128 0xc
 2020 01ee 03       		.uleb128 0x3
 2021 01ef 0E       		.uleb128 0xe
 2022 01f0 3A       		.uleb128 0x3a
 2023 01f1 0B       		.uleb128 0xb
 2024 01f2 3B       		.uleb128 0x3b
 2025 01f3 05       		.uleb128 0x5
 2026 01f4 27       		.uleb128 0x27
 2027 01f5 0C       		.uleb128 0xc
 2028 01f6 49       		.uleb128 0x49
 2029 01f7 13       		.uleb128 0x13
 2030 01f8 3C       		.uleb128 0x3c
 2031 01f9 0C       		.uleb128 0xc
 2032 01fa 01       		.uleb128 0x1
 2033 01fb 13       		.uleb128 0x13
 2034 01fc 00       		.byte	0
 2035 01fd 00       		.byte	0
 2036 01fe 00       		.byte	0
 2037              		.section	.debug_loc,"",%progbits
 2038              	.Ldebug_loc0:
 2039              	.LLST0:
ARM GAS  /tmp/ccZRZ1sH.s 			page 37


 2040 0000 00000000 		.4byte	.LVL0
 2041 0004 06000000 		.4byte	.LVL1
 2042 0008 0100     		.2byte	0x1
 2043 000a 50       		.byte	0x50
 2044 000b 06000000 		.4byte	.LVL1
 2045 000f 14000000 		.4byte	.LFE7
 2046 0013 0400     		.2byte	0x4
 2047 0015 F3       		.byte	0xf3
 2048 0016 01       		.uleb128 0x1
 2049 0017 50       		.byte	0x50
 2050 0018 9F       		.byte	0x9f
 2051 0019 00000000 		.4byte	0
 2052 001d 00000000 		.4byte	0
 2053              	.LLST1:
 2054 0021 00000000 		.4byte	.LFB8
 2055 0025 02000000 		.4byte	.LCFI0
 2056 0029 0200     		.2byte	0x2
 2057 002b 7D       		.byte	0x7d
 2058 002c 00       		.sleb128 0
 2059 002d 02000000 		.4byte	.LCFI0
 2060 0031 04000000 		.4byte	.LCFI1
 2061 0035 0200     		.2byte	0x2
 2062 0037 7D       		.byte	0x7d
 2063 0038 0C       		.sleb128 12
 2064 0039 04000000 		.4byte	.LCFI1
 2065 003d 7A000000 		.4byte	.LFE8
 2066 0041 0200     		.2byte	0x2
 2067 0043 7D       		.byte	0x7d
 2068 0044 18       		.sleb128 24
 2069 0045 00000000 		.4byte	0
 2070 0049 00000000 		.4byte	0
 2071              	.LLST2:
 2072 004d 50000000 		.4byte	.LVL11
 2073 0051 66000000 		.4byte	.LVL12
 2074 0055 0100     		.2byte	0x1
 2075 0057 53       		.byte	0x53
 2076 0058 00000000 		.4byte	0
 2077 005c 00000000 		.4byte	0
 2078              	.LLST3:
 2079 0060 00000000 		.4byte	.LFB9
 2080 0064 02000000 		.4byte	.LCFI2
 2081 0068 0200     		.2byte	0x2
 2082 006a 7D       		.byte	0x7d
 2083 006b 00       		.sleb128 0
 2084 006c 02000000 		.4byte	.LCFI2
 2085 0070 68000000 		.4byte	.LFE9
 2086 0074 0200     		.2byte	0x2
 2087 0076 7D       		.byte	0x7d
 2088 0077 18       		.sleb128 24
 2089 0078 00000000 		.4byte	0
 2090 007c 00000000 		.4byte	0
 2091              	.LLST4:
 2092 0080 30000000 		.4byte	.LVL15
 2093 0084 5C000000 		.4byte	.LVL25
 2094 0088 0100     		.2byte	0x1
 2095 008a 54       		.byte	0x54
 2096 008b 00000000 		.4byte	0
ARM GAS  /tmp/ccZRZ1sH.s 			page 38


 2097 008f 00000000 		.4byte	0
 2098              	.LLST5:
 2099 0093 36000000 		.4byte	.LVL16
 2100 0097 5C000000 		.4byte	.LVL25
 2101 009b 0100     		.2byte	0x1
 2102 009d 56       		.byte	0x56
 2103 009e 00000000 		.4byte	0
 2104 00a2 00000000 		.4byte	0
 2105              	.LLST6:
 2106 00a6 46000000 		.4byte	.LVL19
 2107 00aa 49000000 		.4byte	.LVL20-1
 2108 00ae 0100     		.2byte	0x1
 2109 00b0 53       		.byte	0x53
 2110 00b1 00000000 		.4byte	0
 2111 00b5 00000000 		.4byte	0
 2112              	.LLST7:
 2113 00b9 50000000 		.4byte	.LVL22
 2114 00bd 53000000 		.4byte	.LVL23-1
 2115 00c1 0100     		.2byte	0x1
 2116 00c3 53       		.byte	0x53
 2117 00c4 00000000 		.4byte	0
 2118 00c8 00000000 		.4byte	0
 2119              		.section	.debug_aranges,"",%progbits
 2120 0000 2C000000 		.4byte	0x2c
 2121 0004 0200     		.2byte	0x2
 2122 0006 00000000 		.4byte	.Ldebug_info0
 2123 000a 04       		.byte	0x4
 2124 000b 00       		.byte	0
 2125 000c 0000     		.2byte	0
 2126 000e 0000     		.2byte	0
 2127 0010 00000000 		.4byte	.LFB7
 2128 0014 14000000 		.4byte	.LFE7-.LFB7
 2129 0018 00000000 		.4byte	.LFB8
 2130 001c 7A000000 		.4byte	.LFE8-.LFB8
 2131 0020 00000000 		.4byte	.LFB9
 2132 0024 68000000 		.4byte	.LFE9-.LFB9
 2133 0028 00000000 		.4byte	0
 2134 002c 00000000 		.4byte	0
 2135              		.section	.debug_ranges,"",%progbits
 2136              	.Ldebug_ranges0:
 2137 0000 00000000 		.4byte	.LFB7
 2138 0004 14000000 		.4byte	.LFE7
 2139 0008 00000000 		.4byte	.LFB8
 2140 000c 7A000000 		.4byte	.LFE8
 2141 0010 00000000 		.4byte	.LFB9
 2142 0014 68000000 		.4byte	.LFE9
 2143 0018 00000000 		.4byte	0
 2144 001c 00000000 		.4byte	0
 2145              		.section	.debug_line,"",%progbits
 2146              	.Ldebug_line0:
 2147 0000 E2010000 		.section	.debug_str,"MS",%progbits,1
 2147      02008801 
 2147      00000201 
 2147      FB0E0D00 
 2147      01010101 
 2148              	.LASF77:
 2149 0000 7466756E 		.ascii	"tfunc_t\000"
ARM GAS  /tmp/ccZRZ1sH.s 			page 39


 2149      635F7400 
 2150              	.LASF88:
 2151 0008 63665F6F 		.ascii	"cf_off_older\000"
 2151      66665F6F 
 2151      6C646572 
 2151      00
 2152              	.LASF40:
 2153 0015 705F6D73 		.ascii	"p_msg\000"
 2153      6700
 2154              	.LASF2:
 2155 001b 73697A65 		.ascii	"size_t\000"
 2155      5F7400
 2156              	.LASF72:
 2157 0022 7264796D 		.ascii	"rdymsg\000"
 2157      736700
 2158              	.LASF13:
 2159 0029 75696E74 		.ascii	"uint64_t\000"
 2159      36345F74 
 2159      00
 2160              	.LASF102:
 2161 0032 76746C69 		.ascii	"vtlist\000"
 2161      737400
 2162              	.LASF100:
 2163 0039 63685379 		.ascii	"chSysTimerHandlerI\000"
 2163      7354696D 
 2163      65724861 
 2163      6E646C65 
 2163      724900
 2164              	.LASF14:
 2165 004c 6C6F6E67 		.ascii	"long long unsigned int\000"
 2165      206C6F6E 
 2165      6720756E 
 2165      7369676E 
 2165      65642069 
 2166              	.LASF84:
 2167 0063 63685F74 		.ascii	"ch_threadsize\000"
 2167      68726561 
 2167      6473697A 
 2167      6500
 2168              	.LASF73:
 2169 0071 65786974 		.ascii	"exitcode\000"
 2169      636F6465 
 2169      00
 2170              	.LASF99:
 2171 007a 6D61696E 		.ascii	"mainthread\000"
 2171      74687265 
 2171      616400
 2172              	.LASF27:
 2173 0085 705F7072 		.ascii	"p_prio\000"
 2173      696F00
 2174              	.LASF91:
 2175 008c 63665F6F 		.ascii	"cf_off_state\000"
 2175      66665F73 
 2175      74617465 
 2175      00
 2176              	.LASF107:
 2177 0099 5F736368 		.ascii	"_scheduler_init\000"
ARM GAS  /tmp/ccZRZ1sH.s 			page 40


 2177      6564756C 
 2177      65725F69 
 2177      6E697400 
 2178              	.LASF12:
 2179 00a9 6C6F6E67 		.ascii	"long long int\000"
 2179      206C6F6E 
 2179      6720696E 
 2179      7400
 2180              	.LASF1:
 2181 00b7 7369676E 		.ascii	"signed char\000"
 2181      65642063 
 2181      68617200 
 2182              	.LASF90:
 2183 00c3 63665F6F 		.ascii	"cf_off_stklimit\000"
 2183      66665F73 
 2183      746B6C69 
 2183      6D697400 
 2184              	.LASF115:
 2185 00d3 6462675F 		.ascii	"dbg_check_unlock_from_isr\000"
 2185      63686563 
 2185      6B5F756E 
 2185      6C6F636B 
 2185      5F66726F 
 2186              	.LASF92:
 2187 00ed 63665F6F 		.ascii	"cf_off_flags\000"
 2187      66665F66 
 2187      6C616773 
 2187      00
 2188              	.LASF44:
 2189 00fa 705F6D70 		.ascii	"p_mpool\000"
 2189      6F6F6C00 
 2190              	.LASF69:
 2191 0102 6D5F7175 		.ascii	"m_queue\000"
 2191      65756500 
 2192              	.LASF19:
 2193 010a 74736C69 		.ascii	"tslices_t\000"
 2193      6365735F 
 2193      7400
 2194              	.LASF9:
 2195 0114 6C6F6E67 		.ascii	"long int\000"
 2195      20696E74 
 2195      00
 2196              	.LASF17:
 2197 011d 74737461 		.ascii	"tstate_t\000"
 2197      74655F74 
 2197      00
 2198              	.LASF6:
 2199 0126 75696E74 		.ascii	"uint16_t\000"
 2199      31365F74 
 2199      00
 2200              	.LASF96:
 2201 012f 63686465 		.ascii	"chdebug_t\000"
 2201      6275675F 
 2201      7400
 2202              	.LASF29:
 2203 0139 705F6E65 		.ascii	"p_newer\000"
 2203      77657200 
ARM GAS  /tmp/ccZRZ1sH.s 			page 41


 2204              	.LASF105:
 2205 0141 5F69646C 		.ascii	"_idle_thread_wa\000"
 2205      655F7468 
 2205      72656164 
 2205      5F776100 
 2206              	.LASF64:
 2207 0151 725F6E65 		.ascii	"r_newer\000"
 2207      77657200 
 2208              	.LASF47:
 2209 0159 72656761 		.ascii	"regarm_t\000"
 2209      726D5F74 
 2209      00
 2210              	.LASF55:
 2211 0162 76745F70 		.ascii	"vt_prev\000"
 2211      72657600 
 2212              	.LASF98:
 2213 016a 63685379 		.ascii	"chSysInit\000"
 2213      73496E69 
 2213      7400
 2214              	.LASF110:
 2215 0174 5F686561 		.ascii	"_heap_init\000"
 2215      705F696E 
 2215      697400
 2216              	.LASF32:
 2217 017f 705F7374 		.ascii	"p_stklimit\000"
 2217      6B6C696D 
 2217      697400
 2218              	.LASF0:
 2219 018a 756E7369 		.ascii	"unsigned int\000"
 2219      676E6564 
 2219      20696E74 
 2219      00
 2220              	.LASF113:
 2221 0197 5F746872 		.ascii	"_thread_init\000"
 2221      6561645F 
 2221      696E6974 
 2221      00
 2222              	.LASF54:
 2223 01a4 76745F6E 		.ascii	"vt_next\000"
 2223      65787400 
 2224              	.LASF11:
 2225 01ac 6C6F6E67 		.ascii	"long unsigned int\000"
 2225      20756E73 
 2225      69676E65 
 2225      6420696E 
 2225      7400
 2226              	.LASF104:
 2227 01be 63685F64 		.ascii	"ch_debug\000"
 2227      65627567 
 2227      00
 2228              	.LASF78:
 2229 01c7 63685F69 		.ascii	"ch_identifier\000"
 2229      64656E74 
 2229      69666965 
 2229      7200
 2230              	.LASF50:
 2231 01d5 636F6E74 		.ascii	"context\000"
ARM GAS  /tmp/ccZRZ1sH.s 			page 42


 2231      65787400 
 2232              	.LASF7:
 2233 01dd 73686F72 		.ascii	"short unsigned int\000"
 2233      7420756E 
 2233      7369676E 
 2233      65642069 
 2233      6E7400
 2234              	.LASF111:
 2235 01f0 5F747261 		.ascii	"_trace_init\000"
 2235      63655F69 
 2235      6E697400 
 2236              	.LASF21:
 2237 01fc 6D73675F 		.ascii	"msg_t\000"
 2237      7400
 2238              	.LASF117:
 2239 0202 63684462 		.ascii	"chDbgCheckClassI\000"
 2239      67436865 
 2239      636B436C 
 2239      61737349 
 2239      00
 2240              	.LASF16:
 2241 0213 746D6F64 		.ascii	"tmode_t\000"
 2241      655F7400 
 2242              	.LASF46:
 2243 021b 54687265 		.ascii	"ThreadsList\000"
 2243      6164734C 
 2243      69737400 
 2244              	.LASF22:
 2245 0227 6576656E 		.ascii	"eventmask_t\000"
 2245      746D6173 
 2245      6B5F7400 
 2246              	.LASF120:
 2247 0233 2F686F6D 		.ascii	"/home/ondra6ak/Documents/ARM/ChibiOS_2.6.0/demos/an"
 2247      652F6F6E 
 2247      64726136 
 2247      616B2F44 
 2247      6F63756D 
 2248 0266 676C654D 		.ascii	"gleMeter\000"
 2248      65746572 
 2248      00
 2249              	.LASF68:
 2250 026f 4D757465 		.ascii	"Mutex\000"
 2250      7800
 2251              	.LASF118:
 2252 0275 474E5520 		.ascii	"GNU C 4.7.4 20130613 (release) [ARM/embedded-4_7-br"
 2252      4320342E 
 2252      372E3420 
 2252      32303133 
 2252      30363133 
 2253 02a8 616E6368 		.ascii	"anch revision 200083]\000"
 2253      20726576 
 2253      6973696F 
 2253      6E203230 
 2253      30303833 
 2254              	.LASF48:
 2255 02be 73746B61 		.ascii	"stkalign_t\000"
 2255      6C69676E 
ARM GAS  /tmp/ccZRZ1sH.s 			page 43


 2255      5F7400
 2256              	.LASF114:
 2257 02c9 63685468 		.ascii	"chThdCreateStatic\000"
 2257      64437265 
 2257      61746553 
 2257      74617469 
 2257      6300
 2258              	.LASF79:
 2259 02db 63685F7A 		.ascii	"ch_zero\000"
 2259      65726F00 
 2260              	.LASF93:
 2261 02e3 63665F6F 		.ascii	"cf_off_refs\000"
 2261      66665F72 
 2261      65667300 
 2262              	.LASF56:
 2263 02ef 76745F74 		.ascii	"vt_time\000"
 2263      696D6500 
 2264              	.LASF51:
 2265 02f7 73697A65 		.ascii	"sizetype\000"
 2265      74797065 
 2265      00
 2266              	.LASF57:
 2267 0300 76745F66 		.ascii	"vt_func\000"
 2267      756E6300 
 2268              	.LASF83:
 2269 0308 63685F74 		.ascii	"ch_timesize\000"
 2269      696D6573 
 2269      697A6500 
 2270              	.LASF89:
 2271 0314 63665F6F 		.ascii	"cf_off_name\000"
 2271      66665F6E 
 2271      616D6500 
 2272              	.LASF30:
 2273 0320 705F6F6C 		.ascii	"p_older\000"
 2273      64657200 
 2274              	.LASF63:
 2275 0328 725F6374 		.ascii	"r_ctx\000"
 2275      7800
 2276              	.LASF45:
 2277 032e 54687265 		.ascii	"ThreadsQueue\000"
 2277      61647351 
 2277      75657565 
 2277      00
 2278              	.LASF80:
 2279 033b 63685F73 		.ascii	"ch_size\000"
 2279      697A6500 
 2280              	.LASF66:
 2281 0343 725F6375 		.ascii	"r_current\000"
 2281      7272656E 
 2281      7400
 2282              	.LASF65:
 2283 034d 725F6F6C 		.ascii	"r_older\000"
 2283      64657200 
 2284              	.LASF97:
 2285 0355 5F69646C 		.ascii	"_idle_thread\000"
 2285      655F7468 
 2285      72656164 
ARM GAS  /tmp/ccZRZ1sH.s 			page 44


 2285      00
 2286              	.LASF18:
 2287 0362 74726566 		.ascii	"trefs_t\000"
 2287      735F7400 
 2288              	.LASF82:
 2289 036a 63685F70 		.ascii	"ch_ptrsize\000"
 2289      74727369 
 2289      7A6500
 2290              	.LASF26:
 2291 0375 705F7072 		.ascii	"p_prev\000"
 2291      657600
 2292              	.LASF20:
 2293 037c 74707269 		.ascii	"tprio_t\000"
 2293      6F5F7400 
 2294              	.LASF15:
 2295 0384 5F426F6F 		.ascii	"_Bool\000"
 2295      6C00
 2296              	.LASF8:
 2297 038a 696E7433 		.ascii	"int32_t\000"
 2297      325F7400 
 2298              	.LASF4:
 2299 0392 756E7369 		.ascii	"unsigned char\000"
 2299      676E6564 
 2299      20636861 
 2299      7200
 2300              	.LASF109:
 2301 03a0 5F636F72 		.ascii	"_core_init\000"
 2301      655F696E 
 2301      697400
 2302              	.LASF42:
 2303 03ab 705F6D74 		.ascii	"p_mtxlist\000"
 2303      786C6973 
 2303      7400
 2304              	.LASF5:
 2305 03b5 73686F72 		.ascii	"short int\000"
 2305      7420696E 
 2305      7400
 2306              	.LASF33:
 2307 03bf 705F7374 		.ascii	"p_state\000"
 2307      61746500 
 2308              	.LASF36:
 2309 03c7 705F7072 		.ascii	"p_preempt\000"
 2309      65656D70 
 2309      7400
 2310              	.LASF95:
 2311 03d1 63665F6F 		.ascii	"cf_off_time\000"
 2311      66665F74 
 2311      696D6500 
 2312              	.LASF62:
 2313 03dd 725F7072 		.ascii	"r_prio\000"
 2313      696F00
 2314              	.LASF75:
 2315 03e4 65776D61 		.ascii	"ewmask\000"
 2315      736B00
 2316              	.LASF25:
 2317 03eb 705F6E65 		.ascii	"p_next\000"
 2317      787400
ARM GAS  /tmp/ccZRZ1sH.s 			page 45


 2318              	.LASF94:
 2319 03f2 63665F6F 		.ascii	"cf_off_preempt\000"
 2319      66665F70 
 2319      7265656D 
 2319      707400
 2320              	.LASF34:
 2321 0401 705F666C 		.ascii	"p_flags\000"
 2321      61677300 
 2322              	.LASF24:
 2323 0409 54687265 		.ascii	"Thread\000"
 2323      616400
 2324              	.LASF87:
 2325 0410 63665F6F 		.ascii	"cf_off_newer\000"
 2325      66665F6E 
 2325      65776572 
 2325      00
 2326              	.LASF41:
 2327 041d 705F6570 		.ascii	"p_epending\000"
 2327      656E6469 
 2327      6E6700
 2328              	.LASF10:
 2329 0428 75696E74 		.ascii	"uint32_t\000"
 2329      33325F74 
 2329      00
 2330              	.LASF85:
 2331 0431 63665F6F 		.ascii	"cf_off_prio\000"
 2331      66665F70 
 2331      72696F00 
 2332              	.LASF61:
 2333 043d 725F7175 		.ascii	"r_queue\000"
 2333      65756500 
 2334              	.LASF53:
 2335 0445 56697274 		.ascii	"VirtualTimer\000"
 2335      75616C54 
 2335      696D6572 
 2335      00
 2336              	.LASF76:
 2337 0452 63686172 		.ascii	"char\000"
 2337      00
 2338              	.LASF101:
 2339 0457 5F5F6D61 		.ascii	"__main_thread_stack_base__\000"
 2339      696E5F74 
 2339      68726561 
 2339      645F7374 
 2339      61636B5F 
 2340              	.LASF71:
 2341 0472 6D5F6E65 		.ascii	"m_next\000"
 2341      787400
 2342              	.LASF23:
 2343 0479 73797374 		.ascii	"systime_t\000"
 2343      696D655F 
 2343      7400
 2344              	.LASF43:
 2345 0483 705F7265 		.ascii	"p_realprio\000"
 2345      616C7072 
 2345      696F00
 2346              	.LASF52:
ARM GAS  /tmp/ccZRZ1sH.s 			page 46


 2347 048e 76746675 		.ascii	"vtfunc_t\000"
 2347      6E635F74 
 2347      00
 2348              	.LASF108:
 2349 0497 5F76745F 		.ascii	"_vt_init\000"
 2349      696E6974 
 2349      00
 2350              	.LASF37:
 2351 04a0 705F7469 		.ascii	"p_time\000"
 2351      6D6500
 2352              	.LASF49:
 2353 04a7 696E7463 		.ascii	"intctx\000"
 2353      747800
 2354              	.LASF39:
 2355 04ae 705F6D73 		.ascii	"p_msgqueue\000"
 2355      67717565 
 2355      756500
 2356              	.LASF112:
 2357 04b9 6462675F 		.ascii	"dbg_check_enable\000"
 2357      63686563 
 2357      6B5F656E 
 2357      61626C65 
 2357      00
 2358              	.LASF58:
 2359 04ca 76745F70 		.ascii	"vt_par\000"
 2359      617200
 2360              	.LASF86:
 2361 04d1 63665F6F 		.ascii	"cf_off_ctx\000"
 2361      66665F63 
 2361      747800
 2362              	.LASF35:
 2363 04dc 705F7265 		.ascii	"p_refs\000"
 2363      667300
 2364              	.LASF67:
 2365 04e3 52656164 		.ascii	"ReadyList\000"
 2365      794C6973 
 2365      7400
 2366              	.LASF103:
 2367 04ed 726C6973 		.ascii	"rlist\000"
 2367      7400
 2368              	.LASF119:
 2369 04f3 2E2E2F2E 		.ascii	"../../os/kernel/src/chsys.c\000"
 2369      2E2F6F73 
 2369      2F6B6572 
 2369      6E656C2F 
 2369      7372632F 
 2370              	.LASF3:
 2371 050f 75696E74 		.ascii	"uint8_t\000"
 2371      385F7400 
 2372              	.LASF106:
 2373 0517 5F706F72 		.ascii	"_port_init\000"
 2373      745F696E 
 2373      697400
 2374              	.LASF116:
 2375 0522 6462675F 		.ascii	"dbg_check_lock_from_isr\000"
 2375      63686563 
 2375      6B5F6C6F 
ARM GAS  /tmp/ccZRZ1sH.s 			page 47


 2375      636B5F66 
 2375      726F6D5F 
 2376              	.LASF74:
 2377 053a 77746F62 		.ascii	"wtobjp\000"
 2377      6A7000
 2378              	.LASF31:
 2379 0541 705F6E61 		.ascii	"p_name\000"
 2379      6D6500
 2380              	.LASF59:
 2381 0548 76745F73 		.ascii	"vt_systime\000"
 2381      79737469 
 2381      6D6500
 2382              	.LASF81:
 2383 0553 63685F76 		.ascii	"ch_version\000"
 2383      65727369 
 2383      6F6E00
 2384              	.LASF60:
 2385 055e 56544C69 		.ascii	"VTList\000"
 2385      737400
 2386              	.LASF70:
 2387 0565 6D5F6F77 		.ascii	"m_owner\000"
 2387      6E657200 
 2388              	.LASF28:
 2389 056d 705F6374 		.ascii	"p_ctx\000"
 2389      7800
 2390              	.LASF38:
 2391 0573 705F7761 		.ascii	"p_waiting\000"
 2391      6974696E 
 2391      6700
 2392              		.ident	"GCC: (GNU Tools for ARM Embedded Processors) 4.7.4 20130613 (release) [ARM/embedded-4_7-br
ARM GAS  /tmp/ccZRZ1sH.s 			page 48


DEFINED SYMBOLS
                            *ABS*:00000000 chsys.c
     /tmp/ccZRZ1sH.s:19     .text._idle_thread:00000000 $t
     /tmp/ccZRZ1sH.s:25     .text._idle_thread:00000000 _idle_thread
     /tmp/ccZRZ1sH.s:45     .text._idle_thread:0000000c $d
     /tmp/ccZRZ1sH.s:51     .text.chSysInit:00000000 $t
     /tmp/ccZRZ1sH.s:57     .text.chSysInit:00000000 chSysInit
     /tmp/ccZRZ1sH.s:256    .bss.mainthread.4824:00000000 .LANCHOR0
     /tmp/ccZRZ1sH.s:267    .bss._idle_thread_wa:00000000 .LANCHOR1
     /tmp/ccZRZ1sH.s:147    .text.chSysTimerHandlerI:00000000 $t
     /tmp/ccZRZ1sH.s:153    .text.chSysTimerHandlerI:00000000 chSysTimerHandlerI
     /tmp/ccZRZ1sH.s:247    .text.chSysTimerHandlerI:00000060 $d
     /tmp/ccZRZ1sH.s:270    .bss._idle_thread_wa:00000000 _idle_thread_wa
     /tmp/ccZRZ1sH.s:255    .bss.mainthread.4824:00000000 $d
     /tmp/ccZRZ1sH.s:259    .bss.mainthread.4824:00000000 mainthread.4824
     /tmp/ccZRZ1sH.s:262    .rodata.str1.4:00000000 $d
     /tmp/ccZRZ1sH.s:266    .bss._idle_thread_wa:00000000 $d
                     .debug_frame:00000010 $d
     /tmp/ccZRZ1sH.s:50     .text._idle_thread:00000014 $t
     /tmp/ccZRZ1sH.s:254    .text.chSysTimerHandlerI:00000068 $t

UNDEFINED SYMBOLS
rlist
_port_init
_scheduler_init
_vt_init
_core_init
_heap_init
_trace_init
_thread_init
__main_thread_stack_base__
dbg_check_enable
ch_debug
chThdCreateStatic
chDbgCheckClassI
dbg_check_unlock_from_isr
dbg_check_lock_from_isr
vtlist
