ARM GAS  /tmp/ccicLyTX.s 			page 1


   1              		.syntax unified
   2              		.cpu cortex-m3
   3              		.fpu softvfp
   4              		.eabi_attribute 20, 1
   5              		.eabi_attribute 21, 1
   6              		.eabi_attribute 23, 3
   7              		.eabi_attribute 24, 1
   8              		.eabi_attribute 25, 1
   9              		.eabi_attribute 26, 1
  10              		.eabi_attribute 30, 2
  11              		.eabi_attribute 34, 1
  12              		.eabi_attribute 18, 4
  13              		.thumb
  14              		.file	"hal.c"
  15              		.text
  16              	.Ltext0:
  17              		.cfi_sections	.debug_frame
  18              		.section	.text.halInit,"ax",%progbits
  19              		.align	2
  20              		.p2align 4,,15
  21              		.global	halInit
  22              		.thumb
  23              		.thumb_func
  24              		.type	halInit, %function
  25              	halInit:
  26              	.LFB63:
  27              		.file 1 "../../os/hal/src/hal.c"
  28              		.loc 1 61 0
  29              		.cfi_startproc
  30              		@ args = 0, pretend = 0, frame = 0
  31              		@ frame_needed = 0, uses_anonymous_args = 0
  32 0000 08B5     		push	{r3, lr}
  33              	.LCFI0:
  34              		.cfi_def_cfa_offset 8
  35              		.cfi_offset 3, -8
  36              		.cfi_offset 14, -4
  37              		.loc 1 63 0
  38 0002 FFF7FEFF 		bl	hal_lld_init
  39              	.LVL0:
  40              		.loc 1 66 0
  41 0006 FFF7FEFF 		bl	tmInit
  42              	.LVL1:
  43              		.loc 1 69 0
  44 000a 40F20000 		movw	r0, #:lower16:pal_default_config
  45 000e C0F20000 		movt	r0, #:upper16:pal_default_config
  46 0012 FFF7FEFF 		bl	_pal_lld_init
  47              	.LVL2:
  48              		.loc 1 72 0
  49 0016 FFF7FEFF 		bl	adcInit
  50              	.LVL3:
  51              		.loc 1 93 0
  52 001a FFF7FEFF 		bl	pwmInit
  53              	.LVL4:
  54              		.loc 1 96 0
  55 001e FFF7FEFF 		bl	sdInit
  56              	.LVL5:
  57              		.loc 1 121 0
ARM GAS  /tmp/ccicLyTX.s 			page 2


  58 0022 BDE80840 		pop	{r3, lr}
  59              		.loc 1 120 0
  60 0026 FFF7FEBF 		b	boardInit
  61              	.LVL6:
  62              		.cfi_endproc
  63              	.LFE63:
  64              		.size	halInit, .-halInit
  65              		.section	.text.halIsCounterWithin,"ax",%progbits
  66              		.align	2
  67              		.p2align 4,,15
  68              		.global	halIsCounterWithin
  69              		.thumb
  70              		.thumb_func
  71              		.type	halIsCounterWithin, %function
  72              	halIsCounterWithin:
  73              	.LFB64:
  74              		.loc 1 167 0
  75              		.cfi_startproc
  76              		@ args = 0, pretend = 0, frame = 0
  77              		@ frame_needed = 0, uses_anonymous_args = 0
  78              		@ link register save eliminated.
  79              	.LVL7:
  80              		.loc 1 168 0
  81 0000 4FF48053 		mov	r3, #4096
  82 0004 CEF20003 		movt	r3, 57344
  83              		.loc 1 170 0
  84 0008 8142     		cmp	r1, r0
  85              		.loc 1 168 0
  86 000a 5A68     		ldr	r2, [r3, #4]
  87              	.LVL8:
  88              		.loc 1 170 0
  89 000c 06D9     		bls	.L3
  90              		.loc 1 170 0 is_stmt 0 discriminator 1
  91 000e 8242     		cmp	r2, r0
  92 0010 08D3     		bcc	.L7
  93              	.L9:
  94              		.loc 1 171 0 is_stmt 1 discriminator 2
  95 0012 8A42     		cmp	r2, r1
  96 0014 2CBF     		ite	cs
  97 0016 0020     		movcs	r0, #0
  98              	.LVL9:
  99 0018 0120     		movcc	r0, #1
 100 001a 7047     		bx	lr
 101              	.LVL10:
 102              	.L3:
 103              		.loc 1 171 0 is_stmt 0
 104 001c 8242     		cmp	r2, r0
 105 001e F8D3     		bcc	.L9
 106 0020 0120     		movs	r0, #1
 107              	.LVL11:
 108              		.loc 1 172 0 is_stmt 1
 109 0022 7047     		bx	lr
 110              	.LVL12:
 111              	.L7:
 112              		.loc 1 170 0
 113 0024 0020     		movs	r0, #0
 114              	.LVL13:
ARM GAS  /tmp/ccicLyTX.s 			page 3


 115 0026 7047     		bx	lr
 116              		.cfi_endproc
 117              	.LFE64:
 118              		.size	halIsCounterWithin, .-halIsCounterWithin
 119 0028 AFF30080 		.section	.text.halPolledDelay,"ax",%progbits
 119      AFF30080 
 120              		.align	2
 121              		.p2align 4,,15
 122              		.global	halPolledDelay
 123              		.thumb
 124              		.thumb_func
 125              		.type	halPolledDelay, %function
 126              	halPolledDelay:
 127              	.LFB65:
 128              		.loc 1 186 0
 129              		.cfi_startproc
 130              		@ args = 0, pretend = 0, frame = 0
 131              		@ frame_needed = 0, uses_anonymous_args = 0
 132              		@ link register save eliminated.
 133              	.LVL14:
 134              		.loc 1 187 0
 135 0000 4FF48051 		mov	r1, #4096
 136 0004 CEF20001 		movt	r1, 57344
 137 0008 4A68     		ldr	r2, [r1, #4]
 138              	.LVL15:
 139              		.loc 1 188 0
 140 000a 8018     		adds	r0, r0, r2
 141              	.LVL16:
 142              	.L21:
 143              	.LBB4:
 144              	.LBB5:
 145              		.loc 1 170 0 discriminator 1
 146 000c 8242     		cmp	r2, r0
 147              		.loc 1 168 0 discriminator 1
 148 000e 4B68     		ldr	r3, [r1, #4]
 149              	.LVL17:
 150              		.loc 1 170 0 discriminator 1
 151 0010 02D2     		bcs	.L12
 152              		.loc 1 170 0 is_stmt 0
 153 0012 9A42     		cmp	r2, r3
 154 0014 02D9     		bls	.L22
 155 0016 7047     		bx	lr
 156              	.L12:
 157              		.loc 1 171 0 is_stmt 1
 158 0018 9A42     		cmp	r2, r3
 159 001a F7D9     		bls	.L21
 160              	.L22:
 161 001c 9842     		cmp	r0, r3
 162 001e 94BF     		ite	ls
 163 0020 0023     		movls	r3, #0
 164              	.LVL18:
 165 0022 0123     		movhi	r3, #1
 166              	.LBE5:
 167              	.LBE4:
 168              		.loc 1 189 0
 169 0024 002B     		cmp	r3, #0
 170 0026 F1D1     		bne	.L21
ARM GAS  /tmp/ccicLyTX.s 			page 4


 171 0028 7047     		bx	lr
 172              		.cfi_endproc
 173              	.LFE65:
 174              		.size	halPolledDelay, .-halPolledDelay
 175 002a 00BFAFF3 		.text
 175      0080
 176              	.Letext0:
 177              		.file 2 "/usr/bin/../lib/gcc/arm-none-eabi/4.7.4/../../../../arm-none-eabi/include/stdint.h"
 178              		.file 3 "../../os/ports/GCC/ARMCMx/chtypes.h"
 179              		.file 4 "../../os/ports/common/ARMCMx/nvic.h"
 180              		.file 5 "../../os/hal/platforms/STM32F1xx/hal_lld.h"
 181              		.file 6 "../../os/hal/platforms/STM32/GPIOv1/pal_lld.h"
 182              		.file 7 "../../os/ports/common/ARMCMx/CMSIS/include/core_cm3.h"
 183              		.file 8 "../../os/hal/include/tm.h"
 184              		.file 9 "../../os/hal/include/adc.h"
 185              		.file 10 "../../os/hal/include/pwm.h"
 186              		.file 11 "../../os/hal/include/serial.h"
 187              		.file 12 "../../boards/MLAB_STM32F107RxT01A/board.h"
 188              		.section	.debug_info,"",%progbits
 189              	.Ldebug_info0:
 190 0000 91030000 		.4byte	0x391
 191 0004 0200     		.2byte	0x2
 192 0006 00000000 		.4byte	.Ldebug_abbrev0
 193 000a 04       		.byte	0x4
 194 000b 01       		.uleb128 0x1
 195 000c 19010000 		.4byte	.LASF45
 196 0010 01       		.byte	0x1
 197 0011 B9010000 		.4byte	.LASF46
 198 0015 E3000000 		.4byte	.LASF47
 199 0019 00000000 		.4byte	.Ldebug_ranges0+0
 200 001d 00000000 		.4byte	0
 201 0021 00000000 		.4byte	0
 202 0025 00000000 		.4byte	.Ldebug_line0
 203 0029 02       		.uleb128 0x2
 204 002a 04       		.byte	0x4
 205 002b 05       		.byte	0x5
 206 002c 696E7400 		.ascii	"int\000"
 207 0030 03       		.uleb128 0x3
 208 0031 04       		.byte	0x4
 209 0032 07       		.byte	0x7
 210 0033 38000000 		.4byte	.LASF0
 211 0037 03       		.uleb128 0x3
 212 0038 01       		.byte	0x1
 213 0039 06       		.byte	0x6
 214 003a 46020000 		.4byte	.LASF1
 215 003e 03       		.uleb128 0x3
 216 003f 01       		.byte	0x1
 217 0040 08       		.byte	0x8
 218 0041 7B000000 		.4byte	.LASF2
 219 0045 03       		.uleb128 0x3
 220 0046 02       		.byte	0x2
 221 0047 05       		.byte	0x5
 222 0048 1B020000 		.4byte	.LASF3
 223 004c 03       		.uleb128 0x3
 224 004d 02       		.byte	0x2
 225 004e 07       		.byte	0x7
 226 004f C9000000 		.4byte	.LASF4
ARM GAS  /tmp/ccicLyTX.s 			page 5


 227 0053 04       		.uleb128 0x4
 228 0054 E8010000 		.4byte	.LASF6
 229 0058 02       		.byte	0x2
 230 0059 4F       		.byte	0x4f
 231 005a 5E000000 		.4byte	0x5e
 232 005e 03       		.uleb128 0x3
 233 005f 04       		.byte	0x4
 234 0060 05       		.byte	0x5
 235 0061 3D020000 		.4byte	.LASF5
 236 0065 04       		.uleb128 0x4
 237 0066 34020000 		.4byte	.LASF7
 238 006a 02       		.byte	0x2
 239 006b 50       		.byte	0x50
 240 006c 70000000 		.4byte	0x70
 241 0070 03       		.uleb128 0x3
 242 0071 04       		.byte	0x4
 243 0072 07       		.byte	0x7
 244 0073 AA000000 		.4byte	.LASF8
 245 0077 03       		.uleb128 0x3
 246 0078 08       		.byte	0x8
 247 0079 05       		.byte	0x5
 248 007a F9010000 		.4byte	.LASF9
 249 007e 03       		.uleb128 0x3
 250 007f 08       		.byte	0x8
 251 0080 07       		.byte	0x7
 252 0081 62020000 		.4byte	.LASF10
 253 0085 04       		.uleb128 0x4
 254 0086 4D000000 		.4byte	.LASF11
 255 008a 03       		.byte	0x3
 256 008b 24       		.byte	0x24
 257 008c 90000000 		.4byte	0x90
 258 0090 03       		.uleb128 0x3
 259 0091 01       		.byte	0x1
 260 0092 02       		.byte	0x2
 261 0093 5C020000 		.4byte	.LASF12
 262 0097 04       		.uleb128 0x4
 263 0098 64000000 		.4byte	.LASF13
 264 009c 04       		.byte	0x4
 265 009d 33       		.byte	0x33
 266 009e A2000000 		.4byte	0xa2
 267 00a2 05       		.uleb128 0x5
 268 00a3 65000000 		.4byte	0x65
 269 00a7 03       		.uleb128 0x3
 270 00a8 04       		.byte	0x4
 271 00a9 07       		.byte	0x7
 272 00aa F0010000 		.4byte	.LASF14
 273 00ae 06       		.uleb128 0x6
 274 00af 20       		.byte	0x20
 275 00b0 04       		.byte	0x4
 276 00b1 FF       		.byte	0xff
 277 00b2 2F010000 		.4byte	0x12f
 278 00b6 07       		.uleb128 0x7
 279 00b7 D0010000 		.4byte	.LASF15
 280 00bb 04       		.byte	0x4
 281 00bc 0001     		.2byte	0x100
 282 00be 97000000 		.4byte	0x97
 283 00c2 02       		.byte	0x2
ARM GAS  /tmp/ccicLyTX.s 			page 6


 284 00c3 23       		.byte	0x23
 285 00c4 00       		.uleb128 0
 286 00c5 07       		.uleb128 0x7
 287 00c6 8E010000 		.4byte	.LASF16
 288 00ca 04       		.byte	0x4
 289 00cb 0101     		.2byte	0x101
 290 00cd 97000000 		.4byte	0x97
 291 00d1 02       		.byte	0x2
 292 00d2 23       		.byte	0x23
 293 00d3 04       		.uleb128 0x4
 294 00d4 07       		.uleb128 0x7
 295 00d5 DC000000 		.4byte	.LASF17
 296 00d9 04       		.byte	0x4
 297 00da 0201     		.2byte	0x102
 298 00dc 97000000 		.4byte	0x97
 299 00e0 02       		.byte	0x2
 300 00e1 23       		.byte	0x23
 301 00e2 08       		.uleb128 0x8
 302 00e3 07       		.uleb128 0x7
 303 00e4 54000000 		.4byte	.LASF18
 304 00e8 04       		.byte	0x4
 305 00e9 0301     		.2byte	0x103
 306 00eb 97000000 		.4byte	0x97
 307 00ef 02       		.byte	0x2
 308 00f0 23       		.byte	0x23
 309 00f1 0C       		.uleb128 0xc
 310 00f2 07       		.uleb128 0x7
 311 00f3 5B000000 		.4byte	.LASF19
 312 00f7 04       		.byte	0x4
 313 00f8 0401     		.2byte	0x104
 314 00fa 97000000 		.4byte	0x97
 315 00fe 02       		.byte	0x2
 316 00ff 23       		.byte	0x23
 317 0100 10       		.uleb128 0x10
 318 0101 07       		.uleb128 0x7
 319 0102 87010000 		.4byte	.LASF20
 320 0106 04       		.byte	0x4
 321 0107 0501     		.2byte	0x105
 322 0109 97000000 		.4byte	0x97
 323 010d 02       		.byte	0x2
 324 010e 23       		.byte	0x23
 325 010f 14       		.uleb128 0x14
 326 0110 07       		.uleb128 0x7
 327 0111 30000000 		.4byte	.LASF21
 328 0115 04       		.byte	0x4
 329 0116 0601     		.2byte	0x106
 330 0118 97000000 		.4byte	0x97
 331 011c 02       		.byte	0x2
 332 011d 23       		.byte	0x23
 333 011e 18       		.uleb128 0x18
 334 011f 07       		.uleb128 0x7
 335 0120 0F020000 		.4byte	.LASF22
 336 0124 04       		.byte	0x4
 337 0125 0701     		.2byte	0x107
 338 0127 97000000 		.4byte	0x97
 339 012b 02       		.byte	0x2
 340 012c 23       		.byte	0x23
ARM GAS  /tmp/ccicLyTX.s 			page 7


 341 012d 1C       		.uleb128 0x1c
 342 012e 00       		.byte	0
 343 012f 08       		.uleb128 0x8
 344 0130 2C020000 		.4byte	.LASF23
 345 0134 04       		.byte	0x4
 346 0135 0801     		.2byte	0x108
 347 0137 AE000000 		.4byte	0xae
 348 013b 03       		.uleb128 0x3
 349 013c 01       		.byte	0x1
 350 013d 08       		.byte	0x8
 351 013e B4010000 		.4byte	.LASF24
 352 0142 05       		.uleb128 0x5
 353 0143 53000000 		.4byte	0x53
 354 0147 04       		.uleb128 0x4
 355 0148 A9010000 		.4byte	.LASF25
 356 014c 05       		.byte	0x5
 357 014d CE       		.byte	0xce
 358 014e 65000000 		.4byte	0x65
 359 0152 06       		.uleb128 0x6
 360 0153 0C       		.byte	0xc
 361 0154 06       		.byte	0x6
 362 0155 38       		.byte	0x38
 363 0156 85010000 		.4byte	0x185
 364 015a 09       		.uleb128 0x9
 365 015b 6F647200 		.ascii	"odr\000"
 366 015f 06       		.byte	0x6
 367 0160 3A       		.byte	0x3a
 368 0161 65000000 		.4byte	0x65
 369 0165 02       		.byte	0x2
 370 0166 23       		.byte	0x23
 371 0167 00       		.uleb128 0
 372 0168 09       		.uleb128 0x9
 373 0169 63726C00 		.ascii	"crl\000"
 374 016d 06       		.byte	0x6
 375 016e 3C       		.byte	0x3c
 376 016f 65000000 		.4byte	0x65
 377 0173 02       		.byte	0x2
 378 0174 23       		.byte	0x23
 379 0175 04       		.uleb128 0x4
 380 0176 09       		.uleb128 0x9
 381 0177 63726800 		.ascii	"crh\000"
 382 017b 06       		.byte	0x6
 383 017c 3E       		.byte	0x3e
 384 017d 65000000 		.4byte	0x65
 385 0181 02       		.byte	0x2
 386 0182 23       		.byte	0x23
 387 0183 08       		.uleb128 0x8
 388 0184 00       		.byte	0
 389 0185 04       		.uleb128 0x4
 390 0186 89000000 		.4byte	.LASF26
 391 018a 06       		.byte	0x6
 392 018b 3F       		.byte	0x3f
 393 018c 52010000 		.4byte	0x152
 394 0190 06       		.uleb128 0x6
 395 0191 3C       		.byte	0x3c
 396 0192 06       		.byte	0x6
 397 0193 48       		.byte	0x48
ARM GAS  /tmp/ccicLyTX.s 			page 8


 398 0194 DF010000 		.4byte	0x1df
 399 0198 0A       		.uleb128 0xa
 400 0199 9C000000 		.4byte	.LASF27
 401 019d 06       		.byte	0x6
 402 019e 4A       		.byte	0x4a
 403 019f 85010000 		.4byte	0x185
 404 01a3 02       		.byte	0x2
 405 01a4 23       		.byte	0x23
 406 01a5 00       		.uleb128 0
 407 01a6 0A       		.uleb128 0xa
 408 01a7 A2010000 		.4byte	.LASF28
 409 01ab 06       		.byte	0x6
 410 01ac 4C       		.byte	0x4c
 411 01ad 85010000 		.4byte	0x185
 412 01b1 02       		.byte	0x2
 413 01b2 23       		.byte	0x23
 414 01b3 0C       		.uleb128 0xc
 415 01b4 0A       		.uleb128 0xa
 416 01b5 25020000 		.4byte	.LASF29
 417 01b9 06       		.byte	0x6
 418 01ba 4E       		.byte	0x4e
 419 01bb 85010000 		.4byte	0x185
 420 01bf 02       		.byte	0x2
 421 01c0 23       		.byte	0x23
 422 01c1 18       		.uleb128 0x18
 423 01c2 0A       		.uleb128 0xa
 424 01c3 15000000 		.4byte	.LASF30
 425 01c7 06       		.byte	0x6
 426 01c8 50       		.byte	0x50
 427 01c9 85010000 		.4byte	0x185
 428 01cd 02       		.byte	0x2
 429 01ce 23       		.byte	0x23
 430 01cf 24       		.uleb128 0x24
 431 01d0 0A       		.uleb128 0xa
 432 01d1 74000000 		.4byte	.LASF31
 433 01d5 06       		.byte	0x6
 434 01d6 53       		.byte	0x53
 435 01d7 85010000 		.4byte	0x185
 436 01db 02       		.byte	0x2
 437 01dc 23       		.byte	0x23
 438 01dd 30       		.uleb128 0x30
 439 01de 00       		.byte	0
 440 01df 04       		.uleb128 0x4
 441 01e0 62010000 		.4byte	.LASF32
 442 01e4 06       		.byte	0x6
 443 01e5 5D       		.byte	0x5d
 444 01e6 90010000 		.4byte	0x190
 445 01ea 0B       		.uleb128 0xb
 446 01eb 01       		.byte	0x1
 447 01ec D5010000 		.4byte	.LASF48
 448 01f0 01       		.byte	0x1
 449 01f1 A7       		.byte	0xa7
 450 01f2 01       		.byte	0x1
 451 01f3 85000000 		.4byte	0x85
 452 01f7 01       		.byte	0x1
 453 01f8 1E020000 		.4byte	0x21e
 454 01fc 0C       		.uleb128 0xc
ARM GAS  /tmp/ccicLyTX.s 			page 9


 455 01fd 2A000000 		.4byte	.LASF33
 456 0201 01       		.byte	0x1
 457 0202 A7       		.byte	0xa7
 458 0203 47010000 		.4byte	0x147
 459 0207 0D       		.uleb128 0xd
 460 0208 656E6400 		.ascii	"end\000"
 461 020c 01       		.byte	0x1
 462 020d A7       		.byte	0xa7
 463 020e 47010000 		.4byte	0x147
 464 0212 0E       		.uleb128 0xe
 465 0213 6E6F7700 		.ascii	"now\000"
 466 0217 01       		.byte	0x1
 467 0218 A8       		.byte	0xa8
 468 0219 47010000 		.4byte	0x147
 469 021d 00       		.byte	0
 470 021e 0F       		.uleb128 0xf
 471 021f 01       		.byte	0x1
 472 0220 6C000000 		.4byte	.LASF34
 473 0224 01       		.byte	0x1
 474 0225 3D       		.byte	0x3d
 475 0226 01       		.byte	0x1
 476 0227 00000000 		.4byte	.LFB63
 477 022b 2A000000 		.4byte	.LFE63
 478 022f 00000000 		.4byte	.LLST0
 479 0233 01       		.byte	0x1
 480 0234 79020000 		.4byte	0x279
 481 0238 10       		.uleb128 0x10
 482 0239 06000000 		.4byte	.LVL0
 483 023d 3B030000 		.4byte	0x33b
 484 0241 10       		.uleb128 0x10
 485 0242 0A000000 		.4byte	.LVL1
 486 0246 45030000 		.4byte	0x345
 487 024a 10       		.uleb128 0x10
 488 024b 16000000 		.4byte	.LVL2
 489 024f 4F030000 		.4byte	0x34f
 490 0253 10       		.uleb128 0x10
 491 0254 1A000000 		.4byte	.LVL3
 492 0258 6A030000 		.4byte	0x36a
 493 025c 10       		.uleb128 0x10
 494 025d 1E000000 		.4byte	.LVL4
 495 0261 75030000 		.4byte	0x375
 496 0265 10       		.uleb128 0x10
 497 0266 22000000 		.4byte	.LVL5
 498 026a 7F030000 		.4byte	0x37f
 499 026e 11       		.uleb128 0x11
 500 026f 2A000000 		.4byte	.LVL6
 501 0273 01       		.byte	0x1
 502 0274 8A030000 		.4byte	0x38a
 503 0278 00       		.byte	0
 504 0279 12       		.uleb128 0x12
 505 027a EA010000 		.4byte	0x1ea
 506 027e 00000000 		.4byte	.LFB64
 507 0282 28000000 		.4byte	.LFE64
 508 0286 02       		.byte	0x2
 509 0287 7D       		.byte	0x7d
 510 0288 00       		.sleb128 0
 511 0289 01       		.byte	0x1
ARM GAS  /tmp/ccicLyTX.s 			page 10


 512 028a A6020000 		.4byte	0x2a6
 513 028e 13       		.uleb128 0x13
 514 028f FC010000 		.4byte	0x1fc
 515 0293 20000000 		.4byte	.LLST1
 516 0297 14       		.uleb128 0x14
 517 0298 07020000 		.4byte	0x207
 518 029c 01       		.byte	0x1
 519 029d 51       		.byte	0x51
 520 029e 15       		.uleb128 0x15
 521 029f 12020000 		.4byte	0x212
 522 02a3 01       		.byte	0x1
 523 02a4 52       		.byte	0x52
 524 02a5 00       		.byte	0
 525 02a6 16       		.uleb128 0x16
 526 02a7 01       		.byte	0x1
 527 02a8 00000000 		.4byte	.LASF35
 528 02ac 01       		.byte	0x1
 529 02ad BA       		.byte	0xba
 530 02ae 01       		.byte	0x1
 531 02af 00000000 		.4byte	.LFB65
 532 02b3 2A000000 		.4byte	.LFE65
 533 02b7 02       		.byte	0x2
 534 02b8 7D       		.byte	0x7d
 535 02b9 00       		.sleb128 0
 536 02ba 01       		.byte	0x1
 537 02bb 1A030000 		.4byte	0x31a
 538 02bf 17       		.uleb128 0x17
 539 02c0 0F000000 		.4byte	.LASF49
 540 02c4 01       		.byte	0x1
 541 02c5 BA       		.byte	0xba
 542 02c6 47010000 		.4byte	0x147
 543 02ca 73000000 		.4byte	.LLST2
 544 02ce 18       		.uleb128 0x18
 545 02cf 2A000000 		.4byte	.LASF33
 546 02d3 01       		.byte	0x1
 547 02d4 BB       		.byte	0xbb
 548 02d5 47010000 		.4byte	0x147
 549 02d9 01       		.byte	0x1
 550 02da 52       		.byte	0x52
 551 02db 18       		.uleb128 0x18
 552 02dc 07020000 		.4byte	.LASF36
 553 02e0 01       		.byte	0x1
 554 02e1 BC       		.byte	0xbc
 555 02e2 47010000 		.4byte	0x147
 556 02e6 01       		.byte	0x1
 557 02e7 50       		.byte	0x50
 558 02e8 19       		.uleb128 0x19
 559 02e9 EA010000 		.4byte	0x1ea
 560 02ed 0C000000 		.4byte	.LBB4
 561 02f1 24000000 		.4byte	.LBE4
 562 02f5 01       		.byte	0x1
 563 02f6 BD       		.byte	0xbd
 564 02f7 14       		.uleb128 0x14
 565 02f8 07020000 		.4byte	0x207
 566 02fc 01       		.byte	0x1
 567 02fd 50       		.byte	0x50
 568 02fe 14       		.uleb128 0x14
ARM GAS  /tmp/ccicLyTX.s 			page 11


 569 02ff FC010000 		.4byte	0x1fc
 570 0303 01       		.byte	0x1
 571 0304 52       		.byte	0x52
 572 0305 1A       		.uleb128 0x1a
 573 0306 0C000000 		.4byte	.LBB5
 574 030a 24000000 		.4byte	.LBE5
 575 030e 1B       		.uleb128 0x1b
 576 030f 12020000 		.4byte	0x212
 577 0313 94000000 		.4byte	.LLST3
 578 0317 00       		.byte	0
 579 0318 00       		.byte	0
 580 0319 00       		.byte	0
 581 031a 1C       		.uleb128 0x1c
 582 031b 95010000 		.4byte	.LASF37
 583 031f 07       		.byte	0x7
 584 0320 0706     		.2byte	0x607
 585 0322 42010000 		.4byte	0x142
 586 0326 01       		.byte	0x1
 587 0327 01       		.byte	0x1
 588 0328 1C       		.uleb128 0x1c
 589 0329 6C010000 		.4byte	.LASF38
 590 032d 06       		.byte	0x6
 591 032e 3D01     		.2byte	0x13d
 592 0330 36030000 		.4byte	0x336
 593 0334 01       		.byte	0x1
 594 0335 01       		.byte	0x1
 595 0336 1D       		.uleb128 0x1d
 596 0337 DF010000 		.4byte	0x1df
 597 033b 1E       		.uleb128 0x1e
 598 033c 01       		.byte	0x1
 599 033d BC000000 		.4byte	.LASF39
 600 0341 05       		.byte	0x5
 601 0342 F7       		.byte	0xf7
 602 0343 01       		.byte	0x1
 603 0344 01       		.byte	0x1
 604 0345 1E       		.uleb128 0x1e
 605 0346 01       		.byte	0x1
 606 0347 A3000000 		.4byte	.LASF40
 607 034b 08       		.byte	0x8
 608 034c 6C       		.byte	0x6c
 609 034d 01       		.byte	0x1
 610 034e 01       		.byte	0x1
 611 034f 1F       		.uleb128 0x1f
 612 0350 01       		.byte	0x1
 613 0351 1C000000 		.4byte	.LASF50
 614 0355 06       		.byte	0x6
 615 0356 4201     		.2byte	0x142
 616 0358 01       		.byte	0x1
 617 0359 01       		.byte	0x1
 618 035a 64030000 		.4byte	0x364
 619 035e 20       		.uleb128 0x20
 620 035f 64030000 		.4byte	0x364
 621 0363 00       		.byte	0
 622 0364 21       		.uleb128 0x21
 623 0365 04       		.byte	0x4
 624 0366 36030000 		.4byte	0x336
 625 036a 22       		.uleb128 0x22
ARM GAS  /tmp/ccicLyTX.s 			page 12


 626 036b 01       		.byte	0x1
 627 036c 7F010000 		.4byte	.LASF41
 628 0370 09       		.byte	0x9
 629 0371 1D01     		.2byte	0x11d
 630 0373 01       		.byte	0x1
 631 0374 01       		.byte	0x1
 632 0375 1E       		.uleb128 0x1e
 633 0376 01       		.byte	0x1
 634 0377 45000000 		.4byte	.LASF42
 635 037b 0A       		.byte	0xa
 636 037c EB       		.byte	0xeb
 637 037d 01       		.byte	0x1
 638 037e 01       		.byte	0x1
 639 037f 22       		.uleb128 0x22
 640 0380 01       		.byte	0x1
 641 0381 14020000 		.4byte	.LASF43
 642 0385 0B       		.byte	0xb
 643 0386 2E01     		.2byte	0x12e
 644 0388 01       		.byte	0x1
 645 0389 01       		.byte	0x1
 646 038a 1E       		.uleb128 0x1e
 647 038b 01       		.byte	0x1
 648 038c 52020000 		.4byte	.LASF44
 649 0390 0C       		.byte	0xc
 650 0391 C7       		.byte	0xc7
 651 0392 01       		.byte	0x1
 652 0393 01       		.byte	0x1
 653 0394 00       		.byte	0
 654              		.section	.debug_abbrev,"",%progbits
 655              	.Ldebug_abbrev0:
 656 0000 01       		.uleb128 0x1
 657 0001 11       		.uleb128 0x11
 658 0002 01       		.byte	0x1
 659 0003 25       		.uleb128 0x25
 660 0004 0E       		.uleb128 0xe
 661 0005 13       		.uleb128 0x13
 662 0006 0B       		.uleb128 0xb
 663 0007 03       		.uleb128 0x3
 664 0008 0E       		.uleb128 0xe
 665 0009 1B       		.uleb128 0x1b
 666 000a 0E       		.uleb128 0xe
 667 000b 55       		.uleb128 0x55
 668 000c 06       		.uleb128 0x6
 669 000d 11       		.uleb128 0x11
 670 000e 01       		.uleb128 0x1
 671 000f 52       		.uleb128 0x52
 672 0010 01       		.uleb128 0x1
 673 0011 10       		.uleb128 0x10
 674 0012 06       		.uleb128 0x6
 675 0013 00       		.byte	0
 676 0014 00       		.byte	0
 677 0015 02       		.uleb128 0x2
 678 0016 24       		.uleb128 0x24
 679 0017 00       		.byte	0
 680 0018 0B       		.uleb128 0xb
 681 0019 0B       		.uleb128 0xb
 682 001a 3E       		.uleb128 0x3e
ARM GAS  /tmp/ccicLyTX.s 			page 13


 683 001b 0B       		.uleb128 0xb
 684 001c 03       		.uleb128 0x3
 685 001d 08       		.uleb128 0x8
 686 001e 00       		.byte	0
 687 001f 00       		.byte	0
 688 0020 03       		.uleb128 0x3
 689 0021 24       		.uleb128 0x24
 690 0022 00       		.byte	0
 691 0023 0B       		.uleb128 0xb
 692 0024 0B       		.uleb128 0xb
 693 0025 3E       		.uleb128 0x3e
 694 0026 0B       		.uleb128 0xb
 695 0027 03       		.uleb128 0x3
 696 0028 0E       		.uleb128 0xe
 697 0029 00       		.byte	0
 698 002a 00       		.byte	0
 699 002b 04       		.uleb128 0x4
 700 002c 16       		.uleb128 0x16
 701 002d 00       		.byte	0
 702 002e 03       		.uleb128 0x3
 703 002f 0E       		.uleb128 0xe
 704 0030 3A       		.uleb128 0x3a
 705 0031 0B       		.uleb128 0xb
 706 0032 3B       		.uleb128 0x3b
 707 0033 0B       		.uleb128 0xb
 708 0034 49       		.uleb128 0x49
 709 0035 13       		.uleb128 0x13
 710 0036 00       		.byte	0
 711 0037 00       		.byte	0
 712 0038 05       		.uleb128 0x5
 713 0039 35       		.uleb128 0x35
 714 003a 00       		.byte	0
 715 003b 49       		.uleb128 0x49
 716 003c 13       		.uleb128 0x13
 717 003d 00       		.byte	0
 718 003e 00       		.byte	0
 719 003f 06       		.uleb128 0x6
 720 0040 13       		.uleb128 0x13
 721 0041 01       		.byte	0x1
 722 0042 0B       		.uleb128 0xb
 723 0043 0B       		.uleb128 0xb
 724 0044 3A       		.uleb128 0x3a
 725 0045 0B       		.uleb128 0xb
 726 0046 3B       		.uleb128 0x3b
 727 0047 0B       		.uleb128 0xb
 728 0048 01       		.uleb128 0x1
 729 0049 13       		.uleb128 0x13
 730 004a 00       		.byte	0
 731 004b 00       		.byte	0
 732 004c 07       		.uleb128 0x7
 733 004d 0D       		.uleb128 0xd
 734 004e 00       		.byte	0
 735 004f 03       		.uleb128 0x3
 736 0050 0E       		.uleb128 0xe
 737 0051 3A       		.uleb128 0x3a
 738 0052 0B       		.uleb128 0xb
 739 0053 3B       		.uleb128 0x3b
ARM GAS  /tmp/ccicLyTX.s 			page 14


 740 0054 05       		.uleb128 0x5
 741 0055 49       		.uleb128 0x49
 742 0056 13       		.uleb128 0x13
 743 0057 38       		.uleb128 0x38
 744 0058 0A       		.uleb128 0xa
 745 0059 00       		.byte	0
 746 005a 00       		.byte	0
 747 005b 08       		.uleb128 0x8
 748 005c 16       		.uleb128 0x16
 749 005d 00       		.byte	0
 750 005e 03       		.uleb128 0x3
 751 005f 0E       		.uleb128 0xe
 752 0060 3A       		.uleb128 0x3a
 753 0061 0B       		.uleb128 0xb
 754 0062 3B       		.uleb128 0x3b
 755 0063 05       		.uleb128 0x5
 756 0064 49       		.uleb128 0x49
 757 0065 13       		.uleb128 0x13
 758 0066 00       		.byte	0
 759 0067 00       		.byte	0
 760 0068 09       		.uleb128 0x9
 761 0069 0D       		.uleb128 0xd
 762 006a 00       		.byte	0
 763 006b 03       		.uleb128 0x3
 764 006c 08       		.uleb128 0x8
 765 006d 3A       		.uleb128 0x3a
 766 006e 0B       		.uleb128 0xb
 767 006f 3B       		.uleb128 0x3b
 768 0070 0B       		.uleb128 0xb
 769 0071 49       		.uleb128 0x49
 770 0072 13       		.uleb128 0x13
 771 0073 38       		.uleb128 0x38
 772 0074 0A       		.uleb128 0xa
 773 0075 00       		.byte	0
 774 0076 00       		.byte	0
 775 0077 0A       		.uleb128 0xa
 776 0078 0D       		.uleb128 0xd
 777 0079 00       		.byte	0
 778 007a 03       		.uleb128 0x3
 779 007b 0E       		.uleb128 0xe
 780 007c 3A       		.uleb128 0x3a
 781 007d 0B       		.uleb128 0xb
 782 007e 3B       		.uleb128 0x3b
 783 007f 0B       		.uleb128 0xb
 784 0080 49       		.uleb128 0x49
 785 0081 13       		.uleb128 0x13
 786 0082 38       		.uleb128 0x38
 787 0083 0A       		.uleb128 0xa
 788 0084 00       		.byte	0
 789 0085 00       		.byte	0
 790 0086 0B       		.uleb128 0xb
 791 0087 2E       		.uleb128 0x2e
 792 0088 01       		.byte	0x1
 793 0089 3F       		.uleb128 0x3f
 794 008a 0C       		.uleb128 0xc
 795 008b 03       		.uleb128 0x3
 796 008c 0E       		.uleb128 0xe
ARM GAS  /tmp/ccicLyTX.s 			page 15


 797 008d 3A       		.uleb128 0x3a
 798 008e 0B       		.uleb128 0xb
 799 008f 3B       		.uleb128 0x3b
 800 0090 0B       		.uleb128 0xb
 801 0091 27       		.uleb128 0x27
 802 0092 0C       		.uleb128 0xc
 803 0093 49       		.uleb128 0x49
 804 0094 13       		.uleb128 0x13
 805 0095 20       		.uleb128 0x20
 806 0096 0B       		.uleb128 0xb
 807 0097 01       		.uleb128 0x1
 808 0098 13       		.uleb128 0x13
 809 0099 00       		.byte	0
 810 009a 00       		.byte	0
 811 009b 0C       		.uleb128 0xc
 812 009c 05       		.uleb128 0x5
 813 009d 00       		.byte	0
 814 009e 03       		.uleb128 0x3
 815 009f 0E       		.uleb128 0xe
 816 00a0 3A       		.uleb128 0x3a
 817 00a1 0B       		.uleb128 0xb
 818 00a2 3B       		.uleb128 0x3b
 819 00a3 0B       		.uleb128 0xb
 820 00a4 49       		.uleb128 0x49
 821 00a5 13       		.uleb128 0x13
 822 00a6 00       		.byte	0
 823 00a7 00       		.byte	0
 824 00a8 0D       		.uleb128 0xd
 825 00a9 05       		.uleb128 0x5
 826 00aa 00       		.byte	0
 827 00ab 03       		.uleb128 0x3
 828 00ac 08       		.uleb128 0x8
 829 00ad 3A       		.uleb128 0x3a
 830 00ae 0B       		.uleb128 0xb
 831 00af 3B       		.uleb128 0x3b
 832 00b0 0B       		.uleb128 0xb
 833 00b1 49       		.uleb128 0x49
 834 00b2 13       		.uleb128 0x13
 835 00b3 00       		.byte	0
 836 00b4 00       		.byte	0
 837 00b5 0E       		.uleb128 0xe
 838 00b6 34       		.uleb128 0x34
 839 00b7 00       		.byte	0
 840 00b8 03       		.uleb128 0x3
 841 00b9 08       		.uleb128 0x8
 842 00ba 3A       		.uleb128 0x3a
 843 00bb 0B       		.uleb128 0xb
 844 00bc 3B       		.uleb128 0x3b
 845 00bd 0B       		.uleb128 0xb
 846 00be 49       		.uleb128 0x49
 847 00bf 13       		.uleb128 0x13
 848 00c0 00       		.byte	0
 849 00c1 00       		.byte	0
 850 00c2 0F       		.uleb128 0xf
 851 00c3 2E       		.uleb128 0x2e
 852 00c4 01       		.byte	0x1
 853 00c5 3F       		.uleb128 0x3f
ARM GAS  /tmp/ccicLyTX.s 			page 16


 854 00c6 0C       		.uleb128 0xc
 855 00c7 03       		.uleb128 0x3
 856 00c8 0E       		.uleb128 0xe
 857 00c9 3A       		.uleb128 0x3a
 858 00ca 0B       		.uleb128 0xb
 859 00cb 3B       		.uleb128 0x3b
 860 00cc 0B       		.uleb128 0xb
 861 00cd 27       		.uleb128 0x27
 862 00ce 0C       		.uleb128 0xc
 863 00cf 11       		.uleb128 0x11
 864 00d0 01       		.uleb128 0x1
 865 00d1 12       		.uleb128 0x12
 866 00d2 01       		.uleb128 0x1
 867 00d3 40       		.uleb128 0x40
 868 00d4 06       		.uleb128 0x6
 869 00d5 9742     		.uleb128 0x2117
 870 00d7 0C       		.uleb128 0xc
 871 00d8 01       		.uleb128 0x1
 872 00d9 13       		.uleb128 0x13
 873 00da 00       		.byte	0
 874 00db 00       		.byte	0
 875 00dc 10       		.uleb128 0x10
 876 00dd 898201   		.uleb128 0x4109
 877 00e0 00       		.byte	0
 878 00e1 11       		.uleb128 0x11
 879 00e2 01       		.uleb128 0x1
 880 00e3 31       		.uleb128 0x31
 881 00e4 13       		.uleb128 0x13
 882 00e5 00       		.byte	0
 883 00e6 00       		.byte	0
 884 00e7 11       		.uleb128 0x11
 885 00e8 898201   		.uleb128 0x4109
 886 00eb 00       		.byte	0
 887 00ec 11       		.uleb128 0x11
 888 00ed 01       		.uleb128 0x1
 889 00ee 9542     		.uleb128 0x2115
 890 00f0 0C       		.uleb128 0xc
 891 00f1 31       		.uleb128 0x31
 892 00f2 13       		.uleb128 0x13
 893 00f3 00       		.byte	0
 894 00f4 00       		.byte	0
 895 00f5 12       		.uleb128 0x12
 896 00f6 2E       		.uleb128 0x2e
 897 00f7 01       		.byte	0x1
 898 00f8 31       		.uleb128 0x31
 899 00f9 13       		.uleb128 0x13
 900 00fa 11       		.uleb128 0x11
 901 00fb 01       		.uleb128 0x1
 902 00fc 12       		.uleb128 0x12
 903 00fd 01       		.uleb128 0x1
 904 00fe 40       		.uleb128 0x40
 905 00ff 0A       		.uleb128 0xa
 906 0100 9742     		.uleb128 0x2117
 907 0102 0C       		.uleb128 0xc
 908 0103 01       		.uleb128 0x1
 909 0104 13       		.uleb128 0x13
 910 0105 00       		.byte	0
ARM GAS  /tmp/ccicLyTX.s 			page 17


 911 0106 00       		.byte	0
 912 0107 13       		.uleb128 0x13
 913 0108 05       		.uleb128 0x5
 914 0109 00       		.byte	0
 915 010a 31       		.uleb128 0x31
 916 010b 13       		.uleb128 0x13
 917 010c 02       		.uleb128 0x2
 918 010d 06       		.uleb128 0x6
 919 010e 00       		.byte	0
 920 010f 00       		.byte	0
 921 0110 14       		.uleb128 0x14
 922 0111 05       		.uleb128 0x5
 923 0112 00       		.byte	0
 924 0113 31       		.uleb128 0x31
 925 0114 13       		.uleb128 0x13
 926 0115 02       		.uleb128 0x2
 927 0116 0A       		.uleb128 0xa
 928 0117 00       		.byte	0
 929 0118 00       		.byte	0
 930 0119 15       		.uleb128 0x15
 931 011a 34       		.uleb128 0x34
 932 011b 00       		.byte	0
 933 011c 31       		.uleb128 0x31
 934 011d 13       		.uleb128 0x13
 935 011e 02       		.uleb128 0x2
 936 011f 0A       		.uleb128 0xa
 937 0120 00       		.byte	0
 938 0121 00       		.byte	0
 939 0122 16       		.uleb128 0x16
 940 0123 2E       		.uleb128 0x2e
 941 0124 01       		.byte	0x1
 942 0125 3F       		.uleb128 0x3f
 943 0126 0C       		.uleb128 0xc
 944 0127 03       		.uleb128 0x3
 945 0128 0E       		.uleb128 0xe
 946 0129 3A       		.uleb128 0x3a
 947 012a 0B       		.uleb128 0xb
 948 012b 3B       		.uleb128 0x3b
 949 012c 0B       		.uleb128 0xb
 950 012d 27       		.uleb128 0x27
 951 012e 0C       		.uleb128 0xc
 952 012f 11       		.uleb128 0x11
 953 0130 01       		.uleb128 0x1
 954 0131 12       		.uleb128 0x12
 955 0132 01       		.uleb128 0x1
 956 0133 40       		.uleb128 0x40
 957 0134 0A       		.uleb128 0xa
 958 0135 9742     		.uleb128 0x2117
 959 0137 0C       		.uleb128 0xc
 960 0138 01       		.uleb128 0x1
 961 0139 13       		.uleb128 0x13
 962 013a 00       		.byte	0
 963 013b 00       		.byte	0
 964 013c 17       		.uleb128 0x17
 965 013d 05       		.uleb128 0x5
 966 013e 00       		.byte	0
 967 013f 03       		.uleb128 0x3
ARM GAS  /tmp/ccicLyTX.s 			page 18


 968 0140 0E       		.uleb128 0xe
 969 0141 3A       		.uleb128 0x3a
 970 0142 0B       		.uleb128 0xb
 971 0143 3B       		.uleb128 0x3b
 972 0144 0B       		.uleb128 0xb
 973 0145 49       		.uleb128 0x49
 974 0146 13       		.uleb128 0x13
 975 0147 02       		.uleb128 0x2
 976 0148 06       		.uleb128 0x6
 977 0149 00       		.byte	0
 978 014a 00       		.byte	0
 979 014b 18       		.uleb128 0x18
 980 014c 34       		.uleb128 0x34
 981 014d 00       		.byte	0
 982 014e 03       		.uleb128 0x3
 983 014f 0E       		.uleb128 0xe
 984 0150 3A       		.uleb128 0x3a
 985 0151 0B       		.uleb128 0xb
 986 0152 3B       		.uleb128 0x3b
 987 0153 0B       		.uleb128 0xb
 988 0154 49       		.uleb128 0x49
 989 0155 13       		.uleb128 0x13
 990 0156 02       		.uleb128 0x2
 991 0157 0A       		.uleb128 0xa
 992 0158 00       		.byte	0
 993 0159 00       		.byte	0
 994 015a 19       		.uleb128 0x19
 995 015b 1D       		.uleb128 0x1d
 996 015c 01       		.byte	0x1
 997 015d 31       		.uleb128 0x31
 998 015e 13       		.uleb128 0x13
 999 015f 11       		.uleb128 0x11
 1000 0160 01       		.uleb128 0x1
 1001 0161 12       		.uleb128 0x12
 1002 0162 01       		.uleb128 0x1
 1003 0163 58       		.uleb128 0x58
 1004 0164 0B       		.uleb128 0xb
 1005 0165 59       		.uleb128 0x59
 1006 0166 0B       		.uleb128 0xb
 1007 0167 00       		.byte	0
 1008 0168 00       		.byte	0
 1009 0169 1A       		.uleb128 0x1a
 1010 016a 0B       		.uleb128 0xb
 1011 016b 01       		.byte	0x1
 1012 016c 11       		.uleb128 0x11
 1013 016d 01       		.uleb128 0x1
 1014 016e 12       		.uleb128 0x12
 1015 016f 01       		.uleb128 0x1
 1016 0170 00       		.byte	0
 1017 0171 00       		.byte	0
 1018 0172 1B       		.uleb128 0x1b
 1019 0173 34       		.uleb128 0x34
 1020 0174 00       		.byte	0
 1021 0175 31       		.uleb128 0x31
 1022 0176 13       		.uleb128 0x13
 1023 0177 02       		.uleb128 0x2
 1024 0178 06       		.uleb128 0x6
ARM GAS  /tmp/ccicLyTX.s 			page 19


 1025 0179 00       		.byte	0
 1026 017a 00       		.byte	0
 1027 017b 1C       		.uleb128 0x1c
 1028 017c 34       		.uleb128 0x34
 1029 017d 00       		.byte	0
 1030 017e 03       		.uleb128 0x3
 1031 017f 0E       		.uleb128 0xe
 1032 0180 3A       		.uleb128 0x3a
 1033 0181 0B       		.uleb128 0xb
 1034 0182 3B       		.uleb128 0x3b
 1035 0183 05       		.uleb128 0x5
 1036 0184 49       		.uleb128 0x49
 1037 0185 13       		.uleb128 0x13
 1038 0186 3F       		.uleb128 0x3f
 1039 0187 0C       		.uleb128 0xc
 1040 0188 3C       		.uleb128 0x3c
 1041 0189 0C       		.uleb128 0xc
 1042 018a 00       		.byte	0
 1043 018b 00       		.byte	0
 1044 018c 1D       		.uleb128 0x1d
 1045 018d 26       		.uleb128 0x26
 1046 018e 00       		.byte	0
 1047 018f 49       		.uleb128 0x49
 1048 0190 13       		.uleb128 0x13
 1049 0191 00       		.byte	0
 1050 0192 00       		.byte	0
 1051 0193 1E       		.uleb128 0x1e
 1052 0194 2E       		.uleb128 0x2e
 1053 0195 00       		.byte	0
 1054 0196 3F       		.uleb128 0x3f
 1055 0197 0C       		.uleb128 0xc
 1056 0198 03       		.uleb128 0x3
 1057 0199 0E       		.uleb128 0xe
 1058 019a 3A       		.uleb128 0x3a
 1059 019b 0B       		.uleb128 0xb
 1060 019c 3B       		.uleb128 0x3b
 1061 019d 0B       		.uleb128 0xb
 1062 019e 27       		.uleb128 0x27
 1063 019f 0C       		.uleb128 0xc
 1064 01a0 3C       		.uleb128 0x3c
 1065 01a1 0C       		.uleb128 0xc
 1066 01a2 00       		.byte	0
 1067 01a3 00       		.byte	0
 1068 01a4 1F       		.uleb128 0x1f
 1069 01a5 2E       		.uleb128 0x2e
 1070 01a6 01       		.byte	0x1
 1071 01a7 3F       		.uleb128 0x3f
 1072 01a8 0C       		.uleb128 0xc
 1073 01a9 03       		.uleb128 0x3
 1074 01aa 0E       		.uleb128 0xe
 1075 01ab 3A       		.uleb128 0x3a
 1076 01ac 0B       		.uleb128 0xb
 1077 01ad 3B       		.uleb128 0x3b
 1078 01ae 05       		.uleb128 0x5
 1079 01af 27       		.uleb128 0x27
 1080 01b0 0C       		.uleb128 0xc
 1081 01b1 3C       		.uleb128 0x3c
ARM GAS  /tmp/ccicLyTX.s 			page 20


 1082 01b2 0C       		.uleb128 0xc
 1083 01b3 01       		.uleb128 0x1
 1084 01b4 13       		.uleb128 0x13
 1085 01b5 00       		.byte	0
 1086 01b6 00       		.byte	0
 1087 01b7 20       		.uleb128 0x20
 1088 01b8 05       		.uleb128 0x5
 1089 01b9 00       		.byte	0
 1090 01ba 49       		.uleb128 0x49
 1091 01bb 13       		.uleb128 0x13
 1092 01bc 00       		.byte	0
 1093 01bd 00       		.byte	0
 1094 01be 21       		.uleb128 0x21
 1095 01bf 0F       		.uleb128 0xf
 1096 01c0 00       		.byte	0
 1097 01c1 0B       		.uleb128 0xb
 1098 01c2 0B       		.uleb128 0xb
 1099 01c3 49       		.uleb128 0x49
 1100 01c4 13       		.uleb128 0x13
 1101 01c5 00       		.byte	0
 1102 01c6 00       		.byte	0
 1103 01c7 22       		.uleb128 0x22
 1104 01c8 2E       		.uleb128 0x2e
 1105 01c9 00       		.byte	0
 1106 01ca 3F       		.uleb128 0x3f
 1107 01cb 0C       		.uleb128 0xc
 1108 01cc 03       		.uleb128 0x3
 1109 01cd 0E       		.uleb128 0xe
 1110 01ce 3A       		.uleb128 0x3a
 1111 01cf 0B       		.uleb128 0xb
 1112 01d0 3B       		.uleb128 0x3b
 1113 01d1 05       		.uleb128 0x5
 1114 01d2 27       		.uleb128 0x27
 1115 01d3 0C       		.uleb128 0xc
 1116 01d4 3C       		.uleb128 0x3c
 1117 01d5 0C       		.uleb128 0xc
 1118 01d6 00       		.byte	0
 1119 01d7 00       		.byte	0
 1120 01d8 00       		.byte	0
 1121              		.section	.debug_loc,"",%progbits
 1122              	.Ldebug_loc0:
 1123              	.LLST0:
 1124 0000 00000000 		.4byte	.LFB63
 1125 0004 02000000 		.4byte	.LCFI0
 1126 0008 0200     		.2byte	0x2
 1127 000a 7D       		.byte	0x7d
 1128 000b 00       		.sleb128 0
 1129 000c 02000000 		.4byte	.LCFI0
 1130 0010 2A000000 		.4byte	.LFE63
 1131 0014 0200     		.2byte	0x2
 1132 0016 7D       		.byte	0x7d
 1133 0017 08       		.sleb128 8
 1134 0018 00000000 		.4byte	0
 1135 001c 00000000 		.4byte	0
 1136              	.LLST1:
 1137 0020 00000000 		.4byte	.LVL7
 1138 0024 18000000 		.4byte	.LVL9
ARM GAS  /tmp/ccicLyTX.s 			page 21


 1139 0028 0100     		.2byte	0x1
 1140 002a 50       		.byte	0x50
 1141 002b 18000000 		.4byte	.LVL9
 1142 002f 1C000000 		.4byte	.LVL10
 1143 0033 0400     		.2byte	0x4
 1144 0035 F3       		.byte	0xf3
 1145 0036 01       		.uleb128 0x1
 1146 0037 50       		.byte	0x50
 1147 0038 9F       		.byte	0x9f
 1148 0039 1C000000 		.4byte	.LVL10
 1149 003d 22000000 		.4byte	.LVL11
 1150 0041 0100     		.2byte	0x1
 1151 0043 50       		.byte	0x50
 1152 0044 22000000 		.4byte	.LVL11
 1153 0048 24000000 		.4byte	.LVL12
 1154 004c 0400     		.2byte	0x4
 1155 004e F3       		.byte	0xf3
 1156 004f 01       		.uleb128 0x1
 1157 0050 50       		.byte	0x50
 1158 0051 9F       		.byte	0x9f
 1159 0052 24000000 		.4byte	.LVL12
 1160 0056 26000000 		.4byte	.LVL13
 1161 005a 0100     		.2byte	0x1
 1162 005c 50       		.byte	0x50
 1163 005d 26000000 		.4byte	.LVL13
 1164 0061 28000000 		.4byte	.LFE64
 1165 0065 0400     		.2byte	0x4
 1166 0067 F3       		.byte	0xf3
 1167 0068 01       		.uleb128 0x1
 1168 0069 50       		.byte	0x50
 1169 006a 9F       		.byte	0x9f
 1170 006b 00000000 		.4byte	0
 1171 006f 00000000 		.4byte	0
 1172              	.LLST2:
 1173 0073 00000000 		.4byte	.LVL14
 1174 0077 0C000000 		.4byte	.LVL16
 1175 007b 0100     		.2byte	0x1
 1176 007d 50       		.byte	0x50
 1177 007e 0C000000 		.4byte	.LVL16
 1178 0082 2A000000 		.4byte	.LFE65
 1179 0086 0400     		.2byte	0x4
 1180 0088 F3       		.byte	0xf3
 1181 0089 01       		.uleb128 0x1
 1182 008a 50       		.byte	0x50
 1183 008b 9F       		.byte	0x9f
 1184 008c 00000000 		.4byte	0
 1185 0090 00000000 		.4byte	0
 1186              	.LLST3:
 1187 0094 10000000 		.4byte	.LVL17
 1188 0098 22000000 		.4byte	.LVL18
 1189 009c 0100     		.2byte	0x1
 1190 009e 53       		.byte	0x53
 1191 009f 00000000 		.4byte	0
 1192 00a3 00000000 		.4byte	0
 1193              		.section	.debug_aranges,"",%progbits
 1194 0000 2C000000 		.4byte	0x2c
 1195 0004 0200     		.2byte	0x2
ARM GAS  /tmp/ccicLyTX.s 			page 22


 1196 0006 00000000 		.4byte	.Ldebug_info0
 1197 000a 04       		.byte	0x4
 1198 000b 00       		.byte	0
 1199 000c 0000     		.2byte	0
 1200 000e 0000     		.2byte	0
 1201 0010 00000000 		.4byte	.LFB63
 1202 0014 2A000000 		.4byte	.LFE63-.LFB63
 1203 0018 00000000 		.4byte	.LFB64
 1204 001c 28000000 		.4byte	.LFE64-.LFB64
 1205 0020 00000000 		.4byte	.LFB65
 1206 0024 2A000000 		.4byte	.LFE65-.LFB65
 1207 0028 00000000 		.4byte	0
 1208 002c 00000000 		.4byte	0
 1209              		.section	.debug_ranges,"",%progbits
 1210              	.Ldebug_ranges0:
 1211 0000 00000000 		.4byte	.LFB63
 1212 0004 2A000000 		.4byte	.LFE63
 1213 0008 00000000 		.4byte	.LFB64
 1214 000c 28000000 		.4byte	.LFE64
 1215 0010 00000000 		.4byte	.LFB65
 1216 0014 2A000000 		.4byte	.LFE65
 1217 0018 00000000 		.4byte	0
 1218 001c 00000000 		.4byte	0
 1219              		.section	.debug_line,"",%progbits
 1220              	.Ldebug_line0:
 1221 0000 41020000 		.section	.debug_str,"MS",%progbits,1
 1221      0200D101 
 1221      00000201 
 1221      FB0E0D00 
 1221      01010101 
 1222              	.LASF35:
 1223 0000 68616C50 		.ascii	"halPolledDelay\000"
 1223      6F6C6C65 
 1223      6444656C 
 1223      617900
 1224              	.LASF49:
 1225 000f 7469636B 		.ascii	"ticks\000"
 1225      7300
 1226              	.LASF30:
 1227 0015 50444461 		.ascii	"PDData\000"
 1227      746100
 1228              	.LASF50:
 1229 001c 5F70616C 		.ascii	"_pal_lld_init\000"
 1229      5F6C6C64 
 1229      5F696E69 
 1229      7400
 1230              	.LASF33:
 1231 002a 73746172 		.ascii	"start\000"
 1231      7400
 1232              	.LASF21:
 1233 0030 464F4C44 		.ascii	"FOLDCNT\000"
 1233      434E5400 
 1234              	.LASF0:
 1235 0038 756E7369 		.ascii	"unsigned int\000"
 1235      676E6564 
 1235      20696E74 
 1235      00
ARM GAS  /tmp/ccicLyTX.s 			page 23


 1236              	.LASF42:
 1237 0045 70776D49 		.ascii	"pwmInit\000"
 1237      6E697400 
 1238              	.LASF11:
 1239 004d 626F6F6C 		.ascii	"bool_t\000"
 1239      5F7400
 1240              	.LASF18:
 1241 0054 45584343 		.ascii	"EXCCNT\000"
 1241      4E5400
 1242              	.LASF19:
 1243 005b 534C4545 		.ascii	"SLEEPCNT\000"
 1243      50434E54 
 1243      00
 1244              	.LASF13:
 1245 0064 494F5245 		.ascii	"IOREG32\000"
 1245      47333200 
 1246              	.LASF34:
 1247 006c 68616C49 		.ascii	"halInit\000"
 1247      6E697400 
 1248              	.LASF31:
 1249 0074 50454461 		.ascii	"PEData\000"
 1249      746100
 1250              	.LASF2:
 1251 007b 756E7369 		.ascii	"unsigned char\000"
 1251      676E6564 
 1251      20636861 
 1251      7200
 1252              	.LASF26:
 1253 0089 73746D33 		.ascii	"stm32_gpio_setup_t\000"
 1253      325F6770 
 1253      696F5F73 
 1253      65747570 
 1253      5F7400
 1254              	.LASF27:
 1255 009c 50414461 		.ascii	"PAData\000"
 1255      746100
 1256              	.LASF40:
 1257 00a3 746D496E 		.ascii	"tmInit\000"
 1257      697400
 1258              	.LASF8:
 1259 00aa 6C6F6E67 		.ascii	"long unsigned int\000"
 1259      20756E73 
 1259      69676E65 
 1259      6420696E 
 1259      7400
 1260              	.LASF39:
 1261 00bc 68616C5F 		.ascii	"hal_lld_init\000"
 1261      6C6C645F 
 1261      696E6974 
 1261      00
 1262              	.LASF4:
 1263 00c9 73686F72 		.ascii	"short unsigned int\000"
 1263      7420756E 
 1263      7369676E 
 1263      65642069 
 1263      6E7400
 1264              	.LASF17:
ARM GAS  /tmp/ccicLyTX.s 			page 24


 1265 00dc 43504943 		.ascii	"CPICNT\000"
 1265      4E5400
 1266              	.LASF47:
 1267 00e3 2F686F6D 		.ascii	"/home/ondra6ak/Documents/ARM/ChibiOS/demos/dortII_0"
 1267      652F6F6E 
 1267      64726136 
 1267      616B2F44 
 1267      6F63756D 
 1268 0116 2E3200   		.ascii	".2\000"
 1269              	.LASF45:
 1270 0119 474E5520 		.ascii	"GNU C 4.7.4 20130913 (release) [ARM/embedded-4_7-br"
 1270      4320342E 
 1270      372E3420 
 1270      32303133 
 1270      30393133 
 1271 014c 616E6368 		.ascii	"anch revision 202601]\000"
 1271      20726576 
 1271      6973696F 
 1271      6E203230 
 1271      32363031 
 1272              	.LASF32:
 1273 0162 50414C43 		.ascii	"PALConfig\000"
 1273      6F6E6669 
 1273      6700
 1274              	.LASF38:
 1275 016c 70616C5F 		.ascii	"pal_default_config\000"
 1275      64656661 
 1275      756C745F 
 1275      636F6E66 
 1275      696700
 1276              	.LASF41:
 1277 017f 61646349 		.ascii	"adcInit\000"
 1277      6E697400 
 1278              	.LASF20:
 1279 0187 4C535543 		.ascii	"LSUCNT\000"
 1279      4E5400
 1280              	.LASF16:
 1281 018e 43594343 		.ascii	"CYCCNT\000"
 1281      4E5400
 1282              	.LASF37:
 1283 0195 49544D5F 		.ascii	"ITM_RxBuffer\000"
 1283      52784275 
 1283      66666572 
 1283      00
 1284              	.LASF28:
 1285 01a2 50424461 		.ascii	"PBData\000"
 1285      746100
 1286              	.LASF25:
 1287 01a9 68616C72 		.ascii	"halrtcnt_t\000"
 1287      74636E74 
 1287      5F7400
 1288              	.LASF24:
 1289 01b4 63686172 		.ascii	"char\000"
 1289      00
 1290              	.LASF46:
 1291 01b9 2E2E2F2E 		.ascii	"../../os/hal/src/hal.c\000"
 1291      2E2F6F73 
ARM GAS  /tmp/ccicLyTX.s 			page 25


 1291      2F68616C 
 1291      2F737263 
 1291      2F68616C 
 1292              	.LASF15:
 1293 01d0 4354524C 		.ascii	"CTRL\000"
 1293      00
 1294              	.LASF48:
 1295 01d5 68616C49 		.ascii	"halIsCounterWithin\000"
 1295      73436F75 
 1295      6E746572 
 1295      57697468 
 1295      696E00
 1296              	.LASF6:
 1297 01e8 696E7433 		.ascii	"int32_t\000"
 1297      325F7400 
 1298              	.LASF14:
 1299 01f0 73697A65 		.ascii	"sizetype\000"
 1299      74797065 
 1299      00
 1300              	.LASF9:
 1301 01f9 6C6F6E67 		.ascii	"long long int\000"
 1301      206C6F6E 
 1301      6720696E 
 1301      7400
 1302              	.LASF36:
 1303 0207 74696D65 		.ascii	"timeout\000"
 1303      6F757400 
 1304              	.LASF22:
 1305 020f 50435352 		.ascii	"PCSR\000"
 1305      00
 1306              	.LASF43:
 1307 0214 7364496E 		.ascii	"sdInit\000"
 1307      697400
 1308              	.LASF3:
 1309 021b 73686F72 		.ascii	"short int\000"
 1309      7420696E 
 1309      7400
 1310              	.LASF29:
 1311 0225 50434461 		.ascii	"PCData\000"
 1311      746100
 1312              	.LASF23:
 1313 022c 434D785F 		.ascii	"CMx_DWT\000"
 1313      44575400 
 1314              	.LASF7:
 1315 0234 75696E74 		.ascii	"uint32_t\000"
 1315      33325F74 
 1315      00
 1316              	.LASF5:
 1317 023d 6C6F6E67 		.ascii	"long int\000"
 1317      20696E74 
 1317      00
 1318              	.LASF1:
 1319 0246 7369676E 		.ascii	"signed char\000"
 1319      65642063 
 1319      68617200 
 1320              	.LASF44:
 1321 0252 626F6172 		.ascii	"boardInit\000"
ARM GAS  /tmp/ccicLyTX.s 			page 26


 1321      64496E69 
 1321      7400
 1322              	.LASF12:
 1323 025c 5F426F6F 		.ascii	"_Bool\000"
 1323      6C00
 1324              	.LASF10:
 1325 0262 6C6F6E67 		.ascii	"long long unsigned int\000"
 1325      206C6F6E 
 1325      6720756E 
 1325      7369676E 
 1325      65642069 
 1326              		.ident	"GCC: (GNU Tools for ARM Embedded Processors) 4.7.4 20130913 (release) [ARM/embedded-4_7-br
ARM GAS  /tmp/ccicLyTX.s 			page 27


DEFINED SYMBOLS
                            *ABS*:00000000 hal.c
     /tmp/ccicLyTX.s:19     .text.halInit:00000000 $t
     /tmp/ccicLyTX.s:25     .text.halInit:00000000 halInit
     /tmp/ccicLyTX.s:66     .text.halIsCounterWithin:00000000 $t
     /tmp/ccicLyTX.s:72     .text.halIsCounterWithin:00000000 halIsCounterWithin
     /tmp/ccicLyTX.s:120    .text.halPolledDelay:00000000 $t
     /tmp/ccicLyTX.s:126    .text.halPolledDelay:00000000 halPolledDelay
                     .debug_frame:00000010 $d

UNDEFINED SYMBOLS
hal_lld_init
tmInit
pal_default_config
_pal_lld_init
adcInit
pwmInit
sdInit
boardInit
