ARM GAS  /tmp/cciOFTvr.s 			page 1


   1              		.syntax unified
   2              		.cpu cortex-m3
   3              		.fpu softvfp
   4              		.eabi_attribute 20, 1
   5              		.eabi_attribute 21, 1
   6              		.eabi_attribute 23, 3
   7              		.eabi_attribute 24, 1
   8              		.eabi_attribute 25, 1
   9              		.eabi_attribute 26, 1
  10              		.eabi_attribute 30, 2
  11              		.eabi_attribute 34, 1
  12              		.eabi_attribute 18, 4
  13              		.thumb
  14              		.file	"IMU01A.c"
  15              		.text
  16              	.Ltext0:
  17              		.cfi_sections	.debug_frame
  18              		.section	.text.accInit,"ax",%progbits
  19              		.align	2
  20              		.p2align 4,,15
  21              		.global	accInit
  22              		.thumb
  23              		.thumb_func
  24              		.type	accInit, %function
  25              	accInit:
  26              	.LFB63:
  27              		.file 1 "IMU01A.c"
  28              		.loc 1 9 0
  29              		.cfi_startproc
  30              		@ args = 0, pretend = 0, frame = 8
  31              		@ frame_needed = 0, uses_anonymous_args = 0
  32              	.LVL0:
  33 0000 30B5     		push	{r4, r5, lr}
  34              	.LCFI0:
  35              		.cfi_def_cfa_offset 12
  36              		.cfi_offset 4, -12
  37              		.cfi_offset 5, -8
  38              		.cfi_offset 14, -4
  39              		.loc 1 13 0
  40 0002 2A23     		movs	r3, #42
  41              		.loc 1 9 0
  42 0004 87B0     		sub	sp, sp, #28
  43              	.LCFI1:
  44              		.cfi_def_cfa_offset 40
  45              		.loc 1 9 0
  46 0006 0C46     		mov	r4, r1
  47 0008 0546     		mov	r5, r0
  48              		.loc 1 14 0
  49 000a 0121     		movs	r1, #1
  50              	.LVL1:
  51              		.loc 1 15 0
  52 000c 0D48     		ldr	r0, .L7
  53              	.LVL2:
  54              		.loc 1 13 0
  55 000e 8DF81030 		strb	r3, [sp, #16]
  56              		.loc 1 14 0
  57 0012 8DF81110 		strb	r1, [sp, #17]
ARM GAS  /tmp/cciOFTvr.s 			page 2


  58              		.loc 1 15 0
  59 0016 FFF7FEFF 		bl	i2cAcquireBus
  60              	.LVL3:
  61              		.loc 1 16 0
  62 001a 0020     		movs	r0, #0
  63 001c 0422     		movs	r2, #4
  64 001e 0090     		str	r0, [sp, #0]
  65 0020 0190     		str	r0, [sp, #4]
  66 0022 0292     		str	r2, [sp, #8]
  67 0024 2146     		mov	r1, r4
  68 0026 0748     		ldr	r0, .L7
  69 0028 04AA     		add	r2, sp, #16
  70 002a 0223     		movs	r3, #2
  71 002c FFF7FEFF 		bl	i2cMasterTransmitTimeout
  72              	.LVL4:
  73 0030 0446     		mov	r4, r0
  74              	.LVL5:
  75              		.loc 1 17 0
  76 0032 0448     		ldr	r0, .L7
  77              	.LVL6:
  78 0034 FFF7FEFF 		bl	i2cReleaseBus
  79              	.LVL7:
  80              		.loc 1 18 0
  81 0038 14B1     		cbz	r4, .L1
  82              	.LBB2:
  83              		.loc 1 18 0 is_stmt 0 discriminator 1
  84 003a 2846     		mov	r0, r5
  85 003c FFF7FEFF 		bl	i2cGetErr
  86              	.LVL8:
  87              	.L1:
  88              	.LBE2:
  89              		.loc 1 19 0 is_stmt 1
  90 0040 07B0     		add	sp, sp, #28
  91 0042 30BD     		pop	{r4, r5, pc}
  92              	.L8:
  93              		.align	2
  94              	.L7:
  95 0044 00000000 		.word	I2CD2
  96              		.cfi_endproc
  97              	.LFE63:
  98              		.size	accInit, .-accInit
  99 0048 AFF30080 		.section	.text.accRead,"ax",%progbits
  99      AFF30080 
 100              		.align	2
 101              		.p2align 4,,15
 102              		.global	accRead
 103              		.thumb
 104              		.thumb_func
 105              		.type	accRead, %function
 106              	accRead:
 107              	.LFB64:
 108              		.loc 1 23 0
 109              		.cfi_startproc
 110              		@ args = 4, pretend = 0, frame = 16
 111              		@ frame_needed = 0, uses_anonymous_args = 0
 112              	.LVL9:
 113 0000 2DE9F043 		push	{r4, r5, r6, r7, r8, r9, lr}
ARM GAS  /tmp/cciOFTvr.s 			page 3


 114              	.LCFI2:
 115              		.cfi_def_cfa_offset 28
 116              		.cfi_offset 4, -28
 117              		.cfi_offset 5, -24
 118              		.cfi_offset 6, -20
 119              		.cfi_offset 7, -16
 120              		.cfi_offset 8, -12
 121              		.cfi_offset 9, -8
 122              		.cfi_offset 14, -4
 123 0004 89B0     		sub	sp, sp, #36
 124              	.LCFI3:
 125              		.cfi_def_cfa_offset 64
 126              		.loc 1 28 0
 127 0006 08AC     		add	r4, sp, #32
 128 0008 0126     		movs	r6, #1
 129              		.loc 1 23 0
 130 000a 0546     		mov	r5, r0
 131 000c 8946     		mov	r9, r1
 132              		.loc 1 28 0
 133 000e 04F8086D 		strb	r6, [r4, #-8]!
 134              		.loc 1 23 0
 135 0012 9046     		mov	r8, r2
 136 0014 1F46     		mov	r7, r3
 137              		.loc 1 29 0
 138 0016 FFF7FEFF 		bl	i2cAcquireBus
 139              	.LVL10:
 140              		.loc 1 30 0
 141 001a 04AB     		add	r3, sp, #16
 142 001c 0620     		movs	r0, #6
 143 001e 0421     		movs	r1, #4
 144 0020 0093     		str	r3, [sp, #0]
 145 0022 0190     		str	r0, [sp, #4]
 146 0024 0291     		str	r1, [sp, #8]
 147 0026 2246     		mov	r2, r4
 148 0028 2846     		mov	r0, r5
 149 002a 4946     		mov	r1, r9
 150 002c 3346     		mov	r3, r6
 151 002e FFF7FEFF 		bl	i2cMasterTransmitTimeout
 152              	.LVL11:
 153 0032 0446     		mov	r4, r0
 154              	.LVL12:
 155              		.loc 1 31 0
 156 0034 2846     		mov	r0, r5
 157              	.LVL13:
 158 0036 FFF7FEFF 		bl	i2cReleaseBus
 159              	.LVL14:
 160              		.loc 1 32 0
 161 003a 14B1     		cbz	r4, .L10
 162              	.LBB3:
 163              		.loc 1 32 0 is_stmt 0 discriminator 1
 164 003c 2846     		mov	r0, r5
 165 003e FFF7FEFF 		bl	i2cGetErr
 166              	.LVL15:
 167              	.L10:
 168              	.LBE3:
 169              		.loc 1 37 0 is_stmt 1
 170 0042 9DF81520 		ldrb	r2, [sp, #21]	@ zero_extendqisi2
ARM GAS  /tmp/cciOFTvr.s 			page 4


 171 0046 9DF81400 		ldrb	r0, [sp, #20]	@ zero_extendqisi2
 172              		.loc 1 35 0
 173 004a 9DF81050 		ldrb	r5, [sp, #16]	@ zero_extendqisi2
 174              	.LVL16:
 175 004e 9DF81110 		ldrb	r1, [sp, #17]	@ zero_extendqisi2
 176              		.loc 1 36 0
 177 0052 9DF81240 		ldrb	r4, [sp, #18]	@ zero_extendqisi2
 178              	.LVL17:
 179 0056 9DF81330 		ldrb	r3, [sp, #19]	@ zero_extendqisi2
 180              		.loc 1 37 0
 181 005a 42EA0020 		orr	r0, r2, r0, lsl #8
 182 005e 109A     		ldr	r2, [sp, #64]
 183              		.loc 1 35 0
 184 0060 41EA0521 		orr	r1, r1, r5, lsl #8
 185              		.loc 1 36 0
 186 0064 43EA0423 		orr	r3, r3, r4, lsl #8
 187              		.loc 1 35 0
 188 0068 A8F80010 		strh	r1, [r8, #0]	@ movhi
 189              		.loc 1 36 0
 190 006c 3B80     		strh	r3, [r7, #0]	@ movhi
 191              		.loc 1 37 0
 192 006e 1080     		strh	r0, [r2, #0]	@ movhi
 193              		.loc 1 38 0
 194 0070 09B0     		add	sp, sp, #36
 195 0072 BDE8F083 		pop	{r4, r5, r6, r7, r8, r9, pc}
 196              		.cfi_endproc
 197              	.LFE64:
 198              		.size	accRead, .-accRead
 199 0076 00BFAFF3 		.text
 199      0080AFF3 
 199      0080
 200              	.Letext0:
 201              		.file 2 "/usr/bin/../lib/gcc/arm-none-eabi/4.7.4/include/stddef.h"
 202              		.file 3 "/usr/bin/../lib/gcc/arm-none-eabi/4.7.4/../../../../arm-none-eabi/include/stdint.h"
 203              		.file 4 "../../os/ports/GCC/ARMCMx/chtypes.h"
 204              		.file 5 "../../os/kernel/include/chlists.h"
 205              		.file 6 "../../os/kernel/include/chthreads.h"
 206              		.file 7 "../../os/ports/GCC/ARMCMx/chcore_v7m.h"
 207              		.file 8 "../../os/kernel/include/chmtx.h"
 208              		.file 9 "../../os/hal/platforms/STM32F1xx/stm32f10x.h"
 209              		.file 10 "../../os/hal/platforms/STM32F1xx/stm32_dma.h"
 210              		.file 11 "../../os/hal/include/i2c.h"
 211              		.file 12 "../../os/hal/platforms/STM32/I2Cv1/i2c_lld.h"
 212              		.file 13 "../../os/ports/common/ARMCMx/CMSIS/include/core_cm3.h"
 213              		.section	.debug_info,"",%progbits
 214              	.Ldebug_info0:
 215 0000 740A0000 		.4byte	0xa74
 216 0004 0200     		.2byte	0x2
 217 0006 00000000 		.4byte	.Ldebug_abbrev0
 218 000a 04       		.byte	0x4
 219 000b 01       		.uleb128 0x1
 220 000c 9B020000 		.4byte	.LASF129
 221 0010 01       		.byte	0x1
 222 0011 2F000000 		.4byte	.LASF130
 223 0015 F4000000 		.4byte	.LASF131
 224 0019 00000000 		.4byte	.Ldebug_ranges0+0
 225 001d 00000000 		.4byte	0
ARM GAS  /tmp/cciOFTvr.s 			page 5


 226 0021 00000000 		.4byte	0
 227 0025 00000000 		.4byte	.Ldebug_line0
 228 0029 02       		.uleb128 0x2
 229 002a 04       		.byte	0x4
 230 002b 05       		.byte	0x5
 231 002c 696E7400 		.ascii	"int\000"
 232 0030 03       		.uleb128 0x3
 233 0031 38000000 		.4byte	.LASF2
 234 0035 02       		.byte	0x2
 235 0036 D5       		.byte	0xd5
 236 0037 3B000000 		.4byte	0x3b
 237 003b 04       		.uleb128 0x4
 238 003c 04       		.byte	0x4
 239 003d 07       		.byte	0x7
 240 003e E7010000 		.4byte	.LASF0
 241 0042 04       		.uleb128 0x4
 242 0043 01       		.byte	0x1
 243 0044 06       		.byte	0x6
 244 0045 DC000000 		.4byte	.LASF1
 245 0049 03       		.uleb128 0x3
 246 004a 21050000 		.4byte	.LASF3
 247 004e 03       		.byte	0x3
 248 004f 2A       		.byte	0x2a
 249 0050 54000000 		.4byte	0x54
 250 0054 04       		.uleb128 0x4
 251 0055 01       		.byte	0x1
 252 0056 08       		.byte	0x8
 253 0057 EC030000 		.4byte	.LASF4
 254 005b 03       		.uleb128 0x3
 255 005c C6000000 		.4byte	.LASF5
 256 0060 03       		.byte	0x3
 257 0061 35       		.byte	0x35
 258 0062 66000000 		.4byte	0x66
 259 0066 04       		.uleb128 0x4
 260 0067 02       		.byte	0x2
 261 0068 05       		.byte	0x5
 262 0069 91020000 		.4byte	.LASF6
 263 006d 03       		.uleb128 0x3
 264 006e F4010000 		.4byte	.LASF7
 265 0072 03       		.byte	0x3
 266 0073 36       		.byte	0x36
 267 0074 78000000 		.4byte	0x78
 268 0078 04       		.uleb128 0x4
 269 0079 02       		.byte	0x2
 270 007a 07       		.byte	0x7
 271 007b 44020000 		.4byte	.LASF8
 272 007f 03       		.uleb128 0x3
 273 0080 E4030000 		.4byte	.LASF9
 274 0084 03       		.byte	0x3
 275 0085 4F       		.byte	0x4f
 276 0086 8A000000 		.4byte	0x8a
 277 008a 04       		.uleb128 0x4
 278 008b 04       		.byte	0x4
 279 008c 05       		.byte	0x5
 280 008d 5F010000 		.4byte	.LASF10
 281 0091 03       		.uleb128 0x3
 282 0092 89040000 		.4byte	.LASF11
ARM GAS  /tmp/cciOFTvr.s 			page 6


 283 0096 03       		.byte	0x3
 284 0097 50       		.byte	0x50
 285 0098 9C000000 		.4byte	0x9c
 286 009c 04       		.uleb128 0x4
 287 009d 04       		.byte	0x4
 288 009e 07       		.byte	0x7
 289 009f A6040000 		.4byte	.LASF12
 290 00a3 04       		.uleb128 0x4
 291 00a4 08       		.byte	0x8
 292 00a5 05       		.byte	0x5
 293 00a6 CE000000 		.4byte	.LASF13
 294 00aa 03       		.uleb128 0x3
 295 00ab 46000000 		.4byte	.LASF14
 296 00af 03       		.byte	0x3
 297 00b0 78       		.byte	0x78
 298 00b1 B5000000 		.4byte	0xb5
 299 00b5 04       		.uleb128 0x4
 300 00b6 08       		.byte	0x8
 301 00b7 07       		.byte	0x7
 302 00b8 55000000 		.4byte	.LASF15
 303 00bc 04       		.uleb128 0x4
 304 00bd 01       		.byte	0x1
 305 00be 02       		.byte	0x2
 306 00bf DE030000 		.4byte	.LASF16
 307 00c3 03       		.uleb128 0x3
 308 00c4 71020000 		.4byte	.LASF17
 309 00c8 04       		.byte	0x4
 310 00c9 25       		.byte	0x25
 311 00ca 49000000 		.4byte	0x49
 312 00ce 03       		.uleb128 0x3
 313 00cf 68010000 		.4byte	.LASF18
 314 00d3 04       		.byte	0x4
 315 00d4 26       		.byte	0x26
 316 00d5 49000000 		.4byte	0x49
 317 00d9 03       		.uleb128 0x3
 318 00da 58030000 		.4byte	.LASF19
 319 00de 04       		.byte	0x4
 320 00df 27       		.byte	0x27
 321 00e0 49000000 		.4byte	0x49
 322 00e4 03       		.uleb128 0x3
 323 00e5 45010000 		.4byte	.LASF20
 324 00e9 04       		.byte	0x4
 325 00ea 28       		.byte	0x28
 326 00eb 49000000 		.4byte	0x49
 327 00ef 03       		.uleb128 0x3
 328 00f0 B7030000 		.4byte	.LASF21
 329 00f4 04       		.byte	0x4
 330 00f5 29       		.byte	0x29
 331 00f6 91000000 		.4byte	0x91
 332 00fa 03       		.uleb128 0x3
 333 00fb 6B020000 		.4byte	.LASF22
 334 00ff 04       		.byte	0x4
 335 0100 2A       		.byte	0x2a
 336 0101 7F000000 		.4byte	0x7f
 337 0105 03       		.uleb128 0x3
 338 0106 85020000 		.4byte	.LASF23
 339 010a 04       		.byte	0x4
ARM GAS  /tmp/cciOFTvr.s 			page 7


 340 010b 2C       		.byte	0x2c
 341 010c 91000000 		.4byte	0x91
 342 0110 03       		.uleb128 0x3
 343 0111 D2040000 		.4byte	.LASF24
 344 0115 04       		.byte	0x4
 345 0116 2E       		.byte	0x2e
 346 0117 91000000 		.4byte	0x91
 347 011b 03       		.uleb128 0x3
 348 011c D5010000 		.4byte	.LASF25
 349 0120 05       		.byte	0x5
 350 0121 23       		.byte	0x23
 351 0122 26010000 		.4byte	0x126
 352 0126 05       		.uleb128 0x5
 353 0127 D5010000 		.4byte	.LASF25
 354 012b 4C       		.byte	0x4c
 355 012c 06       		.byte	0x6
 356 012d 57       		.byte	0x57
 357 012e 59020000 		.4byte	0x259
 358 0132 06       		.uleb128 0x6
 359 0133 3B040000 		.4byte	.LASF26
 360 0137 06       		.byte	0x6
 361 0138 58       		.byte	0x58
 362 0139 7E020000 		.4byte	0x27e
 363 013d 02       		.byte	0x2
 364 013e 23       		.byte	0x23
 365 013f 00       		.uleb128 0
 366 0140 06       		.uleb128 0x6
 367 0141 92030000 		.4byte	.LASF27
 368 0145 06       		.byte	0x6
 369 0146 5A       		.byte	0x5a
 370 0147 7E020000 		.4byte	0x27e
 371 014b 02       		.byte	0x2
 372 014c 23       		.byte	0x23
 373 014d 04       		.uleb128 0x4
 374 014e 06       		.uleb128 0x6
 375 014f A6000000 		.4byte	.LASF28
 376 0153 06       		.byte	0x6
 377 0154 5C       		.byte	0x5c
 378 0155 EF000000 		.4byte	0xef
 379 0159 02       		.byte	0x2
 380 015a 23       		.byte	0x23
 381 015b 08       		.uleb128 0x8
 382 015c 06       		.uleb128 0x6
 383 015d 75050000 		.4byte	.LASF29
 384 0161 06       		.byte	0x6
 385 0162 5D       		.byte	0x5d
 386 0163 57030000 		.4byte	0x357
 387 0167 02       		.byte	0x2
 388 0168 23       		.byte	0x23
 389 0169 0C       		.uleb128 0xc
 390 016a 06       		.uleb128 0x6
 391 016b 90010000 		.4byte	.LASF30
 392 016f 06       		.byte	0x6
 393 0170 5F       		.byte	0x5f
 394 0171 7E020000 		.4byte	0x27e
 395 0175 02       		.byte	0x2
 396 0176 23       		.byte	0x23
ARM GAS  /tmp/cciOFTvr.s 			page 8


 397 0177 10       		.uleb128 0x10
 398 0178 06       		.uleb128 0x6
 399 0179 19030000 		.4byte	.LASF31
 400 017d 06       		.byte	0x6
 401 017e 60       		.byte	0x60
 402 017f 7E020000 		.4byte	0x27e
 403 0183 02       		.byte	0x2
 404 0184 23       		.byte	0x23
 405 0185 14       		.uleb128 0x14
 406 0186 06       		.uleb128 0x6
 407 0187 3A050000 		.4byte	.LASF32
 408 018b 06       		.byte	0x6
 409 018c 67       		.byte	0x67
 410 018d 08040000 		.4byte	0x408
 411 0191 02       		.byte	0x2
 412 0192 23       		.byte	0x23
 413 0193 18       		.uleb128 0x18
 414 0194 06       		.uleb128 0x6
 415 0195 DC010000 		.4byte	.LASF33
 416 0199 06       		.byte	0x6
 417 019a 6D       		.byte	0x6d
 418 019b 1A040000 		.4byte	0x41a
 419 019f 02       		.byte	0x2
 420 01a0 23       		.byte	0x23
 421 01a1 1C       		.uleb128 0x1c
 422 01a2 06       		.uleb128 0x6
 423 01a3 22040000 		.4byte	.LASF34
 424 01a7 06       		.byte	0x6
 425 01a8 72       		.byte	0x72
 426 01a9 CE000000 		.4byte	0xce
 427 01ad 02       		.byte	0x2
 428 01ae 23       		.byte	0x23
 429 01af 20       		.uleb128 0x20
 430 01b0 06       		.uleb128 0x6
 431 01b1 42040000 		.4byte	.LASF35
 432 01b5 06       		.byte	0x6
 433 01b6 76       		.byte	0x76
 434 01b7 C3000000 		.4byte	0xc3
 435 01bb 02       		.byte	0x2
 436 01bc 23       		.byte	0x23
 437 01bd 21       		.uleb128 0x21
 438 01be 06       		.uleb128 0x6
 439 01bf 78010000 		.4byte	.LASF36
 440 01c3 06       		.byte	0x6
 441 01c4 7B       		.byte	0x7b
 442 01c5 D9000000 		.4byte	0xd9
 443 01c9 02       		.byte	0x2
 444 01ca 23       		.byte	0x23
 445 01cb 22       		.uleb128 0x22
 446 01cc 06       		.uleb128 0x6
 447 01cd 2A040000 		.4byte	.LASF37
 448 01d1 06       		.byte	0x6
 449 01d2 81       		.byte	0x81
 450 01d3 E4000000 		.4byte	0xe4
 451 01d7 02       		.byte	0x2
 452 01d8 23       		.byte	0x23
 453 01d9 23       		.uleb128 0x23
ARM GAS  /tmp/cciOFTvr.s 			page 9


 454 01da 06       		.uleb128 0x6
 455 01db 89010000 		.4byte	.LASF38
 456 01df 06       		.byte	0x6
 457 01e0 88       		.byte	0x88
 458 01e1 86030000 		.4byte	0x386
 459 01e5 02       		.byte	0x2
 460 01e6 23       		.byte	0x23
 461 01e7 24       		.uleb128 0x24
 462 01e8 07       		.uleb128 0x7
 463 01e9 705F7500 		.ascii	"p_u\000"
 464 01ed 06       		.byte	0x6
 465 01ee AD       		.byte	0xad
 466 01ef D3030000 		.4byte	0x3d3
 467 01f3 02       		.byte	0x2
 468 01f4 23       		.byte	0x23
 469 01f5 28       		.uleb128 0x28
 470 01f6 06       		.uleb128 0x6
 471 01f7 7B050000 		.4byte	.LASF39
 472 01fb 06       		.byte	0x6
 473 01fc B2       		.byte	0xb2
 474 01fd A6020000 		.4byte	0x2a6
 475 0201 02       		.byte	0x2
 476 0202 23       		.byte	0x23
 477 0203 2C       		.uleb128 0x2c
 478 0204 06       		.uleb128 0x6
 479 0205 0A020000 		.4byte	.LASF40
 480 0209 06       		.byte	0x6
 481 020a B8       		.byte	0xb8
 482 020b 84020000 		.4byte	0x284
 483 020f 02       		.byte	0x2
 484 0210 23       		.byte	0x23
 485 0211 30       		.uleb128 0x30
 486 0212 06       		.uleb128 0x6
 487 0213 48050000 		.4byte	.LASF41
 488 0217 06       		.byte	0x6
 489 0218 BC       		.byte	0xbc
 490 0219 FA000000 		.4byte	0xfa
 491 021d 02       		.byte	0x2
 492 021e 23       		.byte	0x23
 493 021f 38       		.uleb128 0x38
 494 0220 06       		.uleb128 0x6
 495 0221 6F040000 		.4byte	.LASF42
 496 0225 06       		.byte	0x6
 497 0226 C2       		.byte	0xc2
 498 0227 05010000 		.4byte	0x105
 499 022b 02       		.byte	0x2
 500 022c 23       		.byte	0x23
 501 022d 3C       		.uleb128 0x3c
 502 022e 06       		.uleb128 0x6
 503 022f 0D040000 		.4byte	.LASF43
 504 0233 06       		.byte	0x6
 505 0234 C9       		.byte	0xc9
 506 0235 20040000 		.4byte	0x420
 507 0239 02       		.byte	0x2
 508 023a 23       		.byte	0x23
 509 023b 40       		.uleb128 0x40
 510 023c 06       		.uleb128 0x6
ARM GAS  /tmp/cciOFTvr.s 			page 10


 511 023d DC040000 		.4byte	.LASF44
 512 0241 06       		.byte	0x6
 513 0242 CD       		.byte	0xcd
 514 0243 EF000000 		.4byte	0xef
 515 0247 02       		.byte	0x2
 516 0248 23       		.byte	0x23
 517 0249 44       		.uleb128 0x44
 518 024a 06       		.uleb128 0x6
 519 024b 30010000 		.4byte	.LASF45
 520 024f 06       		.byte	0x6
 521 0250 D3       		.byte	0xd3
 522 0251 BC020000 		.4byte	0x2bc
 523 0255 02       		.byte	0x2
 524 0256 23       		.byte	0x23
 525 0257 48       		.uleb128 0x48
 526 0258 00       		.byte	0
 527 0259 08       		.uleb128 0x8
 528 025a 08       		.byte	0x8
 529 025b 05       		.byte	0x5
 530 025c 5A       		.byte	0x5a
 531 025d 7E020000 		.4byte	0x27e
 532 0261 06       		.uleb128 0x6
 533 0262 3B040000 		.4byte	.LASF26
 534 0266 05       		.byte	0x5
 535 0267 5B       		.byte	0x5b
 536 0268 7E020000 		.4byte	0x27e
 537 026c 02       		.byte	0x2
 538 026d 23       		.byte	0x23
 539 026e 00       		.uleb128 0
 540 026f 06       		.uleb128 0x6
 541 0270 92030000 		.4byte	.LASF27
 542 0274 05       		.byte	0x5
 543 0275 5D       		.byte	0x5d
 544 0276 7E020000 		.4byte	0x27e
 545 027a 02       		.byte	0x2
 546 027b 23       		.byte	0x23
 547 027c 04       		.uleb128 0x4
 548 027d 00       		.byte	0
 549 027e 09       		.uleb128 0x9
 550 027f 04       		.byte	0x4
 551 0280 1B010000 		.4byte	0x11b
 552 0284 03       		.uleb128 0x3
 553 0285 21030000 		.4byte	.LASF46
 554 0289 05       		.byte	0x5
 555 028a 5F       		.byte	0x5f
 556 028b 59020000 		.4byte	0x259
 557 028f 08       		.uleb128 0x8
 558 0290 04       		.byte	0x4
 559 0291 05       		.byte	0x5
 560 0292 64       		.byte	0x64
 561 0293 A6020000 		.4byte	0x2a6
 562 0297 06       		.uleb128 0x6
 563 0298 3B040000 		.4byte	.LASF26
 564 029c 05       		.byte	0x5
 565 029d 66       		.byte	0x66
 566 029e 7E020000 		.4byte	0x27e
 567 02a2 02       		.byte	0x2
ARM GAS  /tmp/cciOFTvr.s 			page 11


 568 02a3 23       		.byte	0x23
 569 02a4 00       		.uleb128 0
 570 02a5 00       		.byte	0
 571 02a6 03       		.uleb128 0x3
 572 02a7 79020000 		.4byte	.LASF47
 573 02ab 05       		.byte	0x5
 574 02ac 69       		.byte	0x69
 575 02ad 8F020000 		.4byte	0x28f
 576 02b1 03       		.uleb128 0x3
 577 02b2 BA010000 		.4byte	.LASF48
 578 02b6 07       		.byte	0x7
 579 02b7 DE       		.byte	0xde
 580 02b8 BC020000 		.4byte	0x2bc
 581 02bc 0A       		.uleb128 0xa
 582 02bd 04       		.byte	0x4
 583 02be 03       		.uleb128 0x3
 584 02bf E4020000 		.4byte	.LASF49
 585 02c3 07       		.byte	0x7
 586 02c4 E4       		.byte	0xe4
 587 02c5 AA000000 		.4byte	0xaa
 588 02c9 0B       		.uleb128 0xb
 589 02ca F9040000 		.4byte	.LASF50
 590 02ce 24       		.byte	0x24
 591 02cf 07       		.byte	0x7
 592 02d0 0501     		.2byte	0x105
 593 02d2 57030000 		.4byte	0x357
 594 02d6 0C       		.uleb128 0xc
 595 02d7 723400   		.ascii	"r4\000"
 596 02da 07       		.byte	0x7
 597 02db 1801     		.2byte	0x118
 598 02dd B1020000 		.4byte	0x2b1
 599 02e1 02       		.byte	0x2
 600 02e2 23       		.byte	0x23
 601 02e3 00       		.uleb128 0
 602 02e4 0C       		.uleb128 0xc
 603 02e5 723500   		.ascii	"r5\000"
 604 02e8 07       		.byte	0x7
 605 02e9 1901     		.2byte	0x119
 606 02eb B1020000 		.4byte	0x2b1
 607 02ef 02       		.byte	0x2
 608 02f0 23       		.byte	0x23
 609 02f1 04       		.uleb128 0x4
 610 02f2 0C       		.uleb128 0xc
 611 02f3 723600   		.ascii	"r6\000"
 612 02f6 07       		.byte	0x7
 613 02f7 1A01     		.2byte	0x11a
 614 02f9 B1020000 		.4byte	0x2b1
 615 02fd 02       		.byte	0x2
 616 02fe 23       		.byte	0x23
 617 02ff 08       		.uleb128 0x8
 618 0300 0C       		.uleb128 0xc
 619 0301 723700   		.ascii	"r7\000"
 620 0304 07       		.byte	0x7
 621 0305 1B01     		.2byte	0x11b
 622 0307 B1020000 		.4byte	0x2b1
 623 030b 02       		.byte	0x2
 624 030c 23       		.byte	0x23
ARM GAS  /tmp/cciOFTvr.s 			page 12


 625 030d 0C       		.uleb128 0xc
 626 030e 0C       		.uleb128 0xc
 627 030f 723800   		.ascii	"r8\000"
 628 0312 07       		.byte	0x7
 629 0313 1C01     		.2byte	0x11c
 630 0315 B1020000 		.4byte	0x2b1
 631 0319 02       		.byte	0x2
 632 031a 23       		.byte	0x23
 633 031b 10       		.uleb128 0x10
 634 031c 0C       		.uleb128 0xc
 635 031d 723900   		.ascii	"r9\000"
 636 0320 07       		.byte	0x7
 637 0321 1D01     		.2byte	0x11d
 638 0323 B1020000 		.4byte	0x2b1
 639 0327 02       		.byte	0x2
 640 0328 23       		.byte	0x23
 641 0329 14       		.uleb128 0x14
 642 032a 0C       		.uleb128 0xc
 643 032b 72313000 		.ascii	"r10\000"
 644 032f 07       		.byte	0x7
 645 0330 1E01     		.2byte	0x11e
 646 0332 B1020000 		.4byte	0x2b1
 647 0336 02       		.byte	0x2
 648 0337 23       		.byte	0x23
 649 0338 18       		.uleb128 0x18
 650 0339 0C       		.uleb128 0xc
 651 033a 72313100 		.ascii	"r11\000"
 652 033e 07       		.byte	0x7
 653 033f 1F01     		.2byte	0x11f
 654 0341 B1020000 		.4byte	0x2b1
 655 0345 02       		.byte	0x2
 656 0346 23       		.byte	0x23
 657 0347 1C       		.uleb128 0x1c
 658 0348 0C       		.uleb128 0xc
 659 0349 6C7200   		.ascii	"lr\000"
 660 034c 07       		.byte	0x7
 661 034d 2001     		.2byte	0x120
 662 034f B1020000 		.4byte	0x2b1
 663 0353 02       		.byte	0x2
 664 0354 23       		.byte	0x23
 665 0355 20       		.uleb128 0x20
 666 0356 00       		.byte	0
 667 0357 0B       		.uleb128 0xb
 668 0358 F1040000 		.4byte	.LASF51
 669 035c 04       		.byte	0x4
 670 035d 07       		.byte	0x7
 671 035e 2A01     		.2byte	0x12a
 672 0360 74030000 		.4byte	0x374
 673 0364 0C       		.uleb128 0xc
 674 0365 72313300 		.ascii	"r13\000"
 675 0369 07       		.byte	0x7
 676 036a 2B01     		.2byte	0x12b
 677 036c 74030000 		.4byte	0x374
 678 0370 02       		.byte	0x2
 679 0371 23       		.byte	0x23
 680 0372 00       		.uleb128 0
 681 0373 00       		.byte	0
ARM GAS  /tmp/cciOFTvr.s 			page 13


 682 0374 09       		.uleb128 0x9
 683 0375 04       		.byte	0x4
 684 0376 C9020000 		.4byte	0x2c9
 685 037a 0D       		.uleb128 0xd
 686 037b 91000000 		.4byte	0x91
 687 037f 04       		.uleb128 0x4
 688 0380 04       		.byte	0x4
 689 0381 07       		.byte	0x7
 690 0382 F8020000 		.4byte	.LASF52
 691 0386 0D       		.uleb128 0xd
 692 0387 10010000 		.4byte	0x110
 693 038b 05       		.uleb128 0x5
 694 038c 01030000 		.4byte	.LASF53
 695 0390 10       		.byte	0x10
 696 0391 08       		.byte	0x8
 697 0392 25       		.byte	0x25
 698 0393 C2030000 		.4byte	0x3c2
 699 0397 06       		.uleb128 0x6
 700 0398 38010000 		.4byte	.LASF54
 701 039c 08       		.byte	0x8
 702 039d 26       		.byte	0x26
 703 039e 84020000 		.4byte	0x284
 704 03a2 02       		.byte	0x2
 705 03a3 23       		.byte	0x23
 706 03a4 00       		.uleb128 0
 707 03a5 06       		.uleb128 0x6
 708 03a6 6D050000 		.4byte	.LASF55
 709 03aa 08       		.byte	0x8
 710 03ab 28       		.byte	0x28
 711 03ac 7E020000 		.4byte	0x27e
 712 03b0 02       		.byte	0x2
 713 03b1 23       		.byte	0x23
 714 03b2 08       		.uleb128 0x8
 715 03b3 06       		.uleb128 0x6
 716 03b4 CB040000 		.4byte	.LASF56
 717 03b8 08       		.byte	0x8
 718 03b9 2A       		.byte	0x2a
 719 03ba C2030000 		.4byte	0x3c2
 720 03be 02       		.byte	0x2
 721 03bf 23       		.byte	0x23
 722 03c0 0C       		.uleb128 0xc
 723 03c1 00       		.byte	0
 724 03c2 09       		.uleb128 0x9
 725 03c3 04       		.byte	0x4
 726 03c4 8B030000 		.4byte	0x38b
 727 03c8 03       		.uleb128 0x3
 728 03c9 01030000 		.4byte	.LASF53
 729 03cd 08       		.byte	0x8
 730 03ce 2C       		.byte	0x2c
 731 03cf 8B030000 		.4byte	0x38b
 732 03d3 0E       		.uleb128 0xe
 733 03d4 04       		.byte	0x4
 734 03d5 06       		.byte	0x6
 735 03d6 8F       		.byte	0x8f
 736 03d7 08040000 		.4byte	0x408
 737 03db 0F       		.uleb128 0xf
 738 03dc 3F000000 		.4byte	.LASF57
ARM GAS  /tmp/cciOFTvr.s 			page 14


 739 03e0 06       		.byte	0x6
 740 03e1 96       		.byte	0x96
 741 03e2 FA000000 		.4byte	0xfa
 742 03e6 0F       		.uleb128 0xf
 743 03e7 7B000000 		.4byte	.LASF58
 744 03eb 06       		.byte	0x6
 745 03ec 9D       		.byte	0x9d
 746 03ed FA000000 		.4byte	0xfa
 747 03f1 0F       		.uleb128 0xf
 748 03f2 33050000 		.4byte	.LASF59
 749 03f6 06       		.byte	0x6
 750 03f7 A4       		.byte	0xa4
 751 03f8 BC020000 		.4byte	0x2bc
 752 03fc 0F       		.uleb128 0xf
 753 03fd 34040000 		.4byte	.LASF60
 754 0401 06       		.byte	0x6
 755 0402 AB       		.byte	0xab
 756 0403 05010000 		.4byte	0x105
 757 0407 00       		.byte	0
 758 0408 09       		.uleb128 0x9
 759 0409 04       		.byte	0x4
 760 040a 0E040000 		.4byte	0x40e
 761 040e 10       		.uleb128 0x10
 762 040f 13040000 		.4byte	0x413
 763 0413 04       		.uleb128 0x4
 764 0414 01       		.byte	0x1
 765 0415 08       		.byte	0x8
 766 0416 B8040000 		.4byte	.LASF61
 767 041a 09       		.uleb128 0x9
 768 041b 04       		.byte	0x4
 769 041c BE020000 		.4byte	0x2be
 770 0420 09       		.uleb128 0x9
 771 0421 04       		.byte	0x4
 772 0422 C8030000 		.4byte	0x3c8
 773 0426 09       		.uleb128 0x9
 774 0427 04       		.byte	0x4
 775 0428 49000000 		.4byte	0x49
 776 042c 09       		.uleb128 0x9
 777 042d 04       		.byte	0x4
 778 042e 32040000 		.4byte	0x432
 779 0432 10       		.uleb128 0x10
 780 0433 49000000 		.4byte	0x49
 781 0437 0D       		.uleb128 0xd
 782 0438 6D000000 		.4byte	0x6d
 783 043c 0D       		.uleb128 0xd
 784 043d 7F000000 		.4byte	0x7f
 785 0441 11       		.uleb128 0x11
 786 0442 10       		.byte	0x10
 787 0443 09       		.byte	0x9
 788 0444 2D03     		.2byte	0x32d
 789 0446 87040000 		.4byte	0x487
 790 044a 0C       		.uleb128 0xc
 791 044b 43435200 		.ascii	"CCR\000"
 792 044f 09       		.byte	0x9
 793 0450 2F03     		.2byte	0x32f
 794 0452 7A030000 		.4byte	0x37a
 795 0456 02       		.byte	0x2
ARM GAS  /tmp/cciOFTvr.s 			page 15


 796 0457 23       		.byte	0x23
 797 0458 00       		.uleb128 0
 798 0459 12       		.uleb128 0x12
 799 045a 0E050000 		.4byte	.LASF62
 800 045e 09       		.byte	0x9
 801 045f 3003     		.2byte	0x330
 802 0461 7A030000 		.4byte	0x37a
 803 0465 02       		.byte	0x2
 804 0466 23       		.byte	0x23
 805 0467 04       		.uleb128 0x4
 806 0468 12       		.uleb128 0x12
 807 0469 05020000 		.4byte	.LASF63
 808 046d 09       		.byte	0x9
 809 046e 3103     		.2byte	0x331
 810 0470 7A030000 		.4byte	0x37a
 811 0474 02       		.byte	0x2
 812 0475 23       		.byte	0x23
 813 0476 08       		.uleb128 0x8
 814 0477 12       		.uleb128 0x12
 815 0478 14050000 		.4byte	.LASF64
 816 047c 09       		.byte	0x9
 817 047d 3203     		.2byte	0x332
 818 047f 7A030000 		.4byte	0x37a
 819 0483 02       		.byte	0x2
 820 0484 23       		.byte	0x23
 821 0485 0C       		.uleb128 0xc
 822 0486 00       		.byte	0
 823 0487 13       		.uleb128 0x13
 824 0488 15020000 		.4byte	.LASF65
 825 048c 09       		.byte	0x9
 826 048d 3303     		.2byte	0x333
 827 048f 41040000 		.4byte	0x441
 828 0493 11       		.uleb128 0x11
 829 0494 24       		.byte	0x24
 830 0495 09       		.byte	0x9
 831 0496 1304     		.2byte	0x413
 832 0498 AA050000 		.4byte	0x5aa
 833 049c 0C       		.uleb128 0xc
 834 049d 43523100 		.ascii	"CR1\000"
 835 04a1 09       		.byte	0x9
 836 04a2 1504     		.2byte	0x415
 837 04a4 37040000 		.4byte	0x437
 838 04a8 02       		.byte	0x2
 839 04a9 23       		.byte	0x23
 840 04aa 00       		.uleb128 0
 841 04ab 12       		.uleb128 0x12
 842 04ac 60030000 		.4byte	.LASF66
 843 04b0 09       		.byte	0x9
 844 04b1 1604     		.2byte	0x416
 845 04b3 6D000000 		.4byte	0x6d
 846 04b7 02       		.byte	0x2
 847 04b8 23       		.byte	0x23
 848 04b9 02       		.uleb128 0x2
 849 04ba 0C       		.uleb128 0xc
 850 04bb 43523200 		.ascii	"CR2\000"
 851 04bf 09       		.byte	0x9
 852 04c0 1704     		.2byte	0x417
ARM GAS  /tmp/cciOFTvr.s 			page 16


 853 04c2 37040000 		.4byte	0x437
 854 04c6 02       		.byte	0x2
 855 04c7 23       		.byte	0x23
 856 04c8 04       		.uleb128 0x4
 857 04c9 12       		.uleb128 0x12
 858 04ca 6A030000 		.4byte	.LASF67
 859 04ce 09       		.byte	0x9
 860 04cf 1804     		.2byte	0x418
 861 04d1 6D000000 		.4byte	0x6d
 862 04d5 02       		.byte	0x2
 863 04d6 23       		.byte	0x23
 864 04d7 06       		.uleb128 0x6
 865 04d8 12       		.uleb128 0x12
 866 04d9 29050000 		.4byte	.LASF68
 867 04dd 09       		.byte	0x9
 868 04de 1904     		.2byte	0x419
 869 04e0 37040000 		.4byte	0x437
 870 04e4 02       		.byte	0x2
 871 04e5 23       		.byte	0x23
 872 04e6 08       		.uleb128 0x8
 873 04e7 12       		.uleb128 0x12
 874 04e8 74030000 		.4byte	.LASF69
 875 04ec 09       		.byte	0x9
 876 04ed 1A04     		.2byte	0x41a
 877 04ef 6D000000 		.4byte	0x6d
 878 04f3 02       		.byte	0x2
 879 04f4 23       		.byte	0x23
 880 04f5 0A       		.uleb128 0xa
 881 04f6 12       		.uleb128 0x12
 882 04f7 2E050000 		.4byte	.LASF70
 883 04fb 09       		.byte	0x9
 884 04fc 1B04     		.2byte	0x41b
 885 04fe 37040000 		.4byte	0x437
 886 0502 02       		.byte	0x2
 887 0503 23       		.byte	0x23
 888 0504 0C       		.uleb128 0xc
 889 0505 12       		.uleb128 0x12
 890 0506 7E030000 		.4byte	.LASF71
 891 050a 09       		.byte	0x9
 892 050b 1C04     		.2byte	0x41c
 893 050d 6D000000 		.4byte	0x6d
 894 0511 02       		.byte	0x2
 895 0512 23       		.byte	0x23
 896 0513 0E       		.uleb128 0xe
 897 0514 0C       		.uleb128 0xc
 898 0515 445200   		.ascii	"DR\000"
 899 0518 09       		.byte	0x9
 900 0519 1D04     		.2byte	0x41d
 901 051b 37040000 		.4byte	0x437
 902 051f 02       		.byte	0x2
 903 0520 23       		.byte	0x23
 904 0521 10       		.uleb128 0x10
 905 0522 12       		.uleb128 0x12
 906 0523 88030000 		.4byte	.LASF72
 907 0527 09       		.byte	0x9
 908 0528 1E04     		.2byte	0x41e
 909 052a 6D000000 		.4byte	0x6d
ARM GAS  /tmp/cciOFTvr.s 			page 17


 910 052e 02       		.byte	0x2
 911 052f 23       		.byte	0x23
 912 0530 12       		.uleb128 0x12
 913 0531 0C       		.uleb128 0xc
 914 0532 53523100 		.ascii	"SR1\000"
 915 0536 09       		.byte	0x9
 916 0537 1F04     		.2byte	0x41f
 917 0539 37040000 		.4byte	0x437
 918 053d 02       		.byte	0x2
 919 053e 23       		.byte	0x23
 920 053f 14       		.uleb128 0x14
 921 0540 12       		.uleb128 0x12
 922 0541 7F040000 		.4byte	.LASF73
 923 0545 09       		.byte	0x9
 924 0546 2004     		.2byte	0x420
 925 0548 6D000000 		.4byte	0x6d
 926 054c 02       		.byte	0x2
 927 054d 23       		.byte	0x23
 928 054e 16       		.uleb128 0x16
 929 054f 0C       		.uleb128 0xc
 930 0550 53523200 		.ascii	"SR2\000"
 931 0554 09       		.byte	0x9
 932 0555 2104     		.2byte	0x421
 933 0557 37040000 		.4byte	0x437
 934 055b 02       		.byte	0x2
 935 055c 23       		.byte	0x23
 936 055d 18       		.uleb128 0x18
 937 055e 12       		.uleb128 0x12
 938 055f 99030000 		.4byte	.LASF74
 939 0563 09       		.byte	0x9
 940 0564 2204     		.2byte	0x422
 941 0566 6D000000 		.4byte	0x6d
 942 056a 02       		.byte	0x2
 943 056b 23       		.byte	0x23
 944 056c 1A       		.uleb128 0x1a
 945 056d 0C       		.uleb128 0xc
 946 056e 43435200 		.ascii	"CCR\000"
 947 0572 09       		.byte	0x9
 948 0573 2304     		.2byte	0x423
 949 0575 37040000 		.4byte	0x437
 950 0579 02       		.byte	0x2
 951 057a 23       		.byte	0x23
 952 057b 1C       		.uleb128 0x1c
 953 057c 12       		.uleb128 0x12
 954 057d A3030000 		.4byte	.LASF75
 955 0581 09       		.byte	0x9
 956 0582 2404     		.2byte	0x424
 957 0584 6D000000 		.4byte	0x6d
 958 0588 02       		.byte	0x2
 959 0589 23       		.byte	0x23
 960 058a 1E       		.uleb128 0x1e
 961 058b 12       		.uleb128 0x12
 962 058c 4F000000 		.4byte	.LASF76
 963 0590 09       		.byte	0x9
 964 0591 2504     		.2byte	0x425
 965 0593 37040000 		.4byte	0x437
 966 0597 02       		.byte	0x2
ARM GAS  /tmp/cciOFTvr.s 			page 18


 967 0598 23       		.byte	0x23
 968 0599 20       		.uleb128 0x20
 969 059a 12       		.uleb128 0x12
 970 059b AD030000 		.4byte	.LASF77
 971 059f 09       		.byte	0x9
 972 05a0 2604     		.2byte	0x426
 973 05a2 6D000000 		.4byte	0x6d
 974 05a6 02       		.byte	0x2
 975 05a7 23       		.byte	0x23
 976 05a8 22       		.uleb128 0x22
 977 05a9 00       		.byte	0
 978 05aa 13       		.uleb128 0x13
 979 05ab 4E050000 		.4byte	.LASF78
 980 05af 09       		.byte	0x9
 981 05b0 2704     		.2byte	0x427
 982 05b2 93040000 		.4byte	0x493
 983 05b6 08       		.uleb128 0x8
 984 05b7 0C       		.byte	0xc
 985 05b8 0A       		.byte	0xa
 986 05b9 C1       		.byte	0xc1
 987 05ba 05060000 		.4byte	0x605
 988 05be 06       		.uleb128 0x6
 989 05bf 5C040000 		.4byte	.LASF79
 990 05c3 0A       		.byte	0xa
 991 05c4 C2       		.byte	0xc2
 992 05c5 05060000 		.4byte	0x605
 993 05c9 02       		.byte	0x2
 994 05ca 23       		.byte	0x23
 995 05cb 00       		.uleb128 0
 996 05cc 06       		.uleb128 0x6
 997 05cd 7A040000 		.4byte	.LASF80
 998 05d1 0A       		.byte	0xa
 999 05d2 C3       		.byte	0xc3
 1000 05d3 0B060000 		.4byte	0x60b
 1001 05d7 02       		.byte	0x2
 1002 05d8 23       		.byte	0x23
 1003 05d9 04       		.uleb128 0x4
 1004 05da 06       		.uleb128 0x6
 1005 05db 29020000 		.4byte	.LASF81
 1006 05df 0A       		.byte	0xa
 1007 05e0 C4       		.byte	0xc4
 1008 05e1 49000000 		.4byte	0x49
 1009 05e5 02       		.byte	0x2
 1010 05e6 23       		.byte	0x23
 1011 05e7 08       		.uleb128 0x8
 1012 05e8 06       		.uleb128 0x6
 1013 05e9 C3010000 		.4byte	.LASF82
 1014 05ed 0A       		.byte	0xa
 1015 05ee C6       		.byte	0xc6
 1016 05ef 49000000 		.4byte	0x49
 1017 05f3 02       		.byte	0x2
 1018 05f4 23       		.byte	0x23
 1019 05f5 09       		.uleb128 0x9
 1020 05f6 06       		.uleb128 0x6
 1021 05f7 84000000 		.4byte	.LASF83
 1022 05fb 0A       		.byte	0xa
 1023 05fc C7       		.byte	0xc7
ARM GAS  /tmp/cciOFTvr.s 			page 19


 1024 05fd 49000000 		.4byte	0x49
 1025 0601 02       		.byte	0x2
 1026 0602 23       		.byte	0x23
 1027 0603 0A       		.uleb128 0xa
 1028 0604 00       		.byte	0
 1029 0605 09       		.uleb128 0x9
 1030 0606 04       		.byte	0x4
 1031 0607 87040000 		.4byte	0x487
 1032 060b 09       		.uleb128 0x9
 1033 060c 04       		.byte	0x4
 1034 060d 7A030000 		.4byte	0x37a
 1035 0611 03       		.uleb128 0x3
 1036 0612 FA030000 		.4byte	.LASF84
 1037 0616 0A       		.byte	0xa
 1038 0617 C8       		.byte	0xc8
 1039 0618 B6050000 		.4byte	0x5b6
 1040 061c 14       		.uleb128 0x14
 1041 061d 01       		.byte	0x1
 1042 061e 0B       		.byte	0xb
 1043 061f 53       		.byte	0x53
 1044 0620 49060000 		.4byte	0x649
 1045 0624 15       		.uleb128 0x15
 1046 0625 17040000 		.4byte	.LASF85
 1047 0629 00       		.sleb128 0
 1048 062a 15       		.uleb128 0x15
 1049 062b EF020000 		.4byte	.LASF86
 1050 062f 01       		.sleb128 1
 1051 0630 15       		.uleb128 0x15
 1052 0631 E7040000 		.4byte	.LASF87
 1053 0635 02       		.sleb128 2
 1054 0636 15       		.uleb128 0x15
 1055 0637 BF030000 		.4byte	.LASF88
 1056 063b 03       		.sleb128 3
 1057 063c 15       		.uleb128 0x15
 1058 063d 98040000 		.4byte	.LASF89
 1059 0641 04       		.sleb128 4
 1060 0642 15       		.uleb128 0x15
 1061 0643 64040000 		.4byte	.LASF90
 1062 0647 05       		.sleb128 5
 1063 0648 00       		.byte	0
 1064 0649 03       		.uleb128 0x3
 1065 064a 24000000 		.4byte	.LASF91
 1066 064e 0B       		.byte	0xb
 1067 064f 5A       		.byte	0x5a
 1068 0650 1C060000 		.4byte	0x61c
 1069 0654 13       		.uleb128 0x13
 1070 0655 4F010000 		.4byte	.LASF92
 1071 0659 0C       		.byte	0xc
 1072 065a 3501     		.2byte	0x135
 1073 065c 6D000000 		.4byte	0x6d
 1074 0660 13       		.uleb128 0x13
 1075 0661 CD030000 		.4byte	.LASF93
 1076 0665 0C       		.byte	0xc
 1077 0666 3A01     		.2byte	0x13a
 1078 0668 91000000 		.4byte	0x91
 1079 066c 16       		.uleb128 0x16
 1080 066d 01       		.byte	0x1
ARM GAS  /tmp/cciOFTvr.s 			page 20


 1081 066e 0C       		.byte	0xc
 1082 066f 3F01     		.2byte	0x13f
 1083 0671 88060000 		.4byte	0x688
 1084 0675 15       		.uleb128 0x15
 1085 0676 38030000 		.4byte	.LASF94
 1086 067a 01       		.sleb128 1
 1087 067b 15       		.uleb128 0x15
 1088 067c 30020000 		.4byte	.LASF95
 1089 0680 02       		.sleb128 2
 1090 0681 15       		.uleb128 0x15
 1091 0682 A8010000 		.4byte	.LASF96
 1092 0686 03       		.sleb128 3
 1093 0687 00       		.byte	0
 1094 0688 13       		.uleb128 0x13
 1095 0689 5A050000 		.4byte	.LASF97
 1096 068d 0C       		.byte	0xc
 1097 068e 4301     		.2byte	0x143
 1098 0690 6C060000 		.4byte	0x66c
 1099 0694 16       		.uleb128 0x16
 1100 0695 01       		.byte	0x1
 1101 0696 0C       		.byte	0xc
 1102 0697 4801     		.2byte	0x148
 1103 0699 B0060000 		.4byte	0x6b0
 1104 069d 15       		.uleb128 0x15
 1105 069e 00000000 		.4byte	.LASF98
 1106 06a2 01       		.sleb128 1
 1107 06a3 15       		.uleb128 0x15
 1108 06a4 4A040000 		.4byte	.LASF99
 1109 06a8 02       		.sleb128 2
 1110 06a9 15       		.uleb128 0x15
 1111 06aa 43030000 		.4byte	.LASF100
 1112 06ae 03       		.sleb128 3
 1113 06af 00       		.byte	0
 1114 06b0 13       		.uleb128 0x13
 1115 06b1 15000000 		.4byte	.LASF101
 1116 06b5 0C       		.byte	0xc
 1117 06b6 4C01     		.2byte	0x14c
 1118 06b8 94060000 		.4byte	0x694
 1119 06bc 11       		.uleb128 0x11
 1120 06bd 0C       		.byte	0xc
 1121 06be 0C       		.byte	0xc
 1122 06bf 5101     		.2byte	0x151
 1123 06c1 F3060000 		.4byte	0x6f3
 1124 06c5 12       		.uleb128 0x12
 1125 06c6 CD010000 		.4byte	.LASF102
 1126 06ca 0C       		.byte	0xc
 1127 06cb 5201     		.2byte	0x152
 1128 06cd 88060000 		.4byte	0x688
 1129 06d1 02       		.byte	0x2
 1130 06d2 23       		.byte	0x23
 1131 06d3 00       		.uleb128 0
 1132 06d4 12       		.uleb128 0x12
 1133 06d5 E8000000 		.4byte	.LASF103
 1134 06d9 0C       		.byte	0xc
 1135 06da 5301     		.2byte	0x153
 1136 06dc 91000000 		.4byte	0x91
 1137 06e0 02       		.byte	0x2
ARM GAS  /tmp/cciOFTvr.s 			page 21


 1138 06e1 23       		.byte	0x23
 1139 06e2 04       		.uleb128 0x4
 1140 06e3 12       		.uleb128 0x12
 1141 06e4 0E030000 		.4byte	.LASF104
 1142 06e8 0C       		.byte	0xc
 1143 06e9 5601     		.2byte	0x156
 1144 06eb B0060000 		.4byte	0x6b0
 1145 06ef 02       		.byte	0x2
 1146 06f0 23       		.byte	0x23
 1147 06f1 08       		.uleb128 0x8
 1148 06f2 00       		.byte	0
 1149 06f3 13       		.uleb128 0x13
 1150 06f4 7F010000 		.4byte	.LASF105
 1151 06f8 0C       		.byte	0xc
 1152 06f9 5801     		.2byte	0x158
 1153 06fb BC060000 		.4byte	0x6bc
 1154 06ff 13       		.uleb128 0x13
 1155 0700 57020000 		.4byte	.LASF106
 1156 0704 0C       		.byte	0xc
 1157 0705 5D01     		.2byte	0x15d
 1158 0707 0B070000 		.4byte	0x70b
 1159 070b 0B       		.uleb128 0xb
 1160 070c 57020000 		.4byte	.LASF106
 1161 0710 38       		.byte	0x38
 1162 0711 0C       		.byte	0xc
 1163 0712 6201     		.2byte	0x162
 1164 0714 BE070000 		.4byte	0x7be
 1165 0718 12       		.uleb128 0x12
 1166 0719 59010000 		.4byte	.LASF107
 1167 071d 0C       		.byte	0xc
 1168 071e 6601     		.2byte	0x166
 1169 0720 49060000 		.4byte	0x649
 1170 0724 02       		.byte	0x2
 1171 0725 23       		.byte	0x23
 1172 0726 00       		.uleb128 0
 1173 0727 12       		.uleb128 0x12
 1174 0728 C4040000 		.4byte	.LASF108
 1175 072c 0C       		.byte	0xc
 1176 072d 6A01     		.2byte	0x16a
 1177 072f BE070000 		.4byte	0x7be
 1178 0733 02       		.byte	0x2
 1179 0734 23       		.byte	0x23
 1180 0735 04       		.uleb128 0x4
 1181 0736 12       		.uleb128 0x12
 1182 0737 07030000 		.4byte	.LASF109
 1183 073b 0C       		.byte	0xc
 1184 073c 6E01     		.2byte	0x16e
 1185 073e 60060000 		.4byte	0x660
 1186 0742 02       		.byte	0x2
 1187 0743 23       		.byte	0x23
 1188 0744 08       		.uleb128 0x8
 1189 0745 12       		.uleb128 0x12
 1190 0746 D8030000 		.4byte	.LASF110
 1191 074a 0C       		.byte	0xc
 1192 074b 7401     		.2byte	0x174
 1193 074d C8030000 		.4byte	0x3c8
 1194 0751 02       		.byte	0x2
ARM GAS  /tmp/cciOFTvr.s 			page 22


 1195 0752 23       		.byte	0x23
 1196 0753 0C       		.uleb128 0xc
 1197 0754 12       		.uleb128 0x12
 1198 0755 71010000 		.4byte	.LASF111
 1199 0759 0C       		.byte	0xc
 1200 075a 8001     		.2byte	0x180
 1201 075c 7E020000 		.4byte	0x27e
 1202 0760 02       		.byte	0x2
 1203 0761 23       		.byte	0x23
 1204 0762 1C       		.uleb128 0x1c
 1205 0763 12       		.uleb128 0x12
 1206 0764 40010000 		.4byte	.LASF112
 1207 0768 0C       		.byte	0xc
 1208 0769 8401     		.2byte	0x184
 1209 076b 54060000 		.4byte	0x654
 1210 076f 02       		.byte	0x2
 1211 0770 23       		.byte	0x23
 1212 0771 20       		.uleb128 0x20
 1213 0772 12       		.uleb128 0x12
 1214 0773 98010000 		.4byte	.LASF113
 1215 0777 0C       		.byte	0xc
 1216 0778 8801     		.2byte	0x188
 1217 077a 91000000 		.4byte	0x91
 1218 077e 02       		.byte	0x2
 1219 077f 23       		.byte	0x23
 1220 0780 24       		.uleb128 0x24
 1221 0781 12       		.uleb128 0x12
 1222 0782 2E030000 		.4byte	.LASF114
 1223 0786 0C       		.byte	0xc
 1224 0787 8C01     		.2byte	0x18c
 1225 0789 91000000 		.4byte	0x91
 1226 078d 02       		.byte	0x2
 1227 078e 23       		.byte	0x23
 1228 078f 28       		.uleb128 0x28
 1229 0790 12       		.uleb128 0x12
 1230 0791 0F000000 		.4byte	.LASF115
 1231 0795 0C       		.byte	0xc
 1232 0796 9001     		.2byte	0x190
 1233 0798 C9070000 		.4byte	0x7c9
 1234 079c 02       		.byte	0x2
 1235 079d 23       		.byte	0x23
 1236 079e 2C       		.uleb128 0x2c
 1237 079f 12       		.uleb128 0x12
 1238 07a0 A2010000 		.4byte	.LASF116
 1239 07a4 0C       		.byte	0xc
 1240 07a5 9401     		.2byte	0x194
 1241 07a7 C9070000 		.4byte	0x7c9
 1242 07ab 02       		.byte	0x2
 1243 07ac 23       		.byte	0x23
 1244 07ad 30       		.uleb128 0x30
 1245 07ae 0C       		.uleb128 0xc
 1246 07af 69326300 		.ascii	"i2c\000"
 1247 07b3 0C       		.byte	0xc
 1248 07b4 9801     		.2byte	0x198
 1249 07b6 D4070000 		.4byte	0x7d4
 1250 07ba 02       		.byte	0x2
 1251 07bb 23       		.byte	0x23
ARM GAS  /tmp/cciOFTvr.s 			page 23


 1252 07bc 34       		.uleb128 0x34
 1253 07bd 00       		.byte	0
 1254 07be 09       		.uleb128 0x9
 1255 07bf 04       		.byte	0x4
 1256 07c0 C4070000 		.4byte	0x7c4
 1257 07c4 10       		.uleb128 0x10
 1258 07c5 F3060000 		.4byte	0x6f3
 1259 07c9 09       		.uleb128 0x9
 1260 07ca 04       		.byte	0x4
 1261 07cb CF070000 		.4byte	0x7cf
 1262 07cf 10       		.uleb128 0x10
 1263 07d0 11060000 		.4byte	0x611
 1264 07d4 09       		.uleb128 0x9
 1265 07d5 04       		.byte	0x4
 1266 07d6 AA050000 		.4byte	0x5aa
 1267 07da 17       		.uleb128 0x17
 1268 07db 01       		.byte	0x1
 1269 07dc FD010000 		.4byte	.LASF119
 1270 07e0 01       		.byte	0x1
 1271 07e1 08       		.byte	0x8
 1272 07e2 01       		.byte	0x1
 1273 07e3 00000000 		.4byte	.LFB63
 1274 07e7 48000000 		.4byte	.LFE63
 1275 07eb 00000000 		.4byte	.LLST0
 1276 07ef 01       		.byte	0x1
 1277 07f0 A4080000 		.4byte	0x8a4
 1278 07f4 18       		.uleb128 0x18
 1279 07f5 41050000 		.4byte	.LASF117
 1280 07f9 01       		.byte	0x1
 1281 07fa 08       		.byte	0x8
 1282 07fb A4080000 		.4byte	0x8a4
 1283 07ff 2C000000 		.4byte	.LLST1
 1284 0803 18       		.uleb128 0x18
 1285 0804 40010000 		.4byte	.LASF112
 1286 0808 01       		.byte	0x1
 1287 0809 08       		.byte	0x8
 1288 080a 49000000 		.4byte	0x49
 1289 080e 4A000000 		.4byte	.LLST2
 1290 0812 19       		.uleb128 0x19
 1291 0813 66050000 		.4byte	.LASF118
 1292 0817 01       		.byte	0x1
 1293 0818 0A       		.byte	0xa
 1294 0819 AA080000 		.4byte	0x8aa
 1295 081d 02       		.byte	0x2
 1296 081e 91       		.byte	0x91
 1297 081f 68       		.sleb128 -24
 1298 0820 1A       		.uleb128 0x1a
 1299 0821 6D736700 		.ascii	"msg\000"
 1300 0825 01       		.byte	0x1
 1301 0826 0B       		.byte	0xb
 1302 0827 FA000000 		.4byte	0xfa
 1303 082b 6B000000 		.4byte	.LLST3
 1304 082f 1B       		.uleb128 0x1b
 1305 0830 3A000000 		.4byte	.LBB2
 1306 0834 40000000 		.4byte	.LBE2
 1307 0838 60080000 		.4byte	0x860
 1308 083c 1C       		.uleb128 0x1c
ARM GAS  /tmp/cciOFTvr.s 			page 24


 1309 083d 01       		.byte	0x1
 1310 083e 61020000 		.4byte	.LASF125
 1311 0842 01       		.byte	0x1
 1312 0843 12       		.byte	0x12
 1313 0844 29000000 		.4byte	0x29
 1314 0848 01       		.byte	0x1
 1315 0849 4F080000 		.4byte	0x84f
 1316 084d 1D       		.uleb128 0x1d
 1317 084e 00       		.byte	0
 1318 084f 1E       		.uleb128 0x1e
 1319 0850 40000000 		.4byte	.LVL8
 1320 0854 0A0A0000 		.4byte	0xa0a
 1321 0858 1F       		.uleb128 0x1f
 1322 0859 01       		.byte	0x1
 1323 085a 50       		.byte	0x50
 1324 085b 02       		.byte	0x2
 1325 085c 75       		.byte	0x75
 1326 085d 00       		.sleb128 0
 1327 085e 00       		.byte	0
 1328 085f 00       		.byte	0
 1329 0860 20       		.uleb128 0x20
 1330 0861 1A000000 		.4byte	.LVL3
 1331 0865 1D0A0000 		.4byte	0xa1d
 1332 0869 21       		.uleb128 0x21
 1333 086a 30000000 		.4byte	.LVL4
 1334 086e 310A0000 		.4byte	0xa31
 1335 0872 9A080000 		.4byte	0x89a
 1336 0876 1F       		.uleb128 0x1f
 1337 0877 01       		.byte	0x1
 1338 0878 53       		.byte	0x53
 1339 0879 01       		.byte	0x1
 1340 087a 32       		.byte	0x32
 1341 087b 1F       		.uleb128 0x1f
 1342 087c 01       		.byte	0x1
 1343 087d 52       		.byte	0x52
 1344 087e 02       		.byte	0x2
 1345 087f 91       		.byte	0x91
 1346 0880 68       		.sleb128 -24
 1347 0881 1F       		.uleb128 0x1f
 1348 0882 01       		.byte	0x1
 1349 0883 51       		.byte	0x51
 1350 0884 02       		.byte	0x2
 1351 0885 74       		.byte	0x74
 1352 0886 00       		.sleb128 0
 1353 0887 1F       		.uleb128 0x1f
 1354 0888 02       		.byte	0x2
 1355 0889 7D       		.byte	0x7d
 1356 088a 08       		.sleb128 8
 1357 088b 01       		.byte	0x1
 1358 088c 34       		.byte	0x34
 1359 088d 1F       		.uleb128 0x1f
 1360 088e 02       		.byte	0x2
 1361 088f 7D       		.byte	0x7d
 1362 0890 04       		.sleb128 4
 1363 0891 01       		.byte	0x1
 1364 0892 30       		.byte	0x30
 1365 0893 1F       		.uleb128 0x1f
ARM GAS  /tmp/cciOFTvr.s 			page 25


 1366 0894 02       		.byte	0x2
 1367 0895 7D       		.byte	0x7d
 1368 0896 00       		.sleb128 0
 1369 0897 01       		.byte	0x1
 1370 0898 30       		.byte	0x30
 1371 0899 00       		.byte	0
 1372 089a 20       		.uleb128 0x20
 1373 089b 38000000 		.4byte	.LVL7
 1374 089f 670A0000 		.4byte	0xa67
 1375 08a3 00       		.byte	0
 1376 08a4 09       		.uleb128 0x9
 1377 08a5 04       		.byte	0x4
 1378 08a6 FF060000 		.4byte	0x6ff
 1379 08aa 22       		.uleb128 0x22
 1380 08ab 49000000 		.4byte	0x49
 1381 08af BA080000 		.4byte	0x8ba
 1382 08b3 23       		.uleb128 0x23
 1383 08b4 7F030000 		.4byte	0x37f
 1384 08b8 07       		.byte	0x7
 1385 08b9 00       		.byte	0
 1386 08ba 17       		.uleb128 0x17
 1387 08bb 01       		.byte	0x1
 1388 08bc 19050000 		.4byte	.LASF120
 1389 08c0 01       		.byte	0x1
 1390 08c1 16       		.byte	0x16
 1391 08c2 01       		.byte	0x1
 1392 08c3 00000000 		.4byte	.LFB64
 1393 08c7 76000000 		.4byte	.LFE64
 1394 08cb 89000000 		.4byte	.LLST4
 1395 08cf 01       		.byte	0x1
 1396 08d0 D8090000 		.4byte	0x9d8
 1397 08d4 18       		.uleb128 0x18
 1398 08d5 41050000 		.4byte	.LASF117
 1399 08d9 01       		.byte	0x1
 1400 08da 16       		.byte	0x16
 1401 08db A4080000 		.4byte	0x8a4
 1402 08df B6000000 		.4byte	.LLST5
 1403 08e3 18       		.uleb128 0x18
 1404 08e4 40010000 		.4byte	.LASF112
 1405 08e8 01       		.byte	0x1
 1406 08e9 16       		.byte	0x16
 1407 08ea 49000000 		.4byte	0x49
 1408 08ee E2000000 		.4byte	.LLST6
 1409 08f2 18       		.uleb128 0x18
 1410 08f3 6C000000 		.4byte	.LASF121
 1411 08f7 01       		.byte	0x1
 1412 08f8 16       		.byte	0x16
 1413 08f9 D8090000 		.4byte	0x9d8
 1414 08fd 03010000 		.4byte	.LLST7
 1415 0901 18       		.uleb128 0x18
 1416 0902 71000000 		.4byte	.LASF122
 1417 0906 01       		.byte	0x1
 1418 0907 16       		.byte	0x16
 1419 0908 D8090000 		.4byte	0x9d8
 1420 090c 21010000 		.4byte	.LLST8
 1421 0910 24       		.uleb128 0x24
 1422 0911 76000000 		.4byte	.LASF123
ARM GAS  /tmp/cciOFTvr.s 			page 26


 1423 0915 01       		.byte	0x1
 1424 0916 16       		.byte	0x16
 1425 0917 D8090000 		.4byte	0x9d8
 1426 091b 02       		.byte	0x2
 1427 091c 91       		.byte	0x91
 1428 091d 00       		.sleb128 0
 1429 091e 19       		.uleb128 0x19
 1430 091f 66050000 		.4byte	.LASF118
 1431 0923 01       		.byte	0x1
 1432 0924 18       		.byte	0x18
 1433 0925 AA080000 		.4byte	0x8aa
 1434 0929 02       		.byte	0x2
 1435 092a 91       		.byte	0x91
 1436 092b 58       		.sleb128 -40
 1437 092c 19       		.uleb128 0x19
 1438 092d BD040000 		.4byte	.LASF124
 1439 0931 01       		.byte	0x1
 1440 0932 19       		.byte	0x19
 1441 0933 DE090000 		.4byte	0x9de
 1442 0937 02       		.byte	0x2
 1443 0938 91       		.byte	0x91
 1444 0939 50       		.sleb128 -48
 1445 093a 1A       		.uleb128 0x1a
 1446 093b 6D736700 		.ascii	"msg\000"
 1447 093f 01       		.byte	0x1
 1448 0940 1A       		.byte	0x1a
 1449 0941 FA000000 		.4byte	0xfa
 1450 0945 3F010000 		.4byte	.LLST9
 1451 0949 1B       		.uleb128 0x1b
 1452 094a 3C000000 		.4byte	.LBB3
 1453 094e 42000000 		.4byte	.LBE3
 1454 0952 7A090000 		.4byte	0x97a
 1455 0956 1C       		.uleb128 0x1c
 1456 0957 01       		.byte	0x1
 1457 0958 61020000 		.4byte	.LASF125
 1458 095c 01       		.byte	0x1
 1459 095d 12       		.byte	0x12
 1460 095e 29000000 		.4byte	0x29
 1461 0962 01       		.byte	0x1
 1462 0963 69090000 		.4byte	0x969
 1463 0967 1D       		.uleb128 0x1d
 1464 0968 00       		.byte	0
 1465 0969 1E       		.uleb128 0x1e
 1466 096a 42000000 		.4byte	.LVL15
 1467 096e 0A0A0000 		.4byte	0xa0a
 1468 0972 1F       		.uleb128 0x1f
 1469 0973 01       		.byte	0x1
 1470 0974 50       		.byte	0x50
 1471 0975 02       		.byte	0x2
 1472 0976 75       		.byte	0x75
 1473 0977 00       		.sleb128 0
 1474 0978 00       		.byte	0
 1475 0979 00       		.byte	0
 1476 097a 21       		.uleb128 0x21
 1477 097b 1A000000 		.4byte	.LVL10
 1478 097f 1D0A0000 		.4byte	0xa1d
 1479 0983 8E090000 		.4byte	0x98e
ARM GAS  /tmp/cciOFTvr.s 			page 27


 1480 0987 1F       		.uleb128 0x1f
 1481 0988 01       		.byte	0x1
 1482 0989 50       		.byte	0x50
 1483 098a 02       		.byte	0x2
 1484 098b 75       		.byte	0x75
 1485 098c 00       		.sleb128 0
 1486 098d 00       		.byte	0
 1487 098e 21       		.uleb128 0x21
 1488 098f 32000000 		.4byte	.LVL11
 1489 0993 310A0000 		.4byte	0xa31
 1490 0997 C7090000 		.4byte	0x9c7
 1491 099b 1F       		.uleb128 0x1f
 1492 099c 01       		.byte	0x1
 1493 099d 53       		.byte	0x53
 1494 099e 02       		.byte	0x2
 1495 099f 76       		.byte	0x76
 1496 09a0 00       		.sleb128 0
 1497 09a1 1F       		.uleb128 0x1f
 1498 09a2 01       		.byte	0x1
 1499 09a3 52       		.byte	0x52
 1500 09a4 02       		.byte	0x2
 1501 09a5 74       		.byte	0x74
 1502 09a6 00       		.sleb128 0
 1503 09a7 1F       		.uleb128 0x1f
 1504 09a8 01       		.byte	0x1
 1505 09a9 51       		.byte	0x51
 1506 09aa 02       		.byte	0x2
 1507 09ab 79       		.byte	0x79
 1508 09ac 00       		.sleb128 0
 1509 09ad 1F       		.uleb128 0x1f
 1510 09ae 01       		.byte	0x1
 1511 09af 50       		.byte	0x50
 1512 09b0 02       		.byte	0x2
 1513 09b1 75       		.byte	0x75
 1514 09b2 00       		.sleb128 0
 1515 09b3 1F       		.uleb128 0x1f
 1516 09b4 02       		.byte	0x2
 1517 09b5 7D       		.byte	0x7d
 1518 09b6 08       		.sleb128 8
 1519 09b7 01       		.byte	0x1
 1520 09b8 34       		.byte	0x34
 1521 09b9 1F       		.uleb128 0x1f
 1522 09ba 02       		.byte	0x2
 1523 09bb 7D       		.byte	0x7d
 1524 09bc 04       		.sleb128 4
 1525 09bd 01       		.byte	0x1
 1526 09be 36       		.byte	0x36
 1527 09bf 1F       		.uleb128 0x1f
 1528 09c0 02       		.byte	0x2
 1529 09c1 7D       		.byte	0x7d
 1530 09c2 00       		.sleb128 0
 1531 09c3 02       		.byte	0x2
 1532 09c4 91       		.byte	0x91
 1533 09c5 50       		.sleb128 -48
 1534 09c6 00       		.byte	0
 1535 09c7 1E       		.uleb128 0x1e
 1536 09c8 3A000000 		.4byte	.LVL14
ARM GAS  /tmp/cciOFTvr.s 			page 28


 1537 09cc 670A0000 		.4byte	0xa67
 1538 09d0 1F       		.uleb128 0x1f
 1539 09d1 01       		.byte	0x1
 1540 09d2 50       		.byte	0x50
 1541 09d3 02       		.byte	0x2
 1542 09d4 75       		.byte	0x75
 1543 09d5 00       		.sleb128 0
 1544 09d6 00       		.byte	0
 1545 09d7 00       		.byte	0
 1546 09d8 09       		.uleb128 0x9
 1547 09d9 04       		.byte	0x4
 1548 09da 5B000000 		.4byte	0x5b
 1549 09de 22       		.uleb128 0x22
 1550 09df 49000000 		.4byte	0x49
 1551 09e3 EE090000 		.4byte	0x9ee
 1552 09e7 23       		.uleb128 0x23
 1553 09e8 7F030000 		.4byte	0x37f
 1554 09ec 05       		.byte	0x5
 1555 09ed 00       		.byte	0
 1556 09ee 25       		.uleb128 0x25
 1557 09ef 99000000 		.4byte	.LASF126
 1558 09f3 0D       		.byte	0xd
 1559 09f4 0706     		.2byte	0x607
 1560 09f6 3C040000 		.4byte	0x43c
 1561 09fa 01       		.byte	0x1
 1562 09fb 01       		.byte	0x1
 1563 09fc 25       		.uleb128 0x25
 1564 09fd 92040000 		.4byte	.LASF127
 1565 0a01 0C       		.byte	0xc
 1566 0a02 B201     		.2byte	0x1b2
 1567 0a04 FF060000 		.4byte	0x6ff
 1568 0a08 01       		.byte	0x1
 1569 0a09 01       		.byte	0x1
 1570 0a0a 1C       		.uleb128 0x1c
 1571 0a0b 01       		.byte	0x1
 1572 0a0c 61020000 		.4byte	.LASF125
 1573 0a10 01       		.byte	0x1
 1574 0a11 12       		.byte	0x12
 1575 0a12 29000000 		.4byte	0x29
 1576 0a16 01       		.byte	0x1
 1577 0a17 1D0A0000 		.4byte	0xa1d
 1578 0a1b 1D       		.uleb128 0x1d
 1579 0a1c 00       		.byte	0
 1580 0a1d 26       		.uleb128 0x26
 1581 0a1e 01       		.byte	0x1
 1582 0a1f 00050000 		.4byte	.LASF128
 1583 0a23 0B       		.byte	0xb
 1584 0a24 87       		.byte	0x87
 1585 0a25 01       		.byte	0x1
 1586 0a26 01       		.byte	0x1
 1587 0a27 310A0000 		.4byte	0xa31
 1588 0a2b 27       		.uleb128 0x27
 1589 0a2c A4080000 		.4byte	0x8a4
 1590 0a30 00       		.byte	0
 1591 0a31 28       		.uleb128 0x28
 1592 0a32 01       		.byte	0x1
 1593 0a33 AD000000 		.4byte	.LASF132
ARM GAS  /tmp/cciOFTvr.s 			page 29


 1594 0a37 0B       		.byte	0xb
 1595 0a38 7D       		.byte	0x7d
 1596 0a39 01       		.byte	0x1
 1597 0a3a FA000000 		.4byte	0xfa
 1598 0a3e 01       		.byte	0x1
 1599 0a3f 670A0000 		.4byte	0xa67
 1600 0a43 27       		.uleb128 0x27
 1601 0a44 A4080000 		.4byte	0x8a4
 1602 0a48 27       		.uleb128 0x27
 1603 0a49 54060000 		.4byte	0x654
 1604 0a4d 27       		.uleb128 0x27
 1605 0a4e 2C040000 		.4byte	0x42c
 1606 0a52 27       		.uleb128 0x27
 1607 0a53 30000000 		.4byte	0x30
 1608 0a57 27       		.uleb128 0x27
 1609 0a58 26040000 		.4byte	0x426
 1610 0a5c 27       		.uleb128 0x27
 1611 0a5d 30000000 		.4byte	0x30
 1612 0a61 27       		.uleb128 0x27
 1613 0a62 10010000 		.4byte	0x110
 1614 0a66 00       		.byte	0
 1615 0a67 29       		.uleb128 0x29
 1616 0a68 01       		.byte	0x1
 1617 0a69 8B000000 		.4byte	.LASF133
 1618 0a6d 0B       		.byte	0xb
 1619 0a6e 88       		.byte	0x88
 1620 0a6f 01       		.byte	0x1
 1621 0a70 01       		.byte	0x1
 1622 0a71 27       		.uleb128 0x27
 1623 0a72 A4080000 		.4byte	0x8a4
 1624 0a76 00       		.byte	0
 1625 0a77 00       		.byte	0
 1626              		.section	.debug_abbrev,"",%progbits
 1627              	.Ldebug_abbrev0:
 1628 0000 01       		.uleb128 0x1
 1629 0001 11       		.uleb128 0x11
 1630 0002 01       		.byte	0x1
 1631 0003 25       		.uleb128 0x25
 1632 0004 0E       		.uleb128 0xe
 1633 0005 13       		.uleb128 0x13
 1634 0006 0B       		.uleb128 0xb
 1635 0007 03       		.uleb128 0x3
 1636 0008 0E       		.uleb128 0xe
 1637 0009 1B       		.uleb128 0x1b
 1638 000a 0E       		.uleb128 0xe
 1639 000b 55       		.uleb128 0x55
 1640 000c 06       		.uleb128 0x6
 1641 000d 11       		.uleb128 0x11
 1642 000e 01       		.uleb128 0x1
 1643 000f 52       		.uleb128 0x52
 1644 0010 01       		.uleb128 0x1
 1645 0011 10       		.uleb128 0x10
 1646 0012 06       		.uleb128 0x6
 1647 0013 00       		.byte	0
 1648 0014 00       		.byte	0
 1649 0015 02       		.uleb128 0x2
 1650 0016 24       		.uleb128 0x24
ARM GAS  /tmp/cciOFTvr.s 			page 30


 1651 0017 00       		.byte	0
 1652 0018 0B       		.uleb128 0xb
 1653 0019 0B       		.uleb128 0xb
 1654 001a 3E       		.uleb128 0x3e
 1655 001b 0B       		.uleb128 0xb
 1656 001c 03       		.uleb128 0x3
 1657 001d 08       		.uleb128 0x8
 1658 001e 00       		.byte	0
 1659 001f 00       		.byte	0
 1660 0020 03       		.uleb128 0x3
 1661 0021 16       		.uleb128 0x16
 1662 0022 00       		.byte	0
 1663 0023 03       		.uleb128 0x3
 1664 0024 0E       		.uleb128 0xe
 1665 0025 3A       		.uleb128 0x3a
 1666 0026 0B       		.uleb128 0xb
 1667 0027 3B       		.uleb128 0x3b
 1668 0028 0B       		.uleb128 0xb
 1669 0029 49       		.uleb128 0x49
 1670 002a 13       		.uleb128 0x13
 1671 002b 00       		.byte	0
 1672 002c 00       		.byte	0
 1673 002d 04       		.uleb128 0x4
 1674 002e 24       		.uleb128 0x24
 1675 002f 00       		.byte	0
 1676 0030 0B       		.uleb128 0xb
 1677 0031 0B       		.uleb128 0xb
 1678 0032 3E       		.uleb128 0x3e
 1679 0033 0B       		.uleb128 0xb
 1680 0034 03       		.uleb128 0x3
 1681 0035 0E       		.uleb128 0xe
 1682 0036 00       		.byte	0
 1683 0037 00       		.byte	0
 1684 0038 05       		.uleb128 0x5
 1685 0039 13       		.uleb128 0x13
 1686 003a 01       		.byte	0x1
 1687 003b 03       		.uleb128 0x3
 1688 003c 0E       		.uleb128 0xe
 1689 003d 0B       		.uleb128 0xb
 1690 003e 0B       		.uleb128 0xb
 1691 003f 3A       		.uleb128 0x3a
 1692 0040 0B       		.uleb128 0xb
 1693 0041 3B       		.uleb128 0x3b
 1694 0042 0B       		.uleb128 0xb
 1695 0043 01       		.uleb128 0x1
 1696 0044 13       		.uleb128 0x13
 1697 0045 00       		.byte	0
 1698 0046 00       		.byte	0
 1699 0047 06       		.uleb128 0x6
 1700 0048 0D       		.uleb128 0xd
 1701 0049 00       		.byte	0
 1702 004a 03       		.uleb128 0x3
 1703 004b 0E       		.uleb128 0xe
 1704 004c 3A       		.uleb128 0x3a
 1705 004d 0B       		.uleb128 0xb
 1706 004e 3B       		.uleb128 0x3b
 1707 004f 0B       		.uleb128 0xb
ARM GAS  /tmp/cciOFTvr.s 			page 31


 1708 0050 49       		.uleb128 0x49
 1709 0051 13       		.uleb128 0x13
 1710 0052 38       		.uleb128 0x38
 1711 0053 0A       		.uleb128 0xa
 1712 0054 00       		.byte	0
 1713 0055 00       		.byte	0
 1714 0056 07       		.uleb128 0x7
 1715 0057 0D       		.uleb128 0xd
 1716 0058 00       		.byte	0
 1717 0059 03       		.uleb128 0x3
 1718 005a 08       		.uleb128 0x8
 1719 005b 3A       		.uleb128 0x3a
 1720 005c 0B       		.uleb128 0xb
 1721 005d 3B       		.uleb128 0x3b
 1722 005e 0B       		.uleb128 0xb
 1723 005f 49       		.uleb128 0x49
 1724 0060 13       		.uleb128 0x13
 1725 0061 38       		.uleb128 0x38
 1726 0062 0A       		.uleb128 0xa
 1727 0063 00       		.byte	0
 1728 0064 00       		.byte	0
 1729 0065 08       		.uleb128 0x8
 1730 0066 13       		.uleb128 0x13
 1731 0067 01       		.byte	0x1
 1732 0068 0B       		.uleb128 0xb
 1733 0069 0B       		.uleb128 0xb
 1734 006a 3A       		.uleb128 0x3a
 1735 006b 0B       		.uleb128 0xb
 1736 006c 3B       		.uleb128 0x3b
 1737 006d 0B       		.uleb128 0xb
 1738 006e 01       		.uleb128 0x1
 1739 006f 13       		.uleb128 0x13
 1740 0070 00       		.byte	0
 1741 0071 00       		.byte	0
 1742 0072 09       		.uleb128 0x9
 1743 0073 0F       		.uleb128 0xf
 1744 0074 00       		.byte	0
 1745 0075 0B       		.uleb128 0xb
 1746 0076 0B       		.uleb128 0xb
 1747 0077 49       		.uleb128 0x49
 1748 0078 13       		.uleb128 0x13
 1749 0079 00       		.byte	0
 1750 007a 00       		.byte	0
 1751 007b 0A       		.uleb128 0xa
 1752 007c 0F       		.uleb128 0xf
 1753 007d 00       		.byte	0
 1754 007e 0B       		.uleb128 0xb
 1755 007f 0B       		.uleb128 0xb
 1756 0080 00       		.byte	0
 1757 0081 00       		.byte	0
 1758 0082 0B       		.uleb128 0xb
 1759 0083 13       		.uleb128 0x13
 1760 0084 01       		.byte	0x1
 1761 0085 03       		.uleb128 0x3
 1762 0086 0E       		.uleb128 0xe
 1763 0087 0B       		.uleb128 0xb
 1764 0088 0B       		.uleb128 0xb
ARM GAS  /tmp/cciOFTvr.s 			page 32


 1765 0089 3A       		.uleb128 0x3a
 1766 008a 0B       		.uleb128 0xb
 1767 008b 3B       		.uleb128 0x3b
 1768 008c 05       		.uleb128 0x5
 1769 008d 01       		.uleb128 0x1
 1770 008e 13       		.uleb128 0x13
 1771 008f 00       		.byte	0
 1772 0090 00       		.byte	0
 1773 0091 0C       		.uleb128 0xc
 1774 0092 0D       		.uleb128 0xd
 1775 0093 00       		.byte	0
 1776 0094 03       		.uleb128 0x3
 1777 0095 08       		.uleb128 0x8
 1778 0096 3A       		.uleb128 0x3a
 1779 0097 0B       		.uleb128 0xb
 1780 0098 3B       		.uleb128 0x3b
 1781 0099 05       		.uleb128 0x5
 1782 009a 49       		.uleb128 0x49
 1783 009b 13       		.uleb128 0x13
 1784 009c 38       		.uleb128 0x38
 1785 009d 0A       		.uleb128 0xa
 1786 009e 00       		.byte	0
 1787 009f 00       		.byte	0
 1788 00a0 0D       		.uleb128 0xd
 1789 00a1 35       		.uleb128 0x35
 1790 00a2 00       		.byte	0
 1791 00a3 49       		.uleb128 0x49
 1792 00a4 13       		.uleb128 0x13
 1793 00a5 00       		.byte	0
 1794 00a6 00       		.byte	0
 1795 00a7 0E       		.uleb128 0xe
 1796 00a8 17       		.uleb128 0x17
 1797 00a9 01       		.byte	0x1
 1798 00aa 0B       		.uleb128 0xb
 1799 00ab 0B       		.uleb128 0xb
 1800 00ac 3A       		.uleb128 0x3a
 1801 00ad 0B       		.uleb128 0xb
 1802 00ae 3B       		.uleb128 0x3b
 1803 00af 0B       		.uleb128 0xb
 1804 00b0 01       		.uleb128 0x1
 1805 00b1 13       		.uleb128 0x13
 1806 00b2 00       		.byte	0
 1807 00b3 00       		.byte	0
 1808 00b4 0F       		.uleb128 0xf
 1809 00b5 0D       		.uleb128 0xd
 1810 00b6 00       		.byte	0
 1811 00b7 03       		.uleb128 0x3
 1812 00b8 0E       		.uleb128 0xe
 1813 00b9 3A       		.uleb128 0x3a
 1814 00ba 0B       		.uleb128 0xb
 1815 00bb 3B       		.uleb128 0x3b
 1816 00bc 0B       		.uleb128 0xb
 1817 00bd 49       		.uleb128 0x49
 1818 00be 13       		.uleb128 0x13
 1819 00bf 00       		.byte	0
 1820 00c0 00       		.byte	0
 1821 00c1 10       		.uleb128 0x10
ARM GAS  /tmp/cciOFTvr.s 			page 33


 1822 00c2 26       		.uleb128 0x26
 1823 00c3 00       		.byte	0
 1824 00c4 49       		.uleb128 0x49
 1825 00c5 13       		.uleb128 0x13
 1826 00c6 00       		.byte	0
 1827 00c7 00       		.byte	0
 1828 00c8 11       		.uleb128 0x11
 1829 00c9 13       		.uleb128 0x13
 1830 00ca 01       		.byte	0x1
 1831 00cb 0B       		.uleb128 0xb
 1832 00cc 0B       		.uleb128 0xb
 1833 00cd 3A       		.uleb128 0x3a
 1834 00ce 0B       		.uleb128 0xb
 1835 00cf 3B       		.uleb128 0x3b
 1836 00d0 05       		.uleb128 0x5
 1837 00d1 01       		.uleb128 0x1
 1838 00d2 13       		.uleb128 0x13
 1839 00d3 00       		.byte	0
 1840 00d4 00       		.byte	0
 1841 00d5 12       		.uleb128 0x12
 1842 00d6 0D       		.uleb128 0xd
 1843 00d7 00       		.byte	0
 1844 00d8 03       		.uleb128 0x3
 1845 00d9 0E       		.uleb128 0xe
 1846 00da 3A       		.uleb128 0x3a
 1847 00db 0B       		.uleb128 0xb
 1848 00dc 3B       		.uleb128 0x3b
 1849 00dd 05       		.uleb128 0x5
 1850 00de 49       		.uleb128 0x49
 1851 00df 13       		.uleb128 0x13
 1852 00e0 38       		.uleb128 0x38
 1853 00e1 0A       		.uleb128 0xa
 1854 00e2 00       		.byte	0
 1855 00e3 00       		.byte	0
 1856 00e4 13       		.uleb128 0x13
 1857 00e5 16       		.uleb128 0x16
 1858 00e6 00       		.byte	0
 1859 00e7 03       		.uleb128 0x3
 1860 00e8 0E       		.uleb128 0xe
 1861 00e9 3A       		.uleb128 0x3a
 1862 00ea 0B       		.uleb128 0xb
 1863 00eb 3B       		.uleb128 0x3b
 1864 00ec 05       		.uleb128 0x5
 1865 00ed 49       		.uleb128 0x49
 1866 00ee 13       		.uleb128 0x13
 1867 00ef 00       		.byte	0
 1868 00f0 00       		.byte	0
 1869 00f1 14       		.uleb128 0x14
 1870 00f2 04       		.uleb128 0x4
 1871 00f3 01       		.byte	0x1
 1872 00f4 0B       		.uleb128 0xb
 1873 00f5 0B       		.uleb128 0xb
 1874 00f6 3A       		.uleb128 0x3a
 1875 00f7 0B       		.uleb128 0xb
 1876 00f8 3B       		.uleb128 0x3b
 1877 00f9 0B       		.uleb128 0xb
 1878 00fa 01       		.uleb128 0x1
ARM GAS  /tmp/cciOFTvr.s 			page 34


 1879 00fb 13       		.uleb128 0x13
 1880 00fc 00       		.byte	0
 1881 00fd 00       		.byte	0
 1882 00fe 15       		.uleb128 0x15
 1883 00ff 28       		.uleb128 0x28
 1884 0100 00       		.byte	0
 1885 0101 03       		.uleb128 0x3
 1886 0102 0E       		.uleb128 0xe
 1887 0103 1C       		.uleb128 0x1c
 1888 0104 0D       		.uleb128 0xd
 1889 0105 00       		.byte	0
 1890 0106 00       		.byte	0
 1891 0107 16       		.uleb128 0x16
 1892 0108 04       		.uleb128 0x4
 1893 0109 01       		.byte	0x1
 1894 010a 0B       		.uleb128 0xb
 1895 010b 0B       		.uleb128 0xb
 1896 010c 3A       		.uleb128 0x3a
 1897 010d 0B       		.uleb128 0xb
 1898 010e 3B       		.uleb128 0x3b
 1899 010f 05       		.uleb128 0x5
 1900 0110 01       		.uleb128 0x1
 1901 0111 13       		.uleb128 0x13
 1902 0112 00       		.byte	0
 1903 0113 00       		.byte	0
 1904 0114 17       		.uleb128 0x17
 1905 0115 2E       		.uleb128 0x2e
 1906 0116 01       		.byte	0x1
 1907 0117 3F       		.uleb128 0x3f
 1908 0118 0C       		.uleb128 0xc
 1909 0119 03       		.uleb128 0x3
 1910 011a 0E       		.uleb128 0xe
 1911 011b 3A       		.uleb128 0x3a
 1912 011c 0B       		.uleb128 0xb
 1913 011d 3B       		.uleb128 0x3b
 1914 011e 0B       		.uleb128 0xb
 1915 011f 27       		.uleb128 0x27
 1916 0120 0C       		.uleb128 0xc
 1917 0121 11       		.uleb128 0x11
 1918 0122 01       		.uleb128 0x1
 1919 0123 12       		.uleb128 0x12
 1920 0124 01       		.uleb128 0x1
 1921 0125 40       		.uleb128 0x40
 1922 0126 06       		.uleb128 0x6
 1923 0127 9742     		.uleb128 0x2117
 1924 0129 0C       		.uleb128 0xc
 1925 012a 01       		.uleb128 0x1
 1926 012b 13       		.uleb128 0x13
 1927 012c 00       		.byte	0
 1928 012d 00       		.byte	0
 1929 012e 18       		.uleb128 0x18
 1930 012f 05       		.uleb128 0x5
 1931 0130 00       		.byte	0
 1932 0131 03       		.uleb128 0x3
 1933 0132 0E       		.uleb128 0xe
 1934 0133 3A       		.uleb128 0x3a
 1935 0134 0B       		.uleb128 0xb
ARM GAS  /tmp/cciOFTvr.s 			page 35


 1936 0135 3B       		.uleb128 0x3b
 1937 0136 0B       		.uleb128 0xb
 1938 0137 49       		.uleb128 0x49
 1939 0138 13       		.uleb128 0x13
 1940 0139 02       		.uleb128 0x2
 1941 013a 06       		.uleb128 0x6
 1942 013b 00       		.byte	0
 1943 013c 00       		.byte	0
 1944 013d 19       		.uleb128 0x19
 1945 013e 34       		.uleb128 0x34
 1946 013f 00       		.byte	0
 1947 0140 03       		.uleb128 0x3
 1948 0141 0E       		.uleb128 0xe
 1949 0142 3A       		.uleb128 0x3a
 1950 0143 0B       		.uleb128 0xb
 1951 0144 3B       		.uleb128 0x3b
 1952 0145 0B       		.uleb128 0xb
 1953 0146 49       		.uleb128 0x49
 1954 0147 13       		.uleb128 0x13
 1955 0148 02       		.uleb128 0x2
 1956 0149 0A       		.uleb128 0xa
 1957 014a 00       		.byte	0
 1958 014b 00       		.byte	0
 1959 014c 1A       		.uleb128 0x1a
 1960 014d 34       		.uleb128 0x34
 1961 014e 00       		.byte	0
 1962 014f 03       		.uleb128 0x3
 1963 0150 08       		.uleb128 0x8
 1964 0151 3A       		.uleb128 0x3a
 1965 0152 0B       		.uleb128 0xb
 1966 0153 3B       		.uleb128 0x3b
 1967 0154 0B       		.uleb128 0xb
 1968 0155 49       		.uleb128 0x49
 1969 0156 13       		.uleb128 0x13
 1970 0157 02       		.uleb128 0x2
 1971 0158 06       		.uleb128 0x6
 1972 0159 00       		.byte	0
 1973 015a 00       		.byte	0
 1974 015b 1B       		.uleb128 0x1b
 1975 015c 0B       		.uleb128 0xb
 1976 015d 01       		.byte	0x1
 1977 015e 11       		.uleb128 0x11
 1978 015f 01       		.uleb128 0x1
 1979 0160 12       		.uleb128 0x12
 1980 0161 01       		.uleb128 0x1
 1981 0162 01       		.uleb128 0x1
 1982 0163 13       		.uleb128 0x13
 1983 0164 00       		.byte	0
 1984 0165 00       		.byte	0
 1985 0166 1C       		.uleb128 0x1c
 1986 0167 2E       		.uleb128 0x2e
 1987 0168 01       		.byte	0x1
 1988 0169 3F       		.uleb128 0x3f
 1989 016a 0C       		.uleb128 0xc
 1990 016b 03       		.uleb128 0x3
 1991 016c 0E       		.uleb128 0xe
 1992 016d 3A       		.uleb128 0x3a
ARM GAS  /tmp/cciOFTvr.s 			page 36


 1993 016e 0B       		.uleb128 0xb
 1994 016f 3B       		.uleb128 0x3b
 1995 0170 0B       		.uleb128 0xb
 1996 0171 49       		.uleb128 0x49
 1997 0172 13       		.uleb128 0x13
 1998 0173 3C       		.uleb128 0x3c
 1999 0174 0C       		.uleb128 0xc
 2000 0175 01       		.uleb128 0x1
 2001 0176 13       		.uleb128 0x13
 2002 0177 00       		.byte	0
 2003 0178 00       		.byte	0
 2004 0179 1D       		.uleb128 0x1d
 2005 017a 18       		.uleb128 0x18
 2006 017b 00       		.byte	0
 2007 017c 00       		.byte	0
 2008 017d 00       		.byte	0
 2009 017e 1E       		.uleb128 0x1e
 2010 017f 898201   		.uleb128 0x4109
 2011 0182 01       		.byte	0x1
 2012 0183 11       		.uleb128 0x11
 2013 0184 01       		.uleb128 0x1
 2014 0185 31       		.uleb128 0x31
 2015 0186 13       		.uleb128 0x13
 2016 0187 00       		.byte	0
 2017 0188 00       		.byte	0
 2018 0189 1F       		.uleb128 0x1f
 2019 018a 8A8201   		.uleb128 0x410a
 2020 018d 00       		.byte	0
 2021 018e 02       		.uleb128 0x2
 2022 018f 0A       		.uleb128 0xa
 2023 0190 9142     		.uleb128 0x2111
 2024 0192 0A       		.uleb128 0xa
 2025 0193 00       		.byte	0
 2026 0194 00       		.byte	0
 2027 0195 20       		.uleb128 0x20
 2028 0196 898201   		.uleb128 0x4109
 2029 0199 00       		.byte	0
 2030 019a 11       		.uleb128 0x11
 2031 019b 01       		.uleb128 0x1
 2032 019c 31       		.uleb128 0x31
 2033 019d 13       		.uleb128 0x13
 2034 019e 00       		.byte	0
 2035 019f 00       		.byte	0
 2036 01a0 21       		.uleb128 0x21
 2037 01a1 898201   		.uleb128 0x4109
 2038 01a4 01       		.byte	0x1
 2039 01a5 11       		.uleb128 0x11
 2040 01a6 01       		.uleb128 0x1
 2041 01a7 31       		.uleb128 0x31
 2042 01a8 13       		.uleb128 0x13
 2043 01a9 01       		.uleb128 0x1
 2044 01aa 13       		.uleb128 0x13
 2045 01ab 00       		.byte	0
 2046 01ac 00       		.byte	0
 2047 01ad 22       		.uleb128 0x22
 2048 01ae 01       		.uleb128 0x1
 2049 01af 01       		.byte	0x1
ARM GAS  /tmp/cciOFTvr.s 			page 37


 2050 01b0 49       		.uleb128 0x49
 2051 01b1 13       		.uleb128 0x13
 2052 01b2 01       		.uleb128 0x1
 2053 01b3 13       		.uleb128 0x13
 2054 01b4 00       		.byte	0
 2055 01b5 00       		.byte	0
 2056 01b6 23       		.uleb128 0x23
 2057 01b7 21       		.uleb128 0x21
 2058 01b8 00       		.byte	0
 2059 01b9 49       		.uleb128 0x49
 2060 01ba 13       		.uleb128 0x13
 2061 01bb 2F       		.uleb128 0x2f
 2062 01bc 0B       		.uleb128 0xb
 2063 01bd 00       		.byte	0
 2064 01be 00       		.byte	0
 2065 01bf 24       		.uleb128 0x24
 2066 01c0 05       		.uleb128 0x5
 2067 01c1 00       		.byte	0
 2068 01c2 03       		.uleb128 0x3
 2069 01c3 0E       		.uleb128 0xe
 2070 01c4 3A       		.uleb128 0x3a
 2071 01c5 0B       		.uleb128 0xb
 2072 01c6 3B       		.uleb128 0x3b
 2073 01c7 0B       		.uleb128 0xb
 2074 01c8 49       		.uleb128 0x49
 2075 01c9 13       		.uleb128 0x13
 2076 01ca 02       		.uleb128 0x2
 2077 01cb 0A       		.uleb128 0xa
 2078 01cc 00       		.byte	0
 2079 01cd 00       		.byte	0
 2080 01ce 25       		.uleb128 0x25
 2081 01cf 34       		.uleb128 0x34
 2082 01d0 00       		.byte	0
 2083 01d1 03       		.uleb128 0x3
 2084 01d2 0E       		.uleb128 0xe
 2085 01d3 3A       		.uleb128 0x3a
 2086 01d4 0B       		.uleb128 0xb
 2087 01d5 3B       		.uleb128 0x3b
 2088 01d6 05       		.uleb128 0x5
 2089 01d7 49       		.uleb128 0x49
 2090 01d8 13       		.uleb128 0x13
 2091 01d9 3F       		.uleb128 0x3f
 2092 01da 0C       		.uleb128 0xc
 2093 01db 3C       		.uleb128 0x3c
 2094 01dc 0C       		.uleb128 0xc
 2095 01dd 00       		.byte	0
 2096 01de 00       		.byte	0
 2097 01df 26       		.uleb128 0x26
 2098 01e0 2E       		.uleb128 0x2e
 2099 01e1 01       		.byte	0x1
 2100 01e2 3F       		.uleb128 0x3f
 2101 01e3 0C       		.uleb128 0xc
 2102 01e4 03       		.uleb128 0x3
 2103 01e5 0E       		.uleb128 0xe
 2104 01e6 3A       		.uleb128 0x3a
 2105 01e7 0B       		.uleb128 0xb
 2106 01e8 3B       		.uleb128 0x3b
ARM GAS  /tmp/cciOFTvr.s 			page 38


 2107 01e9 0B       		.uleb128 0xb
 2108 01ea 27       		.uleb128 0x27
 2109 01eb 0C       		.uleb128 0xc
 2110 01ec 3C       		.uleb128 0x3c
 2111 01ed 0C       		.uleb128 0xc
 2112 01ee 01       		.uleb128 0x1
 2113 01ef 13       		.uleb128 0x13
 2114 01f0 00       		.byte	0
 2115 01f1 00       		.byte	0
 2116 01f2 27       		.uleb128 0x27
 2117 01f3 05       		.uleb128 0x5
 2118 01f4 00       		.byte	0
 2119 01f5 49       		.uleb128 0x49
 2120 01f6 13       		.uleb128 0x13
 2121 01f7 00       		.byte	0
 2122 01f8 00       		.byte	0
 2123 01f9 28       		.uleb128 0x28
 2124 01fa 2E       		.uleb128 0x2e
 2125 01fb 01       		.byte	0x1
 2126 01fc 3F       		.uleb128 0x3f
 2127 01fd 0C       		.uleb128 0xc
 2128 01fe 03       		.uleb128 0x3
 2129 01ff 0E       		.uleb128 0xe
 2130 0200 3A       		.uleb128 0x3a
 2131 0201 0B       		.uleb128 0xb
 2132 0202 3B       		.uleb128 0x3b
 2133 0203 0B       		.uleb128 0xb
 2134 0204 27       		.uleb128 0x27
 2135 0205 0C       		.uleb128 0xc
 2136 0206 49       		.uleb128 0x49
 2137 0207 13       		.uleb128 0x13
 2138 0208 3C       		.uleb128 0x3c
 2139 0209 0C       		.uleb128 0xc
 2140 020a 01       		.uleb128 0x1
 2141 020b 13       		.uleb128 0x13
 2142 020c 00       		.byte	0
 2143 020d 00       		.byte	0
 2144 020e 29       		.uleb128 0x29
 2145 020f 2E       		.uleb128 0x2e
 2146 0210 01       		.byte	0x1
 2147 0211 3F       		.uleb128 0x3f
 2148 0212 0C       		.uleb128 0xc
 2149 0213 03       		.uleb128 0x3
 2150 0214 0E       		.uleb128 0xe
 2151 0215 3A       		.uleb128 0x3a
 2152 0216 0B       		.uleb128 0xb
 2153 0217 3B       		.uleb128 0x3b
 2154 0218 0B       		.uleb128 0xb
 2155 0219 27       		.uleb128 0x27
 2156 021a 0C       		.uleb128 0xc
 2157 021b 3C       		.uleb128 0x3c
 2158 021c 0C       		.uleb128 0xc
 2159 021d 00       		.byte	0
 2160 021e 00       		.byte	0
 2161 021f 00       		.byte	0
 2162              		.section	.debug_loc,"",%progbits
 2163              	.Ldebug_loc0:
ARM GAS  /tmp/cciOFTvr.s 			page 39


 2164              	.LLST0:
 2165 0000 00000000 		.4byte	.LFB63
 2166 0004 02000000 		.4byte	.LCFI0
 2167 0008 0200     		.2byte	0x2
 2168 000a 7D       		.byte	0x7d
 2169 000b 00       		.sleb128 0
 2170 000c 02000000 		.4byte	.LCFI0
 2171 0010 06000000 		.4byte	.LCFI1
 2172 0014 0200     		.2byte	0x2
 2173 0016 7D       		.byte	0x7d
 2174 0017 0C       		.sleb128 12
 2175 0018 06000000 		.4byte	.LCFI1
 2176 001c 48000000 		.4byte	.LFE63
 2177 0020 0200     		.2byte	0x2
 2178 0022 7D       		.byte	0x7d
 2179 0023 28       		.sleb128 40
 2180 0024 00000000 		.4byte	0
 2181 0028 00000000 		.4byte	0
 2182              	.LLST1:
 2183 002c 00000000 		.4byte	.LVL0
 2184 0030 0E000000 		.4byte	.LVL2
 2185 0034 0100     		.2byte	0x1
 2186 0036 50       		.byte	0x50
 2187 0037 0E000000 		.4byte	.LVL2
 2188 003b 48000000 		.4byte	.LFE63
 2189 003f 0100     		.2byte	0x1
 2190 0041 55       		.byte	0x55
 2191 0042 00000000 		.4byte	0
 2192 0046 00000000 		.4byte	0
 2193              	.LLST2:
 2194 004a 00000000 		.4byte	.LVL0
 2195 004e 0C000000 		.4byte	.LVL1
 2196 0052 0100     		.2byte	0x1
 2197 0054 51       		.byte	0x51
 2198 0055 0C000000 		.4byte	.LVL1
 2199 0059 48000000 		.4byte	.LFE63
 2200 005d 0400     		.2byte	0x4
 2201 005f F3       		.byte	0xf3
 2202 0060 01       		.uleb128 0x1
 2203 0061 51       		.byte	0x51
 2204 0062 9F       		.byte	0x9f
 2205 0063 00000000 		.4byte	0
 2206 0067 00000000 		.4byte	0
 2207              	.LLST3:
 2208 006b 32000000 		.4byte	.LVL5
 2209 006f 34000000 		.4byte	.LVL6
 2210 0073 0100     		.2byte	0x1
 2211 0075 50       		.byte	0x50
 2212 0076 34000000 		.4byte	.LVL6
 2213 007a 48000000 		.4byte	.LFE63
 2214 007e 0100     		.2byte	0x1
 2215 0080 54       		.byte	0x54
 2216 0081 00000000 		.4byte	0
 2217 0085 00000000 		.4byte	0
 2218              	.LLST4:
 2219 0089 00000000 		.4byte	.LFB64
 2220 008d 04000000 		.4byte	.LCFI2
ARM GAS  /tmp/cciOFTvr.s 			page 40


 2221 0091 0200     		.2byte	0x2
 2222 0093 7D       		.byte	0x7d
 2223 0094 00       		.sleb128 0
 2224 0095 04000000 		.4byte	.LCFI2
 2225 0099 06000000 		.4byte	.LCFI3
 2226 009d 0200     		.2byte	0x2
 2227 009f 7D       		.byte	0x7d
 2228 00a0 1C       		.sleb128 28
 2229 00a1 06000000 		.4byte	.LCFI3
 2230 00a5 76000000 		.4byte	.LFE64
 2231 00a9 0300     		.2byte	0x3
 2232 00ab 7D       		.byte	0x7d
 2233 00ac C000     		.sleb128 64
 2234 00ae 00000000 		.4byte	0
 2235 00b2 00000000 		.4byte	0
 2236              	.LLST5:
 2237 00b6 00000000 		.4byte	.LVL9
 2238 00ba 19000000 		.4byte	.LVL10-1
 2239 00be 0100     		.2byte	0x1
 2240 00c0 50       		.byte	0x50
 2241 00c1 19000000 		.4byte	.LVL10-1
 2242 00c5 4E000000 		.4byte	.LVL16
 2243 00c9 0100     		.2byte	0x1
 2244 00cb 55       		.byte	0x55
 2245 00cc 4E000000 		.4byte	.LVL16
 2246 00d0 76000000 		.4byte	.LFE64
 2247 00d4 0400     		.2byte	0x4
 2248 00d6 F3       		.byte	0xf3
 2249 00d7 01       		.uleb128 0x1
 2250 00d8 50       		.byte	0x50
 2251 00d9 9F       		.byte	0x9f
 2252 00da 00000000 		.4byte	0
 2253 00de 00000000 		.4byte	0
 2254              	.LLST6:
 2255 00e2 00000000 		.4byte	.LVL9
 2256 00e6 19000000 		.4byte	.LVL10-1
 2257 00ea 0100     		.2byte	0x1
 2258 00ec 51       		.byte	0x51
 2259 00ed 19000000 		.4byte	.LVL10-1
 2260 00f1 76000000 		.4byte	.LFE64
 2261 00f5 0400     		.2byte	0x4
 2262 00f7 F3       		.byte	0xf3
 2263 00f8 01       		.uleb128 0x1
 2264 00f9 51       		.byte	0x51
 2265 00fa 9F       		.byte	0x9f
 2266 00fb 00000000 		.4byte	0
 2267 00ff 00000000 		.4byte	0
 2268              	.LLST7:
 2269 0103 00000000 		.4byte	.LVL9
 2270 0107 19000000 		.4byte	.LVL10-1
 2271 010b 0100     		.2byte	0x1
 2272 010d 52       		.byte	0x52
 2273 010e 19000000 		.4byte	.LVL10-1
 2274 0112 76000000 		.4byte	.LFE64
 2275 0116 0100     		.2byte	0x1
 2276 0118 58       		.byte	0x58
 2277 0119 00000000 		.4byte	0
ARM GAS  /tmp/cciOFTvr.s 			page 41


 2278 011d 00000000 		.4byte	0
 2279              	.LLST8:
 2280 0121 00000000 		.4byte	.LVL9
 2281 0125 19000000 		.4byte	.LVL10-1
 2282 0129 0100     		.2byte	0x1
 2283 012b 53       		.byte	0x53
 2284 012c 19000000 		.4byte	.LVL10-1
 2285 0130 76000000 		.4byte	.LFE64
 2286 0134 0100     		.2byte	0x1
 2287 0136 57       		.byte	0x57
 2288 0137 00000000 		.4byte	0
 2289 013b 00000000 		.4byte	0
 2290              	.LLST9:
 2291 013f 34000000 		.4byte	.LVL12
 2292 0143 36000000 		.4byte	.LVL13
 2293 0147 0100     		.2byte	0x1
 2294 0149 50       		.byte	0x50
 2295 014a 36000000 		.4byte	.LVL13
 2296 014e 56000000 		.4byte	.LVL17
 2297 0152 0100     		.2byte	0x1
 2298 0154 54       		.byte	0x54
 2299 0155 00000000 		.4byte	0
 2300 0159 00000000 		.4byte	0
 2301              		.section	.debug_aranges,"",%progbits
 2302 0000 24000000 		.4byte	0x24
 2303 0004 0200     		.2byte	0x2
 2304 0006 00000000 		.4byte	.Ldebug_info0
 2305 000a 04       		.byte	0x4
 2306 000b 00       		.byte	0
 2307 000c 0000     		.2byte	0
 2308 000e 0000     		.2byte	0
 2309 0010 00000000 		.4byte	.LFB63
 2310 0014 48000000 		.4byte	.LFE63-.LFB63
 2311 0018 00000000 		.4byte	.LFB64
 2312 001c 76000000 		.4byte	.LFE64-.LFB64
 2313 0020 00000000 		.4byte	0
 2314 0024 00000000 		.4byte	0
 2315              		.section	.debug_ranges,"",%progbits
 2316              	.Ldebug_ranges0:
 2317 0000 00000000 		.4byte	.LFB63
 2318 0004 48000000 		.4byte	.LFE63
 2319 0008 00000000 		.4byte	.LFB64
 2320 000c 76000000 		.4byte	.LFE64
 2321 0010 00000000 		.4byte	0
 2322 0014 00000000 		.4byte	0
 2323              		.section	.debug_line,"",%progbits
 2324              	.Ldebug_line0:
 2325 0000 3B020000 		.section	.debug_str,"MS",%progbits,1
 2325      0200ED01 
 2325      00000201 
 2325      FB0E0D00 
 2325      01010101 
 2326              	.LASF98:
 2327 0000 5354445F 		.ascii	"STD_DUTY_CYCLE\000"
 2327      44555459 
 2327      5F435943 
 2327      4C4500
ARM GAS  /tmp/cciOFTvr.s 			page 42


 2328              	.LASF115:
 2329 000f 646D6172 		.ascii	"dmarx\000"
 2329      7800
 2330              	.LASF101:
 2331 0015 69326364 		.ascii	"i2cdutycycle_t\000"
 2331      75747963 
 2331      79636C65 
 2331      5F7400
 2332              	.LASF91:
 2333 0024 69326373 		.ascii	"i2cstate_t\000"
 2333      74617465 
 2333      5F7400
 2334              	.LASF130:
 2335 002f 494D5530 		.ascii	"IMU01A.c\000"
 2335      31412E63 
 2335      00
 2336              	.LASF2:
 2337 0038 73697A65 		.ascii	"size_t\000"
 2337      5F7400
 2338              	.LASF57:
 2339 003f 7264796D 		.ascii	"rdymsg\000"
 2339      736700
 2340              	.LASF14:
 2341 0046 75696E74 		.ascii	"uint64_t\000"
 2341      36345F74 
 2341      00
 2342              	.LASF76:
 2343 004f 54524953 		.ascii	"TRISE\000"
 2343      4500
 2344              	.LASF15:
 2345 0055 6C6F6E67 		.ascii	"long long unsigned int\000"
 2345      206C6F6E 
 2345      6720756E 
 2345      7369676E 
 2345      65642069 
 2346              	.LASF121:
 2347 006c 61636358 		.ascii	"accX\000"
 2347      00
 2348              	.LASF122:
 2349 0071 61636359 		.ascii	"accY\000"
 2349      00
 2350              	.LASF123:
 2351 0076 6163635A 		.ascii	"accZ\000"
 2351      00
 2352              	.LASF58:
 2353 007b 65786974 		.ascii	"exitcode\000"
 2353      636F6465 
 2353      00
 2354              	.LASF83:
 2355 0084 76656374 		.ascii	"vector\000"
 2355      6F7200
 2356              	.LASF133:
 2357 008b 69326352 		.ascii	"i2cReleaseBus\000"
 2357      656C6561 
 2357      73654275 
 2357      7300
 2358              	.LASF126:
ARM GAS  /tmp/cciOFTvr.s 			page 43


 2359 0099 49544D5F 		.ascii	"ITM_RxBuffer\000"
 2359      52784275 
 2359      66666572 
 2359      00
 2360              	.LASF28:
 2361 00a6 705F7072 		.ascii	"p_prio\000"
 2361      696F00
 2362              	.LASF132:
 2363 00ad 6932634D 		.ascii	"i2cMasterTransmitTimeout\000"
 2363      61737465 
 2363      72547261 
 2363      6E736D69 
 2363      7454696D 
 2364              	.LASF5:
 2365 00c6 696E7431 		.ascii	"int16_t\000"
 2365      365F7400 
 2366              	.LASF13:
 2367 00ce 6C6F6E67 		.ascii	"long long int\000"
 2367      206C6F6E 
 2367      6720696E 
 2367      7400
 2368              	.LASF1:
 2369 00dc 7369676E 		.ascii	"signed char\000"
 2369      65642063 
 2369      68617200 
 2370              	.LASF103:
 2371 00e8 636C6F63 		.ascii	"clock_speed\000"
 2371      6B5F7370 
 2371      65656400 
 2372              	.LASF131:
 2373 00f4 2F686F6D 		.ascii	"/home/ondra6ak/Documents/ARM/ChibiOS-RT/trunk/demos"
 2373      652F6F6E 
 2373      64726136 
 2373      616B2F44 
 2373      6F63756D 
 2374 0127 2F616363 		.ascii	"/accDemo\000"
 2374      44656D6F 
 2374      00
 2375              	.LASF45:
 2376 0130 705F6D70 		.ascii	"p_mpool\000"
 2376      6F6F6C00 
 2377              	.LASF54:
 2378 0138 6D5F7175 		.ascii	"m_queue\000"
 2378      65756500 
 2379              	.LASF112:
 2380 0140 61646472 		.ascii	"addr\000"
 2380      00
 2381              	.LASF20:
 2382 0145 74736C69 		.ascii	"tslices_t\000"
 2382      6365735F 
 2382      7400
 2383              	.LASF92:
 2384 014f 69326361 		.ascii	"i2caddr_t\000"
 2384      6464725F 
 2384      7400
 2385              	.LASF107:
 2386 0159 73746174 		.ascii	"state\000"
ARM GAS  /tmp/cciOFTvr.s 			page 44


 2386      6500
 2387              	.LASF10:
 2388 015f 6C6F6E67 		.ascii	"long int\000"
 2388      20696E74 
 2388      00
 2389              	.LASF18:
 2390 0168 74737461 		.ascii	"tstate_t\000"
 2390      74655F74 
 2390      00
 2391              	.LASF111:
 2392 0171 74687265 		.ascii	"thread\000"
 2392      616400
 2393              	.LASF36:
 2394 0178 705F7265 		.ascii	"p_refs\000"
 2394      667300
 2395              	.LASF105:
 2396 017f 49324343 		.ascii	"I2CConfig\000"
 2396      6F6E6669 
 2396      6700
 2397              	.LASF38:
 2398 0189 705F7469 		.ascii	"p_time\000"
 2398      6D6500
 2399              	.LASF30:
 2400 0190 705F6E65 		.ascii	"p_newer\000"
 2400      77657200 
 2401              	.LASF113:
 2402 0198 7278646D 		.ascii	"rxdmamode\000"
 2402      616D6F64 
 2402      6500
 2403              	.LASF116:
 2404 01a2 646D6174 		.ascii	"dmatx\000"
 2404      7800
 2405              	.LASF96:
 2406 01a8 4F504D4F 		.ascii	"OPMODE_SMBUS_HOST\000"
 2406      44455F53 
 2406      4D425553 
 2406      5F484F53 
 2406      5400
 2407              	.LASF48:
 2408 01ba 72656761 		.ascii	"regarm_t\000"
 2408      726D5F74 
 2408      00
 2409              	.LASF82:
 2410 01c3 73656C66 		.ascii	"selfindex\000"
 2410      696E6465 
 2410      7800
 2411              	.LASF102:
 2412 01cd 6F705F6D 		.ascii	"op_mode\000"
 2412      6F646500 
 2413              	.LASF25:
 2414 01d5 54687265 		.ascii	"Thread\000"
 2414      616400
 2415              	.LASF33:
 2416 01dc 705F7374 		.ascii	"p_stklimit\000"
 2416      6B6C696D 
 2416      697400
 2417              	.LASF0:
ARM GAS  /tmp/cciOFTvr.s 			page 45


 2418 01e7 756E7369 		.ascii	"unsigned int\000"
 2418      676E6564 
 2418      20696E74 
 2418      00
 2419              	.LASF7:
 2420 01f4 75696E74 		.ascii	"uint16_t\000"
 2420      31365F74 
 2420      00
 2421              	.LASF119:
 2422 01fd 61636349 		.ascii	"accInit\000"
 2422      6E697400 
 2423              	.LASF63:
 2424 0205 43504152 		.ascii	"CPAR\000"
 2424      00
 2425              	.LASF40:
 2426 020a 705F6D73 		.ascii	"p_msgqueue\000"
 2426      67717565 
 2426      756500
 2427              	.LASF65:
 2428 0215 444D415F 		.ascii	"DMA_Channel_TypeDef\000"
 2428      4368616E 
 2428      6E656C5F 
 2428      54797065 
 2428      44656600 
 2429              	.LASF81:
 2430 0229 69736869 		.ascii	"ishift\000"
 2430      667400
 2431              	.LASF95:
 2432 0230 4F504D4F 		.ascii	"OPMODE_SMBUS_DEVICE\000"
 2432      44455F53 
 2432      4D425553 
 2432      5F444556 
 2432      49434500 
 2433              	.LASF8:
 2434 0244 73686F72 		.ascii	"short unsigned int\000"
 2434      7420756E 
 2434      7369676E 
 2434      65642069 
 2434      6E7400
 2435              	.LASF106:
 2436 0257 49324344 		.ascii	"I2CDriver\000"
 2436      72697665 
 2436      7200
 2437              	.LASF125:
 2438 0261 69326347 		.ascii	"i2cGetErr\000"
 2438      65744572 
 2438      7200
 2439              	.LASF22:
 2440 026b 6D73675F 		.ascii	"msg_t\000"
 2440      7400
 2441              	.LASF17:
 2442 0271 746D6F64 		.ascii	"tmode_t\000"
 2442      655F7400 
 2443              	.LASF47:
 2444 0279 54687265 		.ascii	"ThreadsList\000"
 2444      6164734C 
 2444      69737400 
ARM GAS  /tmp/cciOFTvr.s 			page 46


 2445              	.LASF23:
 2446 0285 6576656E 		.ascii	"eventmask_t\000"
 2446      746D6173 
 2446      6B5F7400 
 2447              	.LASF6:
 2448 0291 73686F72 		.ascii	"short int\000"
 2448      7420696E 
 2448      7400
 2449              	.LASF129:
 2450 029b 474E5520 		.ascii	"GNU C 4.7.4 20130613 (release) [ARM/embedded-4_7-br"
 2450      4320342E 
 2450      372E3420 
 2450      32303133 
 2450      30363133 
 2451 02ce 616E6368 		.ascii	"anch revision 200083]\000"
 2451      20726576 
 2451      6973696F 
 2451      6E203230 
 2451      30303833 
 2452              	.LASF49:
 2453 02e4 73746B61 		.ascii	"stkalign_t\000"
 2453      6C69676E 
 2453      5F7400
 2454              	.LASF86:
 2455 02ef 4932435F 		.ascii	"I2C_STOP\000"
 2455      53544F50 
 2455      00
 2456              	.LASF52:
 2457 02f8 73697A65 		.ascii	"sizetype\000"
 2457      74797065 
 2457      00
 2458              	.LASF53:
 2459 0301 4D757465 		.ascii	"Mutex\000"
 2459      7800
 2460              	.LASF109:
 2461 0307 6572726F 		.ascii	"errors\000"
 2461      727300
 2462              	.LASF104:
 2463 030e 64757479 		.ascii	"duty_cycle\000"
 2463      5F637963 
 2463      6C6500
 2464              	.LASF31:
 2465 0319 705F6F6C 		.ascii	"p_older\000"
 2465      64657200 
 2466              	.LASF46:
 2467 0321 54687265 		.ascii	"ThreadsQueue\000"
 2467      61647351 
 2467      75657565 
 2467      00
 2468              	.LASF114:
 2469 032e 7478646D 		.ascii	"txdmamode\000"
 2469      616D6F64 
 2469      6500
 2470              	.LASF94:
 2471 0338 4F504D4F 		.ascii	"OPMODE_I2C\000"
 2471      44455F49 
 2471      324300
ARM GAS  /tmp/cciOFTvr.s 			page 47


 2472              	.LASF100:
 2473 0343 46415354 		.ascii	"FAST_DUTY_CYCLE_16_9\000"
 2473      5F445554 
 2473      595F4359 
 2473      434C455F 
 2473      31365F39 
 2474              	.LASF19:
 2475 0358 74726566 		.ascii	"trefs_t\000"
 2475      735F7400 
 2476              	.LASF66:
 2477 0360 52455345 		.ascii	"RESERVED0\000"
 2477      52564544 
 2477      3000
 2478              	.LASF67:
 2479 036a 52455345 		.ascii	"RESERVED1\000"
 2479      52564544 
 2479      3100
 2480              	.LASF69:
 2481 0374 52455345 		.ascii	"RESERVED2\000"
 2481      52564544 
 2481      3200
 2482              	.LASF71:
 2483 037e 52455345 		.ascii	"RESERVED3\000"
 2483      52564544 
 2483      3300
 2484              	.LASF72:
 2485 0388 52455345 		.ascii	"RESERVED4\000"
 2485      52564544 
 2485      3400
 2486              	.LASF27:
 2487 0392 705F7072 		.ascii	"p_prev\000"
 2487      657600
 2488              	.LASF74:
 2489 0399 52455345 		.ascii	"RESERVED6\000"
 2489      52564544 
 2489      3600
 2490              	.LASF75:
 2491 03a3 52455345 		.ascii	"RESERVED7\000"
 2491      52564544 
 2491      3700
 2492              	.LASF77:
 2493 03ad 52455345 		.ascii	"RESERVED8\000"
 2493      52564544 
 2493      3800
 2494              	.LASF21:
 2495 03b7 74707269 		.ascii	"tprio_t\000"
 2495      6F5F7400 
 2496              	.LASF88:
 2497 03bf 4932435F 		.ascii	"I2C_ACTIVE_TX\000"
 2497      41435449 
 2497      56455F54 
 2497      5800
 2498              	.LASF93:
 2499 03cd 69326366 		.ascii	"i2cflags_t\000"
 2499      6C616773 
 2499      5F7400
 2500              	.LASF110:
ARM GAS  /tmp/cciOFTvr.s 			page 48


 2501 03d8 6D757465 		.ascii	"mutex\000"
 2501      7800
 2502              	.LASF16:
 2503 03de 5F426F6F 		.ascii	"_Bool\000"
 2503      6C00
 2504              	.LASF9:
 2505 03e4 696E7433 		.ascii	"int32_t\000"
 2505      325F7400 
 2506              	.LASF4:
 2507 03ec 756E7369 		.ascii	"unsigned char\000"
 2507      676E6564 
 2507      20636861 
 2507      7200
 2508              	.LASF84:
 2509 03fa 73746D33 		.ascii	"stm32_dma_stream_t\000"
 2509      325F646D 
 2509      615F7374 
 2509      7265616D 
 2509      5F7400
 2510              	.LASF43:
 2511 040d 705F6D74 		.ascii	"p_mtxlist\000"
 2511      786C6973 
 2511      7400
 2512              	.LASF85:
 2513 0417 4932435F 		.ascii	"I2C_UNINIT\000"
 2513      554E494E 
 2513      495400
 2514              	.LASF34:
 2515 0422 705F7374 		.ascii	"p_state\000"
 2515      61746500 
 2516              	.LASF37:
 2517 042a 705F7072 		.ascii	"p_preempt\000"
 2517      65656D70 
 2517      7400
 2518              	.LASF60:
 2519 0434 65776D61 		.ascii	"ewmask\000"
 2519      736B00
 2520              	.LASF26:
 2521 043b 705F6E65 		.ascii	"p_next\000"
 2521      787400
 2522              	.LASF35:
 2523 0442 705F666C 		.ascii	"p_flags\000"
 2523      61677300 
 2524              	.LASF99:
 2525 044a 46415354 		.ascii	"FAST_DUTY_CYCLE_2\000"
 2525      5F445554 
 2525      595F4359 
 2525      434C455F 
 2525      3200
 2526              	.LASF79:
 2527 045c 6368616E 		.ascii	"channel\000"
 2527      6E656C00 
 2528              	.LASF90:
 2529 0464 4932435F 		.ascii	"I2C_LOCKED\000"
 2529      4C4F434B 
 2529      454400
 2530              	.LASF42:
ARM GAS  /tmp/cciOFTvr.s 			page 49


 2531 046f 705F6570 		.ascii	"p_epending\000"
 2531      656E6469 
 2531      6E6700
 2532              	.LASF80:
 2533 047a 69666372 		.ascii	"ifcr\000"
 2533      00
 2534              	.LASF73:
 2535 047f 52455345 		.ascii	"RESERVED5\000"
 2535      52564544 
 2535      3500
 2536              	.LASF11:
 2537 0489 75696E74 		.ascii	"uint32_t\000"
 2537      33325F74 
 2537      00
 2538              	.LASF127:
 2539 0492 49324344 		.ascii	"I2CD2\000"
 2539      3200
 2540              	.LASF89:
 2541 0498 4932435F 		.ascii	"I2C_ACTIVE_RX\000"
 2541      41435449 
 2541      56455F52 
 2541      5800
 2542              	.LASF12:
 2543 04a6 6C6F6E67 		.ascii	"long unsigned int\000"
 2543      20756E73 
 2543      69676E65 
 2543      6420696E 
 2543      7400
 2544              	.LASF61:
 2545 04b8 63686172 		.ascii	"char\000"
 2545      00
 2546              	.LASF124:
 2547 04bd 72784461 		.ascii	"rxData\000"
 2547      746100
 2548              	.LASF108:
 2549 04c4 636F6E66 		.ascii	"config\000"
 2549      696700
 2550              	.LASF56:
 2551 04cb 6D5F6E65 		.ascii	"m_next\000"
 2551      787400
 2552              	.LASF24:
 2553 04d2 73797374 		.ascii	"systime_t\000"
 2553      696D655F 
 2553      7400
 2554              	.LASF44:
 2555 04dc 705F7265 		.ascii	"p_realprio\000"
 2555      616C7072 
 2555      696F00
 2556              	.LASF87:
 2557 04e7 4932435F 		.ascii	"I2C_READY\000"
 2557      52454144 
 2557      5900
 2558              	.LASF51:
 2559 04f1 636F6E74 		.ascii	"context\000"
 2559      65787400 
 2560              	.LASF50:
 2561 04f9 696E7463 		.ascii	"intctx\000"
ARM GAS  /tmp/cciOFTvr.s 			page 50


 2561      747800
 2562              	.LASF128:
 2563 0500 69326341 		.ascii	"i2cAcquireBus\000"
 2563      63717569 
 2563      72654275 
 2563      7300
 2564              	.LASF62:
 2565 050e 434E4454 		.ascii	"CNDTR\000"
 2565      5200
 2566              	.LASF64:
 2567 0514 434D4152 		.ascii	"CMAR\000"
 2567      00
 2568              	.LASF120:
 2569 0519 61636352 		.ascii	"accRead\000"
 2569      65616400 
 2570              	.LASF3:
 2571 0521 75696E74 		.ascii	"uint8_t\000"
 2571      385F7400 
 2572              	.LASF68:
 2573 0529 4F415231 		.ascii	"OAR1\000"
 2573      00
 2574              	.LASF70:
 2575 052e 4F415232 		.ascii	"OAR2\000"
 2575      00
 2576              	.LASF59:
 2577 0533 77746F62 		.ascii	"wtobjp\000"
 2577      6A7000
 2578              	.LASF32:
 2579 053a 705F6E61 		.ascii	"p_name\000"
 2579      6D6500
 2580              	.LASF117:
 2581 0541 69326344 		.ascii	"i2cDrv\000"
 2581      727600
 2582              	.LASF41:
 2583 0548 705F6D73 		.ascii	"p_msg\000"
 2583      6700
 2584              	.LASF78:
 2585 054e 4932435F 		.ascii	"I2C_TypeDef\000"
 2585      54797065 
 2585      44656600 
 2586              	.LASF97:
 2587 055a 6932636F 		.ascii	"i2copmode_t\000"
 2587      706D6F64 
 2587      655F7400 
 2588              	.LASF118:
 2589 0566 74784461 		.ascii	"txData\000"
 2589      746100
 2590              	.LASF55:
 2591 056d 6D5F6F77 		.ascii	"m_owner\000"
 2591      6E657200 
 2592              	.LASF29:
 2593 0575 705F6374 		.ascii	"p_ctx\000"
 2593      7800
 2594              	.LASF39:
 2595 057b 705F7761 		.ascii	"p_waiting\000"
 2595      6974696E 
 2595      6700
ARM GAS  /tmp/cciOFTvr.s 			page 51


 2596              		.ident	"GCC: (GNU Tools for ARM Embedded Processors) 4.7.4 20130613 (release) [ARM/embedded-4_7-br
ARM GAS  /tmp/cciOFTvr.s 			page 52


DEFINED SYMBOLS
                            *ABS*:00000000 IMU01A.c
     /tmp/cciOFTvr.s:19     .text.accInit:00000000 $t
     /tmp/cciOFTvr.s:25     .text.accInit:00000000 accInit
     /tmp/cciOFTvr.s:95     .text.accInit:00000044 $d
     /tmp/cciOFTvr.s:100    .text.accRead:00000000 $t
     /tmp/cciOFTvr.s:106    .text.accRead:00000000 accRead
                     .debug_frame:00000010 $d
     /tmp/cciOFTvr.s:99     .text.accInit:00000048 $t

UNDEFINED SYMBOLS
i2cAcquireBus
i2cMasterTransmitTimeout
i2cReleaseBus
i2cGetErr
I2CD2
