ARM GAS  /tmp/cciLRxOv.s 			page 1


   1              		.syntax unified
   2              		.cpu cortex-m3
   3              		.fpu softvfp
   4              		.eabi_attribute 20, 1
   5              		.eabi_attribute 21, 1
   6              		.eabi_attribute 23, 3
   7              		.eabi_attribute 24, 1
   8              		.eabi_attribute 25, 1
   9              		.eabi_attribute 26, 1
  10              		.eabi_attribute 30, 2
  11              		.eabi_attribute 34, 1
  12              		.eabi_attribute 18, 4
  13              		.thumb
  14              		.file	"chmsg.c"
  15              		.text
  16              	.Ltext0:
  17              		.cfi_sections	.debug_frame
  18              		.section	.text.chMsgSend,"ax",%progbits
  19              		.align	2
  20              		.p2align 4,,15
  21              		.global	chMsgSend
  22              		.thumb
  23              		.thumb_func
  24              		.type	chMsgSend, %function
  25              	chMsgSend:
  26              	.LFB7:
  27              		.file 1 "../../os/kernel/src/chmsg.c"
  28              		.loc 1 68 0
  29              		.cfi_startproc
  30              		@ args = 0, pretend = 0, frame = 0
  31              		@ frame_needed = 0, uses_anonymous_args = 0
  32              	.LVL0:
  33              		.loc 1 69 0
  34 0000 154B     		ldr	r3, .L7
  35              		.loc 1 68 0
  36 0002 70B5     		push	{r4, r5, r6, lr}
  37              	.LCFI0:
  38              		.cfi_def_cfa_offset 16
  39              		.cfi_offset 4, -16
  40              		.cfi_offset 5, -12
  41              		.cfi_offset 6, -8
  42              		.cfi_offset 14, -4
  43              		.loc 1 71 0
  44 0004 0546     		mov	r5, r0
  45              		.loc 1 68 0
  46 0006 0E46     		mov	r6, r1
  47              		.loc 1 69 0
  48 0008 9C69     		ldr	r4, [r3, #24]
  49              	.LVL1:
  50              		.loc 1 71 0
  51 000a 00B3     		cbz	r0, .L5
  52              	.LVL2:
  53              	.L2:
  54              	.LBB10:
  55              		.loc 1 73 0
  56 000c 2023     		movs	r3, #32
  57              	.LVL3:
ARM GAS  /tmp/cciLRxOv.s 			page 2


  58              	@ 73 "../../os/kernel/src/chmsg.c" 1
  59 000e 83F31188 		msr     BASEPRI, r3
  60              	@ 0 "" 2
  61              	.LVL4:
  62              		.thumb
  63              	.LBE10:
  64 0012 FFF7FEFF 		bl	dbg_check_lock
  65              	.LVL5:
  66              		.loc 1 75 0
  67 0016 05F13002 		add	r2, r5, #48
  68 001a A262     		str	r2, [r4, #40]
  69              	.LVL6:
  70              		.loc 1 77 0
  71 001c 95F82010 		ldrb	r1, [r5, #32]	@ zero_extendqisi2
  72              	.LBB11:
  73              	.LBB12:
  74              		.file 2 "../../os/kernel/include/chinline.h"
  75              		.loc 2 48 0
  76 0020 686B     		ldr	r0, [r5, #52]
  77              	.LBE12:
  78              	.LBE11:
  79              		.loc 1 77 0
  80 0022 0C29     		cmp	r1, #12
  81              	.LBB15:
  82              	.LBB13:
  83              		.loc 2 47 0
  84 0024 2260     		str	r2, [r4, #0]
  85              	.LBE13:
  86              	.LBE15:
  87              		.loc 1 74 0
  88 0026 A663     		str	r6, [r4, #56]
  89              	.LBB16:
  90              	.LBB14:
  91              		.loc 2 48 0
  92 0028 6060     		str	r0, [r4, #4]
  93              		.loc 2 49 0
  94 002a 6C63     		str	r4, [r5, #52]
  95 002c 0460     		str	r4, [r0, #0]
  96              	.LBE14:
  97              	.LBE16:
  98              		.loc 1 77 0
  99 002e 0AD0     		beq	.L6
 100              	.LVL7:
 101              	.L3:
 102              		.loc 1 79 0
 103 0030 0A20     		movs	r0, #10
 104 0032 FFF7FEFF 		bl	chSchGoSleepS
 105              	.LVL8:
 106              		.loc 1 80 0
 107 0036 A46A     		ldr	r4, [r4, #40]
 108              	.LVL9:
 109              		.loc 1 81 0
 110 0038 FFF7FEFF 		bl	dbg_check_unlock
 111              	.LVL10:
 112              	.LBB17:
 113 003c 0023     		movs	r3, #0
 114              	.LVL11:
ARM GAS  /tmp/cciLRxOv.s 			page 3


 115              	@ 81 "../../os/kernel/src/chmsg.c" 1
 116 003e 83F31188 		msr     BASEPRI, r3
 117              	@ 0 "" 2
 118              	.LVL12:
 119              		.thumb
 120              	.LBE17:
 121              		.loc 1 83 0
 122 0042 2046     		mov	r0, r4
 123 0044 70BD     		pop	{r4, r5, r6, pc}
 124              	.LVL13:
 125              	.L6:
 126              		.loc 1 78 0
 127 0046 2846     		mov	r0, r5
 128 0048 FFF7FEFF 		bl	chSchReadyI
 129              	.LVL14:
 130 004c F0E7     		b	.L3
 131              	.LVL15:
 132              	.L5:
 133              		.loc 1 71 0 discriminator 1
 134 004e 0348     		ldr	r0, .L7+4
 135              	.LVL16:
 136 0050 FFF7FEFF 		bl	chDbgPanic
 137              	.LVL17:
 138 0054 DAE7     		b	.L2
 139              	.L8:
 140 0056 00BF     		.align	2
 141              	.L7:
 142 0058 00000000 		.word	rlist
 143 005c 00000000 		.word	.LC0
 144              		.cfi_endproc
 145              	.LFE7:
 146              		.size	chMsgSend, .-chMsgSend
 147              		.section	.text.chMsgWait,"ax",%progbits
 148              		.align	2
 149              		.p2align 4,,15
 150              		.global	chMsgWait
 151              		.thumb
 152              		.thumb_func
 153              		.type	chMsgWait, %function
 154              	chMsgWait:
 155              	.LFB8:
 156              		.loc 1 99 0
 157              		.cfi_startproc
 158              		@ args = 0, pretend = 0, frame = 0
 159              		@ frame_needed = 0, uses_anonymous_args = 0
 160 0000 38B5     		push	{r3, r4, r5, lr}
 161              	.LCFI1:
 162              		.cfi_def_cfa_offset 16
 163              		.cfi_offset 3, -16
 164              		.cfi_offset 4, -12
 165              		.cfi_offset 5, -8
 166              		.cfi_offset 14, -4
 167              	.LBB18:
 168              		.loc 1 102 0
 169 0002 2023     		movs	r3, #32
 170              	.LVL18:
 171              	@ 102 "../../os/kernel/src/chmsg.c" 1
ARM GAS  /tmp/cciLRxOv.s 			page 4


 172 0004 83F31188 		msr     BASEPRI, r3
 173              	@ 0 "" 2
 174              	.LVL19:
 175              		.thumb
 176              	.LBE18:
 177              		.loc 1 103 0
 178 0008 0E4D     		ldr	r5, .L12
 179              		.loc 1 102 0
 180 000a FFF7FEFF 		bl	dbg_check_lock
 181              	.LVL20:
 182              		.loc 1 103 0
 183 000e AA69     		ldr	r2, [r5, #24]
 184 0010 1346     		mov	r3, r2
 185 0012 53F8304F 		ldr	r4, [r3, #48]!
 186 0016 9C42     		cmp	r4, r3
 187 0018 0CD0     		beq	.L11
 188              	.L10:
 189              	.LVL21:
 190              	.LBB19:
 191              	.LBB20:
 192              		.loc 2 55 0
 193 001a 2168     		ldr	r1, [r4, #0]
 194              	.LBE20:
 195              	.LBE19:
 196              		.loc 1 106 0
 197 001c 0B20     		movs	r0, #11
 198              	.LBB22:
 199              	.LBB21:
 200              		.loc 2 55 0
 201 001e 1163     		str	r1, [r2, #48]
 202 0020 4B60     		str	r3, [r1, #4]
 203              	.LBE21:
 204              	.LBE22:
 205              		.loc 1 106 0
 206 0022 84F82000 		strb	r0, [r4, #32]
 207              		.loc 1 107 0
 208 0026 FFF7FEFF 		bl	dbg_check_unlock
 209              	.LVL22:
 210              	.LBB23:
 211 002a 0023     		movs	r3, #0
 212              	.LVL23:
 213              	@ 107 "../../os/kernel/src/chmsg.c" 1
 214 002c 83F31188 		msr     BASEPRI, r3
 215              	@ 0 "" 2
 216              	.LVL24:
 217              		.thumb
 218              	.LBE23:
 219              		.loc 1 109 0
 220 0030 2046     		mov	r0, r4
 221 0032 38BD     		pop	{r3, r4, r5, pc}
 222              	.LVL25:
 223              	.L11:
 224              		.loc 1 104 0
 225 0034 0C20     		movs	r0, #12
 226 0036 FFF7FEFF 		bl	chSchGoSleepS
 227              	.LVL26:
 228 003a AA69     		ldr	r2, [r5, #24]
ARM GAS  /tmp/cciLRxOv.s 			page 5


 229 003c 1346     		mov	r3, r2
 230 003e 53F8304F 		ldr	r4, [r3, #48]!
 231 0042 EAE7     		b	.L10
 232              	.L13:
 233              		.align	2
 234              	.L12:
 235 0044 00000000 		.word	rlist
 236              		.cfi_endproc
 237              	.LFE8:
 238              		.size	chMsgWait, .-chMsgWait
 239 0048 AFF30080 		.section	.text.chMsgRelease,"ax",%progbits
 239      AFF30080 
 240              		.align	2
 241              		.p2align 4,,15
 242              		.global	chMsgRelease
 243              		.thumb
 244              		.thumb_func
 245              		.type	chMsgRelease, %function
 246              	chMsgRelease:
 247              	.LFB9:
 248              		.loc 1 121 0
 249              		.cfi_startproc
 250              		@ args = 0, pretend = 0, frame = 0
 251              		@ frame_needed = 0, uses_anonymous_args = 0
 252              	.LVL27:
 253 0000 38B5     		push	{r3, r4, r5, lr}
 254              	.LCFI2:
 255              		.cfi_def_cfa_offset 16
 256              		.cfi_offset 3, -16
 257              		.cfi_offset 4, -12
 258              		.cfi_offset 5, -8
 259              		.cfi_offset 14, -4
 260              		.loc 1 121 0
 261 0002 0446     		mov	r4, r0
 262 0004 0D46     		mov	r5, r1
 263              	.LBB24:
 264              		.loc 1 123 0
 265 0006 2023     		movs	r3, #32
 266              	.LVL28:
 267              	@ 123 "../../os/kernel/src/chmsg.c" 1
 268 0008 83F31188 		msr     BASEPRI, r3
 269              	@ 0 "" 2
 270              	.LVL29:
 271              		.thumb
 272              	.LBE24:
 273 000c FFF7FEFF 		bl	dbg_check_lock
 274              	.LVL30:
 275              		.loc 1 124 0
 276 0010 94F82030 		ldrb	r3, [r4, #32]	@ zero_extendqisi2
 277 0014 0B2B     		cmp	r3, #11
 278 0016 02D0     		beq	.L15
 279              		.loc 1 124 0 is_stmt 0 discriminator 1
 280 0018 0648     		ldr	r0, .L19
 281 001a FFF7FEFF 		bl	chDbgPanic
 282              	.LVL31:
 283              	.L15:
 284              		.loc 1 126 0 is_stmt 1
ARM GAS  /tmp/cciLRxOv.s 			page 6


 285 001e 2046     		mov	r0, r4
 286 0020 2946     		mov	r1, r5
 287 0022 FFF7FEFF 		bl	chSchWakeupS
 288              	.LVL32:
 289              		.loc 1 127 0
 290 0026 FFF7FEFF 		bl	dbg_check_unlock
 291              	.LVL33:
 292              	.LBB25:
 293 002a 0023     		movs	r3, #0
 294              	.LVL34:
 295              	@ 127 "../../os/kernel/src/chmsg.c" 1
 296 002c 83F31188 		msr     BASEPRI, r3
 297              	@ 0 "" 2
 298              	.LVL35:
 299              		.thumb
 300 0030 38BD     		pop	{r3, r4, r5, pc}
 301              	.L20:
 302 0032 00BF     		.align	2
 303              	.L19:
 304 0034 10000000 		.word	.LC1
 305              	.LBE25:
 306              		.cfi_endproc
 307              	.LFE9:
 308              		.size	chMsgRelease, .-chMsgRelease
 309 0038 AFF30080 		.section	.rodata.str1.4,"aMS",%progbits,1
 309      AFF30080 
 310              		.align	2
 311              	.LC0:
 312 0000 2263684D 		.ascii	"\"chMsgSend\"()\000"
 312      73675365 
 312      6E642228 
 312      2900
 313 000e 0000     		.space	2
 314              	.LC1:
 315 0010 63684D73 		.ascii	"chMsgRelease(), #1\000"
 315      6752656C 
 315      65617365 
 315      28292C20 
 315      233100
 316 0023 00       		.text
 317              	.Letext0:
 318              		.file 3 "/usr/bin/../lib/gcc/arm-none-eabi/4.7.4/../../../../arm-none-eabi/include/stdint.h"
 319              		.file 4 "../../os/ports/GCC/ARMCMx/chtypes.h"
 320              		.file 5 "../../os/kernel/include/chlists.h"
 321              		.file 6 "../../os/kernel/include/chthreads.h"
 322              		.file 7 "../../os/ports/GCC/ARMCMx/chcore_v7m.h"
 323              		.file 8 "../../os/kernel/include/chschd.h"
 324              		.file 9 "../../os/kernel/include/chmtx.h"
 325              		.file 10 "../../os/kernel/include/chdebug.h"
 326              		.section	.debug_info,"",%progbits
 327              	.Ldebug_info0:
 328 0000 87070000 		.4byte	0x787
 329 0004 0200     		.2byte	0x2
 330 0006 00000000 		.4byte	.Ldebug_abbrev0
 331 000a 04       		.byte	0x4
 332 000b 01       		.uleb128 0x1
 333 000c 2F010000 		.4byte	.LASF72
ARM GAS  /tmp/cciLRxOv.s 			page 7


 334 0010 01       		.byte	0x1
 335 0011 60030000 		.4byte	.LASF73
 336 0015 CD020000 		.4byte	.LASF74
 337 0019 50000000 		.4byte	.Ldebug_ranges0+0x50
 338 001d 00000000 		.4byte	0
 339 0021 00000000 		.4byte	0
 340 0025 00000000 		.4byte	.Ldebug_line0
 341 0029 02       		.uleb128 0x2
 342 002a 04       		.byte	0x4
 343 002b 05       		.byte	0x5
 344 002c 696E7400 		.ascii	"int\000"
 345 0030 03       		.uleb128 0x3
 346 0031 04       		.byte	0x4
 347 0032 07       		.byte	0x7
 348 0033 C9000000 		.4byte	.LASF0
 349 0037 03       		.uleb128 0x3
 350 0038 01       		.byte	0x1
 351 0039 06       		.byte	0x6
 352 003a 63000000 		.4byte	.LASF1
 353 003e 04       		.uleb128 0x4
 354 003f 4A030000 		.4byte	.LASF5
 355 0043 03       		.byte	0x3
 356 0044 2A       		.byte	0x2a
 357 0045 49000000 		.4byte	0x49
 358 0049 03       		.uleb128 0x3
 359 004a 01       		.byte	0x1
 360 004b 08       		.byte	0x8
 361 004c FE010000 		.4byte	.LASF2
 362 0050 03       		.uleb128 0x3
 363 0051 02       		.byte	0x2
 364 0052 05       		.byte	0x5
 365 0053 16020000 		.4byte	.LASF3
 366 0057 03       		.uleb128 0x3
 367 0058 02       		.byte	0x2
 368 0059 07       		.byte	0x7
 369 005a F0000000 		.4byte	.LASF4
 370 005e 04       		.uleb128 0x4
 371 005f F6010000 		.4byte	.LASF6
 372 0063 03       		.byte	0x3
 373 0064 4F       		.byte	0x4f
 374 0065 69000000 		.4byte	0x69
 375 0069 03       		.uleb128 0x3
 376 006a 04       		.byte	0x4
 377 006b 05       		.byte	0x5
 378 006c 89000000 		.4byte	.LASF7
 379 0070 04       		.uleb128 0x4
 380 0071 7C020000 		.4byte	.LASF8
 381 0075 03       		.byte	0x3
 382 0076 50       		.byte	0x50
 383 0077 7B000000 		.4byte	0x7b
 384 007b 03       		.uleb128 0x3
 385 007c 04       		.byte	0x4
 386 007d 07       		.byte	0x7
 387 007e D6000000 		.4byte	.LASF9
 388 0082 03       		.uleb128 0x3
 389 0083 08       		.byte	0x8
 390 0084 05       		.byte	0x5
ARM GAS  /tmp/cciLRxOv.s 			page 8


 391 0085 55000000 		.4byte	.LASF10
 392 0089 04       		.uleb128 0x4
 393 008a 25000000 		.4byte	.LASF11
 394 008e 03       		.byte	0x3
 395 008f 78       		.byte	0x78
 396 0090 94000000 		.4byte	0x94
 397 0094 03       		.uleb128 0x3
 398 0095 08       		.byte	0x8
 399 0096 07       		.byte	0x7
 400 0097 2E000000 		.4byte	.LASF12
 401 009b 03       		.uleb128 0x3
 402 009c 01       		.byte	0x1
 403 009d 02       		.byte	0x2
 404 009e F0010000 		.4byte	.LASF13
 405 00a2 04       		.uleb128 0x4
 406 00a3 09010000 		.4byte	.LASF14
 407 00a7 04       		.byte	0x4
 408 00a8 25       		.byte	0x25
 409 00a9 3E000000 		.4byte	0x3e
 410 00ad 04       		.uleb128 0x4
 411 00ae 9C000000 		.4byte	.LASF15
 412 00b2 04       		.byte	0x4
 413 00b3 26       		.byte	0x26
 414 00b4 3E000000 		.4byte	0x3e
 415 00b8 04       		.uleb128 0x4
 416 00b9 D9010000 		.4byte	.LASF16
 417 00bd 04       		.byte	0x4
 418 00be 27       		.byte	0x27
 419 00bf 3E000000 		.4byte	0x3e
 420 00c3 04       		.uleb128 0x4
 421 00c4 7F000000 		.4byte	.LASF17
 422 00c8 04       		.byte	0x4
 423 00c9 28       		.byte	0x28
 424 00ca 3E000000 		.4byte	0x3e
 425 00ce 04       		.uleb128 0x4
 426 00cf E8010000 		.4byte	.LASF18
 427 00d3 04       		.byte	0x4
 428 00d4 29       		.byte	0x29
 429 00d5 70000000 		.4byte	0x70
 430 00d9 04       		.uleb128 0x4
 431 00da 03010000 		.4byte	.LASF19
 432 00de 04       		.byte	0x4
 433 00df 2A       		.byte	0x2a
 434 00e0 5E000000 		.4byte	0x5e
 435 00e4 04       		.uleb128 0x4
 436 00e5 1D010000 		.4byte	.LASF20
 437 00e9 04       		.byte	0x4
 438 00ea 2C       		.byte	0x2c
 439 00eb 70000000 		.4byte	0x70
 440 00ef 04       		.uleb128 0x4
 441 00f0 B1020000 		.4byte	.LASF21
 442 00f4 04       		.byte	0x4
 443 00f5 2E       		.byte	0x2e
 444 00f6 70000000 		.4byte	0x70
 445 00fa 04       		.uleb128 0x4
 446 00fb 4F020000 		.4byte	.LASF22
 447 00ff 05       		.byte	0x5
ARM GAS  /tmp/cciLRxOv.s 			page 9


 448 0100 23       		.byte	0x23
 449 0101 05010000 		.4byte	0x105
 450 0105 05       		.uleb128 0x5
 451 0106 4F020000 		.4byte	.LASF22
 452 010a 4C       		.byte	0x4c
 453 010b 06       		.byte	0x6
 454 010c 57       		.byte	0x57
 455 010d 38020000 		.4byte	0x238
 456 0111 06       		.uleb128 0x6
 457 0112 40020000 		.4byte	.LASF23
 458 0116 06       		.byte	0x6
 459 0117 58       		.byte	0x58
 460 0118 5D020000 		.4byte	0x25d
 461 011c 02       		.byte	0x2
 462 011d 23       		.byte	0x23
 463 011e 00       		.uleb128 0
 464 011f 06       		.uleb128 0x6
 465 0120 E1010000 		.4byte	.LASF24
 466 0124 06       		.byte	0x6
 467 0125 5A       		.byte	0x5a
 468 0126 5D020000 		.4byte	0x25d
 469 012a 02       		.byte	0x2
 470 012b 23       		.byte	0x23
 471 012c 04       		.uleb128 0x4
 472 012d 06       		.uleb128 0x6
 473 012e 4E000000 		.4byte	.LASF25
 474 0132 06       		.byte	0x6
 475 0133 5C       		.byte	0x5c
 476 0134 CE000000 		.4byte	0xce
 477 0138 02       		.byte	0x2
 478 0139 23       		.byte	0x23
 479 013a 08       		.uleb128 0x8
 480 013b 06       		.uleb128 0x6
 481 013c 84030000 		.4byte	.LASF26
 482 0140 06       		.byte	0x6
 483 0141 5D       		.byte	0x5d
 484 0142 36030000 		.4byte	0x336
 485 0146 02       		.byte	0x2
 486 0147 23       		.byte	0x23
 487 0148 0C       		.uleb128 0xc
 488 0149 06       		.uleb128 0x6
 489 014a A5000000 		.4byte	.LASF27
 490 014e 06       		.byte	0x6
 491 014f 5F       		.byte	0x5f
 492 0150 5D020000 		.4byte	0x25d
 493 0154 02       		.byte	0x2
 494 0155 23       		.byte	0x23
 495 0156 10       		.uleb128 0x10
 496 0157 06       		.uleb128 0x6
 497 0158 9B010000 		.4byte	.LASF28
 498 015c 06       		.byte	0x6
 499 015d 60       		.byte	0x60
 500 015e 5D020000 		.4byte	0x25d
 501 0162 02       		.byte	0x2
 502 0163 23       		.byte	0x23
 503 0164 14       		.uleb128 0x14
 504 0165 06       		.uleb128 0x6
ARM GAS  /tmp/cciLRxOv.s 			page 10


 505 0166 59030000 		.4byte	.LASF29
 506 016a 06       		.byte	0x6
 507 016b 67       		.byte	0x67
 508 016c 4A040000 		.4byte	0x44a
 509 0170 02       		.byte	0x2
 510 0171 23       		.byte	0x23
 511 0172 18       		.uleb128 0x18
 512 0173 06       		.uleb128 0x6
 513 0174 BE000000 		.4byte	.LASF30
 514 0178 06       		.byte	0x6
 515 0179 6D       		.byte	0x6d
 516 017a 5C040000 		.4byte	0x45c
 517 017e 02       		.byte	0x2
 518 017f 23       		.byte	0x23
 519 0180 1C       		.uleb128 0x1c
 520 0181 06       		.uleb128 0x6
 521 0182 20020000 		.4byte	.LASF31
 522 0186 06       		.byte	0x6
 523 0187 72       		.byte	0x72
 524 0188 AD000000 		.4byte	0xad
 525 018c 02       		.byte	0x2
 526 018d 23       		.byte	0x23
 527 018e 20       		.uleb128 0x20
 528 018f 06       		.uleb128 0x6
 529 0190 47020000 		.4byte	.LASF32
 530 0194 06       		.byte	0x6
 531 0195 76       		.byte	0x76
 532 0196 A2000000 		.4byte	0xa2
 533 019a 02       		.byte	0x2
 534 019b 23       		.byte	0x23
 535 019c 21       		.uleb128 0x21
 536 019d 06       		.uleb128 0x6
 537 019e 33030000 		.4byte	.LASF33
 538 01a2 06       		.byte	0x6
 539 01a3 7B       		.byte	0x7b
 540 01a4 B8000000 		.4byte	0xb8
 541 01a8 02       		.byte	0x2
 542 01a9 23       		.byte	0x23
 543 01aa 22       		.uleb128 0x22
 544 01ab 06       		.uleb128 0x6
 545 01ac 28020000 		.4byte	.LASF34
 546 01b0 06       		.byte	0x6
 547 01b1 81       		.byte	0x81
 548 01b2 C3000000 		.4byte	0xc3
 549 01b6 02       		.byte	0x2
 550 01b7 23       		.byte	0x23
 551 01b8 23       		.uleb128 0x23
 552 01b9 06       		.uleb128 0x6
 553 01ba C6020000 		.4byte	.LASF35
 554 01be 06       		.byte	0x6
 555 01bf 88       		.byte	0x88
 556 01c0 60030000 		.4byte	0x360
 557 01c4 02       		.byte	0x2
 558 01c5 23       		.byte	0x23
 559 01c6 24       		.uleb128 0x24
 560 01c7 07       		.uleb128 0x7
 561 01c8 705F7500 		.ascii	"p_u\000"
ARM GAS  /tmp/cciLRxOv.s 			page 11


 562 01cc 06       		.byte	0x6
 563 01cd AD       		.byte	0xad
 564 01ce 15040000 		.4byte	0x415
 565 01d2 02       		.byte	0x2
 566 01d3 23       		.byte	0x23
 567 01d4 28       		.uleb128 0x28
 568 01d5 06       		.uleb128 0x6
 569 01d6 8A030000 		.4byte	.LASF36
 570 01da 06       		.byte	0x6
 571 01db B2       		.byte	0xb2
 572 01dc 85020000 		.4byte	0x285
 573 01e0 02       		.byte	0x2
 574 01e1 23       		.byte	0x23
 575 01e2 2C       		.uleb128 0x2c
 576 01e3 06       		.uleb128 0x6
 577 01e4 11030000 		.4byte	.LASF37
 578 01e8 06       		.byte	0x6
 579 01e9 B8       		.byte	0xb8
 580 01ea 63020000 		.4byte	0x263
 581 01ee 02       		.byte	0x2
 582 01ef 23       		.byte	0x23
 583 01f0 30       		.uleb128 0x30
 584 01f1 06       		.uleb128 0x6
 585 01f2 00000000 		.4byte	.LASF38
 586 01f6 06       		.byte	0x6
 587 01f7 BC       		.byte	0xbc
 588 01f8 D9000000 		.4byte	0xd9
 589 01fc 02       		.byte	0x2
 590 01fd 23       		.byte	0x23
 591 01fe 38       		.uleb128 0x38
 592 01ff 06       		.uleb128 0x6
 593 0200 71020000 		.4byte	.LASF39
 594 0204 06       		.byte	0x6
 595 0205 C2       		.byte	0xc2
 596 0206 E4000000 		.4byte	0xe4
 597 020a 02       		.byte	0x2
 598 020b 23       		.byte	0x23
 599 020c 3C       		.uleb128 0x3c
 600 020d 06       		.uleb128 0x6
 601 020e 0C020000 		.4byte	.LASF40
 602 0212 06       		.byte	0x6
 603 0213 C9       		.byte	0xc9
 604 0214 62040000 		.4byte	0x462
 605 0218 02       		.byte	0x2
 606 0219 23       		.byte	0x23
 607 021a 40       		.uleb128 0x40
 608 021b 06       		.uleb128 0x6
 609 021c BB020000 		.4byte	.LASF41
 610 0220 06       		.byte	0x6
 611 0221 CD       		.byte	0xcd
 612 0222 CE000000 		.4byte	0xce
 613 0226 02       		.byte	0x2
 614 0227 23       		.byte	0x23
 615 0228 44       		.uleb128 0x44
 616 0229 06       		.uleb128 0x6
 617 022a 6F000000 		.4byte	.LASF42
 618 022e 06       		.byte	0x6
ARM GAS  /tmp/cciLRxOv.s 			page 12


 619 022f D3       		.byte	0xd3
 620 0230 9B020000 		.4byte	0x29b
 621 0234 02       		.byte	0x2
 622 0235 23       		.byte	0x23
 623 0236 48       		.uleb128 0x48
 624 0237 00       		.byte	0
 625 0238 08       		.uleb128 0x8
 626 0239 08       		.byte	0x8
 627 023a 05       		.byte	0x5
 628 023b 5A       		.byte	0x5a
 629 023c 5D020000 		.4byte	0x25d
 630 0240 06       		.uleb128 0x6
 631 0241 40020000 		.4byte	.LASF23
 632 0245 05       		.byte	0x5
 633 0246 5B       		.byte	0x5b
 634 0247 5D020000 		.4byte	0x25d
 635 024b 02       		.byte	0x2
 636 024c 23       		.byte	0x23
 637 024d 00       		.uleb128 0
 638 024e 06       		.uleb128 0x6
 639 024f E1010000 		.4byte	.LASF24
 640 0253 05       		.byte	0x5
 641 0254 5D       		.byte	0x5d
 642 0255 5D020000 		.4byte	0x25d
 643 0259 02       		.byte	0x2
 644 025a 23       		.byte	0x23
 645 025b 04       		.uleb128 0x4
 646 025c 00       		.byte	0
 647 025d 09       		.uleb128 0x9
 648 025e 04       		.byte	0x4
 649 025f FA000000 		.4byte	0xfa
 650 0263 04       		.uleb128 0x4
 651 0264 A9010000 		.4byte	.LASF43
 652 0268 05       		.byte	0x5
 653 0269 5F       		.byte	0x5f
 654 026a 38020000 		.4byte	0x238
 655 026e 08       		.uleb128 0x8
 656 026f 04       		.byte	0x4
 657 0270 05       		.byte	0x5
 658 0271 64       		.byte	0x64
 659 0272 85020000 		.4byte	0x285
 660 0276 06       		.uleb128 0x6
 661 0277 40020000 		.4byte	.LASF23
 662 027b 05       		.byte	0x5
 663 027c 66       		.byte	0x66
 664 027d 5D020000 		.4byte	0x25d
 665 0281 02       		.byte	0x2
 666 0282 23       		.byte	0x23
 667 0283 00       		.uleb128 0
 668 0284 00       		.byte	0
 669 0285 04       		.uleb128 0x4
 670 0286 11010000 		.4byte	.LASF44
 671 028a 05       		.byte	0x5
 672 028b 69       		.byte	0x69
 673 028c 6E020000 		.4byte	0x26e
 674 0290 04       		.uleb128 0x4
 675 0291 B5000000 		.4byte	.LASF45
ARM GAS  /tmp/cciLRxOv.s 			page 13


 676 0295 07       		.byte	0x7
 677 0296 DE       		.byte	0xde
 678 0297 9B020000 		.4byte	0x29b
 679 029b 0A       		.uleb128 0xa
 680 029c 04       		.byte	0x4
 681 029d 04       		.uleb128 0x4
 682 029e 78010000 		.4byte	.LASF46
 683 02a2 07       		.byte	0x7
 684 02a3 E4       		.byte	0xe4
 685 02a4 89000000 		.4byte	0x89
 686 02a8 0B       		.uleb128 0xb
 687 02a9 0A030000 		.4byte	.LASF47
 688 02ad 24       		.byte	0x24
 689 02ae 07       		.byte	0x7
 690 02af 0501     		.2byte	0x105
 691 02b1 36030000 		.4byte	0x336
 692 02b5 0C       		.uleb128 0xc
 693 02b6 723400   		.ascii	"r4\000"
 694 02b9 07       		.byte	0x7
 695 02ba 1801     		.2byte	0x118
 696 02bc 90020000 		.4byte	0x290
 697 02c0 02       		.byte	0x2
 698 02c1 23       		.byte	0x23
 699 02c2 00       		.uleb128 0
 700 02c3 0C       		.uleb128 0xc
 701 02c4 723500   		.ascii	"r5\000"
 702 02c7 07       		.byte	0x7
 703 02c8 1901     		.2byte	0x119
 704 02ca 90020000 		.4byte	0x290
 705 02ce 02       		.byte	0x2
 706 02cf 23       		.byte	0x23
 707 02d0 04       		.uleb128 0x4
 708 02d1 0C       		.uleb128 0xc
 709 02d2 723600   		.ascii	"r6\000"
 710 02d5 07       		.byte	0x7
 711 02d6 1A01     		.2byte	0x11a
 712 02d8 90020000 		.4byte	0x290
 713 02dc 02       		.byte	0x2
 714 02dd 23       		.byte	0x23
 715 02de 08       		.uleb128 0x8
 716 02df 0C       		.uleb128 0xc
 717 02e0 723700   		.ascii	"r7\000"
 718 02e3 07       		.byte	0x7
 719 02e4 1B01     		.2byte	0x11b
 720 02e6 90020000 		.4byte	0x290
 721 02ea 02       		.byte	0x2
 722 02eb 23       		.byte	0x23
 723 02ec 0C       		.uleb128 0xc
 724 02ed 0C       		.uleb128 0xc
 725 02ee 723800   		.ascii	"r8\000"
 726 02f1 07       		.byte	0x7
 727 02f2 1C01     		.2byte	0x11c
 728 02f4 90020000 		.4byte	0x290
 729 02f8 02       		.byte	0x2
 730 02f9 23       		.byte	0x23
 731 02fa 10       		.uleb128 0x10
 732 02fb 0C       		.uleb128 0xc
ARM GAS  /tmp/cciLRxOv.s 			page 14


 733 02fc 723900   		.ascii	"r9\000"
 734 02ff 07       		.byte	0x7
 735 0300 1D01     		.2byte	0x11d
 736 0302 90020000 		.4byte	0x290
 737 0306 02       		.byte	0x2
 738 0307 23       		.byte	0x23
 739 0308 14       		.uleb128 0x14
 740 0309 0C       		.uleb128 0xc
 741 030a 72313000 		.ascii	"r10\000"
 742 030e 07       		.byte	0x7
 743 030f 1E01     		.2byte	0x11e
 744 0311 90020000 		.4byte	0x290
 745 0315 02       		.byte	0x2
 746 0316 23       		.byte	0x23
 747 0317 18       		.uleb128 0x18
 748 0318 0C       		.uleb128 0xc
 749 0319 72313100 		.ascii	"r11\000"
 750 031d 07       		.byte	0x7
 751 031e 1F01     		.2byte	0x11f
 752 0320 90020000 		.4byte	0x290
 753 0324 02       		.byte	0x2
 754 0325 23       		.byte	0x23
 755 0326 1C       		.uleb128 0x1c
 756 0327 0C       		.uleb128 0xc
 757 0328 6C7200   		.ascii	"lr\000"
 758 032b 07       		.byte	0x7
 759 032c 2001     		.2byte	0x120
 760 032e 90020000 		.4byte	0x290
 761 0332 02       		.byte	0x2
 762 0333 23       		.byte	0x23
 763 0334 20       		.uleb128 0x20
 764 0335 00       		.byte	0
 765 0336 0B       		.uleb128 0xb
 766 0337 E8000000 		.4byte	.LASF48
 767 033b 04       		.byte	0x4
 768 033c 07       		.byte	0x7
 769 033d 2A01     		.2byte	0x12a
 770 033f 53030000 		.4byte	0x353
 771 0343 0C       		.uleb128 0xc
 772 0344 72313300 		.ascii	"r13\000"
 773 0348 07       		.byte	0x7
 774 0349 2B01     		.2byte	0x12b
 775 034b 53030000 		.4byte	0x353
 776 034f 02       		.byte	0x2
 777 0350 23       		.byte	0x23
 778 0351 00       		.uleb128 0
 779 0352 00       		.byte	0
 780 0353 09       		.uleb128 0x9
 781 0354 04       		.byte	0x4
 782 0355 A8020000 		.4byte	0x2a8
 783 0359 03       		.uleb128 0x3
 784 035a 04       		.byte	0x4
 785 035b 07       		.byte	0x7
 786 035c 83010000 		.4byte	.LASF49
 787 0360 0D       		.uleb128 0xd
 788 0361 EF000000 		.4byte	0xef
 789 0365 08       		.uleb128 0x8
ARM GAS  /tmp/cciLRxOv.s 			page 15


 790 0366 1C       		.byte	0x1c
 791 0367 08       		.byte	0x8
 792 0368 57       		.byte	0x57
 793 0369 C2030000 		.4byte	0x3c2
 794 036d 06       		.uleb128 0x6
 795 036e 85020000 		.4byte	.LASF50
 796 0372 08       		.byte	0x8
 797 0373 58       		.byte	0x58
 798 0374 63020000 		.4byte	0x263
 799 0378 02       		.byte	0x2
 800 0379 23       		.byte	0x23
 801 037a 00       		.uleb128 0
 802 037b 06       		.uleb128 0x6
 803 037c 32020000 		.4byte	.LASF51
 804 0380 08       		.byte	0x8
 805 0381 59       		.byte	0x59
 806 0382 CE000000 		.4byte	0xce
 807 0386 02       		.byte	0x2
 808 0387 23       		.byte	0x23
 809 0388 08       		.uleb128 0x8
 810 0389 06       		.uleb128 0x6
 811 038a A3010000 		.4byte	.LASF52
 812 038e 08       		.byte	0x8
 813 038f 5B       		.byte	0x5b
 814 0390 36030000 		.4byte	0x336
 815 0394 02       		.byte	0x2
 816 0395 23       		.byte	0x23
 817 0396 0C       		.uleb128 0xc
 818 0397 06       		.uleb128 0x6
 819 0398 AD000000 		.4byte	.LASF53
 820 039c 08       		.byte	0x8
 821 039d 5E       		.byte	0x5e
 822 039e 5D020000 		.4byte	0x25d
 823 03a2 02       		.byte	0x2
 824 03a3 23       		.byte	0x23
 825 03a4 10       		.uleb128 0x10
 826 03a5 06       		.uleb128 0x6
 827 03a6 C0010000 		.4byte	.LASF54
 828 03aa 08       		.byte	0x8
 829 03ab 5F       		.byte	0x5f
 830 03ac 5D020000 		.4byte	0x25d
 831 03b0 02       		.byte	0x2
 832 03b1 23       		.byte	0x23
 833 03b2 14       		.uleb128 0x14
 834 03b3 06       		.uleb128 0x6
 835 03b4 B6010000 		.4byte	.LASF55
 836 03b8 08       		.byte	0x8
 837 03b9 62       		.byte	0x62
 838 03ba 5D020000 		.4byte	0x25d
 839 03be 02       		.byte	0x2
 840 03bf 23       		.byte	0x23
 841 03c0 18       		.uleb128 0x18
 842 03c1 00       		.byte	0
 843 03c2 04       		.uleb128 0x4
 844 03c3 3A030000 		.4byte	.LASF56
 845 03c7 08       		.byte	0x8
 846 03c8 64       		.byte	0x64
ARM GAS  /tmp/cciLRxOv.s 			page 16


 847 03c9 65030000 		.4byte	0x365
 848 03cd 05       		.uleb128 0x5
 849 03ce 29010000 		.4byte	.LASF57
 850 03d2 10       		.byte	0x10
 851 03d3 09       		.byte	0x9
 852 03d4 25       		.byte	0x25
 853 03d5 04040000 		.4byte	0x404
 854 03d9 06       		.uleb128 0x6
 855 03da 77000000 		.4byte	.LASF58
 856 03de 09       		.byte	0x9
 857 03df 26       		.byte	0x26
 858 03e0 63020000 		.4byte	0x263
 859 03e4 02       		.byte	0x2
 860 03e5 23       		.byte	0x23
 861 03e6 00       		.uleb128 0
 862 03e7 06       		.uleb128 0x6
 863 03e8 7C030000 		.4byte	.LASF59
 864 03ec 09       		.byte	0x9
 865 03ed 28       		.byte	0x28
 866 03ee 5D020000 		.4byte	0x25d
 867 03f2 02       		.byte	0x2
 868 03f3 23       		.byte	0x23
 869 03f4 08       		.uleb128 0x8
 870 03f5 06       		.uleb128 0x6
 871 03f6 AA020000 		.4byte	.LASF60
 872 03fa 09       		.byte	0x9
 873 03fb 2A       		.byte	0x2a
 874 03fc 04040000 		.4byte	0x404
 875 0400 02       		.byte	0x2
 876 0401 23       		.byte	0x23
 877 0402 0C       		.uleb128 0xc
 878 0403 00       		.byte	0
 879 0404 09       		.uleb128 0x9
 880 0405 04       		.byte	0x4
 881 0406 CD030000 		.4byte	0x3cd
 882 040a 04       		.uleb128 0x4
 883 040b 29010000 		.4byte	.LASF57
 884 040f 09       		.byte	0x9
 885 0410 2C       		.byte	0x2c
 886 0411 CD030000 		.4byte	0x3cd
 887 0415 0E       		.uleb128 0xe
 888 0416 04       		.byte	0x4
 889 0417 06       		.byte	0x6
 890 0418 8F       		.byte	0x8f
 891 0419 4A040000 		.4byte	0x44a
 892 041d 0F       		.uleb128 0xf
 893 041e 1E000000 		.4byte	.LASF61
 894 0422 06       		.byte	0x6
 895 0423 96       		.byte	0x96
 896 0424 D9000000 		.4byte	0xd9
 897 0428 0F       		.uleb128 0xf
 898 0429 45000000 		.4byte	.LASF62
 899 042d 06       		.byte	0x6
 900 042e 9D       		.byte	0x9d
 901 042f D9000000 		.4byte	0xd9
 902 0433 0F       		.uleb128 0xf
 903 0434 52030000 		.4byte	.LASF63
ARM GAS  /tmp/cciLRxOv.s 			page 17


 904 0438 06       		.byte	0x6
 905 0439 A4       		.byte	0xa4
 906 043a 9B020000 		.4byte	0x29b
 907 043e 0F       		.uleb128 0xf
 908 043f 39020000 		.4byte	.LASF64
 909 0443 06       		.byte	0x6
 910 0444 AB       		.byte	0xab
 911 0445 E4000000 		.4byte	0xe4
 912 0449 00       		.byte	0
 913 044a 09       		.uleb128 0x9
 914 044b 04       		.byte	0x4
 915 044c 50040000 		.4byte	0x450
 916 0450 10       		.uleb128 0x10
 917 0451 55040000 		.4byte	0x455
 918 0455 03       		.uleb128 0x3
 919 0456 01       		.byte	0x1
 920 0457 08       		.byte	0x8
 921 0458 99020000 		.4byte	.LASF65
 922 045c 09       		.uleb128 0x9
 923 045d 04       		.byte	0x4
 924 045e 9D020000 		.4byte	0x29d
 925 0462 09       		.uleb128 0x9
 926 0463 04       		.byte	0x4
 927 0464 0A040000 		.4byte	0x40a
 928 0468 11       		.uleb128 0x11
 929 0469 06000000 		.4byte	.LASF75
 930 046d 02       		.byte	0x2
 931 046e 2D       		.byte	0x2d
 932 046f 01       		.byte	0x1
 933 0470 03       		.byte	0x3
 934 0471 8B040000 		.4byte	0x48b
 935 0475 12       		.uleb128 0x12
 936 0476 747000   		.ascii	"tp\000"
 937 0479 02       		.byte	0x2
 938 047a 2D       		.byte	0x2d
 939 047b 5D020000 		.4byte	0x25d
 940 047f 12       		.uleb128 0x12
 941 0480 74717000 		.ascii	"tqp\000"
 942 0484 02       		.byte	0x2
 943 0485 2D       		.byte	0x2d
 944 0486 8B040000 		.4byte	0x48b
 945 048a 00       		.byte	0
 946 048b 09       		.uleb128 0x9
 947 048c 04       		.byte	0x4
 948 048d 63020000 		.4byte	0x263
 949 0491 13       		.uleb128 0x13
 950 0492 9E020000 		.4byte	.LASF76
 951 0496 02       		.byte	0x2
 952 0497 34       		.byte	0x34
 953 0498 01       		.byte	0x1
 954 0499 5D020000 		.4byte	0x25d
 955 049d 03       		.byte	0x3
 956 049e B8040000 		.4byte	0x4b8
 957 04a2 12       		.uleb128 0x12
 958 04a3 74717000 		.ascii	"tqp\000"
 959 04a7 02       		.byte	0x2
 960 04a8 34       		.byte	0x34
ARM GAS  /tmp/cciLRxOv.s 			page 18


 961 04a9 8B040000 		.4byte	0x48b
 962 04ad 14       		.uleb128 0x14
 963 04ae 747000   		.ascii	"tp\000"
 964 04b1 02       		.byte	0x2
 965 04b2 35       		.byte	0x35
 966 04b3 5D020000 		.4byte	0x25d
 967 04b7 00       		.byte	0
 968 04b8 15       		.uleb128 0x15
 969 04b9 01       		.byte	0x1
 970 04ba 92000000 		.4byte	.LASF66
 971 04be 01       		.byte	0x1
 972 04bf 44       		.byte	0x44
 973 04c0 01       		.byte	0x1
 974 04c1 D9000000 		.4byte	0xd9
 975 04c5 00000000 		.4byte	.LFB7
 976 04c9 60000000 		.4byte	.LFE7
 977 04cd 00000000 		.4byte	.LLST0
 978 04d1 01       		.byte	0x1
 979 04d2 AF050000 		.4byte	0x5af
 980 04d6 16       		.uleb128 0x16
 981 04d7 747000   		.ascii	"tp\000"
 982 04da 01       		.byte	0x1
 983 04db 44       		.byte	0x44
 984 04dc 5D020000 		.4byte	0x25d
 985 04e0 20000000 		.4byte	.LLST1
 986 04e4 16       		.uleb128 0x16
 987 04e5 6D736700 		.ascii	"msg\000"
 988 04e9 01       		.byte	0x1
 989 04ea 44       		.byte	0x44
 990 04eb D9000000 		.4byte	0xd9
 991 04ef 54000000 		.4byte	.LLST2
 992 04f3 17       		.uleb128 0x17
 993 04f4 63747000 		.ascii	"ctp\000"
 994 04f8 01       		.byte	0x1
 995 04f9 45       		.byte	0x45
 996 04fa 5D020000 		.4byte	0x25d
 997 04fe 9E000000 		.4byte	.LLST3
 998 0502 18       		.uleb128 0x18
 999 0503 0C000000 		.4byte	.LBB10
 1000 0507 12000000 		.4byte	.LBE10
 1001 050b 1F050000 		.4byte	0x51f
 1002 050f 17       		.uleb128 0x17
 1003 0510 746D7000 		.ascii	"tmp\000"
 1004 0514 01       		.byte	0x1
 1005 0515 49       		.byte	0x49
 1006 0516 70000000 		.4byte	0x70
 1007 051a BC000000 		.4byte	.LLST4
 1008 051e 00       		.byte	0
 1009 051f 19       		.uleb128 0x19
 1010 0520 68040000 		.4byte	0x468
 1011 0524 20000000 		.4byte	.LBB11
 1012 0528 00000000 		.4byte	.Ldebug_ranges0+0
 1013 052c 01       		.byte	0x1
 1014 052d 4C       		.byte	0x4c
 1015 052e 45050000 		.4byte	0x545
 1016 0532 1A       		.uleb128 0x1a
 1017 0533 7F040000 		.4byte	0x47f
ARM GAS  /tmp/cciLRxOv.s 			page 19


 1018 0537 CF000000 		.4byte	.LLST5
 1019 053b 1A       		.uleb128 0x1a
 1020 053c 75040000 		.4byte	0x475
 1021 0540 07010000 		.4byte	.LLST6
 1022 0544 00       		.byte	0
 1023 0545 18       		.uleb128 0x18
 1024 0546 3C000000 		.4byte	.LBB17
 1025 054a 42000000 		.4byte	.LBE17
 1026 054e 62050000 		.4byte	0x562
 1027 0552 17       		.uleb128 0x17
 1028 0553 746D7000 		.ascii	"tmp\000"
 1029 0557 01       		.byte	0x1
 1030 0558 51       		.byte	0x51
 1031 0559 70000000 		.4byte	0x70
 1032 055d 25010000 		.4byte	.LLST7
 1033 0561 00       		.byte	0
 1034 0562 1B       		.uleb128 0x1b
 1035 0563 16000000 		.4byte	.LVL5
 1036 0567 21070000 		.4byte	0x721
 1037 056b 1C       		.uleb128 0x1c
 1038 056c 36000000 		.4byte	.LVL8
 1039 0570 2B070000 		.4byte	0x72b
 1040 0574 7E050000 		.4byte	0x57e
 1041 0578 1D       		.uleb128 0x1d
 1042 0579 01       		.byte	0x1
 1043 057a 50       		.byte	0x50
 1044 057b 01       		.byte	0x1
 1045 057c 3A       		.byte	0x3a
 1046 057d 00       		.byte	0
 1047 057e 1B       		.uleb128 0x1b
 1048 057f 3C000000 		.4byte	.LVL10
 1049 0583 3F070000 		.4byte	0x73f
 1050 0587 1C       		.uleb128 0x1c
 1051 0588 4C000000 		.4byte	.LVL14
 1052 058c 49070000 		.4byte	0x749
 1053 0590 9B050000 		.4byte	0x59b
 1054 0594 1D       		.uleb128 0x1d
 1055 0595 01       		.byte	0x1
 1056 0596 50       		.byte	0x50
 1057 0597 02       		.byte	0x2
 1058 0598 75       		.byte	0x75
 1059 0599 00       		.sleb128 0
 1060 059a 00       		.byte	0
 1061 059b 1E       		.uleb128 0x1e
 1062 059c 54000000 		.4byte	.LVL17
 1063 05a0 61070000 		.4byte	0x761
 1064 05a4 1D       		.uleb128 0x1d
 1065 05a5 01       		.byte	0x1
 1066 05a6 50       		.byte	0x50
 1067 05a7 05       		.byte	0x5
 1068 05a8 03       		.byte	0x3
 1069 05a9 00000000 		.4byte	.LC0
 1070 05ad 00       		.byte	0
 1071 05ae 00       		.byte	0
 1072 05af 15       		.uleb128 0x15
 1073 05b0 01       		.byte	0x1
 1074 05b1 29030000 		.4byte	.LASF67
ARM GAS  /tmp/cciLRxOv.s 			page 20


 1075 05b5 01       		.byte	0x1
 1076 05b6 63       		.byte	0x63
 1077 05b7 01       		.byte	0x1
 1078 05b8 5D020000 		.4byte	0x25d
 1079 05bc 00000000 		.4byte	.LFB8
 1080 05c0 48000000 		.4byte	.LFE8
 1081 05c4 38010000 		.4byte	.LLST8
 1082 05c8 01       		.byte	0x1
 1083 05c9 5F060000 		.4byte	0x65f
 1084 05cd 14       		.uleb128 0x14
 1085 05ce 747000   		.ascii	"tp\000"
 1086 05d1 01       		.byte	0x1
 1087 05d2 64       		.byte	0x64
 1088 05d3 5D020000 		.4byte	0x25d
 1089 05d7 18       		.uleb128 0x18
 1090 05d8 02000000 		.4byte	.LBB18
 1091 05dc 08000000 		.4byte	.LBE18
 1092 05e0 F4050000 		.4byte	0x5f4
 1093 05e4 17       		.uleb128 0x17
 1094 05e5 746D7000 		.ascii	"tmp\000"
 1095 05e9 01       		.byte	0x1
 1096 05ea 66       		.byte	0x66
 1097 05eb 70000000 		.4byte	0x70
 1098 05ef 58010000 		.4byte	.LLST9
 1099 05f3 00       		.byte	0
 1100 05f4 19       		.uleb128 0x19
 1101 05f5 91040000 		.4byte	0x491
 1102 05f9 1A000000 		.4byte	.LBB19
 1103 05fd 20000000 		.4byte	.Ldebug_ranges0+0x20
 1104 0601 01       		.byte	0x1
 1105 0602 69       		.byte	0x69
 1106 0603 20060000 		.4byte	0x620
 1107 0607 1A       		.uleb128 0x1a
 1108 0608 A2040000 		.4byte	0x4a2
 1109 060c 6B010000 		.4byte	.LLST10
 1110 0610 1F       		.uleb128 0x1f
 1111 0611 38000000 		.4byte	.Ldebug_ranges0+0x38
 1112 0615 20       		.uleb128 0x20
 1113 0616 AD040000 		.4byte	0x4ad
 1114 061a 80010000 		.4byte	.LLST11
 1115 061e 00       		.byte	0
 1116 061f 00       		.byte	0
 1117 0620 18       		.uleb128 0x18
 1118 0621 2A000000 		.4byte	.LBB23
 1119 0625 30000000 		.4byte	.LBE23
 1120 0629 3D060000 		.4byte	0x63d
 1121 062d 17       		.uleb128 0x17
 1122 062e 746D7000 		.ascii	"tmp\000"
 1123 0632 01       		.byte	0x1
 1124 0633 6B       		.byte	0x6b
 1125 0634 70000000 		.4byte	0x70
 1126 0638 93010000 		.4byte	.LLST12
 1127 063c 00       		.byte	0
 1128 063d 1B       		.uleb128 0x1b
 1129 063e 0E000000 		.4byte	.LVL20
 1130 0642 21070000 		.4byte	0x721
 1131 0646 1B       		.uleb128 0x1b
ARM GAS  /tmp/cciLRxOv.s 			page 21


 1132 0647 2A000000 		.4byte	.LVL22
 1133 064b 3F070000 		.4byte	0x73f
 1134 064f 1E       		.uleb128 0x1e
 1135 0650 3A000000 		.4byte	.LVL26
 1136 0654 2B070000 		.4byte	0x72b
 1137 0658 1D       		.uleb128 0x1d
 1138 0659 01       		.byte	0x1
 1139 065a 50       		.byte	0x50
 1140 065b 01       		.byte	0x1
 1141 065c 3C       		.byte	0x3c
 1142 065d 00       		.byte	0
 1143 065e 00       		.byte	0
 1144 065f 21       		.uleb128 0x21
 1145 0660 01       		.byte	0x1
 1146 0661 56020000 		.4byte	.LASF77
 1147 0665 01       		.byte	0x1
 1148 0666 79       		.byte	0x79
 1149 0667 01       		.byte	0x1
 1150 0668 00000000 		.4byte	.LFB9
 1151 066c 38000000 		.4byte	.LFE9
 1152 0670 A6010000 		.4byte	.LLST13
 1153 0674 01       		.byte	0x1
 1154 0675 14070000 		.4byte	0x714
 1155 0679 16       		.uleb128 0x16
 1156 067a 747000   		.ascii	"tp\000"
 1157 067d 01       		.byte	0x1
 1158 067e 79       		.byte	0x79
 1159 067f 5D020000 		.4byte	0x25d
 1160 0683 C6010000 		.4byte	.LLST14
 1161 0687 16       		.uleb128 0x16
 1162 0688 6D736700 		.ascii	"msg\000"
 1163 068c 01       		.byte	0x1
 1164 068d 79       		.byte	0x79
 1165 068e D9000000 		.4byte	0xd9
 1166 0692 E4010000 		.4byte	.LLST15
 1167 0696 18       		.uleb128 0x18
 1168 0697 06000000 		.4byte	.LBB24
 1169 069b 0C000000 		.4byte	.LBE24
 1170 069f B3060000 		.4byte	0x6b3
 1171 06a3 17       		.uleb128 0x17
 1172 06a4 746D7000 		.ascii	"tmp\000"
 1173 06a8 01       		.byte	0x1
 1174 06a9 7B       		.byte	0x7b
 1175 06aa 70000000 		.4byte	0x70
 1176 06ae 02020000 		.4byte	.LLST16
 1177 06b2 00       		.byte	0
 1178 06b3 18       		.uleb128 0x18
 1179 06b4 2A000000 		.4byte	.LBB25
 1180 06b8 38000000 		.4byte	.LBE25
 1181 06bc D0060000 		.4byte	0x6d0
 1182 06c0 17       		.uleb128 0x17
 1183 06c1 746D7000 		.ascii	"tmp\000"
 1184 06c5 01       		.byte	0x1
 1185 06c6 7F       		.byte	0x7f
 1186 06c7 70000000 		.4byte	0x70
 1187 06cb 15020000 		.4byte	.LLST17
 1188 06cf 00       		.byte	0
ARM GAS  /tmp/cciLRxOv.s 			page 22


 1189 06d0 1B       		.uleb128 0x1b
 1190 06d1 10000000 		.4byte	.LVL30
 1191 06d5 21070000 		.4byte	0x721
 1192 06d9 1C       		.uleb128 0x1c
 1193 06da 1E000000 		.4byte	.LVL31
 1194 06de 61070000 		.4byte	0x761
 1195 06e2 F0060000 		.4byte	0x6f0
 1196 06e6 1D       		.uleb128 0x1d
 1197 06e7 01       		.byte	0x1
 1198 06e8 50       		.byte	0x50
 1199 06e9 05       		.byte	0x5
 1200 06ea 03       		.byte	0x3
 1201 06eb 10000000 		.4byte	.LC1
 1202 06ef 00       		.byte	0
 1203 06f0 1C       		.uleb128 0x1c
 1204 06f1 26000000 		.4byte	.LVL32
 1205 06f5 75070000 		.4byte	0x775
 1206 06f9 0A070000 		.4byte	0x70a
 1207 06fd 1D       		.uleb128 0x1d
 1208 06fe 01       		.byte	0x1
 1209 06ff 51       		.byte	0x51
 1210 0700 02       		.byte	0x2
 1211 0701 75       		.byte	0x75
 1212 0702 00       		.sleb128 0
 1213 0703 1D       		.uleb128 0x1d
 1214 0704 01       		.byte	0x1
 1215 0705 50       		.byte	0x50
 1216 0706 02       		.byte	0x2
 1217 0707 74       		.byte	0x74
 1218 0708 00       		.sleb128 0
 1219 0709 00       		.byte	0
 1220 070a 1B       		.uleb128 0x1b
 1221 070b 2A000000 		.4byte	.LVL33
 1222 070f 3F070000 		.4byte	0x73f
 1223 0713 00       		.byte	0
 1224 0714 22       		.uleb128 0x22
 1225 0715 44030000 		.4byte	.LASF78
 1226 0719 08       		.byte	0x8
 1227 071a 68       		.byte	0x68
 1228 071b C2030000 		.4byte	0x3c2
 1229 071f 01       		.byte	0x1
 1230 0720 01       		.byte	0x1
 1231 0721 23       		.uleb128 0x23
 1232 0722 01       		.byte	0x1
 1233 0723 8C010000 		.4byte	.LASF68
 1234 0727 0A       		.byte	0xa
 1235 0728 E0       		.byte	0xe0
 1236 0729 01       		.byte	0x1
 1237 072a 01       		.byte	0x1
 1238 072b 24       		.uleb128 0x24
 1239 072c 01       		.byte	0x1
 1240 072d 63020000 		.4byte	.LASF70
 1241 0731 08       		.byte	0x8
 1242 0732 8C       		.byte	0x8c
 1243 0733 01       		.byte	0x1
 1244 0734 01       		.byte	0x1
 1245 0735 3F070000 		.4byte	0x73f
ARM GAS  /tmp/cciLRxOv.s 			page 23


 1246 0739 25       		.uleb128 0x25
 1247 073a AD000000 		.4byte	0xad
 1248 073e 00       		.byte	0
 1249 073f 23       		.uleb128 0x23
 1250 0740 01       		.byte	0x1
 1251 0741 C8010000 		.4byte	.LASF69
 1252 0745 0A       		.byte	0xa
 1253 0746 E1       		.byte	0xe1
 1254 0747 01       		.byte	0x1
 1255 0748 01       		.byte	0x1
 1256 0749 26       		.uleb128 0x26
 1257 074a 01       		.byte	0x1
 1258 074b 8D020000 		.4byte	.LASF79
 1259 074f 08       		.byte	0x8
 1260 0750 89       		.byte	0x89
 1261 0751 01       		.byte	0x1
 1262 0752 5D020000 		.4byte	0x25d
 1263 0756 01       		.byte	0x1
 1264 0757 61070000 		.4byte	0x761
 1265 075b 25       		.uleb128 0x25
 1266 075c 5D020000 		.4byte	0x25d
 1267 0760 00       		.byte	0
 1268 0761 24       		.uleb128 0x24
 1269 0762 01       		.byte	0x1
 1270 0763 13000000 		.4byte	.LASF71
 1271 0767 0A       		.byte	0xa
 1272 0768 EF       		.byte	0xef
 1273 0769 01       		.byte	0x1
 1274 076a 01       		.byte	0x1
 1275 076b 75070000 		.4byte	0x775
 1276 076f 25       		.uleb128 0x25
 1277 0770 4A040000 		.4byte	0x44a
 1278 0774 00       		.byte	0
 1279 0775 27       		.uleb128 0x27
 1280 0776 01       		.byte	0x1
 1281 0777 1C030000 		.4byte	.LASF80
 1282 077b 08       		.byte	0x8
 1283 077c 92       		.byte	0x92
 1284 077d 01       		.byte	0x1
 1285 077e 01       		.byte	0x1
 1286 077f 25       		.uleb128 0x25
 1287 0780 5D020000 		.4byte	0x25d
 1288 0784 25       		.uleb128 0x25
 1289 0785 D9000000 		.4byte	0xd9
 1290 0789 00       		.byte	0
 1291 078a 00       		.byte	0
 1292              		.section	.debug_abbrev,"",%progbits
 1293              	.Ldebug_abbrev0:
 1294 0000 01       		.uleb128 0x1
 1295 0001 11       		.uleb128 0x11
 1296 0002 01       		.byte	0x1
 1297 0003 25       		.uleb128 0x25
 1298 0004 0E       		.uleb128 0xe
 1299 0005 13       		.uleb128 0x13
 1300 0006 0B       		.uleb128 0xb
 1301 0007 03       		.uleb128 0x3
 1302 0008 0E       		.uleb128 0xe
ARM GAS  /tmp/cciLRxOv.s 			page 24


 1303 0009 1B       		.uleb128 0x1b
 1304 000a 0E       		.uleb128 0xe
 1305 000b 55       		.uleb128 0x55
 1306 000c 06       		.uleb128 0x6
 1307 000d 11       		.uleb128 0x11
 1308 000e 01       		.uleb128 0x1
 1309 000f 52       		.uleb128 0x52
 1310 0010 01       		.uleb128 0x1
 1311 0011 10       		.uleb128 0x10
 1312 0012 06       		.uleb128 0x6
 1313 0013 00       		.byte	0
 1314 0014 00       		.byte	0
 1315 0015 02       		.uleb128 0x2
 1316 0016 24       		.uleb128 0x24
 1317 0017 00       		.byte	0
 1318 0018 0B       		.uleb128 0xb
 1319 0019 0B       		.uleb128 0xb
 1320 001a 3E       		.uleb128 0x3e
 1321 001b 0B       		.uleb128 0xb
 1322 001c 03       		.uleb128 0x3
 1323 001d 08       		.uleb128 0x8
 1324 001e 00       		.byte	0
 1325 001f 00       		.byte	0
 1326 0020 03       		.uleb128 0x3
 1327 0021 24       		.uleb128 0x24
 1328 0022 00       		.byte	0
 1329 0023 0B       		.uleb128 0xb
 1330 0024 0B       		.uleb128 0xb
 1331 0025 3E       		.uleb128 0x3e
 1332 0026 0B       		.uleb128 0xb
 1333 0027 03       		.uleb128 0x3
 1334 0028 0E       		.uleb128 0xe
 1335 0029 00       		.byte	0
 1336 002a 00       		.byte	0
 1337 002b 04       		.uleb128 0x4
 1338 002c 16       		.uleb128 0x16
 1339 002d 00       		.byte	0
 1340 002e 03       		.uleb128 0x3
 1341 002f 0E       		.uleb128 0xe
 1342 0030 3A       		.uleb128 0x3a
 1343 0031 0B       		.uleb128 0xb
 1344 0032 3B       		.uleb128 0x3b
 1345 0033 0B       		.uleb128 0xb
 1346 0034 49       		.uleb128 0x49
 1347 0035 13       		.uleb128 0x13
 1348 0036 00       		.byte	0
 1349 0037 00       		.byte	0
 1350 0038 05       		.uleb128 0x5
 1351 0039 13       		.uleb128 0x13
 1352 003a 01       		.byte	0x1
 1353 003b 03       		.uleb128 0x3
 1354 003c 0E       		.uleb128 0xe
 1355 003d 0B       		.uleb128 0xb
 1356 003e 0B       		.uleb128 0xb
 1357 003f 3A       		.uleb128 0x3a
 1358 0040 0B       		.uleb128 0xb
 1359 0041 3B       		.uleb128 0x3b
ARM GAS  /tmp/cciLRxOv.s 			page 25


 1360 0042 0B       		.uleb128 0xb
 1361 0043 01       		.uleb128 0x1
 1362 0044 13       		.uleb128 0x13
 1363 0045 00       		.byte	0
 1364 0046 00       		.byte	0
 1365 0047 06       		.uleb128 0x6
 1366 0048 0D       		.uleb128 0xd
 1367 0049 00       		.byte	0
 1368 004a 03       		.uleb128 0x3
 1369 004b 0E       		.uleb128 0xe
 1370 004c 3A       		.uleb128 0x3a
 1371 004d 0B       		.uleb128 0xb
 1372 004e 3B       		.uleb128 0x3b
 1373 004f 0B       		.uleb128 0xb
 1374 0050 49       		.uleb128 0x49
 1375 0051 13       		.uleb128 0x13
 1376 0052 38       		.uleb128 0x38
 1377 0053 0A       		.uleb128 0xa
 1378 0054 00       		.byte	0
 1379 0055 00       		.byte	0
 1380 0056 07       		.uleb128 0x7
 1381 0057 0D       		.uleb128 0xd
 1382 0058 00       		.byte	0
 1383 0059 03       		.uleb128 0x3
 1384 005a 08       		.uleb128 0x8
 1385 005b 3A       		.uleb128 0x3a
 1386 005c 0B       		.uleb128 0xb
 1387 005d 3B       		.uleb128 0x3b
 1388 005e 0B       		.uleb128 0xb
 1389 005f 49       		.uleb128 0x49
 1390 0060 13       		.uleb128 0x13
 1391 0061 38       		.uleb128 0x38
 1392 0062 0A       		.uleb128 0xa
 1393 0063 00       		.byte	0
 1394 0064 00       		.byte	0
 1395 0065 08       		.uleb128 0x8
 1396 0066 13       		.uleb128 0x13
 1397 0067 01       		.byte	0x1
 1398 0068 0B       		.uleb128 0xb
 1399 0069 0B       		.uleb128 0xb
 1400 006a 3A       		.uleb128 0x3a
 1401 006b 0B       		.uleb128 0xb
 1402 006c 3B       		.uleb128 0x3b
 1403 006d 0B       		.uleb128 0xb
 1404 006e 01       		.uleb128 0x1
 1405 006f 13       		.uleb128 0x13
 1406 0070 00       		.byte	0
 1407 0071 00       		.byte	0
 1408 0072 09       		.uleb128 0x9
 1409 0073 0F       		.uleb128 0xf
 1410 0074 00       		.byte	0
 1411 0075 0B       		.uleb128 0xb
 1412 0076 0B       		.uleb128 0xb
 1413 0077 49       		.uleb128 0x49
 1414 0078 13       		.uleb128 0x13
 1415 0079 00       		.byte	0
 1416 007a 00       		.byte	0
ARM GAS  /tmp/cciLRxOv.s 			page 26


 1417 007b 0A       		.uleb128 0xa
 1418 007c 0F       		.uleb128 0xf
 1419 007d 00       		.byte	0
 1420 007e 0B       		.uleb128 0xb
 1421 007f 0B       		.uleb128 0xb
 1422 0080 00       		.byte	0
 1423 0081 00       		.byte	0
 1424 0082 0B       		.uleb128 0xb
 1425 0083 13       		.uleb128 0x13
 1426 0084 01       		.byte	0x1
 1427 0085 03       		.uleb128 0x3
 1428 0086 0E       		.uleb128 0xe
 1429 0087 0B       		.uleb128 0xb
 1430 0088 0B       		.uleb128 0xb
 1431 0089 3A       		.uleb128 0x3a
 1432 008a 0B       		.uleb128 0xb
 1433 008b 3B       		.uleb128 0x3b
 1434 008c 05       		.uleb128 0x5
 1435 008d 01       		.uleb128 0x1
 1436 008e 13       		.uleb128 0x13
 1437 008f 00       		.byte	0
 1438 0090 00       		.byte	0
 1439 0091 0C       		.uleb128 0xc
 1440 0092 0D       		.uleb128 0xd
 1441 0093 00       		.byte	0
 1442 0094 03       		.uleb128 0x3
 1443 0095 08       		.uleb128 0x8
 1444 0096 3A       		.uleb128 0x3a
 1445 0097 0B       		.uleb128 0xb
 1446 0098 3B       		.uleb128 0x3b
 1447 0099 05       		.uleb128 0x5
 1448 009a 49       		.uleb128 0x49
 1449 009b 13       		.uleb128 0x13
 1450 009c 38       		.uleb128 0x38
 1451 009d 0A       		.uleb128 0xa
 1452 009e 00       		.byte	0
 1453 009f 00       		.byte	0
 1454 00a0 0D       		.uleb128 0xd
 1455 00a1 35       		.uleb128 0x35
 1456 00a2 00       		.byte	0
 1457 00a3 49       		.uleb128 0x49
 1458 00a4 13       		.uleb128 0x13
 1459 00a5 00       		.byte	0
 1460 00a6 00       		.byte	0
 1461 00a7 0E       		.uleb128 0xe
 1462 00a8 17       		.uleb128 0x17
 1463 00a9 01       		.byte	0x1
 1464 00aa 0B       		.uleb128 0xb
 1465 00ab 0B       		.uleb128 0xb
 1466 00ac 3A       		.uleb128 0x3a
 1467 00ad 0B       		.uleb128 0xb
 1468 00ae 3B       		.uleb128 0x3b
 1469 00af 0B       		.uleb128 0xb
 1470 00b0 01       		.uleb128 0x1
 1471 00b1 13       		.uleb128 0x13
 1472 00b2 00       		.byte	0
 1473 00b3 00       		.byte	0
ARM GAS  /tmp/cciLRxOv.s 			page 27


 1474 00b4 0F       		.uleb128 0xf
 1475 00b5 0D       		.uleb128 0xd
 1476 00b6 00       		.byte	0
 1477 00b7 03       		.uleb128 0x3
 1478 00b8 0E       		.uleb128 0xe
 1479 00b9 3A       		.uleb128 0x3a
 1480 00ba 0B       		.uleb128 0xb
 1481 00bb 3B       		.uleb128 0x3b
 1482 00bc 0B       		.uleb128 0xb
 1483 00bd 49       		.uleb128 0x49
 1484 00be 13       		.uleb128 0x13
 1485 00bf 00       		.byte	0
 1486 00c0 00       		.byte	0
 1487 00c1 10       		.uleb128 0x10
 1488 00c2 26       		.uleb128 0x26
 1489 00c3 00       		.byte	0
 1490 00c4 49       		.uleb128 0x49
 1491 00c5 13       		.uleb128 0x13
 1492 00c6 00       		.byte	0
 1493 00c7 00       		.byte	0
 1494 00c8 11       		.uleb128 0x11
 1495 00c9 2E       		.uleb128 0x2e
 1496 00ca 01       		.byte	0x1
 1497 00cb 03       		.uleb128 0x3
 1498 00cc 0E       		.uleb128 0xe
 1499 00cd 3A       		.uleb128 0x3a
 1500 00ce 0B       		.uleb128 0xb
 1501 00cf 3B       		.uleb128 0x3b
 1502 00d0 0B       		.uleb128 0xb
 1503 00d1 27       		.uleb128 0x27
 1504 00d2 0C       		.uleb128 0xc
 1505 00d3 20       		.uleb128 0x20
 1506 00d4 0B       		.uleb128 0xb
 1507 00d5 01       		.uleb128 0x1
 1508 00d6 13       		.uleb128 0x13
 1509 00d7 00       		.byte	0
 1510 00d8 00       		.byte	0
 1511 00d9 12       		.uleb128 0x12
 1512 00da 05       		.uleb128 0x5
 1513 00db 00       		.byte	0
 1514 00dc 03       		.uleb128 0x3
 1515 00dd 08       		.uleb128 0x8
 1516 00de 3A       		.uleb128 0x3a
 1517 00df 0B       		.uleb128 0xb
 1518 00e0 3B       		.uleb128 0x3b
 1519 00e1 0B       		.uleb128 0xb
 1520 00e2 49       		.uleb128 0x49
 1521 00e3 13       		.uleb128 0x13
 1522 00e4 00       		.byte	0
 1523 00e5 00       		.byte	0
 1524 00e6 13       		.uleb128 0x13
 1525 00e7 2E       		.uleb128 0x2e
 1526 00e8 01       		.byte	0x1
 1527 00e9 03       		.uleb128 0x3
 1528 00ea 0E       		.uleb128 0xe
 1529 00eb 3A       		.uleb128 0x3a
 1530 00ec 0B       		.uleb128 0xb
ARM GAS  /tmp/cciLRxOv.s 			page 28


 1531 00ed 3B       		.uleb128 0x3b
 1532 00ee 0B       		.uleb128 0xb
 1533 00ef 27       		.uleb128 0x27
 1534 00f0 0C       		.uleb128 0xc
 1535 00f1 49       		.uleb128 0x49
 1536 00f2 13       		.uleb128 0x13
 1537 00f3 20       		.uleb128 0x20
 1538 00f4 0B       		.uleb128 0xb
 1539 00f5 01       		.uleb128 0x1
 1540 00f6 13       		.uleb128 0x13
 1541 00f7 00       		.byte	0
 1542 00f8 00       		.byte	0
 1543 00f9 14       		.uleb128 0x14
 1544 00fa 34       		.uleb128 0x34
 1545 00fb 00       		.byte	0
 1546 00fc 03       		.uleb128 0x3
 1547 00fd 08       		.uleb128 0x8
 1548 00fe 3A       		.uleb128 0x3a
 1549 00ff 0B       		.uleb128 0xb
 1550 0100 3B       		.uleb128 0x3b
 1551 0101 0B       		.uleb128 0xb
 1552 0102 49       		.uleb128 0x49
 1553 0103 13       		.uleb128 0x13
 1554 0104 00       		.byte	0
 1555 0105 00       		.byte	0
 1556 0106 15       		.uleb128 0x15
 1557 0107 2E       		.uleb128 0x2e
 1558 0108 01       		.byte	0x1
 1559 0109 3F       		.uleb128 0x3f
 1560 010a 0C       		.uleb128 0xc
 1561 010b 03       		.uleb128 0x3
 1562 010c 0E       		.uleb128 0xe
 1563 010d 3A       		.uleb128 0x3a
 1564 010e 0B       		.uleb128 0xb
 1565 010f 3B       		.uleb128 0x3b
 1566 0110 0B       		.uleb128 0xb
 1567 0111 27       		.uleb128 0x27
 1568 0112 0C       		.uleb128 0xc
 1569 0113 49       		.uleb128 0x49
 1570 0114 13       		.uleb128 0x13
 1571 0115 11       		.uleb128 0x11
 1572 0116 01       		.uleb128 0x1
 1573 0117 12       		.uleb128 0x12
 1574 0118 01       		.uleb128 0x1
 1575 0119 40       		.uleb128 0x40
 1576 011a 06       		.uleb128 0x6
 1577 011b 9742     		.uleb128 0x2117
 1578 011d 0C       		.uleb128 0xc
 1579 011e 01       		.uleb128 0x1
 1580 011f 13       		.uleb128 0x13
 1581 0120 00       		.byte	0
 1582 0121 00       		.byte	0
 1583 0122 16       		.uleb128 0x16
 1584 0123 05       		.uleb128 0x5
 1585 0124 00       		.byte	0
 1586 0125 03       		.uleb128 0x3
 1587 0126 08       		.uleb128 0x8
ARM GAS  /tmp/cciLRxOv.s 			page 29


 1588 0127 3A       		.uleb128 0x3a
 1589 0128 0B       		.uleb128 0xb
 1590 0129 3B       		.uleb128 0x3b
 1591 012a 0B       		.uleb128 0xb
 1592 012b 49       		.uleb128 0x49
 1593 012c 13       		.uleb128 0x13
 1594 012d 02       		.uleb128 0x2
 1595 012e 06       		.uleb128 0x6
 1596 012f 00       		.byte	0
 1597 0130 00       		.byte	0
 1598 0131 17       		.uleb128 0x17
 1599 0132 34       		.uleb128 0x34
 1600 0133 00       		.byte	0
 1601 0134 03       		.uleb128 0x3
 1602 0135 08       		.uleb128 0x8
 1603 0136 3A       		.uleb128 0x3a
 1604 0137 0B       		.uleb128 0xb
 1605 0138 3B       		.uleb128 0x3b
 1606 0139 0B       		.uleb128 0xb
 1607 013a 49       		.uleb128 0x49
 1608 013b 13       		.uleb128 0x13
 1609 013c 02       		.uleb128 0x2
 1610 013d 06       		.uleb128 0x6
 1611 013e 00       		.byte	0
 1612 013f 00       		.byte	0
 1613 0140 18       		.uleb128 0x18
 1614 0141 0B       		.uleb128 0xb
 1615 0142 01       		.byte	0x1
 1616 0143 11       		.uleb128 0x11
 1617 0144 01       		.uleb128 0x1
 1618 0145 12       		.uleb128 0x12
 1619 0146 01       		.uleb128 0x1
 1620 0147 01       		.uleb128 0x1
 1621 0148 13       		.uleb128 0x13
 1622 0149 00       		.byte	0
 1623 014a 00       		.byte	0
 1624 014b 19       		.uleb128 0x19
 1625 014c 1D       		.uleb128 0x1d
 1626 014d 01       		.byte	0x1
 1627 014e 31       		.uleb128 0x31
 1628 014f 13       		.uleb128 0x13
 1629 0150 52       		.uleb128 0x52
 1630 0151 01       		.uleb128 0x1
 1631 0152 55       		.uleb128 0x55
 1632 0153 06       		.uleb128 0x6
 1633 0154 58       		.uleb128 0x58
 1634 0155 0B       		.uleb128 0xb
 1635 0156 59       		.uleb128 0x59
 1636 0157 0B       		.uleb128 0xb
 1637 0158 01       		.uleb128 0x1
 1638 0159 13       		.uleb128 0x13
 1639 015a 00       		.byte	0
 1640 015b 00       		.byte	0
 1641 015c 1A       		.uleb128 0x1a
 1642 015d 05       		.uleb128 0x5
 1643 015e 00       		.byte	0
 1644 015f 31       		.uleb128 0x31
ARM GAS  /tmp/cciLRxOv.s 			page 30


 1645 0160 13       		.uleb128 0x13
 1646 0161 02       		.uleb128 0x2
 1647 0162 06       		.uleb128 0x6
 1648 0163 00       		.byte	0
 1649 0164 00       		.byte	0
 1650 0165 1B       		.uleb128 0x1b
 1651 0166 898201   		.uleb128 0x4109
 1652 0169 00       		.byte	0
 1653 016a 11       		.uleb128 0x11
 1654 016b 01       		.uleb128 0x1
 1655 016c 31       		.uleb128 0x31
 1656 016d 13       		.uleb128 0x13
 1657 016e 00       		.byte	0
 1658 016f 00       		.byte	0
 1659 0170 1C       		.uleb128 0x1c
 1660 0171 898201   		.uleb128 0x4109
 1661 0174 01       		.byte	0x1
 1662 0175 11       		.uleb128 0x11
 1663 0176 01       		.uleb128 0x1
 1664 0177 31       		.uleb128 0x31
 1665 0178 13       		.uleb128 0x13
 1666 0179 01       		.uleb128 0x1
 1667 017a 13       		.uleb128 0x13
 1668 017b 00       		.byte	0
 1669 017c 00       		.byte	0
 1670 017d 1D       		.uleb128 0x1d
 1671 017e 8A8201   		.uleb128 0x410a
 1672 0181 00       		.byte	0
 1673 0182 02       		.uleb128 0x2
 1674 0183 0A       		.uleb128 0xa
 1675 0184 9142     		.uleb128 0x2111
 1676 0186 0A       		.uleb128 0xa
 1677 0187 00       		.byte	0
 1678 0188 00       		.byte	0
 1679 0189 1E       		.uleb128 0x1e
 1680 018a 898201   		.uleb128 0x4109
 1681 018d 01       		.byte	0x1
 1682 018e 11       		.uleb128 0x11
 1683 018f 01       		.uleb128 0x1
 1684 0190 31       		.uleb128 0x31
 1685 0191 13       		.uleb128 0x13
 1686 0192 00       		.byte	0
 1687 0193 00       		.byte	0
 1688 0194 1F       		.uleb128 0x1f
 1689 0195 0B       		.uleb128 0xb
 1690 0196 01       		.byte	0x1
 1691 0197 55       		.uleb128 0x55
 1692 0198 06       		.uleb128 0x6
 1693 0199 00       		.byte	0
 1694 019a 00       		.byte	0
 1695 019b 20       		.uleb128 0x20
 1696 019c 34       		.uleb128 0x34
 1697 019d 00       		.byte	0
 1698 019e 31       		.uleb128 0x31
 1699 019f 13       		.uleb128 0x13
 1700 01a0 02       		.uleb128 0x2
 1701 01a1 06       		.uleb128 0x6
ARM GAS  /tmp/cciLRxOv.s 			page 31


 1702 01a2 00       		.byte	0
 1703 01a3 00       		.byte	0
 1704 01a4 21       		.uleb128 0x21
 1705 01a5 2E       		.uleb128 0x2e
 1706 01a6 01       		.byte	0x1
 1707 01a7 3F       		.uleb128 0x3f
 1708 01a8 0C       		.uleb128 0xc
 1709 01a9 03       		.uleb128 0x3
 1710 01aa 0E       		.uleb128 0xe
 1711 01ab 3A       		.uleb128 0x3a
 1712 01ac 0B       		.uleb128 0xb
 1713 01ad 3B       		.uleb128 0x3b
 1714 01ae 0B       		.uleb128 0xb
 1715 01af 27       		.uleb128 0x27
 1716 01b0 0C       		.uleb128 0xc
 1717 01b1 11       		.uleb128 0x11
 1718 01b2 01       		.uleb128 0x1
 1719 01b3 12       		.uleb128 0x12
 1720 01b4 01       		.uleb128 0x1
 1721 01b5 40       		.uleb128 0x40
 1722 01b6 06       		.uleb128 0x6
 1723 01b7 9742     		.uleb128 0x2117
 1724 01b9 0C       		.uleb128 0xc
 1725 01ba 01       		.uleb128 0x1
 1726 01bb 13       		.uleb128 0x13
 1727 01bc 00       		.byte	0
 1728 01bd 00       		.byte	0
 1729 01be 22       		.uleb128 0x22
 1730 01bf 34       		.uleb128 0x34
 1731 01c0 00       		.byte	0
 1732 01c1 03       		.uleb128 0x3
 1733 01c2 0E       		.uleb128 0xe
 1734 01c3 3A       		.uleb128 0x3a
 1735 01c4 0B       		.uleb128 0xb
 1736 01c5 3B       		.uleb128 0x3b
 1737 01c6 0B       		.uleb128 0xb
 1738 01c7 49       		.uleb128 0x49
 1739 01c8 13       		.uleb128 0x13
 1740 01c9 3F       		.uleb128 0x3f
 1741 01ca 0C       		.uleb128 0xc
 1742 01cb 3C       		.uleb128 0x3c
 1743 01cc 0C       		.uleb128 0xc
 1744 01cd 00       		.byte	0
 1745 01ce 00       		.byte	0
 1746 01cf 23       		.uleb128 0x23
 1747 01d0 2E       		.uleb128 0x2e
 1748 01d1 00       		.byte	0
 1749 01d2 3F       		.uleb128 0x3f
 1750 01d3 0C       		.uleb128 0xc
 1751 01d4 03       		.uleb128 0x3
 1752 01d5 0E       		.uleb128 0xe
 1753 01d6 3A       		.uleb128 0x3a
 1754 01d7 0B       		.uleb128 0xb
 1755 01d8 3B       		.uleb128 0x3b
 1756 01d9 0B       		.uleb128 0xb
 1757 01da 27       		.uleb128 0x27
 1758 01db 0C       		.uleb128 0xc
ARM GAS  /tmp/cciLRxOv.s 			page 32


 1759 01dc 3C       		.uleb128 0x3c
 1760 01dd 0C       		.uleb128 0xc
 1761 01de 00       		.byte	0
 1762 01df 00       		.byte	0
 1763 01e0 24       		.uleb128 0x24
 1764 01e1 2E       		.uleb128 0x2e
 1765 01e2 01       		.byte	0x1
 1766 01e3 3F       		.uleb128 0x3f
 1767 01e4 0C       		.uleb128 0xc
 1768 01e5 03       		.uleb128 0x3
 1769 01e6 0E       		.uleb128 0xe
 1770 01e7 3A       		.uleb128 0x3a
 1771 01e8 0B       		.uleb128 0xb
 1772 01e9 3B       		.uleb128 0x3b
 1773 01ea 0B       		.uleb128 0xb
 1774 01eb 27       		.uleb128 0x27
 1775 01ec 0C       		.uleb128 0xc
 1776 01ed 3C       		.uleb128 0x3c
 1777 01ee 0C       		.uleb128 0xc
 1778 01ef 01       		.uleb128 0x1
 1779 01f0 13       		.uleb128 0x13
 1780 01f1 00       		.byte	0
 1781 01f2 00       		.byte	0
 1782 01f3 25       		.uleb128 0x25
 1783 01f4 05       		.uleb128 0x5
 1784 01f5 00       		.byte	0
 1785 01f6 49       		.uleb128 0x49
 1786 01f7 13       		.uleb128 0x13
 1787 01f8 00       		.byte	0
 1788 01f9 00       		.byte	0
 1789 01fa 26       		.uleb128 0x26
 1790 01fb 2E       		.uleb128 0x2e
 1791 01fc 01       		.byte	0x1
 1792 01fd 3F       		.uleb128 0x3f
 1793 01fe 0C       		.uleb128 0xc
 1794 01ff 03       		.uleb128 0x3
 1795 0200 0E       		.uleb128 0xe
 1796 0201 3A       		.uleb128 0x3a
 1797 0202 0B       		.uleb128 0xb
 1798 0203 3B       		.uleb128 0x3b
 1799 0204 0B       		.uleb128 0xb
 1800 0205 27       		.uleb128 0x27
 1801 0206 0C       		.uleb128 0xc
 1802 0207 49       		.uleb128 0x49
 1803 0208 13       		.uleb128 0x13
 1804 0209 3C       		.uleb128 0x3c
 1805 020a 0C       		.uleb128 0xc
 1806 020b 01       		.uleb128 0x1
 1807 020c 13       		.uleb128 0x13
 1808 020d 00       		.byte	0
 1809 020e 00       		.byte	0
 1810 020f 27       		.uleb128 0x27
 1811 0210 2E       		.uleb128 0x2e
 1812 0211 01       		.byte	0x1
 1813 0212 3F       		.uleb128 0x3f
 1814 0213 0C       		.uleb128 0xc
 1815 0214 03       		.uleb128 0x3
ARM GAS  /tmp/cciLRxOv.s 			page 33


 1816 0215 0E       		.uleb128 0xe
 1817 0216 3A       		.uleb128 0x3a
 1818 0217 0B       		.uleb128 0xb
 1819 0218 3B       		.uleb128 0x3b
 1820 0219 0B       		.uleb128 0xb
 1821 021a 27       		.uleb128 0x27
 1822 021b 0C       		.uleb128 0xc
 1823 021c 3C       		.uleb128 0x3c
 1824 021d 0C       		.uleb128 0xc
 1825 021e 00       		.byte	0
 1826 021f 00       		.byte	0
 1827 0220 00       		.byte	0
 1828              		.section	.debug_loc,"",%progbits
 1829              	.Ldebug_loc0:
 1830              	.LLST0:
 1831 0000 00000000 		.4byte	.LFB7
 1832 0004 04000000 		.4byte	.LCFI0
 1833 0008 0200     		.2byte	0x2
 1834 000a 7D       		.byte	0x7d
 1835 000b 00       		.sleb128 0
 1836 000c 04000000 		.4byte	.LCFI0
 1837 0010 60000000 		.4byte	.LFE7
 1838 0014 0200     		.2byte	0x2
 1839 0016 7D       		.byte	0x7d
 1840 0017 10       		.sleb128 16
 1841 0018 00000000 		.4byte	0
 1842 001c 00000000 		.4byte	0
 1843              	.LLST1:
 1844 0020 00000000 		.4byte	.LVL0
 1845 0024 0C000000 		.4byte	.LVL2
 1846 0028 0100     		.2byte	0x1
 1847 002a 50       		.byte	0x50
 1848 002b 0C000000 		.4byte	.LVL2
 1849 002f 4E000000 		.4byte	.LVL15
 1850 0033 0100     		.2byte	0x1
 1851 0035 55       		.byte	0x55
 1852 0036 4E000000 		.4byte	.LVL15
 1853 003a 50000000 		.4byte	.LVL16
 1854 003e 0100     		.2byte	0x1
 1855 0040 50       		.byte	0x50
 1856 0041 50000000 		.4byte	.LVL16
 1857 0045 60000000 		.4byte	.LFE7
 1858 0049 0100     		.2byte	0x1
 1859 004b 55       		.byte	0x55
 1860 004c 00000000 		.4byte	0
 1861 0050 00000000 		.4byte	0
 1862              	.LLST2:
 1863 0054 00000000 		.4byte	.LVL0
 1864 0058 0C000000 		.4byte	.LVL2
 1865 005c 0100     		.2byte	0x1
 1866 005e 51       		.byte	0x51
 1867 005f 0C000000 		.4byte	.LVL2
 1868 0063 38000000 		.4byte	.LVL9
 1869 0067 0100     		.2byte	0x1
 1870 0069 56       		.byte	0x56
 1871 006a 38000000 		.4byte	.LVL9
 1872 006e 46000000 		.4byte	.LVL13
ARM GAS  /tmp/cciLRxOv.s 			page 34


 1873 0072 0100     		.2byte	0x1
 1874 0074 54       		.byte	0x54
 1875 0075 46000000 		.4byte	.LVL13
 1876 0079 4E000000 		.4byte	.LVL15
 1877 007d 0100     		.2byte	0x1
 1878 007f 56       		.byte	0x56
 1879 0080 4E000000 		.4byte	.LVL15
 1880 0084 53000000 		.4byte	.LVL17-1
 1881 0088 0100     		.2byte	0x1
 1882 008a 51       		.byte	0x51
 1883 008b 53000000 		.4byte	.LVL17-1
 1884 008f 60000000 		.4byte	.LFE7
 1885 0093 0100     		.2byte	0x1
 1886 0095 56       		.byte	0x56
 1887 0096 00000000 		.4byte	0
 1888 009a 00000000 		.4byte	0
 1889              	.LLST3:
 1890 009e 0A000000 		.4byte	.LVL1
 1891 00a2 38000000 		.4byte	.LVL9
 1892 00a6 0100     		.2byte	0x1
 1893 00a8 54       		.byte	0x54
 1894 00a9 46000000 		.4byte	.LVL13
 1895 00ad 60000000 		.4byte	.LFE7
 1896 00b1 0100     		.2byte	0x1
 1897 00b3 54       		.byte	0x54
 1898 00b4 00000000 		.4byte	0
 1899 00b8 00000000 		.4byte	0
 1900              	.LLST4:
 1901 00bc 12000000 		.4byte	.LVL4
 1902 00c0 15000000 		.4byte	.LVL5-1
 1903 00c4 0100     		.2byte	0x1
 1904 00c6 53       		.byte	0x53
 1905 00c7 00000000 		.4byte	0
 1906 00cb 00000000 		.4byte	0
 1907              	.LLST5:
 1908 00cf 1C000000 		.4byte	.LVL6
 1909 00d3 30000000 		.4byte	.LVL7
 1910 00d7 0100     		.2byte	0x1
 1911 00d9 52       		.byte	0x52
 1912 00da 30000000 		.4byte	.LVL7
 1913 00de 46000000 		.4byte	.LVL13
 1914 00e2 0300     		.2byte	0x3
 1915 00e4 75       		.byte	0x75
 1916 00e5 30       		.sleb128 48
 1917 00e6 9F       		.byte	0x9f
 1918 00e7 46000000 		.4byte	.LVL13
 1919 00eb 4B000000 		.4byte	.LVL14-1
 1920 00ef 0100     		.2byte	0x1
 1921 00f1 52       		.byte	0x52
 1922 00f2 4B000000 		.4byte	.LVL14-1
 1923 00f6 4E000000 		.4byte	.LVL15
 1924 00fa 0300     		.2byte	0x3
 1925 00fc 75       		.byte	0x75
 1926 00fd 30       		.sleb128 48
 1927 00fe 9F       		.byte	0x9f
 1928 00ff 00000000 		.4byte	0
 1929 0103 00000000 		.4byte	0
ARM GAS  /tmp/cciLRxOv.s 			page 35


 1930              	.LLST6:
 1931 0107 1C000000 		.4byte	.LVL6
 1932 010b 38000000 		.4byte	.LVL9
 1933 010f 0100     		.2byte	0x1
 1934 0111 54       		.byte	0x54
 1935 0112 46000000 		.4byte	.LVL13
 1936 0116 4E000000 		.4byte	.LVL15
 1937 011a 0100     		.2byte	0x1
 1938 011c 54       		.byte	0x54
 1939 011d 00000000 		.4byte	0
 1940 0121 00000000 		.4byte	0
 1941              	.LLST7:
 1942 0125 42000000 		.4byte	.LVL12
 1943 0129 46000000 		.4byte	.LVL13
 1944 012d 0100     		.2byte	0x1
 1945 012f 53       		.byte	0x53
 1946 0130 00000000 		.4byte	0
 1947 0134 00000000 		.4byte	0
 1948              	.LLST8:
 1949 0138 00000000 		.4byte	.LFB8
 1950 013c 02000000 		.4byte	.LCFI1
 1951 0140 0200     		.2byte	0x2
 1952 0142 7D       		.byte	0x7d
 1953 0143 00       		.sleb128 0
 1954 0144 02000000 		.4byte	.LCFI1
 1955 0148 48000000 		.4byte	.LFE8
 1956 014c 0200     		.2byte	0x2
 1957 014e 7D       		.byte	0x7d
 1958 014f 10       		.sleb128 16
 1959 0150 00000000 		.4byte	0
 1960 0154 00000000 		.4byte	0
 1961              	.LLST9:
 1962 0158 08000000 		.4byte	.LVL19
 1963 015c 0D000000 		.4byte	.LVL20-1
 1964 0160 0100     		.2byte	0x1
 1965 0162 53       		.byte	0x53
 1966 0163 00000000 		.4byte	0
 1967 0167 00000000 		.4byte	0
 1968              	.LLST10:
 1969 016b 1A000000 		.4byte	.LVL21
 1970 016f 29000000 		.4byte	.LVL22-1
 1971 0173 0300     		.2byte	0x3
 1972 0175 72       		.byte	0x72
 1973 0176 30       		.sleb128 48
 1974 0177 9F       		.byte	0x9f
 1975 0178 00000000 		.4byte	0
 1976 017c 00000000 		.4byte	0
 1977              	.LLST11:
 1978 0180 1A000000 		.4byte	.LVL21
 1979 0184 34000000 		.4byte	.LVL25
 1980 0188 0100     		.2byte	0x1
 1981 018a 54       		.byte	0x54
 1982 018b 00000000 		.4byte	0
 1983 018f 00000000 		.4byte	0
 1984              	.LLST12:
 1985 0193 30000000 		.4byte	.LVL24
 1986 0197 34000000 		.4byte	.LVL25
ARM GAS  /tmp/cciLRxOv.s 			page 36


 1987 019b 0100     		.2byte	0x1
 1988 019d 53       		.byte	0x53
 1989 019e 00000000 		.4byte	0
 1990 01a2 00000000 		.4byte	0
 1991              	.LLST13:
 1992 01a6 00000000 		.4byte	.LFB9
 1993 01aa 02000000 		.4byte	.LCFI2
 1994 01ae 0200     		.2byte	0x2
 1995 01b0 7D       		.byte	0x7d
 1996 01b1 00       		.sleb128 0
 1997 01b2 02000000 		.4byte	.LCFI2
 1998 01b6 38000000 		.4byte	.LFE9
 1999 01ba 0200     		.2byte	0x2
 2000 01bc 7D       		.byte	0x7d
 2001 01bd 10       		.sleb128 16
 2002 01be 00000000 		.4byte	0
 2003 01c2 00000000 		.4byte	0
 2004              	.LLST14:
 2005 01c6 00000000 		.4byte	.LVL27
 2006 01ca 0F000000 		.4byte	.LVL30-1
 2007 01ce 0100     		.2byte	0x1
 2008 01d0 50       		.byte	0x50
 2009 01d1 0F000000 		.4byte	.LVL30-1
 2010 01d5 38000000 		.4byte	.LFE9
 2011 01d9 0100     		.2byte	0x1
 2012 01db 54       		.byte	0x54
 2013 01dc 00000000 		.4byte	0
 2014 01e0 00000000 		.4byte	0
 2015              	.LLST15:
 2016 01e4 00000000 		.4byte	.LVL27
 2017 01e8 0F000000 		.4byte	.LVL30-1
 2018 01ec 0100     		.2byte	0x1
 2019 01ee 51       		.byte	0x51
 2020 01ef 0F000000 		.4byte	.LVL30-1
 2021 01f3 38000000 		.4byte	.LFE9
 2022 01f7 0100     		.2byte	0x1
 2023 01f9 55       		.byte	0x55
 2024 01fa 00000000 		.4byte	0
 2025 01fe 00000000 		.4byte	0
 2026              	.LLST16:
 2027 0202 0C000000 		.4byte	.LVL29
 2028 0206 0F000000 		.4byte	.LVL30-1
 2029 020a 0100     		.2byte	0x1
 2030 020c 53       		.byte	0x53
 2031 020d 00000000 		.4byte	0
 2032 0211 00000000 		.4byte	0
 2033              	.LLST17:
 2034 0215 30000000 		.4byte	.LVL35
 2035 0219 38000000 		.4byte	.LFE9
 2036 021d 0100     		.2byte	0x1
 2037 021f 53       		.byte	0x53
 2038 0220 00000000 		.4byte	0
 2039 0224 00000000 		.4byte	0
 2040              		.section	.debug_aranges,"",%progbits
 2041 0000 2C000000 		.4byte	0x2c
 2042 0004 0200     		.2byte	0x2
 2043 0006 00000000 		.4byte	.Ldebug_info0
ARM GAS  /tmp/cciLRxOv.s 			page 37


 2044 000a 04       		.byte	0x4
 2045 000b 00       		.byte	0
 2046 000c 0000     		.2byte	0
 2047 000e 0000     		.2byte	0
 2048 0010 00000000 		.4byte	.LFB7
 2049 0014 60000000 		.4byte	.LFE7-.LFB7
 2050 0018 00000000 		.4byte	.LFB8
 2051 001c 48000000 		.4byte	.LFE8-.LFB8
 2052 0020 00000000 		.4byte	.LFB9
 2053 0024 38000000 		.4byte	.LFE9-.LFB9
 2054 0028 00000000 		.4byte	0
 2055 002c 00000000 		.4byte	0
 2056              		.section	.debug_ranges,"",%progbits
 2057              	.Ldebug_ranges0:
 2058 0000 20000000 		.4byte	.LBB11
 2059 0004 22000000 		.4byte	.LBE11
 2060 0008 24000000 		.4byte	.LBB15
 2061 000c 26000000 		.4byte	.LBE15
 2062 0010 28000000 		.4byte	.LBB16
 2063 0014 2E000000 		.4byte	.LBE16
 2064 0018 00000000 		.4byte	0
 2065 001c 00000000 		.4byte	0
 2066 0020 1A000000 		.4byte	.LBB19
 2067 0024 1C000000 		.4byte	.LBE19
 2068 0028 1E000000 		.4byte	.LBB22
 2069 002c 22000000 		.4byte	.LBE22
 2070 0030 00000000 		.4byte	0
 2071 0034 00000000 		.4byte	0
 2072 0038 1A000000 		.4byte	.LBB20
 2073 003c 1C000000 		.4byte	.LBE20
 2074 0040 1E000000 		.4byte	.LBB21
 2075 0044 22000000 		.4byte	.LBE21
 2076 0048 00000000 		.4byte	0
 2077 004c 00000000 		.4byte	0
 2078 0050 00000000 		.4byte	.LFB7
 2079 0054 60000000 		.4byte	.LFE7
 2080 0058 00000000 		.4byte	.LFB8
 2081 005c 48000000 		.4byte	.LFE8
 2082 0060 00000000 		.4byte	.LFB9
 2083 0064 38000000 		.4byte	.LFE9
 2084 0068 00000000 		.4byte	0
 2085 006c 00000000 		.4byte	0
 2086              		.section	.debug_line,"",%progbits
 2087              	.Ldebug_line0:
 2088 0000 B6010000 		.section	.debug_str,"MS",%progbits,1
 2088      02002501 
 2088      00000201 
 2088      FB0E0D00 
 2088      01010101 
 2089              	.LASF38:
 2090 0000 705F6D73 		.ascii	"p_msg\000"
 2090      6700
 2091              	.LASF75:
 2092 0006 71756575 		.ascii	"queue_insert\000"
 2092      655F696E 
 2092      73657274 
 2092      00
ARM GAS  /tmp/cciLRxOv.s 			page 38


 2093              	.LASF71:
 2094 0013 63684462 		.ascii	"chDbgPanic\000"
 2094      6750616E 
 2094      696300
 2095              	.LASF61:
 2096 001e 7264796D 		.ascii	"rdymsg\000"
 2096      736700
 2097              	.LASF11:
 2098 0025 75696E74 		.ascii	"uint64_t\000"
 2098      36345F74 
 2098      00
 2099              	.LASF12:
 2100 002e 6C6F6E67 		.ascii	"long long unsigned int\000"
 2100      206C6F6E 
 2100      6720756E 
 2100      7369676E 
 2100      65642069 
 2101              	.LASF62:
 2102 0045 65786974 		.ascii	"exitcode\000"
 2102      636F6465 
 2102      00
 2103              	.LASF25:
 2104 004e 705F7072 		.ascii	"p_prio\000"
 2104      696F00
 2105              	.LASF10:
 2106 0055 6C6F6E67 		.ascii	"long long int\000"
 2106      206C6F6E 
 2106      6720696E 
 2106      7400
 2107              	.LASF1:
 2108 0063 7369676E 		.ascii	"signed char\000"
 2108      65642063 
 2108      68617200 
 2109              	.LASF42:
 2110 006f 705F6D70 		.ascii	"p_mpool\000"
 2110      6F6F6C00 
 2111              	.LASF58:
 2112 0077 6D5F7175 		.ascii	"m_queue\000"
 2112      65756500 
 2113              	.LASF17:
 2114 007f 74736C69 		.ascii	"tslices_t\000"
 2114      6365735F 
 2114      7400
 2115              	.LASF7:
 2116 0089 6C6F6E67 		.ascii	"long int\000"
 2116      20696E74 
 2116      00
 2117              	.LASF66:
 2118 0092 63684D73 		.ascii	"chMsgSend\000"
 2118      6753656E 
 2118      6400
 2119              	.LASF15:
 2120 009c 74737461 		.ascii	"tstate_t\000"
 2120      74655F74 
 2120      00
 2121              	.LASF27:
 2122 00a5 705F6E65 		.ascii	"p_newer\000"
ARM GAS  /tmp/cciLRxOv.s 			page 39


 2122      77657200 
 2123              	.LASF53:
 2124 00ad 725F6E65 		.ascii	"r_newer\000"
 2124      77657200 
 2125              	.LASF45:
 2126 00b5 72656761 		.ascii	"regarm_t\000"
 2126      726D5F74 
 2126      00
 2127              	.LASF30:
 2128 00be 705F7374 		.ascii	"p_stklimit\000"
 2128      6B6C696D 
 2128      697400
 2129              	.LASF0:
 2130 00c9 756E7369 		.ascii	"unsigned int\000"
 2130      676E6564 
 2130      20696E74 
 2130      00
 2131              	.LASF9:
 2132 00d6 6C6F6E67 		.ascii	"long unsigned int\000"
 2132      20756E73 
 2132      69676E65 
 2132      6420696E 
 2132      7400
 2133              	.LASF48:
 2134 00e8 636F6E74 		.ascii	"context\000"
 2134      65787400 
 2135              	.LASF4:
 2136 00f0 73686F72 		.ascii	"short unsigned int\000"
 2136      7420756E 
 2136      7369676E 
 2136      65642069 
 2136      6E7400
 2137              	.LASF19:
 2138 0103 6D73675F 		.ascii	"msg_t\000"
 2138      7400
 2139              	.LASF14:
 2140 0109 746D6F64 		.ascii	"tmode_t\000"
 2140      655F7400 
 2141              	.LASF44:
 2142 0111 54687265 		.ascii	"ThreadsList\000"
 2142      6164734C 
 2142      69737400 
 2143              	.LASF20:
 2144 011d 6576656E 		.ascii	"eventmask_t\000"
 2144      746D6173 
 2144      6B5F7400 
 2145              	.LASF57:
 2146 0129 4D757465 		.ascii	"Mutex\000"
 2146      7800
 2147              	.LASF72:
 2148 012f 474E5520 		.ascii	"GNU C 4.7.4 20130613 (release) [ARM/embedded-4_7-br"
 2148      4320342E 
 2148      372E3420 
 2148      32303133 
 2148      30363133 
 2149 0162 616E6368 		.ascii	"anch revision 200083]\000"
 2149      20726576 
ARM GAS  /tmp/cciLRxOv.s 			page 40


 2149      6973696F 
 2149      6E203230 
 2149      30303833 
 2150              	.LASF46:
 2151 0178 73746B61 		.ascii	"stkalign_t\000"
 2151      6C69676E 
 2151      5F7400
 2152              	.LASF49:
 2153 0183 73697A65 		.ascii	"sizetype\000"
 2153      74797065 
 2153      00
 2154              	.LASF68:
 2155 018c 6462675F 		.ascii	"dbg_check_lock\000"
 2155      63686563 
 2155      6B5F6C6F 
 2155      636B00
 2156              	.LASF28:
 2157 019b 705F6F6C 		.ascii	"p_older\000"
 2157      64657200 
 2158              	.LASF52:
 2159 01a3 725F6374 		.ascii	"r_ctx\000"
 2159      7800
 2160              	.LASF43:
 2161 01a9 54687265 		.ascii	"ThreadsQueue\000"
 2161      61647351 
 2161      75657565 
 2161      00
 2162              	.LASF55:
 2163 01b6 725F6375 		.ascii	"r_current\000"
 2163      7272656E 
 2163      7400
 2164              	.LASF54:
 2165 01c0 725F6F6C 		.ascii	"r_older\000"
 2165      64657200 
 2166              	.LASF69:
 2167 01c8 6462675F 		.ascii	"dbg_check_unlock\000"
 2167      63686563 
 2167      6B5F756E 
 2167      6C6F636B 
 2167      00
 2168              	.LASF16:
 2169 01d9 74726566 		.ascii	"trefs_t\000"
 2169      735F7400 
 2170              	.LASF24:
 2171 01e1 705F7072 		.ascii	"p_prev\000"
 2171      657600
 2172              	.LASF18:
 2173 01e8 74707269 		.ascii	"tprio_t\000"
 2173      6F5F7400 
 2174              	.LASF13:
 2175 01f0 5F426F6F 		.ascii	"_Bool\000"
 2175      6C00
 2176              	.LASF6:
 2177 01f6 696E7433 		.ascii	"int32_t\000"
 2177      325F7400 
 2178              	.LASF2:
 2179 01fe 756E7369 		.ascii	"unsigned char\000"
ARM GAS  /tmp/cciLRxOv.s 			page 41


 2179      676E6564 
 2179      20636861 
 2179      7200
 2180              	.LASF40:
 2181 020c 705F6D74 		.ascii	"p_mtxlist\000"
 2181      786C6973 
 2181      7400
 2182              	.LASF3:
 2183 0216 73686F72 		.ascii	"short int\000"
 2183      7420696E 
 2183      7400
 2184              	.LASF31:
 2185 0220 705F7374 		.ascii	"p_state\000"
 2185      61746500 
 2186              	.LASF34:
 2187 0228 705F7072 		.ascii	"p_preempt\000"
 2187      65656D70 
 2187      7400
 2188              	.LASF51:
 2189 0232 725F7072 		.ascii	"r_prio\000"
 2189      696F00
 2190              	.LASF64:
 2191 0239 65776D61 		.ascii	"ewmask\000"
 2191      736B00
 2192              	.LASF23:
 2193 0240 705F6E65 		.ascii	"p_next\000"
 2193      787400
 2194              	.LASF32:
 2195 0247 705F666C 		.ascii	"p_flags\000"
 2195      61677300 
 2196              	.LASF22:
 2197 024f 54687265 		.ascii	"Thread\000"
 2197      616400
 2198              	.LASF77:
 2199 0256 63684D73 		.ascii	"chMsgRelease\000"
 2199      6752656C 
 2199      65617365 
 2199      00
 2200              	.LASF70:
 2201 0263 63685363 		.ascii	"chSchGoSleepS\000"
 2201      68476F53 
 2201      6C656570 
 2201      5300
 2202              	.LASF39:
 2203 0271 705F6570 		.ascii	"p_epending\000"
 2203      656E6469 
 2203      6E6700
 2204              	.LASF8:
 2205 027c 75696E74 		.ascii	"uint32_t\000"
 2205      33325F74 
 2205      00
 2206              	.LASF50:
 2207 0285 725F7175 		.ascii	"r_queue\000"
 2207      65756500 
 2208              	.LASF79:
 2209 028d 63685363 		.ascii	"chSchReadyI\000"
 2209      68526561 
ARM GAS  /tmp/cciLRxOv.s 			page 42


 2209      64794900 
 2210              	.LASF65:
 2211 0299 63686172 		.ascii	"char\000"
 2211      00
 2212              	.LASF76:
 2213 029e 6669666F 		.ascii	"fifo_remove\000"
 2213      5F72656D 
 2213      6F766500 
 2214              	.LASF60:
 2215 02aa 6D5F6E65 		.ascii	"m_next\000"
 2215      787400
 2216              	.LASF21:
 2217 02b1 73797374 		.ascii	"systime_t\000"
 2217      696D655F 
 2217      7400
 2218              	.LASF41:
 2219 02bb 705F7265 		.ascii	"p_realprio\000"
 2219      616C7072 
 2219      696F00
 2220              	.LASF35:
 2221 02c6 705F7469 		.ascii	"p_time\000"
 2221      6D6500
 2222              	.LASF74:
 2223 02cd 2F686F6D 		.ascii	"/home/ondra6ak/Documents/ARM/ChibiOS-RT/trunk/demos"
 2223      652F6F6E 
 2223      64726136 
 2223      616B2F44 
 2223      6F63756D 
 2224 0300 2F677972 		.ascii	"/gyroDemo\000"
 2224      6F44656D 
 2224      6F00
 2225              	.LASF47:
 2226 030a 696E7463 		.ascii	"intctx\000"
 2226      747800
 2227              	.LASF37:
 2228 0311 705F6D73 		.ascii	"p_msgqueue\000"
 2228      67717565 
 2228      756500
 2229              	.LASF80:
 2230 031c 63685363 		.ascii	"chSchWakeupS\000"
 2230      6857616B 
 2230      65757053 
 2230      00
 2231              	.LASF67:
 2232 0329 63684D73 		.ascii	"chMsgWait\000"
 2232      67576169 
 2232      7400
 2233              	.LASF33:
 2234 0333 705F7265 		.ascii	"p_refs\000"
 2234      667300
 2235              	.LASF56:
 2236 033a 52656164 		.ascii	"ReadyList\000"
 2236      794C6973 
 2236      7400
 2237              	.LASF78:
 2238 0344 726C6973 		.ascii	"rlist\000"
 2238      7400
ARM GAS  /tmp/cciLRxOv.s 			page 43


 2239              	.LASF5:
 2240 034a 75696E74 		.ascii	"uint8_t\000"
 2240      385F7400 
 2241              	.LASF63:
 2242 0352 77746F62 		.ascii	"wtobjp\000"
 2242      6A7000
 2243              	.LASF29:
 2244 0359 705F6E61 		.ascii	"p_name\000"
 2244      6D6500
 2245              	.LASF73:
 2246 0360 2E2E2F2E 		.ascii	"../../os/kernel/src/chmsg.c\000"
 2246      2E2F6F73 
 2246      2F6B6572 
 2246      6E656C2F 
 2246      7372632F 
 2247              	.LASF59:
 2248 037c 6D5F6F77 		.ascii	"m_owner\000"
 2248      6E657200 
 2249              	.LASF26:
 2250 0384 705F6374 		.ascii	"p_ctx\000"
 2250      7800
 2251              	.LASF36:
 2252 038a 705F7761 		.ascii	"p_waiting\000"
 2252      6974696E 
 2252      6700
 2253              		.ident	"GCC: (GNU Tools for ARM Embedded Processors) 4.7.4 20130613 (release) [ARM/embedded-4_7-br
ARM GAS  /tmp/cciLRxOv.s 			page 44


DEFINED SYMBOLS
                            *ABS*:00000000 chmsg.c
     /tmp/cciLRxOv.s:19     .text.chMsgSend:00000000 $t
     /tmp/cciLRxOv.s:25     .text.chMsgSend:00000000 chMsgSend
     /tmp/cciLRxOv.s:142    .text.chMsgSend:00000058 $d
     /tmp/cciLRxOv.s:148    .text.chMsgWait:00000000 $t
     /tmp/cciLRxOv.s:154    .text.chMsgWait:00000000 chMsgWait
     /tmp/cciLRxOv.s:235    .text.chMsgWait:00000044 $d
     /tmp/cciLRxOv.s:240    .text.chMsgRelease:00000000 $t
     /tmp/cciLRxOv.s:246    .text.chMsgRelease:00000000 chMsgRelease
     /tmp/cciLRxOv.s:304    .text.chMsgRelease:00000034 $d
     /tmp/cciLRxOv.s:310    .rodata.str1.4:00000000 $d
                     .debug_frame:00000010 $d
     /tmp/cciLRxOv.s:239    .text.chMsgWait:00000048 $t
     /tmp/cciLRxOv.s:309    .text.chMsgRelease:00000038 $t

UNDEFINED SYMBOLS
dbg_check_lock
chSchGoSleepS
dbg_check_unlock
chSchReadyI
chDbgPanic
rlist
chSchWakeupS
